#
# There is insufficient memory for the Java Runtime Environment to continue.
# Native memory allocation (mmap) failed to map 11534336 bytes. Error detail: G1 virtual space
# Possible reasons:
#   The system is out of physical RAM or swap space
#   This process is running with CompressedOops enabled, and the Java Heap may be blocking the growth of the native heap
# Possible solutions:
#   Reduce memory load on the system
#   Increase physical memory or swap space
#   Check if swap backing store is full
#   Decrease Java heap size (-Xmx/-Xms)
#   Decrease number of Java threads
#   Decrease Java thread stack sizes (-Xss)
#   Set larger code cache with -XX:ReservedCodeCacheSize=
#   JVM is running with Unscaled Compressed Oops mode in which the Java heap is
#     placed in the first 4GB address space. The Java Heap base address is the
#     maximum limit for the native heap growth. Please use -XX:HeapBaseMinAddress
#     to set the Java Heap base and to place the Java Heap above 4GB virtual address.
# This output file may be truncated or incomplete.
#
#  Out of Memory Error (os_windows.cpp:3828), pid=11892, tid=2196
#
# JRE version: OpenJDK Runtime Environment (21.0.4) (build 21.0.4+-12508038-b607.1)
# Java VM: OpenJDK 64-Bit Server VM (21.0.4+-12508038-b607.1, mixed mode, tiered, compressed oops, compressed class ptrs, g1 gc, windows-amd64)
# No core dump will be written. Minidumps are not enabled by default on client versions of Windows
#

---------------  S U M M A R Y ------------

Command Line: --add-opens=java.base/java.util=ALL-UNNAMED --add-opens=java.base/java.lang=ALL-UNNAMED --add-opens=java.base/java.lang.invoke=ALL-UNNAMED --add-opens=java.prefs/java.util.prefs=ALL-UNNAMED --add-exports=jdk.compiler/com.sun.tools.javac.api=ALL-UNNAMED --add-exports=jdk.compiler/com.sun.tools.javac.util=ALL-UNNAMED --add-opens=java.base/java.nio.charset=ALL-UNNAMED --add-opens=java.base/java.net=ALL-UNNAMED --add-opens=java.base/java.util.concurrent.atomic=ALL-UNNAMED -Xmx2048m -Dfile.encoding=UTF-8 -Duser.country=ID -Duser.language=en -Duser.variant -javaagent:C:\Users\ASUS\.gradle\wrapper\dists\gradle-8.10.2-bin\a04bxjujx95o3nb99gddekhwo\gradle-8.10.2\lib\agents\gradle-instrumentation-agent-8.10.2.jar org.gradle.launcher.daemon.bootstrap.GradleDaemon 8.10.2

Host: 12th Gen Intel(R) Core(TM) i5-1235U, 12 cores, 7G,  Windows 11 , 64 bit Build 26100 (10.0.26100.4202)
Time: Sat Jun  7 10:38:15 2025 SE Asia Standard Time elapsed time: 10.355012 seconds (0d 0h 0m 10s)

---------------  T H R E A D  ---------------

Current thread (0x000001fa776c0430):  VMThread "VM Thread"          [id=2196, stack(0x00000041e4300000,0x00000041e4400000) (1024K)]

Stack: [0x00000041e4300000,0x00000041e4400000]
Native frames: (J=compiled Java code, j=interpreted, Vv=VM code, C=native code)
V  [jvm.dll+0x6ce539]
V  [jvm.dll+0x85bf03]
V  [jvm.dll+0x85e45e]
V  [jvm.dll+0x85eb43]
V  [jvm.dll+0x27dd06]
V  [jvm.dll+0x6cada5]
V  [jvm.dll+0x6bf27a]
V  [jvm.dll+0x3541fb]
V  [jvm.dll+0x35be36]
V  [jvm.dll+0x3adbc6]
V  [jvm.dll+0x3ade98]
V  [jvm.dll+0x32691c]
V  [jvm.dll+0x3269a7]
V  [jvm.dll+0x36c78c]
V  [jvm.dll+0x36af3e]
V  [jvm.dll+0x326071]
V  [jvm.dll+0x36a650]
V  [jvm.dll+0x8648c8]
V  [jvm.dll+0x865c44]
V  [jvm.dll+0x866180]
V  [jvm.dll+0x866413]
V  [jvm.dll+0x804418]
V  [jvm.dll+0x6cce0d]
C  [ucrtbase.dll+0x37b0]
C  [KERNEL32.DLL+0x2e8d7]
C  [ntdll.dll+0x3c34c]

VM_Operation (0x00000041e89fd950): G1CollectForAllocation, mode: safepoint, requested by thread 0x000001fa00dfa510


---------------  P R O C E S S  ---------------

Threads class SMR info:
_java_thread_list=0x000001fa00f3dae0, length=66, elements={
0x000001fa5da49840, 0x000001fa7771c600, 0x000001fa7771f070, 0x000001fa7773f890,
0x000001fa77735bb0, 0x000001fa7773ff00, 0x000001fa777414d0, 0x000001fa777449f0,
0x000001fa7774dc20, 0x000001fa77845820, 0x000001fa7c0251b0, 0x000001fa7d96c5e0,
0x000001fa7d883430, 0x000001fa7d9ad010, 0x000001fa7d924840, 0x000001fa7d81a110,
0x000001fa7d82f880, 0x000001fa7d82ca90, 0x000001fa7d82d7b0, 0x000001fa7d82c400,
0x000001fa7d82d120, 0x000001fa7d82eb60, 0x000001fa7d82de40, 0x000001fa7d82e4d0,
0x000001fa7dda37c0, 0x000001fa7dc86f10, 0x000001fa7dc84e40, 0x000001fa7dc84120,
0x000001fa7dc854d0, 0x000001fa7dc83a90, 0x000001fa7dc861f0, 0x000001fa7dc875a0,
0x000001fa7dc85b60, 0x000001fa7dc89d00, 0x000001fa7dc8a390, 0x000001fa7dc8aa20,
0x000001fa01d48eb0, 0x000001fa01d45a30, 0x000001fa01d49540, 0x000001fa01d46de0,
0x000001fa01d460c0, 0x000001fa01d49bd0, 0x000001fa01d46750, 0x000001fa01d4a260,
0x000001fa01d47470, 0x000001fa01d47b00, 0x000001fa01d4af80, 0x000001fa01d48190,
0x000001fa01d4bca0, 0x000001fa01d4a8f0, 0x000001fa01d4b610, 0x000001fa01d48820,
0x000001fa01d4c330, 0x000001fa01d4c9c0, 0x000001fa01d4d050, 0x000001fa00df9e80,
0x000001fa00dfb8c0, 0x000001fa00df9160, 0x000001fa00df97f0, 0x000001fa00dfa510,
0x000001fa00dfaba0, 0x000001fa00dfb230, 0x000001fa00df8440, 0x000001fa00dfbf50,
0x000001fa00df8ad0, 0x000001fa00dff3d0
}

Java Threads: ( => current thread )
  0x000001fa5da49840 JavaThread "main"                              [_thread_blocked, id=13644, stack(0x00000041e3c00000,0x00000041e3d00000) (1024K)]
  0x000001fa7771c600 JavaThread "Reference Handler"          daemon [_thread_blocked, id=6116, stack(0x00000041e4400000,0x00000041e4500000) (1024K)]
  0x000001fa7771f070 JavaThread "Finalizer"                  daemon [_thread_blocked, id=14520, stack(0x00000041e4500000,0x00000041e4600000) (1024K)]
  0x000001fa7773f890 JavaThread "Signal Dispatcher"          daemon [_thread_blocked, id=8176, stack(0x00000041e4600000,0x00000041e4700000) (1024K)]
  0x000001fa77735bb0 JavaThread "Attach Listener"            daemon [_thread_blocked, id=13024, stack(0x00000041e4700000,0x00000041e4800000) (1024K)]
  0x000001fa7773ff00 JavaThread "Service Thread"             daemon [_thread_blocked, id=9672, stack(0x00000041e4800000,0x00000041e4900000) (1024K)]
  0x000001fa777414d0 JavaThread "Monitor Deflation Thread"   daemon [_thread_blocked, id=10492, stack(0x00000041e4900000,0x00000041e4a00000) (1024K)]
  0x000001fa777449f0 JavaThread "C2 CompilerThread0"         daemon [_thread_blocked, id=9912, stack(0x00000041e4a00000,0x00000041e4b00000) (1024K)]
  0x000001fa7774dc20 JavaThread "C1 CompilerThread0"         daemon [_thread_blocked, id=20384, stack(0x00000041e4b00000,0x00000041e4c00000) (1024K)]
  0x000001fa77845820 JavaThread "Common-Cleaner"             daemon [_thread_blocked, id=4536, stack(0x00000041e4c00000,0x00000041e4d00000) (1024K)]
  0x000001fa7c0251b0 JavaThread "Notification Thread"        daemon [_thread_blocked, id=11608, stack(0x00000041e4d00000,0x00000041e4e00000) (1024K)]
  0x000001fa7d96c5e0 JavaThread "Daemon health stats"               [_thread_blocked, id=13472, stack(0x00000041e5300000,0x00000041e5400000) (1024K)]
  0x000001fa7d883430 JavaThread "Incoming local TCP Connector on port 52702"        [_thread_in_native, id=22256, stack(0x00000041e4e00000,0x00000041e4f00000) (1024K)]
  0x000001fa7d9ad010 JavaThread "Daemon periodic checks"            [_thread_blocked, id=22252, stack(0x00000041e5800000,0x00000041e5900000) (1024K)]
  0x000001fa7d924840 JavaThread "Daemon"                            [_thread_blocked, id=19556, stack(0x00000041e5900000,0x00000041e5a00000) (1024K)]
  0x000001fa7d81a110 JavaThread "Handler for socket connection from /127.0.0.1:52702 to /127.0.0.1:52703"        [_thread_in_native, id=14540, stack(0x00000041e5a00000,0x00000041e5b00000) (1024K)]
  0x000001fa7d82f880 JavaThread "Cancel handler"                    [_thread_blocked, id=18284, stack(0x00000041e5b00000,0x00000041e5c00000) (1024K)]
  0x000001fa7d82ca90 JavaThread "Daemon worker"                     [_thread_blocked, id=7652, stack(0x00000041e5c00000,0x00000041e5d00000) (1024K)]
  0x000001fa7d82d7b0 JavaThread "Asynchronous log dispatcher for DefaultDaemonConnection: socket connection from /127.0.0.1:52702 to /127.0.0.1:52703"        [_thread_blocked, id=11332, stack(0x00000041e5d00000,0x00000041e5e00000) (1024K)]
  0x000001fa7d82c400 JavaThread "Stdin handler"                     [_thread_blocked, id=8928, stack(0x00000041e5e00000,0x00000041e5f00000) (1024K)]
  0x000001fa7d82d120 JavaThread "Daemon client event forwarder"        [_thread_blocked, id=9768, stack(0x00000041e5f00000,0x00000041e6000000) (1024K)]
  0x000001fa7d82eb60 JavaThread "Cache worker for journal cache (C:\Users\ASUS\.gradle\caches\journal-1)"        [_thread_blocked, id=6352, stack(0x00000041e6300000,0x00000041e6400000) (1024K)]
  0x000001fa7d82de40 JavaThread "File lock request listener"        [_thread_in_native, id=13664, stack(0x00000041e6400000,0x00000041e6500000) (1024K)]
  0x000001fa7d82e4d0 JavaThread "Cache worker for file hash cache (C:\Users\ASUS\.gradle\caches\8.10.2\fileHashes)"        [_thread_blocked, id=1316, stack(0x00000041e6500000,0x00000041e6600000) (1024K)]
  0x000001fa7dda37c0 JavaThread "C2 CompilerThread1"         daemon [_thread_blocked, id=5240, stack(0x00000041e6600000,0x00000041e6700000) (1024K)]
  0x000001fa7dc86f10 JavaThread "Cache worker for file hash cache (C:\Users\ASUS\AndroidStudioProjects\Laundry\.gradle\8.10.2\fileHashes)"        [_thread_blocked, id=22724, stack(0x00000041e6700000,0x00000041e6800000) (1024K)]
  0x000001fa7dc84e40 JavaThread "Cache worker for Build Output Cleanup Cache (C:\Users\ASUS\AndroidStudioProjects\Laundry\.gradle\buildOutputCleanup)"        [_thread_blocked, id=15588, stack(0x00000041e6800000,0x00000041e6900000) (1024K)]
  0x000001fa7dc84120 JavaThread "File watcher server"        daemon [_thread_blocked, id=11492, stack(0x00000041e6900000,0x00000041e6a00000) (1024K)]
  0x000001fa7dc854d0 JavaThread "File watcher consumer"      daemon [_thread_blocked, id=20368, stack(0x00000041e6a00000,0x00000041e6b00000) (1024K)]
  0x000001fa7dc83a90 JavaThread "Cache worker for checksums cache (C:\Users\ASUS\AndroidStudioProjects\Laundry\.gradle\8.10.2\checksums)"        [_thread_blocked, id=21928, stack(0x00000041e6b00000,0x00000041e6c00000) (1024K)]
  0x000001fa7dc861f0 JavaThread "Cache worker for file content cache (C:\Users\ASUS\.gradle\caches\8.10.2\fileContent)"        [_thread_blocked, id=5912, stack(0x00000041e6c00000,0x00000041e6d00000) (1024K)]
  0x000001fa7dc875a0 JavaThread "Cache worker for cache directory md-rule (C:\Users\ASUS\.gradle\caches\8.10.2\md-rule)"        [_thread_blocked, id=10008, stack(0x00000041e6d00000,0x00000041e6e00000) (1024K)]
  0x000001fa7dc85b60 JavaThread "Cache worker for cache directory md-supplier (C:\Users\ASUS\.gradle\caches\8.10.2\md-supplier)"        [_thread_blocked, id=20276, stack(0x00000041e6e00000,0x00000041e6f00000) (1024K)]
  0x000001fa7dc89d00 JavaThread "Unconstrained build operations"        [_thread_blocked, id=15136, stack(0x00000041e6f00000,0x00000041e7000000) (1024K)]
  0x000001fa7dc8a390 JavaThread "Unconstrained build operations Thread 2"        [_thread_blocked, id=13032, stack(0x00000041e7000000,0x00000041e7100000) (1024K)]
  0x000001fa7dc8aa20 JavaThread "Unconstrained build operations Thread 3"        [_thread_blocked, id=19664, stack(0x00000041e7100000,0x00000041e7200000) (1024K)]
  0x000001fa01d48eb0 JavaThread "Unconstrained build operations Thread 4"        [_thread_blocked, id=20692, stack(0x00000041e7200000,0x00000041e7300000) (1024K)]
  0x000001fa01d45a30 JavaThread "Unconstrained build operations Thread 5"        [_thread_blocked, id=14844, stack(0x00000041e7300000,0x00000041e7400000) (1024K)]
  0x000001fa01d49540 JavaThread "Unconstrained build operations Thread 6"        [_thread_blocked, id=21864, stack(0x00000041e7400000,0x00000041e7500000) (1024K)]
  0x000001fa01d46de0 JavaThread "Unconstrained build operations Thread 7"        [_thread_blocked, id=21820, stack(0x00000041e7500000,0x00000041e7600000) (1024K)]
  0x000001fa01d460c0 JavaThread "Unconstrained build operations Thread 8"        [_thread_blocked, id=23376, stack(0x00000041e7600000,0x00000041e7700000) (1024K)]
  0x000001fa01d49bd0 JavaThread "Unconstrained build operations Thread 9"        [_thread_blocked, id=22404, stack(0x00000041e7700000,0x00000041e7800000) (1024K)]
  0x000001fa01d46750 JavaThread "Unconstrained build operations Thread 10"        [_thread_blocked, id=8580, stack(0x00000041e7800000,0x00000041e7900000) (1024K)]
  0x000001fa01d4a260 JavaThread "Unconstrained build operations Thread 11"        [_thread_blocked, id=9736, stack(0x00000041e7900000,0x00000041e7a00000) (1024K)]
  0x000001fa01d47470 JavaThread "Unconstrained build operations Thread 12"        [_thread_blocked, id=12692, stack(0x00000041e7a00000,0x00000041e7b00000) (1024K)]
  0x000001fa01d47b00 JavaThread "Unconstrained build operations Thread 13"        [_thread_blocked, id=13876, stack(0x00000041e7b00000,0x00000041e7c00000) (1024K)]
  0x000001fa01d4af80 JavaThread "Unconstrained build operations Thread 14"        [_thread_blocked, id=22428, stack(0x00000041e7c00000,0x00000041e7d00000) (1024K)]
  0x000001fa01d48190 JavaThread "Unconstrained build operations Thread 15"        [_thread_blocked, id=13252, stack(0x00000041e7d00000,0x00000041e7e00000) (1024K)]
  0x000001fa01d4bca0 JavaThread "Unconstrained build operations Thread 16"        [_thread_blocked, id=22956, stack(0x00000041e7e00000,0x00000041e7f00000) (1024K)]
  0x000001fa01d4a8f0 JavaThread "Unconstrained build operations Thread 17"        [_thread_blocked, id=8820, stack(0x00000041e7f00000,0x00000041e8000000) (1024K)]
  0x000001fa01d4b610 JavaThread "Unconstrained build operations Thread 18"        [_thread_blocked, id=23304, stack(0x00000041e8000000,0x00000041e8100000) (1024K)]
  0x000001fa01d48820 JavaThread "Unconstrained build operations Thread 19"        [_thread_blocked, id=4272, stack(0x00000041e8100000,0x00000041e8200000) (1024K)]
  0x000001fa01d4c330 JavaThread "Unconstrained build operations Thread 20"        [_thread_blocked, id=23236, stack(0x00000041e8200000,0x00000041e8300000) (1024K)]
  0x000001fa01d4c9c0 JavaThread "Unconstrained build operations Thread 21"        [_thread_blocked, id=3748, stack(0x00000041e8300000,0x00000041e8400000) (1024K)]
  0x000001fa01d4d050 JavaThread "Unconstrained build operations Thread 22"        [_thread_blocked, id=11796, stack(0x00000041e8400000,0x00000041e8500000) (1024K)]
  0x000001fa00df9e80 JavaThread "Unconstrained build operations Thread 23"        [_thread_blocked, id=18668, stack(0x00000041e8500000,0x00000041e8600000) (1024K)]
  0x000001fa00dfb8c0 JavaThread "Unconstrained build operations Thread 24"        [_thread_blocked, id=4440, stack(0x00000041e8600000,0x00000041e8700000) (1024K)]
  0x000001fa00df9160 JavaThread "Unconstrained build operations Thread 25"        [_thread_blocked, id=8448, stack(0x00000041e8700000,0x00000041e8800000) (1024K)]
  0x000001fa00df97f0 JavaThread "Unconstrained build operations Thread 26"        [_thread_blocked, id=22524, stack(0x00000041e8800000,0x00000041e8900000) (1024K)]
  0x000001fa00dfa510 JavaThread "Unconstrained build operations Thread 27"        [_thread_blocked, id=8708, stack(0x00000041e8900000,0x00000041e8a00000) (1024K)]
  0x000001fa00dfaba0 JavaThread "Unconstrained build operations Thread 28"        [_thread_blocked, id=19784, stack(0x00000041e8a00000,0x00000041e8b00000) (1024K)]
  0x000001fa00dfb230 JavaThread "Unconstrained build operations Thread 29"        [_thread_blocked, id=11932, stack(0x00000041e8b00000,0x00000041e8c00000) (1024K)]
  0x000001fa00df8440 JavaThread "Unconstrained build operations Thread 30"        [_thread_blocked, id=12084, stack(0x00000041e8c00000,0x00000041e8d00000) (1024K)]
  0x000001fa00dfbf50 JavaThread "Unconstrained build operations Thread 31"        [_thread_blocked, id=19204, stack(0x00000041e8d00000,0x00000041e8e00000) (1024K)]
  0x000001fa00df8ad0 JavaThread "Unconstrained build operations Thread 32"        [_thread_blocked, id=17828, stack(0x00000041e8e00000,0x00000041e8f00000) (1024K)]
  0x000001fa00dff3d0 JavaThread "Unconstrained build operations Thread 33"        [_thread_blocked, id=19864, stack(0x00000041e8f00000,0x00000041e9000000) (1024K)]
Total: 66

Other Threads:
=>0x000001fa776c0430 VMThread "VM Thread"                           [id=2196, stack(0x00000041e4300000,0x00000041e4400000) (1024K)]
  0x000001fa774fc900 WatcherThread "VM Periodic Task Thread"        [id=12616, stack(0x00000041e4200000,0x00000041e4300000) (1024K)]
  0x000001fa5daa3de0 WorkerThread "GC Thread#0"                     [id=15596, stack(0x00000041e3d00000,0x00000041e3e00000) (1024K)]
  0x000001fa7c2be520 WorkerThread "GC Thread#1"                     [id=10660, stack(0x00000041e4f00000,0x00000041e5000000) (1024K)]
  0x000001fa7c58fbd0 WorkerThread "GC Thread#2"                     [id=14192, stack(0x00000041e5000000,0x00000041e5100000) (1024K)]
  0x000001fa7cd83950 WorkerThread "GC Thread#3"                     [id=5704, stack(0x00000041e5100000,0x00000041e5200000) (1024K)]
  0x000001fa7cd84100 WorkerThread "GC Thread#4"                     [id=16388, stack(0x00000041e5200000,0x00000041e5300000) (1024K)]
  0x000001fa7d9b66b0 WorkerThread "GC Thread#5"                     [id=20268, stack(0x00000041e5400000,0x00000041e5500000) (1024K)]
  0x000001fa7d9b6a50 WorkerThread "GC Thread#6"                     [id=19876, stack(0x00000041e5500000,0x00000041e5600000) (1024K)]
  0x000001fa7dac1210 WorkerThread "GC Thread#7"                     [id=5960, stack(0x00000041e5600000,0x00000041e5700000) (1024K)]
  0x000001fa7dac15b0 WorkerThread "GC Thread#8"                     [id=7312, stack(0x00000041e5700000,0x00000041e5800000) (1024K)]
  0x000001fa7dac0ad0 WorkerThread "GC Thread#9"                     [id=5132, stack(0x00000041e6000000,0x00000041e6100000) (1024K)]
  0x000001fa5dab5b10 ConcurrentGCThread "G1 Main Marker"            [id=20784, stack(0x00000041e3e00000,0x00000041e3f00000) (1024K)]
  0x000001fa5dab6520 WorkerThread "G1 Conc#0"                       [id=6540, stack(0x00000041e3f00000,0x00000041e4000000) (1024K)]
  0x000001fa7dac0e70 WorkerThread "G1 Conc#1"                       [id=10768, stack(0x00000041e6100000,0x00000041e6200000) (1024K)]
  0x000001fa7dac0390 WorkerThread "G1 Conc#2"                       [id=22680, stack(0x00000041e6200000,0x00000041e6300000) (1024K)]
  0x000001fa5db0ead0 ConcurrentGCThread "G1 Refine#0"               [id=22932, stack(0x00000041e4000000,0x00000041e4100000) (1024K)]
  0x000001fa773d0660 ConcurrentGCThread "G1 Service"                [id=23164, stack(0x00000041e4100000,0x00000041e4200000) (1024K)]
Total: 18

Threads with active compile tasks:
C2 CompilerThread0    10398 7599       4       org.gradle.cache.internal.btree.CachingBlockStore::read (56 bytes)
C1 CompilerThread0    10398 7705       3       com.google.common.collect.ImmutableSortedMap::entrySet (5 bytes)
C2 CompilerThread1    10398 7502       4       org.gradle.cache.internal.btree.StateCheckBlockStore::read (33 bytes)
Total: 3

VM state: at safepoint (normal execution)

VM Mutex/Monitor currently owned by a thread:  ([mutex/lock_event])
[0x00007ffde11f72f8] Threads_lock - owner thread: 0x000001fa776c0430
[0x00007ffde11f73f8] Heap_lock - owner thread: 0x000001fa00dfa510

Heap address: 0x0000000080000000, size: 2048 MB, Compressed Oops mode: 32-bit

CDS archive(s) not mapped
Compressed class space mapped at: 0x0000000100000000-0x0000000140000000, reserved size: 1073741824
Narrow klass base: 0x0000000000000000, Narrow klass shift: 3, Narrow klass range: 0x140000000

GC Precious Log:
 CardTable entry size: 512
 Card Set container configuration: InlinePtr #cards 5 size 8 Array Of Cards #cards 12 size 40 Howl #buckets 4 coarsen threshold 1843 Howl Bitmap #cards 512 size 80 coarsen threshold 460 Card regions per heap region 1 cards per card region 2048
 CPUs: 12 total, 12 available
 Memory: 7886M
 Large Page Support: Disabled
 NUMA Support: Disabled
 Compressed Oops: Enabled (32-bit)
 Heap Region Size: 1M
 Heap Min Capacity: 8M
 Heap Initial Capacity: 124M
 Heap Max Capacity: 2G
 Pre-touch: Disabled
 Parallel Workers: 10
 Concurrent Workers: 3
 Concurrent Refinement Workers: 10
 Periodic GC: Disabled

Heap:
 garbage-first heap   total 114688K, used 48615K [0x0000000080000000, 0x0000000100000000)
  region size 1024K, 4 young (4096K), 4 survivors (4096K)
 Metaspace       used 66579K, committed 68288K, reserved 1114112K
  class space    used 9064K, committed 9920K, reserved 1048576K

Heap Regions: E=young(eden), S=young(survivor), O=old, HS=humongous(starts), HC=humongous(continues), CS=collection set, F=free, TAMS=top-at-mark-start, PB=parsable bottom
|   0|0x0000000080000000, 0x0000000080100000, 0x0000000080100000|100%| O|  |TAMS 0x0000000080000000| PB 0x0000000080000000| Untracked 
|   1|0x0000000080100000, 0x0000000080200000, 0x0000000080200000|100%| O|  |TAMS 0x0000000080100000| PB 0x0000000080100000| Untracked 
|   2|0x0000000080200000, 0x0000000080300000, 0x0000000080300000|100%|HS|  |TAMS 0x0000000080200000| PB 0x0000000080200000| Complete 
|   3|0x0000000080300000, 0x0000000080400000, 0x0000000080400000|100%|HC|  |TAMS 0x0000000080300000| PB 0x0000000080300000| Complete 
|   4|0x0000000080400000, 0x0000000080500000, 0x0000000080500000|100%|HC|  |TAMS 0x0000000080400000| PB 0x0000000080400000| Complete 
|   5|0x0000000080500000, 0x0000000080600000, 0x0000000080600000|100%|HC|  |TAMS 0x0000000080500000| PB 0x0000000080500000| Complete 
|   6|0x0000000080600000, 0x0000000080700000, 0x0000000080700000|100%| O|  |TAMS 0x0000000080600000| PB 0x0000000080600000| Untracked 
|   7|0x0000000080700000, 0x0000000080800000, 0x0000000080800000|100%| O|  |TAMS 0x0000000080700000| PB 0x0000000080700000| Untracked 
|   8|0x0000000080800000, 0x0000000080900000, 0x0000000080900000|100%| O|  |TAMS 0x0000000080800000| PB 0x0000000080800000| Untracked 
|   9|0x0000000080900000, 0x0000000080a00000, 0x0000000080a00000|100%|HS|  |TAMS 0x0000000080900000| PB 0x0000000080900000| Complete 
|  10|0x0000000080a00000, 0x0000000080b00000, 0x0000000080b00000|100%| O|  |TAMS 0x0000000080a00000| PB 0x0000000080a00000| Untracked 
|  11|0x0000000080b00000, 0x0000000080c00000, 0x0000000080c00000|100%| O|  |TAMS 0x0000000080b00000| PB 0x0000000080b00000| Untracked 
|  12|0x0000000080c00000, 0x0000000080d00000, 0x0000000080d00000|100%| O|  |TAMS 0x0000000080c00000| PB 0x0000000080c00000| Untracked 
|  13|0x0000000080d00000, 0x0000000080e00000, 0x0000000080e00000|100%| O|  |TAMS 0x0000000080d00000| PB 0x0000000080d00000| Untracked 
|  14|0x0000000080e00000, 0x0000000080f00000, 0x0000000080f00000|100%| O|  |TAMS 0x0000000080e00000| PB 0x0000000080e00000| Untracked 
|  15|0x0000000080f00000, 0x0000000081000000, 0x0000000081000000|100%| O|  |TAMS 0x0000000080f00000| PB 0x0000000080f00000| Untracked 
|  16|0x0000000081000000, 0x0000000081100000, 0x0000000081100000|100%| O|  |TAMS 0x0000000081000000| PB 0x0000000081000000| Untracked 
|  17|0x0000000081100000, 0x0000000081200000, 0x0000000081200000|100%| O|  |TAMS 0x0000000081100000| PB 0x0000000081100000| Untracked 
|  18|0x0000000081200000, 0x0000000081300000, 0x0000000081300000|100%| O|  |TAMS 0x0000000081200000| PB 0x0000000081200000| Untracked 
|  19|0x0000000081300000, 0x0000000081400000, 0x0000000081400000|100%| O|  |TAMS 0x0000000081300000| PB 0x0000000081300000| Untracked 
|  20|0x0000000081400000, 0x0000000081500000, 0x0000000081500000|100%| O|  |TAMS 0x0000000081400000| PB 0x0000000081400000| Untracked 
|  21|0x0000000081500000, 0x0000000081600000, 0x0000000081600000|100%| O|  |TAMS 0x0000000081500000| PB 0x0000000081500000| Untracked 
|  22|0x0000000081600000, 0x0000000081700000, 0x0000000081700000|100%| O|  |TAMS 0x0000000081600000| PB 0x0000000081600000| Untracked 
|  23|0x0000000081700000, 0x0000000081800000, 0x0000000081800000|100%| O|  |TAMS 0x0000000081700000| PB 0x0000000081700000| Untracked 
|  24|0x0000000081800000, 0x0000000081900000, 0x0000000081900000|100%| O|  |TAMS 0x0000000081800000| PB 0x0000000081800000| Untracked 
|  25|0x0000000081900000, 0x0000000081a00000, 0x0000000081a00000|100%| O|  |TAMS 0x0000000081900000| PB 0x0000000081900000| Untracked 
|  26|0x0000000081a00000, 0x0000000081b00000, 0x0000000081b00000|100%| O|  |TAMS 0x0000000081a00000| PB 0x0000000081a00000| Untracked 
|  27|0x0000000081b00000, 0x0000000081c00000, 0x0000000081c00000|100%| O|  |TAMS 0x0000000081b00000| PB 0x0000000081b00000| Untracked 
|  28|0x0000000081c00000, 0x0000000081d00000, 0x0000000081d00000|100%| O|  |TAMS 0x0000000081c00000| PB 0x0000000081c00000| Untracked 
|  29|0x0000000081d00000, 0x0000000081e00000, 0x0000000081e00000|100%| O|  |TAMS 0x0000000081d00000| PB 0x0000000081d00000| Untracked 
|  30|0x0000000081e00000, 0x0000000081f00000, 0x0000000081f00000|100%| O|  |TAMS 0x0000000081e00000| PB 0x0000000081e00000| Untracked 
|  31|0x0000000081f00000, 0x0000000082000000, 0x0000000082000000|100%| O|  |TAMS 0x0000000081f00000| PB 0x0000000081f00000| Untracked 
|  32|0x0000000082000000, 0x0000000082100000, 0x0000000082100000|100%| O|  |TAMS 0x0000000082000000| PB 0x0000000082000000| Untracked 
|  33|0x0000000082100000, 0x00000000821b4e80, 0x0000000082200000| 70%| O|  |TAMS 0x0000000082100000| PB 0x0000000082100000| Untracked 
|  34|0x0000000082200000, 0x0000000082200000, 0x0000000082300000|  0%| F|  |TAMS 0x0000000082200000| PB 0x0000000082200000| Untracked 
|  35|0x0000000082300000, 0x0000000082300000, 0x0000000082400000|  0%| F|  |TAMS 0x0000000082300000| PB 0x0000000082300000| Untracked 
|  36|0x0000000082400000, 0x0000000082400000, 0x0000000082500000|  0%| F|  |TAMS 0x0000000082400000| PB 0x0000000082400000| Untracked 
|  37|0x0000000082500000, 0x0000000082500000, 0x0000000082600000|  0%| F|  |TAMS 0x0000000082500000| PB 0x0000000082500000| Untracked 
|  38|0x0000000082600000, 0x0000000082600000, 0x0000000082700000|  0%| F|  |TAMS 0x0000000082600000| PB 0x0000000082600000| Untracked 
|  39|0x0000000082700000, 0x0000000082800000, 0x0000000082800000|100%| O|  |TAMS 0x0000000082700000| PB 0x0000000082700000| Untracked 
|  40|0x0000000082800000, 0x0000000082900000, 0x0000000082900000|100%| O|  |TAMS 0x0000000082800000| PB 0x0000000082800000| Untracked 
|  41|0x0000000082900000, 0x0000000082a00000, 0x0000000082a00000|100%| O|  |TAMS 0x0000000082900000| PB 0x0000000082900000| Untracked 
|  42|0x0000000082a00000, 0x0000000082b00000, 0x0000000082b00000|100%| O|  |TAMS 0x0000000082a00000| PB 0x0000000082a00000| Untracked 
|  43|0x0000000082b00000, 0x0000000082c00000, 0x0000000082c00000|100%| O|  |TAMS 0x0000000082b00000| PB 0x0000000082b00000| Untracked 
|  44|0x0000000082c00000, 0x0000000082cc5100, 0x0000000082d00000| 76%| S|CS|TAMS 0x0000000082c00000| PB 0x0000000082c00000| Complete 
|  45|0x0000000082d00000, 0x0000000082d00000, 0x0000000082e00000|  0%| F|  |TAMS 0x0000000082d00000| PB 0x0000000082d00000| Untracked 
|  46|0x0000000082e00000, 0x0000000082e00000, 0x0000000082f00000|  0%| F|  |TAMS 0x0000000082e00000| PB 0x0000000082e00000| Untracked 
|  47|0x0000000082f00000, 0x0000000082f00000, 0x0000000083000000|  0%| F|  |TAMS 0x0000000082f00000| PB 0x0000000082f00000| Untracked 
|  48|0x0000000083000000, 0x0000000083000000, 0x0000000083100000|  0%| F|  |TAMS 0x0000000083000000| PB 0x0000000083000000| Untracked 
|  49|0x0000000083100000, 0x0000000083100000, 0x0000000083200000|  0%| F|  |TAMS 0x0000000083100000| PB 0x0000000083100000| Untracked 
|  50|0x0000000083200000, 0x0000000083200000, 0x0000000083300000|  0%| F|  |TAMS 0x0000000083200000| PB 0x0000000083200000| Untracked 
|  51|0x0000000083300000, 0x0000000083400000, 0x0000000083400000|100%| S|CS|TAMS 0x0000000083300000| PB 0x0000000083300000| Complete 
|  52|0x0000000083400000, 0x0000000083500000, 0x0000000083500000|100%| S|CS|TAMS 0x0000000083400000| PB 0x0000000083400000| Complete 
|  53|0x0000000083500000, 0x0000000083600000, 0x0000000083600000|100%| S|CS|TAMS 0x0000000083500000| PB 0x0000000083500000| Complete 
|  54|0x0000000083600000, 0x0000000083600000, 0x0000000083700000|  0%| F|  |TAMS 0x0000000083600000| PB 0x0000000083600000| Untracked 
|  55|0x0000000083700000, 0x0000000083700000, 0x0000000083800000|  0%| F|  |TAMS 0x0000000083700000| PB 0x0000000083700000| Untracked 
|  56|0x0000000083800000, 0x0000000083800000, 0x0000000083900000|  0%| F|  |TAMS 0x0000000083800000| PB 0x0000000083800000| Untracked 
|  57|0x0000000083900000, 0x0000000083900000, 0x0000000083a00000|  0%| F|  |TAMS 0x0000000083900000| PB 0x0000000083900000| Untracked 
|  58|0x0000000083a00000, 0x0000000083a00000, 0x0000000083b00000|  0%| F|  |TAMS 0x0000000083a00000| PB 0x0000000083a00000| Untracked 
|  59|0x0000000083b00000, 0x0000000083b00000, 0x0000000083c00000|  0%| F|  |TAMS 0x0000000083b00000| PB 0x0000000083b00000| Untracked 
|  60|0x0000000083c00000, 0x0000000083c00000, 0x0000000083d00000|  0%| F|  |TAMS 0x0000000083c00000| PB 0x0000000083c00000| Untracked 
|  61|0x0000000083d00000, 0x0000000083d00000, 0x0000000083e00000|  0%| F|  |TAMS 0x0000000083d00000| PB 0x0000000083d00000| Untracked 
|  62|0x0000000083e00000, 0x0000000083e00000, 0x0000000083f00000|  0%| F|  |TAMS 0x0000000083e00000| PB 0x0000000083e00000| Untracked 
|  63|0x0000000083f00000, 0x0000000083f00000, 0x0000000084000000|  0%| F|  |TAMS 0x0000000083f00000| PB 0x0000000083f00000| Untracked 
|  64|0x0000000084000000, 0x0000000084000000, 0x0000000084100000|  0%| F|  |TAMS 0x0000000084000000| PB 0x0000000084000000| Untracked 
|  65|0x0000000084100000, 0x0000000084100000, 0x0000000084200000|  0%| F|  |TAMS 0x0000000084100000| PB 0x0000000084100000| Untracked 
|  66|0x0000000084200000, 0x0000000084200000, 0x0000000084300000|  0%| F|  |TAMS 0x0000000084200000| PB 0x0000000084200000| Untracked 
|  67|0x0000000084300000, 0x0000000084300000, 0x0000000084400000|  0%| F|  |TAMS 0x0000000084300000| PB 0x0000000084300000| Untracked 
|  68|0x0000000084400000, 0x0000000084400000, 0x0000000084500000|  0%| F|  |TAMS 0x0000000084400000| PB 0x0000000084400000| Untracked 
|  69|0x0000000084500000, 0x0000000084500000, 0x0000000084600000|  0%| F|  |TAMS 0x0000000084500000| PB 0x0000000084500000| Untracked 
|  70|0x0000000084600000, 0x0000000084600000, 0x0000000084700000|  0%| F|  |TAMS 0x0000000084600000| PB 0x0000000084600000| Untracked 
|  71|0x0000000084700000, 0x0000000084700000, 0x0000000084800000|  0%| F|  |TAMS 0x0000000084700000| PB 0x0000000084700000| Untracked 
|  72|0x0000000084800000, 0x0000000084800000, 0x0000000084900000|  0%| F|  |TAMS 0x0000000084800000| PB 0x0000000084800000| Untracked 
|  73|0x0000000084900000, 0x0000000084900000, 0x0000000084a00000|  0%| F|  |TAMS 0x0000000084900000| PB 0x0000000084900000| Untracked 
|  74|0x0000000084a00000, 0x0000000084a00000, 0x0000000084b00000|  0%| F|  |TAMS 0x0000000084a00000| PB 0x0000000084a00000| Untracked 
|  75|0x0000000084b00000, 0x0000000084b00000, 0x0000000084c00000|  0%| F|  |TAMS 0x0000000084b00000| PB 0x0000000084b00000| Untracked 
|  76|0x0000000084c00000, 0x0000000084c00000, 0x0000000084d00000|  0%| F|  |TAMS 0x0000000084c00000| PB 0x0000000084c00000| Untracked 
|  77|0x0000000084d00000, 0x0000000084d00000, 0x0000000084e00000|  0%| F|  |TAMS 0x0000000084d00000| PB 0x0000000084d00000| Untracked 
|  78|0x0000000084e00000, 0x0000000084e00000, 0x0000000084f00000|  0%| F|  |TAMS 0x0000000084e00000| PB 0x0000000084e00000| Untracked 
|  79|0x0000000084f00000, 0x0000000084f00000, 0x0000000085000000|  0%| F|  |TAMS 0x0000000084f00000| PB 0x0000000084f00000| Untracked 
|  80|0x0000000085000000, 0x0000000085000000, 0x0000000085100000|  0%| F|  |TAMS 0x0000000085000000| PB 0x0000000085000000| Untracked 
|  81|0x0000000085100000, 0x0000000085100000, 0x0000000085200000|  0%| F|  |TAMS 0x0000000085100000| PB 0x0000000085100000| Untracked 
|  82|0x0000000085200000, 0x0000000085200000, 0x0000000085300000|  0%| F|  |TAMS 0x0000000085200000| PB 0x0000000085200000| Untracked 
|  83|0x0000000085300000, 0x0000000085300000, 0x0000000085400000|  0%| F|  |TAMS 0x0000000085300000| PB 0x0000000085300000| Untracked 
|  84|0x0000000085400000, 0x0000000085400000, 0x0000000085500000|  0%| F|  |TAMS 0x0000000085400000| PB 0x0000000085400000| Untracked 
|  85|0x0000000085500000, 0x0000000085500000, 0x0000000085600000|  0%| F|  |TAMS 0x0000000085500000| PB 0x0000000085500000| Untracked 
|  86|0x0000000085600000, 0x0000000085600000, 0x0000000085700000|  0%| F|  |TAMS 0x0000000085600000| PB 0x0000000085600000| Untracked 
|  87|0x0000000085700000, 0x0000000085700000, 0x0000000085800000|  0%| F|  |TAMS 0x0000000085700000| PB 0x0000000085700000| Untracked 
|  88|0x0000000085800000, 0x0000000085800000, 0x0000000085900000|  0%| F|  |TAMS 0x0000000085800000| PB 0x0000000085800000| Untracked 
|  89|0x0000000085900000, 0x0000000085900000, 0x0000000085a00000|  0%| F|  |TAMS 0x0000000085900000| PB 0x0000000085900000| Untracked 
|  90|0x0000000085a00000, 0x0000000085a00000, 0x0000000085b00000|  0%| F|  |TAMS 0x0000000085a00000| PB 0x0000000085a00000| Untracked 
|  91|0x0000000085b00000, 0x0000000085b00000, 0x0000000085c00000|  0%| F|  |TAMS 0x0000000085b00000| PB 0x0000000085b00000| Untracked 
|  92|0x0000000085c00000, 0x0000000085c00000, 0x0000000085d00000|  0%| F|  |TAMS 0x0000000085c00000| PB 0x0000000085c00000| Untracked 
|  93|0x0000000085d00000, 0x0000000085d00000, 0x0000000085e00000|  0%| F|  |TAMS 0x0000000085d00000| PB 0x0000000085d00000| Untracked 
|  94|0x0000000085e00000, 0x0000000085e00000, 0x0000000085f00000|  0%| F|  |TAMS 0x0000000085e00000| PB 0x0000000085e00000| Untracked 
|  95|0x0000000085f00000, 0x0000000085f00000, 0x0000000086000000|  0%| F|  |TAMS 0x0000000085f00000| PB 0x0000000085f00000| Untracked 
|  96|0x0000000086000000, 0x0000000086000000, 0x0000000086100000|  0%| F|  |TAMS 0x0000000086000000| PB 0x0000000086000000| Untracked 
|  97|0x0000000086100000, 0x0000000086100000, 0x0000000086200000|  0%| F|  |TAMS 0x0000000086100000| PB 0x0000000086100000| Untracked 
|  98|0x0000000086200000, 0x0000000086200000, 0x0000000086300000|  0%| F|  |TAMS 0x0000000086200000| PB 0x0000000086200000| Untracked 
|  99|0x0000000086300000, 0x0000000086300000, 0x0000000086400000|  0%| F|  |TAMS 0x0000000086300000| PB 0x0000000086300000| Untracked 
| 100|0x0000000086400000, 0x0000000086400000, 0x0000000086500000|  0%| F|  |TAMS 0x0000000086400000| PB 0x0000000086400000| Untracked 
| 101|0x0000000086500000, 0x0000000086500000, 0x0000000086600000|  0%| F|  |TAMS 0x0000000086500000| PB 0x0000000086500000| Untracked 
| 102|0x0000000086600000, 0x0000000086600000, 0x0000000086700000|  0%| F|  |TAMS 0x0000000086600000| PB 0x0000000086600000| Untracked 
| 103|0x0000000086700000, 0x0000000086700000, 0x0000000086800000|  0%| F|  |TAMS 0x0000000086700000| PB 0x0000000086700000| Untracked 
| 104|0x0000000086800000, 0x0000000086800000, 0x0000000086900000|  0%| F|  |TAMS 0x0000000086800000| PB 0x0000000086800000| Untracked 
| 105|0x0000000086900000, 0x0000000086900000, 0x0000000086a00000|  0%| F|  |TAMS 0x0000000086900000| PB 0x0000000086900000| Untracked 
| 123|0x0000000087b00000, 0x0000000087b00000, 0x0000000087c00000|  0%| F|  |TAMS 0x0000000087b00000| PB 0x0000000087b00000| Untracked 
|2043|0x00000000ffb00000, 0x00000000ffc00000, 0x00000000ffc00000|100%| O|  |TAMS 0x00000000ffb00000| PB 0x00000000ffb00000| Untracked 
|2044|0x00000000ffc00000, 0x00000000ffd00000, 0x00000000ffd00000|100%| O|  |TAMS 0x00000000ffc00000| PB 0x00000000ffc00000| Untracked 
|2045|0x00000000ffd00000, 0x00000000ffe00000, 0x00000000ffe00000|100%| O|  |TAMS 0x00000000ffd00000| PB 0x00000000ffd00000| Untracked 
|2046|0x00000000ffe00000, 0x00000000fff00000, 0x00000000fff00000|100%| O|  |TAMS 0x00000000ffe00000| PB 0x00000000ffe00000| Untracked 
|2047|0x00000000fff00000, 0x0000000100000000, 0x0000000100000000|100%| O|  |TAMS 0x00000000fff00000| PB 0x00000000fff00000| Untracked 

Card table byte_map: [0x000001fa72450000,0x000001fa72850000] _byte_map_base: 0x000001fa72050000

Marking Bits: (CMBitMap*) 0x000001fa5daa43f0
 Bits: [0x000001fa72850000, 0x000001fa74850000)

Polling page: 0x000001fa5db10000

Metaspace:

Usage:
  Non-class:     56.17 MB used.
      Class:      8.85 MB used.
       Both:     65.02 MB used.

Virtual space:
  Non-class space:       64.00 MB reserved,      57.00 MB ( 89%) committed,  1 nodes.
      Class space:        1.00 GB reserved,       9.69 MB ( <1%) committed,  1 nodes.
             Both:        1.06 GB reserved,      66.69 MB (  6%) committed. 

Chunk freelists:
   Non-Class:  6.11 MB
       Class:  6.36 MB
        Both:  12.47 MB

MaxMetaspaceSize: unlimited
CompressedClassSpaceSize: 1.00 GB
Initial GC threshold: 21.00 MB
Current GC threshold: 98.88 MB
CDS: off
 - commit_granule_bytes: 65536.
 - commit_granule_words: 8192.
 - virtual_space_node_default_size: 8388608.
 - enlarge_chunks_in_place: 1.
 - use_allocation_guard: 0.


Internal statistics:

num_allocs_failed_limit: 14.
num_arena_births: 3078.
num_arena_deaths: 0.
num_vsnodes_births: 2.
num_vsnodes_deaths: 0.
num_space_committed: 1067.
num_space_uncommitted: 0.
num_chunks_returned_to_freelist: 14.
num_chunks_taken_from_freelist: 5753.
num_chunk_merges: 9.
num_chunk_splits: 3739.
num_chunks_enlarged: 2312.
num_inconsistent_stats: 0.

CodeHeap 'non-profiled nmethods': size=120000Kb used=4044Kb max_used=4044Kb free=115955Kb
 bounds [0x000001fa69f80000, 0x000001fa6a380000, 0x000001fa714b0000]
CodeHeap 'profiled nmethods': size=120000Kb used=13101Kb max_used=13101Kb free=106898Kb
 bounds [0x000001fa624b0000, 0x000001fa63180000, 0x000001fa699e0000]
CodeHeap 'non-nmethods': size=5760Kb used=1980Kb max_used=2044Kb free=3779Kb
 bounds [0x000001fa699e0000, 0x000001fa69c50000, 0x000001fa69f80000]
 total_blobs=7885 nmethods=7130 adapters=657
 compilation: enabled
              stopped_count=0, restarted_count=0
 full_count=0

Compilation events (20 events):
Event: 7.590 Thread 0x000001fa7774dc20 nmethod 7692 0x000001fa63176f90 code [0x000001fa63177180, 0x000001fa63177650]
Event: 7.590 Thread 0x000001fa7774dc20 7690       3       org.gradle.internal.execution.steps.IdentityCacheStep$$Lambda/0x0000000100994000::<init> (20 bytes)
Event: 7.591 Thread 0x000001fa7774dc20 nmethod 7690 0x000001fa63177890 code [0x000001fa63177a40, 0x000001fa63177cc0]
Event: 7.591 Thread 0x000001fa7774dc20 7697       3       sun.nio.ch.IOStatus::normalize (12 bytes)
Event: 7.592 Thread 0x000001fa7774dc20 nmethod 7697 0x000001fa63177d90 code [0x000001fa63177f20, 0x000001fa63178088]
Event: 7.592 Thread 0x000001fa7774dc20 7694       3       java.util.RegularEnumSet$EnumSetIterator::hasNext (15 bytes)
Event: 7.592 Thread 0x000001fa7774dc20 nmethod 7694 0x000001fa63178110 code [0x000001fa631782a0, 0x000001fa63178408]
Event: 7.592 Thread 0x000001fa7774dc20 7699       3       org.gradle.internal.execution.impl.DefaultFileNormalizationSpec::<init> (20 bytes)
Event: 7.592 Thread 0x000001fa7774dc20 nmethod 7699 0x000001fa63178490 code [0x000001fa63178640, 0x000001fa631788c0]
Event: 7.592 Thread 0x000001fa7774dc20 7700       3       org.gradle.internal.execution.impl.DefaultFileNormalizationSpec::from (11 bytes)
Event: 7.592 Thread 0x000001fa7774dc20 nmethod 7700 0x000001fa63178990 code [0x000001fa63178b40, 0x000001fa63178e50]
Event: 7.592 Thread 0x000001fa7774dc20 7693       3       org.gradle.cache.ManualEvictionInMemoryCache::get (12 bytes)
Event: 7.592 Thread 0x000001fa7774dc20 nmethod 7693 0x000001fa63178f90 code [0x000001fa63179140, 0x000001fa63179310]
Event: 7.592 Thread 0x000001fa7774dc20 7701       3       org.gradle.internal.execution.steps.AssignImmutableWorkspaceStep::execute (55 bytes)
Event: 7.593 Thread 0x000001fa7774dc20 nmethod 7701 0x000001fa63179410 code [0x000001fa631796a0, 0x000001fa6317a478]
Event: 7.594 Thread 0x000001fa7774dc20 7703       3       org.gradle.internal.snapshot.DirectorySnapshot::getType (4 bytes)
Event: 7.594 Thread 0x000001fa7774dc20 nmethod 7703 0x000001fa6317a910 code [0x000001fa6317aaa0, 0x000001fa6317abb8]
Event: 7.594 Thread 0x000001fa7774dc20 7707       3       java.util.stream.Streams$RangeIntSpliterator::forEachRemaining (65 bytes)
Event: 7.594 Thread 0x000001fa7774dc20 nmethod 7707 0x000001fa6317ac90 code [0x000001fa6317ae80, 0x000001fa6317b388]
Event: 7.594 Thread 0x000001fa7774dc20 7705       3       com.google.common.collect.ImmutableSortedMap::entrySet (5 bytes)

GC Heap History (20 events):
Event: 2.278 GC heap after
{Heap after GC invocations=4 (full 0):
 garbage-first heap   total 126976K, used 21654K [0x0000000080000000, 0x0000000100000000)
  region size 1024K, 7 young (7168K), 7 survivors (7168K)
 Metaspace       used 21161K, committed 21504K, reserved 1114112K
  class space    used 2440K, committed 2624K, reserved 1048576K
}
Event: 3.218 GC heap before
{Heap before GC invocations=5 (full 0):
 garbage-first heap   total 75776K, used 73878K [0x0000000080000000, 0x0000000100000000)
  region size 1024K, 59 young (60416K), 7 survivors (7168K)
 Metaspace       used 29788K, committed 30336K, reserved 1114112K
  class space    used 3812K, committed 4096K, reserved 1048576K
}
Event: 3.226 GC heap after
{Heap after GC invocations=6 (full 0):
 garbage-first heap   total 87040K, used 24621K [0x0000000080000000, 0x0000000100000000)
  region size 1024K, 6 young (6144K), 6 survivors (6144K)
 Metaspace       used 29788K, committed 30336K, reserved 1114112K
  class space    used 3812K, committed 4096K, reserved 1048576K
}
Event: 3.805 GC heap before
{Heap before GC invocations=6 (full 0):
 garbage-first heap   total 87040K, used 62509K [0x0000000080000000, 0x0000000100000000)
  region size 1024K, 44 young (45056K), 6 survivors (6144K)
 Metaspace       used 35166K, committed 35968K, reserved 1114112K
  class space    used 4707K, committed 5120K, reserved 1048576K
}
Event: 3.810 GC heap after
{Heap after GC invocations=7 (full 0):
 garbage-first heap   total 87040K, used 27326K [0x0000000080000000, 0x0000000100000000)
  region size 1024K, 6 young (6144K), 6 survivors (6144K)
 Metaspace       used 35166K, committed 35968K, reserved 1114112K
  class space    used 4707K, committed 5120K, reserved 1048576K
}
Event: 3.836 GC heap before
{Heap before GC invocations=7 (full 0):
 garbage-first heap   total 87040K, used 29374K [0x0000000080000000, 0x0000000100000000)
  region size 1024K, 9 young (9216K), 6 survivors (6144K)
 Metaspace       used 35447K, committed 36288K, reserved 1114112K
  class space    used 4754K, committed 5120K, reserved 1048576K
}
Event: 3.839 GC heap after
{Heap after GC invocations=8 (full 0):
 garbage-first heap   total 87040K, used 27182K [0x0000000080000000, 0x0000000100000000)
  region size 1024K, 3 young (3072K), 3 survivors (3072K)
 Metaspace       used 35447K, committed 36288K, reserved 1114112K
  class space    used 4754K, committed 5120K, reserved 1048576K
}
Event: 4.547 GC heap before
{Heap before GC invocations=9 (full 0):
 garbage-first heap   total 87040K, used 75310K [0x0000000080000000, 0x0000000100000000)
  region size 1024K, 50 young (51200K), 3 survivors (3072K)
 Metaspace       used 43959K, committed 45184K, reserved 1114112K
  class space    used 5893K, committed 6528K, reserved 1048576K
}
Event: 4.553 GC heap after
{Heap after GC invocations=10 (full 0):
 garbage-first heap   total 104448K, used 30919K [0x0000000080000000, 0x0000000100000000)
  region size 1024K, 7 young (7168K), 7 survivors (7168K)
 Metaspace       used 43959K, committed 45184K, reserved 1114112K
  class space    used 5893K, committed 6528K, reserved 1048576K
}
Event: 4.915 GC heap before
{Heap before GC invocations=10 (full 0):
 garbage-first heap   total 104448K, used 85191K [0x0000000080000000, 0x0000000100000000)
  region size 1024K, 61 young (62464K), 7 survivors (7168K)
 Metaspace       used 46647K, committed 47808K, reserved 1114112K
  class space    used 6219K, committed 6784K, reserved 1048576K
}
Event: 4.922 GC heap after
{Heap after GC invocations=11 (full 0):
 garbage-first heap   total 104448K, used 34372K [0x0000000080000000, 0x0000000100000000)
  region size 1024K, 8 young (8192K), 8 survivors (8192K)
 Metaspace       used 46647K, committed 47808K, reserved 1114112K
  class space    used 6219K, committed 6784K, reserved 1048576K
}
Event: 5.636 GC heap before
{Heap before GC invocations=11 (full 0):
 garbage-first heap   total 104448K, used 89668K [0x0000000080000000, 0x0000000100000000)
  region size 1024K, 61 young (62464K), 8 survivors (8192K)
 Metaspace       used 54382K, committed 55872K, reserved 1114112K
  class space    used 7324K, committed 8064K, reserved 1048576K
}
Event: 5.644 GC heap after
{Heap after GC invocations=12 (full 0):
 garbage-first heap   total 104448K, used 36940K [0x0000000080000000, 0x0000000100000000)
  region size 1024K, 6 young (6144K), 6 survivors (6144K)
 Metaspace       used 54382K, committed 55872K, reserved 1114112K
  class space    used 7324K, committed 8064K, reserved 1048576K
}
Event: 6.020 GC heap before
{Heap before GC invocations=12 (full 0):
 garbage-first heap   total 104448K, used 68684K [0x0000000080000000, 0x0000000100000000)
  region size 1024K, 38 young (38912K), 6 survivors (6144K)
 Metaspace       used 59110K, committed 60608K, reserved 1114112K
  class space    used 8005K, committed 8768K, reserved 1048576K
}
Event: 6.024 GC heap after
{Heap after GC invocations=13 (full 0):
 garbage-first heap   total 104448K, used 38018K [0x0000000080000000, 0x0000000100000000)
  region size 1024K, 5 young (5120K), 5 survivors (5120K)
 Metaspace       used 59110K, committed 60608K, reserved 1114112K
  class space    used 8005K, committed 8768K, reserved 1048576K
}
Event: 6.967 GC heap before
{Heap before GC invocations=14 (full 0):
 garbage-first heap   total 104448K, used 92290K [0x0000000080000000, 0x0000000100000000)
  region size 1024K, 58 young (59392K), 5 survivors (5120K)
 Metaspace       used 65173K, committed 66816K, reserved 1114112K
  class space    used 8920K, committed 9728K, reserved 1048576K
}
Event: 6.974 GC heap after
{Heap after GC invocations=15 (full 0):
 garbage-first heap   total 104448K, used 43819K [0x0000000080000000, 0x0000000100000000)
  region size 1024K, 7 young (7168K), 7 survivors (7168K)
 Metaspace       used 65173K, committed 66816K, reserved 1114112K
  class space    used 8920K, committed 9728K, reserved 1048576K
}
Event: 7.414 GC heap before
{Heap before GC invocations=15 (full 0):
 garbage-first heap   total 104448K, used 89899K [0x0000000080000000, 0x0000000100000000)
  region size 1024K, 53 young (54272K), 7 survivors (7168K)
 Metaspace       used 66178K, committed 67840K, reserved 1114112K
  class space    used 9036K, committed 9856K, reserved 1048576K
}
Event: 7.421 GC heap after
{Heap after GC invocations=16 (full 0):
 garbage-first heap   total 104448K, used 47341K [0x0000000080000000, 0x0000000100000000)
  region size 1024K, 6 young (6144K), 6 survivors (6144K)
 Metaspace       used 66178K, committed 67840K, reserved 1114112K
  class space    used 9036K, committed 9856K, reserved 1048576K
}
Event: 7.594 GC heap before
{Heap before GC invocations=16 (full 0):
 garbage-first heap   total 104448K, used 90349K [0x0000000080000000, 0x0000000100000000)
  region size 1024K, 49 young (50176K), 6 survivors (6144K)
 Metaspace       used 66579K, committed 68288K, reserved 1114112K
  class space    used 9064K, committed 9920K, reserved 1048576K
}

Dll operation events (3 events):
Event: 0.011 Loaded shared library C:\Program Files\Android\Android Studio\jbr\bin\java.dll
Event: 0.017 Loaded shared library C:\Program Files\Android\Android Studio\jbr\bin\zip.dll
Event: 0.400 Loaded shared library C:\Program Files\Android\Android Studio\jbr\bin\verify.dll

Deoptimization events (20 events):
Event: 7.470 Thread 0x000001fa00dfaba0 Uncommon trap: trap_request=0xffffff45 fr.pc=0x000001fa6a31af84 relative=0x00000000000011c4
Event: 7.470 Thread 0x000001fa00dfaba0 Uncommon trap: reason=unstable_if action=reinterpret pc=0x000001fa6a31af84 method=java.util.concurrent.ConcurrentHashMap.computeIfAbsent(Ljava/lang/Object;Ljava/util/function/Function;)Ljava/lang/Object; @ 279 c2
Event: 7.470 Thread 0x000001fa00dfaba0 DEOPT PACKING pc=0x000001fa6a31af84 sp=0x00000041e8afe260
Event: 7.470 Thread 0x000001fa00dfaba0 DEOPT UNPACKING pc=0x000001fa69a346a2 sp=0x00000041e8afe1d8 mode 2
Event: 7.470 Thread 0x000001fa00dfa510 Uncommon trap: trap_request=0xffffff45 fr.pc=0x000001fa6a31af84 relative=0x00000000000011c4
Event: 7.470 Thread 0x000001fa00dfa510 Uncommon trap: reason=unstable_if action=reinterpret pc=0x000001fa6a31af84 method=java.util.concurrent.ConcurrentHashMap.computeIfAbsent(Ljava/lang/Object;Ljava/util/function/Function;)Ljava/lang/Object; @ 279 c2
Event: 7.470 Thread 0x000001fa00dfa510 DEOPT PACKING pc=0x000001fa6a31af84 sp=0x00000041e89fe1a0
Event: 7.470 Thread 0x000001fa00dfa510 DEOPT UNPACKING pc=0x000001fa69a346a2 sp=0x00000041e89fe118 mode 2
Event: 7.471 Thread 0x000001fa00df9160 Uncommon trap: trap_request=0xffffff45 fr.pc=0x000001fa6a31af84 relative=0x00000000000011c4
Event: 7.471 Thread 0x000001fa00df9160 Uncommon trap: reason=unstable_if action=reinterpret pc=0x000001fa6a31af84 method=java.util.concurrent.ConcurrentHashMap.computeIfAbsent(Ljava/lang/Object;Ljava/util/function/Function;)Ljava/lang/Object; @ 279 c2
Event: 7.471 Thread 0x000001fa00df9160 DEOPT PACKING pc=0x000001fa6a31af84 sp=0x00000041e87fe230
Event: 7.471 Thread 0x000001fa00df9160 DEOPT UNPACKING pc=0x000001fa69a346a2 sp=0x00000041e87fe1a8 mode 2
Event: 7.471 Thread 0x000001fa00df97f0 Uncommon trap: trap_request=0xffffff45 fr.pc=0x000001fa6a31af84 relative=0x00000000000011c4
Event: 7.471 Thread 0x000001fa00df97f0 Uncommon trap: reason=unstable_if action=reinterpret pc=0x000001fa6a31af84 method=java.util.concurrent.ConcurrentHashMap.computeIfAbsent(Ljava/lang/Object;Ljava/util/function/Function;)Ljava/lang/Object; @ 279 c2
Event: 7.471 Thread 0x000001fa00df97f0 DEOPT PACKING pc=0x000001fa6a31af84 sp=0x00000041e88fe0b0
Event: 7.471 Thread 0x000001fa00df97f0 DEOPT UNPACKING pc=0x000001fa69a346a2 sp=0x00000041e88fe028 mode 2
Event: 7.471 Thread 0x000001fa00dfb8c0 Uncommon trap: trap_request=0xffffff45 fr.pc=0x000001fa6a31af84 relative=0x00000000000011c4
Event: 7.471 Thread 0x000001fa00dfb8c0 Uncommon trap: reason=unstable_if action=reinterpret pc=0x000001fa6a31af84 method=java.util.concurrent.ConcurrentHashMap.computeIfAbsent(Ljava/lang/Object;Ljava/util/function/Function;)Ljava/lang/Object; @ 279 c2
Event: 7.471 Thread 0x000001fa00dfb8c0 DEOPT PACKING pc=0x000001fa6a31af84 sp=0x00000041e86fdf60
Event: 7.471 Thread 0x000001fa00dfb8c0 DEOPT UNPACKING pc=0x000001fa69a346a2 sp=0x00000041e86fded8 mode 2

Classes loaded (20 events):
Event: 6.628 Loading class java/io/ObjectInputFilter$Config$BuiltinFilterFactory
Event: 6.628 Loading class java/io/ObjectInputFilter$Config$BuiltinFilterFactory done
Event: 6.628 Loading class jdk/internal/access/JavaObjectInputFilterAccess
Event: 6.628 Loading class jdk/internal/access/JavaObjectInputFilterAccess done
Event: 6.628 Loading class java/lang/System$Logger$Level
Event: 6.628 Loading class java/lang/System$Logger$Level done
Event: 6.629 Loading class jdk/internal/event/DeserializationEvent
Event: 6.629 Loading class jdk/internal/event/DeserializationEvent done
Event: 6.629 Loading class java/io/ObjectInputStream$FieldValues
Event: 6.629 Loading class java/io/ObjectInputStream$GetField
Event: 6.629 Loading class java/io/ObjectInputStream$GetField done
Event: 6.629 Loading class java/io/ObjectInputStream$FieldValues done
Event: 6.633 Loading class sun/reflect/ReflectionFactory
Event: 6.634 Loading class sun/reflect/ReflectionFactory done
Event: 6.634 Loading class sun/reflect/ReflectionFactory$1
Event: 6.634 Loading class sun/reflect/ReflectionFactory$1 done
Event: 6.938 Loading class java/util/Collections$ReverseComparator
Event: 6.938 Loading class java/util/Collections$ReverseComparator done
Event: 6.938 Loading class java/util/Collections$ReverseComparator2
Event: 6.939 Loading class java/util/Collections$ReverseComparator2 done

Classes unloaded (0 events):
No events

Classes redefined (0 events):
No events

Internal exceptions (20 events):
Event: 6.404 Thread 0x000001fa7d82ca90 Implicit null exception at 0x000001fa6a239ec3 to 0x000001fa6a23a1fc
Event: 6.424 Thread 0x000001fa7d82ca90 Exception <a 'java/lang/NoSuchMethodError'{0x0000000084845518}: 'java.lang.Object java.lang.invoke.DirectMethodHandle$Holder.invokeInterface(java.lang.Object, java.lang.Object, int)'> (0x0000000084845518) 
thrown [s\src\hotspot\share\interpreter\linkResolver.cpp, line 784]
Event: 6.515 Thread 0x000001fa7d82ca90 Exception <a 'java/lang/NoSuchMethodError'{0x00000000844a5280}: 'java.lang.Object java.lang.invoke.DirectMethodHandle$Holder.invokeVirtual(java.lang.Object, java.lang.Object, java.lang.Object, java.lang.Object, java.lang.Object, java.lang.Object, java.lang.Object, java.lang.Object, java.lang.Object, java.lang.Object, java.lang.Object, java.lang.Object, java.lang.Object, java.lang.Object, java.lang.Object, java.lang.Object, java.lang.Object)'> (0x00000000844a5280) 
thrown [s\src\hotspot\share\interpreter\li
Event: 6.515 Thread 0x000001fa7d82ca90 Exception <a 'java/lang/NoSuchMethodError'{0x00000000844ab118}: 'java.lang.Object java.lang.invoke.DirectMethodHandle$Holder.invokeSpecial(java.lang.Object, java.lang.Object, java.lang.Object, java.lang.Object, java.lang.Object, java.lang.Object, java.lang.Object, java.lang.Object, java.lang.Object, java.lang.Object, java.lang.Object, java.lang.Object, java.lang.Object, java.lang.Object, java.lang.Object, java.lang.Object, java.lang.Object, java.lang.Object)'> (0x00000000844ab118) 
thrown [s\src\hotspot\sh
Event: 6.515 Thread 0x000001fa7d82ca90 Exception <a 'java/lang/NoSuchMethodError'{0x00000000844b0638}: 'java.lang.Object java.lang.invoke.DelegatingMethodHandle$Holder.reinvoke_L(java.lang.Object, java.lang.Object, java.lang.Object, java.lang.Object, java.lang.Object, java.lang.Object, java.lang.Object, java.lang.Object, java.lang.Object, java.lang.Object, java.lang.Object, java.lang.Object, java.lang.Object, java.lang.Object, java.lang.Object, java.lang.Object, java.lang.Object)'> (0x00000000844b0638) 
thrown [s\src\hotspot\share\interpreter\l
Event: 6.520 Thread 0x000001fa7d82ca90 Exception <a 'java/lang/NoSuchMethodError'{0x0000000084365c60}: 'void java.lang.invoke.DirectMethodHandle$Holder.invokeStatic(java.lang.Object, java.lang.Object, java.lang.Object, java.lang.Object, java.lang.Object, java.lang.Object)'> (0x0000000084365c60) 
thrown [s\src\hotspot\share\interpreter\linkResolver.cpp, line 784]
Event: 6.609 Thread 0x000001fa7d82ca90 Exception <a 'java/lang/NoSuchMethodError'{0x0000000083a71b68}: static Lorg/gradle/api/internal/catalog/DefaultVersionCatalog;.<clinit>()V> (0x0000000083a71b68) 
thrown [s\src\hotspot\share\prims\jni.cpp, line 1135]
Event: 6.615 Thread 0x000001fa7d82ca90 Exception <a 'java/lang/NoSuchMethodError'{0x0000000083ac2bc0}: static [Ljava/lang/Object;.<clinit>()V> (0x0000000083ac2bc0) 
thrown [s\src\hotspot\share\prims\jni.cpp, line 1135]
Event: 6.616 Thread 0x000001fa7d82ca90 Exception <a 'java/lang/NoSuchMethodError'{0x0000000083aea008}: static Lorg/gradle/api/internal/catalog/DependencyModel;.<clinit>()V> (0x0000000083aea008) 
thrown [s\src\hotspot\share\prims\jni.cpp, line 1135]
Event: 6.617 Thread 0x000001fa7d82ca90 Exception <a 'java/lang/NoSuchMethodError'{0x0000000083aedd20}: static Lorg/gradle/api/internal/catalog/AbstractContextAwareModel;.<clinit>()V> (0x0000000083aedd20) 
thrown [s\src\hotspot\share\prims\jni.cpp, line 1135]
Event: 6.617 Thread 0x000001fa7d82ca90 Exception <a 'java/lang/NoSuchMethodError'{0x0000000083907a08}: static Lorg/gradle/api/internal/artifacts/dependencies/AbstractVersionConstraint;.<clinit>()V> (0x0000000083907a08) 
thrown [s\src\hotspot\share\prims\jni.cpp, line 1135]
Event: 6.621 Thread 0x000001fa7d82ca90 Exception <a 'java/lang/NoSuchMethodError'{0x0000000083967078}: static Lorg/gradle/api/internal/catalog/PluginModel;.<clinit>()V> (0x0000000083967078) 
thrown [s\src\hotspot\share\prims\jni.cpp, line 1135]
Event: 6.622 Thread 0x000001fa7d82ca90 Exception <a 'java/lang/NoSuchMethodError'{0x000000008397e580}: static Lorg/gradle/api/internal/catalog/VersionModel;.<clinit>()V> (0x000000008397e580) 
thrown [s\src\hotspot\share\prims\jni.cpp, line 1135]
Event: 6.624 Thread 0x000001fa7d82ca90 Exception <a 'java/lang/NoSuchMethodError'{0x000000008399ffb8}: 'void java.lang.invoke.DirectMethodHandle$Holder.invokeSpecial(java.lang.Object, java.lang.Object, java.lang.Object, int)'> (0x000000008399ffb8) 
thrown [s\src\hotspot\share\interpreter\linkResolver.cpp, line 784]
Event: 6.679 Thread 0x000001fa7d82ca90 Exception <a 'java/lang/NoSuchMethodError'{0x00000000835bf518}: 'int java.lang.invoke.DirectMethodHandle$Holder.invokeSpecialIFC(java.lang.Object, java.lang.Object, java.lang.Object)'> (0x00000000835bf518) 
thrown [s\src\hotspot\share\interpreter\linkResolver.cpp, line 784]
Event: 6.721 Thread 0x000001fa7d82ca90 Exception <a 'java/lang/NoSuchMethodError'{0x000000008315a120}: 'java.lang.Object java.lang.invoke.DirectMethodHandle$Holder.invokeSpecial(java.lang.Object, java.lang.Object, java.lang.Object, java.lang.Object, java.lang.Object, long)'> (0x000000008315a120) 
thrown [s\src\hotspot\share\interpreter\linkResolver.cpp, line 784]
Event: 6.723 Thread 0x000001fa7d82ca90 Exception <a 'java/lang/NoSuchMethodError'{0x0000000083179e10}: 'void java.lang.invoke.DirectMethodHandle$Holder.invokeStatic(java.lang.Object, java.lang.Object, java.lang.Object, int, java.lang.Object)'> (0x0000000083179e10) 
thrown [s\src\hotspot\share\interpreter\linkResolver.cpp, line 784]
Event: 7.095 Thread 0x000001fa7d82ca90 Exception <a 'java/lang/NoSuchMethodError'{0x0000000085656b48}: 'java.lang.Object java.lang.invoke.DirectMethodHandle$Holder.newInvokeSpecial(java.lang.Object, java.lang.Object, java.lang.Object, java.lang.Object, int, java.lang.Object)'> (0x0000000085656b48) 
thrown [s\src\hotspot\share\interpreter\linkResolver.cpp, line 784]
Event: 7.095 Thread 0x000001fa7d82ca90 Exception <a 'java/lang/NoSuchMethodError'{0x000000008565f428}: 'java.lang.Object java.lang.invoke.Invokers$Holder.linkToTargetMethod(java.lang.Object, java.lang.Object, java.lang.Object, int, java.lang.Object, java.lang.Object)'> (0x000000008565f428) 
thrown [s\src\hotspot\share\interpreter\linkResolver.cpp, line 784]
Event: 7.464 Thread 0x000001fa7d82ca90 Exception <a 'java/lang/NoSuchMethodError'{0x000000008654f118}: 'java.lang.Object java.lang.invoke.DirectMethodHandle$Holder.invokeSpecialIFC(java.lang.Object, java.lang.Object, java.lang.Object)'> (0x000000008654f118) 
thrown [s\src\hotspot\share\interpreter\linkResolver.cpp, line 784]

ZGC Phase Switch (0 events):
No events

VM Operations (20 events):
Event: 6.611 Executing VM operation: HandshakeAllThreads (Deoptimize) done
Event: 6.754 Executing VM operation: ICBufferFull
Event: 6.754 Executing VM operation: ICBufferFull done
Event: 6.870 Executing VM operation: ICBufferFull
Event: 6.871 Executing VM operation: ICBufferFull done
Event: 6.967 Executing VM operation: G1CollectForAllocation (G1 Evacuation Pause)
Event: 6.974 Executing VM operation: G1CollectForAllocation (G1 Evacuation Pause) done
Event: 6.980 Executing VM operation: HandshakeAllThreads (Deoptimize)
Event: 6.981 Executing VM operation: HandshakeAllThreads (Deoptimize) done
Event: 7.090 Executing VM operation: ICBufferFull
Event: 7.090 Executing VM operation: ICBufferFull done
Event: 7.325 Executing VM operation: ICBufferFull
Event: 7.325 Executing VM operation: ICBufferFull done
Event: 7.414 Executing VM operation: G1CollectForAllocation (G1 Evacuation Pause)
Event: 7.421 Executing VM operation: G1CollectForAllocation (G1 Evacuation Pause) done
Event: 7.457 Executing VM operation: HandshakeAllThreads (Deoptimize)
Event: 7.457 Executing VM operation: HandshakeAllThreads (Deoptimize) done
Event: 7.542 Executing VM operation: ICBufferFull
Event: 7.542 Executing VM operation: ICBufferFull done
Event: 7.594 Executing VM operation: G1CollectForAllocation (G1 Evacuation Pause)

Memory protections (0 events):
No events

Nmethod flushes (20 events):
Event: 6.041 Thread 0x000001fa776c0430 flushing  nmethod 0x000001fa62629890
Event: 6.041 Thread 0x000001fa776c0430 flushing  nmethod 0x000001fa6262c310
Event: 6.041 Thread 0x000001fa776c0430 flushing  nmethod 0x000001fa6262d390
Event: 6.041 Thread 0x000001fa776c0430 flushing  nmethod 0x000001fa62633990
Event: 6.041 Thread 0x000001fa776c0430 flushing  nmethod 0x000001fa62634810
Event: 6.041 Thread 0x000001fa776c0430 flushing  nmethod 0x000001fa62634c10
Event: 6.041 Thread 0x000001fa776c0430 flushing  nmethod 0x000001fa62637810
Event: 6.041 Thread 0x000001fa776c0430 flushing  nmethod 0x000001fa62637c90
Event: 6.041 Thread 0x000001fa776c0430 flushing  nmethod 0x000001fa6263a490
Event: 6.041 Thread 0x000001fa776c0430 flushing  nmethod 0x000001fa6263bb90
Event: 6.041 Thread 0x000001fa776c0430 flushing  nmethod 0x000001fa62647c10
Event: 6.041 Thread 0x000001fa776c0430 flushing  nmethod 0x000001fa62648f90
Event: 6.041 Thread 0x000001fa776c0430 flushing  nmethod 0x000001fa6270a410
Event: 6.041 Thread 0x000001fa776c0430 flushing  nmethod 0x000001fa627d4a10
Event: 6.041 Thread 0x000001fa776c0430 flushing  nmethod 0x000001fa627d9c10
Event: 6.041 Thread 0x000001fa776c0430 flushing  nmethod 0x000001fa62836610
Event: 6.041 Thread 0x000001fa776c0430 flushing  nmethod 0x000001fa62837d90
Event: 6.041 Thread 0x000001fa776c0430 flushing  nmethod 0x000001fa6283ad90
Event: 6.041 Thread 0x000001fa776c0430 flushing  nmethod 0x000001fa62852510
Event: 6.041 Thread 0x000001fa776c0430 flushing  nmethod 0x000001fa62855d10

Events (20 events):
Event: 7.122 Thread 0x000001fa7d82ca90 Thread added: 0x000001fa01d4af80
Event: 7.125 Thread 0x000001fa7d82ca90 Thread added: 0x000001fa01d48190
Event: 7.128 Thread 0x000001fa7d82ca90 Thread added: 0x000001fa01d4bca0
Event: 7.131 Thread 0x000001fa7d82ca90 Thread added: 0x000001fa01d4a8f0
Event: 7.135 Thread 0x000001fa7d82ca90 Thread added: 0x000001fa01d4b610
Event: 7.141 Thread 0x000001fa7d82ca90 Thread added: 0x000001fa01d48820
Event: 7.145 Thread 0x000001fa7d82ca90 Thread added: 0x000001fa01d4c330
Event: 7.149 Thread 0x000001fa7d82ca90 Thread added: 0x000001fa01d4c9c0
Event: 7.153 Thread 0x000001fa7d82ca90 Thread added: 0x000001fa01d4d050
Event: 7.465 Thread 0x000001fa7d82ca90 Thread added: 0x000001fa00df9e80
Event: 7.465 Thread 0x000001fa7d82ca90 Thread added: 0x000001fa00dfb8c0
Event: 7.465 Thread 0x000001fa7d82ca90 Thread added: 0x000001fa00df9160
Event: 7.466 Thread 0x000001fa7d82ca90 Thread added: 0x000001fa00df97f0
Event: 7.466 Thread 0x000001fa7d82ca90 Thread added: 0x000001fa00dfa510
Event: 7.466 Thread 0x000001fa7d82ca90 Thread added: 0x000001fa00dfaba0
Event: 7.466 Thread 0x000001fa7d82ca90 Thread added: 0x000001fa00dfb230
Event: 7.467 Thread 0x000001fa7d82ca90 Thread added: 0x000001fa00df8440
Event: 7.467 Thread 0x000001fa7d82ca90 Thread added: 0x000001fa00dfbf50
Event: 7.467 Thread 0x000001fa7d82ca90 Thread added: 0x000001fa00df8ad0
Event: 7.468 Thread 0x000001fa7d82ca90 Thread added: 0x000001fa00dff3d0


Dynamic libraries:
0x00007ff793bc0000 - 0x00007ff793bca000 	C:\Program Files\Android\Android Studio\jbr\bin\java.exe
0x00007ffe6ac20000 - 0x00007ffe6ae85000 	C:\WINDOWS\SYSTEM32\ntdll.dll
0x00007ffe69db0000 - 0x00007ffe69e79000 	C:\WINDOWS\System32\KERNEL32.DLL
0x00007ffe682b0000 - 0x00007ffe68698000 	C:\WINDOWS\System32\KERNELBASE.dll
0x00007ffe67d70000 - 0x00007ffe67ebb000 	C:\WINDOWS\System32\ucrtbase.dll
0x00007ffe4f7e0000 - 0x00007ffe4f7f8000 	C:\Program Files\Android\Android Studio\jbr\bin\jli.dll
0x00007ffe5fd90000 - 0x00007ffe5fdab000 	C:\Program Files\Android\Android Studio\jbr\bin\VCRUNTIME140.dll
0x00007ffe694b0000 - 0x00007ffe6967a000 	C:\WINDOWS\System32\USER32.dll
0x00007ffe68810000 - 0x00007ffe68837000 	C:\WINDOWS\System32\win32u.dll
0x00007ffe4c7c0000 - 0x00007ffe4ca5a000 	C:\WINDOWS\WinSxS\amd64_microsoft.windows.common-controls_6595b64144ccf1df_6.0.26100.4202_none_3e0698d4e335f517\COMCTL32.dll
0x00007ffe68c30000 - 0x00007ffe68c5b000 	C:\WINDOWS\System32\GDI32.dll
0x00007ffe69680000 - 0x00007ffe69729000 	C:\WINDOWS\System32\msvcrt.dll
0x00007ffe68040000 - 0x00007ffe68177000 	C:\WINDOWS\System32\gdi32full.dll
0x00007ffe686a0000 - 0x00007ffe68743000 	C:\WINDOWS\System32\msvcp_win.dll
0x00007ffe68f00000 - 0x00007ffe68f30000 	C:\WINDOWS\System32\IMM32.DLL
0x00007ffe604f0000 - 0x00007ffe604fc000 	C:\Program Files\Android\Android Studio\jbr\bin\vcruntime140_1.dll
0x00007ffe059a0000 - 0x00007ffe05a2d000 	C:\Program Files\Android\Android Studio\jbr\bin\msvcp140.dll
0x00007ffde0650000 - 0x00007ffde12d3000 	C:\Program Files\Android\Android Studio\jbr\bin\server\jvm.dll
0x00007ffe6aac0000 - 0x00007ffe6ab73000 	C:\WINDOWS\System32\ADVAPI32.dll
0x00007ffe69730000 - 0x00007ffe697d6000 	C:\WINDOWS\System32\sechost.dll
0x00007ffe68cf0000 - 0x00007ffe68e05000 	C:\WINDOWS\System32\RPCRT4.dll
0x00007ffe6a8c0000 - 0x00007ffe6a934000 	C:\WINDOWS\System32\WS2_32.dll
0x00007ffe67bc0000 - 0x00007ffe67c1e000 	C:\WINDOWS\SYSTEM32\POWRPROF.dll
0x00007ffe5c490000 - 0x00007ffe5c4c5000 	C:\WINDOWS\SYSTEM32\WINMM.dll
0x00007ffe4d710000 - 0x00007ffe4d71b000 	C:\WINDOWS\SYSTEM32\VERSION.dll
0x00007ffe67ba0000 - 0x00007ffe67bb4000 	C:\WINDOWS\SYSTEM32\UMPDC.dll
0x00007ffe66b30000 - 0x00007ffe66b4b000 	C:\WINDOWS\SYSTEM32\kernel.appcore.dll
0x00007ffe5fd80000 - 0x00007ffe5fd8a000 	C:\Program Files\Android\Android Studio\jbr\bin\jimage.dll
0x00007ffe65530000 - 0x00007ffe65771000 	C:\WINDOWS\SYSTEM32\DBGHELP.DLL
0x00007ffe69120000 - 0x00007ffe694a5000 	C:\WINDOWS\System32\combase.dll
0x00007ffe68e10000 - 0x00007ffe68ef1000 	C:\WINDOWS\System32\OLEAUT32.dll
0x00007ffe4a500000 - 0x00007ffe4a539000 	C:\WINDOWS\SYSTEM32\dbgcore.DLL
0x00007ffe68210000 - 0x00007ffe682a9000 	C:\WINDOWS\System32\bcryptPrimitives.dll
0x00007ffe4f7d0000 - 0x00007ffe4f7de000 	C:\Program Files\Android\Android Studio\jbr\bin\instrument.dll
0x00007ffe5e430000 - 0x00007ffe5e450000 	C:\Program Files\Android\Android Studio\jbr\bin\java.dll
0x00007ffe55760000 - 0x00007ffe55778000 	C:\Program Files\Android\Android Studio\jbr\bin\zip.dll
0x00007ffe6a170000 - 0x00007ffe6a8b2000 	C:\WINDOWS\System32\SHELL32.dll
0x00007ffe68840000 - 0x00007ffe689b4000 	C:\WINDOWS\System32\wintypes.dll
0x00007ffe659f0000 - 0x00007ffe66247000 	C:\WINDOWS\SYSTEM32\windows.storage.dll
0x00007ffe6a9c0000 - 0x00007ffe6aab1000 	C:\WINDOWS\System32\SHCORE.dll
0x00007ffe697e0000 - 0x00007ffe6984a000 	C:\WINDOWS\System32\shlwapi.dll
0x00007ffe67c80000 - 0x00007ffe67caf000 	C:\WINDOWS\SYSTEM32\profapi.dll
0x00007ffe5fd70000 - 0x00007ffe5fd80000 	C:\Program Files\Android\Android Studio\jbr\bin\net.dll
0x00007ffe55f80000 - 0x00007ffe5609e000 	C:\WINDOWS\SYSTEM32\WINHTTP.dll
0x00007ffe670a0000 - 0x00007ffe6710a000 	C:\WINDOWS\system32\mswsock.dll
0x00007ffe55190000 - 0x00007ffe551a6000 	C:\Program Files\Android\Android Studio\jbr\bin\nio.dll
0x00007ffe4cda0000 - 0x00007ffe4cdb0000 	C:\Program Files\Android\Android Studio\jbr\bin\verify.dll
0x00007ffe33210000 - 0x00007ffe33237000 	C:\Users\ASUS\.gradle\native\c067742578af261105cb4f569cf0c3c89f3d7b1fecec35dd04571415982c5e48\windows-amd64\native-platform.dll
0x00007ffe01900000 - 0x00007ffe01a44000 	C:\Users\ASUS\.gradle\native\100fb08df4bc3b14c8652ba06237920a3bd2aa13389f12d3474272988ae205f9\windows-amd64\native-platform-file-events.dll
0x00007ffe55180000 - 0x00007ffe55189000 	C:\Program Files\Android\Android Studio\jbr\bin\management.dll
0x00007ffe546b0000 - 0x00007ffe546bb000 	C:\Program Files\Android\Android Studio\jbr\bin\management_ext.dll
0x00007ffe69850000 - 0x00007ffe69858000 	C:\WINDOWS\System32\PSAPI.DLL
0x00007ffe67350000 - 0x00007ffe6736b000 	C:\WINDOWS\SYSTEM32\CRYPTSP.dll
0x00007ffe66a90000 - 0x00007ffe66aca000 	C:\WINDOWS\system32\rsaenh.dll
0x00007ffe67140000 - 0x00007ffe6716b000 	C:\WINDOWS\SYSTEM32\USERENV.dll
0x00007ffe67c50000 - 0x00007ffe67c76000 	C:\WINDOWS\SYSTEM32\bcrypt.dll
0x00007ffe67370000 - 0x00007ffe6737c000 	C:\WINDOWS\SYSTEM32\CRYPTBASE.dll
0x00007ffe66610000 - 0x00007ffe66643000 	C:\WINDOWS\SYSTEM32\IPHLPAPI.DLL
0x00007ffe6a030000 - 0x00007ffe6a03a000 	C:\WINDOWS\System32\NSI.dll
0x00007ffe5e420000 - 0x00007ffe5e429000 	C:\Program Files\Android\Android Studio\jbr\bin\extnet.dll
0x00007ffe53240000 - 0x00007ffe53248000 	C:\WINDOWS\system32\wshunix.dll

dbghelp: loaded successfully - version: 4.0.5 - missing functions: none
symbol engine: initialized successfully - sym options: 0x614 - pdb path: .;C:\Program Files\Android\Android Studio\jbr\bin;C:\WINDOWS\SYSTEM32;C:\WINDOWS\WinSxS\amd64_microsoft.windows.common-controls_6595b64144ccf1df_6.0.26100.4202_none_3e0698d4e335f517;C:\Program Files\Android\Android Studio\jbr\bin\server;C:\Users\ASUS\.gradle\native\c067742578af261105cb4f569cf0c3c89f3d7b1fecec35dd04571415982c5e48\windows-amd64;C:\Users\ASUS\.gradle\native\100fb08df4bc3b14c8652ba06237920a3bd2aa13389f12d3474272988ae205f9\windows-amd64

VM Arguments:
jvm_args: --add-opens=java.base/java.util=ALL-UNNAMED --add-opens=java.base/java.lang=ALL-UNNAMED --add-opens=java.base/java.lang.invoke=ALL-UNNAMED --add-opens=java.prefs/java.util.prefs=ALL-UNNAMED --add-exports=jdk.compiler/com.sun.tools.javac.api=ALL-UNNAMED --add-exports=jdk.compiler/com.sun.tools.javac.util=ALL-UNNAMED --add-opens=java.base/java.nio.charset=ALL-UNNAMED --add-opens=java.base/java.net=ALL-UNNAMED --add-opens=java.base/java.util.concurrent.atomic=ALL-UNNAMED -Xmx2048m -Dfile.encoding=UTF-8 -Duser.country=ID -Duser.language=en -Duser.variant -javaagent:C:\Users\ASUS\.gradle\wrapper\dists\gradle-8.10.2-bin\a04bxjujx95o3nb99gddekhwo\gradle-8.10.2\lib\agents\gradle-instrumentation-agent-8.10.2.jar 
java_command: org.gradle.launcher.daemon.bootstrap.GradleDaemon 8.10.2
java_class_path (initial): C:\Users\ASUS\.gradle\wrapper\dists\gradle-8.10.2-bin\a04bxjujx95o3nb99gddekhwo\gradle-8.10.2\lib\gradle-daemon-main-8.10.2.jar
Launcher Type: SUN_STANDARD

[Global flags]
     intx CICompilerCount                          = 4                                         {product} {ergonomic}
     uint ConcGCThreads                            = 3                                         {product} {ergonomic}
     uint G1ConcRefinementThreads                  = 10                                        {product} {ergonomic}
   size_t G1HeapRegionSize                         = 1048576                                   {product} {ergonomic}
    uintx GCDrainStackTargetSize                   = 64                                        {product} {ergonomic}
   size_t InitialHeapSize                          = 130023424                                 {product} {ergonomic}
   size_t MarkStackSize                            = 4194304                                   {product} {ergonomic}
   size_t MaxHeapSize                              = 2147483648                                {product} {command line}
   size_t MaxNewSize                               = 1287651328                                {product} {ergonomic}
   size_t MinHeapDeltaBytes                        = 1048576                                   {product} {ergonomic}
   size_t MinHeapSize                              = 8388608                                   {product} {ergonomic}
    uintx NonNMethodCodeHeapSize                   = 5839372                                {pd product} {ergonomic}
    uintx NonProfiledCodeHeapSize                  = 122909434                              {pd product} {ergonomic}
    uintx ProfiledCodeHeapSize                     = 122909434                              {pd product} {ergonomic}
    uintx ReservedCodeCacheSize                    = 251658240                              {pd product} {ergonomic}
     bool SegmentedCodeCache                       = true                                      {product} {ergonomic}
   size_t SoftMaxHeapSize                          = 2147483648                             {manageable} {ergonomic}
     bool UseCompressedOops                        = true                           {product lp64_product} {ergonomic}
     bool UseG1GC                                  = true                                      {product} {ergonomic}
     bool UseLargePagesIndividualAllocation        = false                                  {pd product} {ergonomic}

Logging:
Log output configuration:
 #0: stdout all=warning uptime,level,tags foldmultilines=false
 #1: stderr all=off uptime,level,tags foldmultilines=false

Environment Variables:
PATH=C:\Python312\Scripts\;C:\Python312\;C:\WINDOWS\system32;C:\WINDOWS;C:\WINDOWS\System32\Wbem;C:\WINDOWS\System32\WindowsPowerShell\v1.0\;C:\WINDOWS\System32\OpenSSH\;C:\Program Files\Git\cmd;C:\ProgramData\chocolatey\bin;C:\Program Files\nodejs\;C:\Program Files\dotnet\;C:\Program Files (x86)\Microsoft SQL Server\160\Tools\Binn\;C:\Program Files\Microsoft SQL Server\160\Tools\Binn\;C:\Program Files\Microsoft SQL Server\Client SDK\ODBC\170\Tools\Binn\;C:\Program Files\Microsoft SQL Server\160\DTS\Binn\;C:\Program Files (x86)\Microsoft SQL Server\160\DTS\Binn\;C:\Users\ASUS\.config\herd-lite\bin;C:\Users\ASUS\AppData\Local\Microsoft\WindowsApps;C:\Users\ASUS\AppData\Local\Programs\Microsoft VS Code\bin;C:\Users\ASUS\.dotnet\tools;C:\Users\ASUS\AppData\Roaming\npm
USERNAME=ASUS
OS=Windows_NT
PROCESSOR_IDENTIFIER=Intel64 Family 6 Model 154 Stepping 4, GenuineIntel
TMP=C:\Users\ASUS\AppData\Local\Temp
TEMP=C:\Users\ASUS\AppData\Local\Temp




Periodic native trim disabled

JNI global refs:
JNI global refs: 29, weak refs: 8

JNI global refs memory usage: 835, weak refs: 833

Process memory usage:
Resident Set Size: 296096K (3% of 8075544K total physical memory with 404768K free physical memory)

OOME stack traces (most recent first):
Classloader memory used:
Loader org.gradle.internal.classloader.VisitableURLClassLoader                         : 33395K
Loader bootstrap                                                                       : 22783K
Loader org.gradle.initialization.MixInLegacyTypesClassLoader                           : 9449K
Loader jdk.internal.loader.ClassLoaders$PlatformClassLoader                            : 496K
Loader jdk.internal.loader.ClassLoaders$AppClassLoader                                 : 232K
Loader org.gradle.internal.classloader.VisitableURLClassLoader                         : 142K
Loader jdk.internal.reflect.DelegatingClassLoader                                      : 82344B

Classes loaded by more than one classloader:
Class Program                                                                         : loaded 3 times (x 68B)
Class org.gradle.internal.classloader.ClassLoaderHierarchy                            : loaded 2 times (x 66B)
Class org.gradle.api.internal.classpath.ManifestUtil                                  : loaded 2 times (x 67B)
Class org.gradle.internal.classloader.DefaultClassLoaderFactory                       : loaded 2 times (x 78B)
Class org.gradle.internal.classloader.ClassLoaderVisitor                              : loaded 2 times (x 72B)
Class org.gradle.api.internal.classpath.EffectiveClassPath                            : loaded 2 times (x 86B)
Class org.gradle.api.internal.DefaultClassPathProvider                                : loaded 2 times (x 72B)
Class [Lorg.gradle.api.internal.ClassPathProvider;                                    : loaded 2 times (x 65B)
Class org.gradle.api.internal.ClassPathProvider                                       : loaded 2 times (x 66B)
Class org.gradle.internal.service.UnknownServiceException                             : loaded 2 times (x 79B)
Class org.gradle.internal.classpath.TransformedClassPath                              : loaded 2 times (x 92B)
Class org.gradle.internal.classloader.InstrumentingClassLoader                        : loaded 2 times (x 66B)
Class org.gradle.internal.service.ServiceLocator                                      : loaded 2 times (x 66B)
Class org.gradle.internal.InternalTransformer                                         : loaded 2 times (x 66B)
Class org.gradle.internal.classloader.ClasspathUtil$1                                 : loaded 2 times (x 72B)
Class org.gradle.api.internal.classpath.DefaultModuleRegistry$DefaultModule           : loaded 2 times (x 82B)
Class org.gradle.api.internal.classpath.Module                                        : loaded 2 times (x 66B)
Class org.gradle.api.internal.classpath.UnknownModuleException                        : loaded 2 times (x 78B)
Class org.gradle.api.internal.DefaultClassPathRegistry                                : loaded 2 times (x 72B)
Class org.gradle.api.internal.ClassPathRegistry                                       : loaded 2 times (x 66B)
Class org.gradle.internal.classpath.DefaultClassPath$ImmutableUniqueList              : loaded 2 times (x 195B)
Class org.gradle.internal.classloader.FilteringClassLoader                            : loaded 2 times (x 101B)
Class Settings_gradle$1                                                               : loaded 2 times (x 70B)
Class org.gradle.internal.classpath.ClassPath                                         : loaded 2 times (x 66B)
Class org.gradle.api.UncheckedIOException                                             : loaded 2 times (x 78B)
Class org.gradle.internal.installation.GradleInstallation$1                           : loaded 2 times (x 71B)
Class org.gradle.api.internal.classpath.ModuleRegistry                                : loaded 2 times (x 66B)
Class org.gradle.api.internal.classpath.DefaultModuleRegistry                         : loaded 2 times (x 82B)
Class org.gradle.internal.service.ServiceLookupException                              : loaded 2 times (x 78B)
Class org.gradle.internal.classloader.ClassLoaderFactory                              : loaded 2 times (x 66B)
Class org.gradle.internal.service.CachingServiceLocator                               : loaded 2 times (x 78B)
Class org.gradle.internal.classloader.ClasspathUtil                                   : loaded 2 times (x 67B)
Class org.gradle.api.specs.Spec                                                       : loaded 2 times (x 66B)
Class org.gradle.internal.classloader.VisitableURLClassLoader$InstrumentingVisitableURLClassLoader: loaded 2 times (x 119B)
Class org.gradle.internal.classloader.VisitableURLClassLoader$Spec                    : loaded 2 times (x 70B)
Class org.gradle.internal.classpath.DefaultClassPath                                  : loaded 2 times (x 86B)
Class org.gradle.internal.classloader.ClassLoaderSpec                                 : loaded 2 times (x 67B)
Class Settings_gradle$1$1                                                             : loaded 2 times (x 70B)
Class org.gradle.internal.classloader.VisitableURLClassLoader                         : loaded 2 times (x 113B)
Class Settings_gradle                                                                 : loaded 2 times (x 124B)
Class org.gradle.internal.Cast                                                        : loaded 2 times (x 67B)
Class org.gradle.api.Action                                                           : loaded 2 times (x 66B)
Class org.gradle.internal.classpath.DefaultClassPath$ImmutableUniqueList$Builder      : loaded 2 times (x 71B)
Class org.gradle.api.GradleException                                                  : loaded 2 times (x 78B)
Class org.gradle.internal.IoActions                                                   : loaded 2 times (x 67B)
Class org.gradle.internal.classloader.SystemClassLoaderSpec                           : loaded 2 times (x 67B)
Class org.gradle.api.internal.classpath.GlobalCacheRootsProvider                      : loaded 2 times (x 66B)
Class org.gradle.internal.installation.CurrentGradleInstallationLocator               : loaded 2 times (x 67B)
Class org.gradle.internal.service.DefaultServiceLocator                               : loaded 2 times (x 79B)
Class org.gradle.internal.installation.CurrentGradleInstallation                      : loaded 2 times (x 69B)
Class org.gradle.util.internal.GUtil                                                  : loaded 2 times (x 67B)
Class org.gradle.internal.installation.GradleInstallation                             : loaded 2 times (x 71B)

---------------  S Y S T E M  ---------------

OS:
 Windows 11 , 64 bit Build 26100 (10.0.26100.4202)
OS uptime: 0 days 11:55 hours

CPU: total 12 (initial active 12) (6 cores per cpu, 2 threads per core) family 6 model 154 stepping 4 microcode 0x41b, cx8, cmov, fxsr, ht, mmx, 3dnowpref, sse, sse2, sse3, ssse3, sse4.1, sse4.2, popcnt, lzcnt, tsc, tscinvbit, avx, avx2, aes, erms, clmul, bmi1, bmi2, adx, sha, fma, vzeroupper, clflush, clflushopt, clwb, serialize, rdtscp, rdpid, fsrm, f16c, pku, cet_ibt, cet_ss
Processor Information for processor 0
  Max Mhz: 1300, Current Mhz: 1300, Mhz Limit: 1300
Processor Information for processor 1
  Max Mhz: 1300, Current Mhz: 1300, Mhz Limit: 1300
Processor Information for processor 2
  Max Mhz: 1300, Current Mhz: 1300, Mhz Limit: 1300
Processor Information for processor 3
  Max Mhz: 1300, Current Mhz: 1300, Mhz Limit: 1300
Processor Information for processor 4
  Max Mhz: 1300, Current Mhz: 900, Mhz Limit: 897
Processor Information for processor 5
  Max Mhz: 1300, Current Mhz: 900, Mhz Limit: 897
Processor Information for processor 6
  Max Mhz: 1300, Current Mhz: 900, Mhz Limit: 897
Processor Information for processor 7
  Max Mhz: 1300, Current Mhz: 900, Mhz Limit: 897
Processor Information for processor 8
  Max Mhz: 1300, Current Mhz: 900, Mhz Limit: 897
Processor Information for processor 9
  Max Mhz: 1300, Current Mhz: 900, Mhz Limit: 897
Processor Information for processor 10
  Max Mhz: 1300, Current Mhz: 900, Mhz Limit: 897
Processor Information for processor 11
  Max Mhz: 1300, Current Mhz: 900, Mhz Limit: 897

Memory: 4k page, system-wide physical 7886M (403M free)
TotalPageFile size 32462M (AvailPageFile size 10M)
current process WorkingSet (physical memory assigned to process): 290M, peak: 304M
current process commit charge ("private bytes"): 342M, peak: 364M

vm_info: OpenJDK 64-Bit Server VM (21.0.4+-12508038-b607.1) for windows-amd64 JRE (21.0.4+-12508038-b607.1), built on 2024-10-16T17:23:34Z by "builder" with MS VC++ 16.10 / 16.11 (VS2019)

END.
