#
# There is insufficient memory for the Java Runtime Environment to continue.
# Native memory allocation (malloc) failed to allocate 1246096 bytes. Error detail: Chunk::new
# Possible reasons:
#   The system is out of physical RAM or swap space
#   This process is running with CompressedOops enabled, and the Java Heap may be blocking the growth of the native heap
# Possible solutions:
#   Reduce memory load on the system
#   Increase physical memory or swap space
#   Check if swap backing store is full
#   Decrease Java heap size (-Xmx/-Xms)
#   Decrease number of Java threads
#   Decrease Java thread stack sizes (-Xss)
#   Set larger code cache with -XX:ReservedCodeCacheSize=
#   JVM is running with Unscaled Compressed Oops mode in which the Java heap is
#     placed in the first 4GB address space. The Java Heap base address is the
#     maximum limit for the native heap growth. Please use -XX:HeapBaseMinAddress
#     to set the Java Heap base and to place the Java Heap above 4GB virtual address.
# This output file may be truncated or incomplete.
#
#  Out of Memory Error (arena.cpp:168), pid=22984, tid=8628
#
# JRE version: OpenJDK Runtime Environment (21.0.4) (build 21.0.4+-12508038-b607.1)
# Java VM: OpenJDK 64-Bit Server VM (21.0.4+-12508038-b607.1, mixed mode, tiered, compressed oops, compressed class ptrs, g1 gc, windows-amd64)
# No core dump will be written. Minidumps are not enabled by default on client versions of Windows
#

---------------  S U M M A R Y ------------

Command Line: --add-opens=java.base/java.util=ALL-UNNAMED --add-opens=java.base/java.lang=ALL-UNNAMED --add-opens=java.base/java.lang.invoke=ALL-UNNAMED --add-opens=java.prefs/java.util.prefs=ALL-UNNAMED --add-exports=jdk.compiler/com.sun.tools.javac.api=ALL-UNNAMED --add-exports=jdk.compiler/com.sun.tools.javac.util=ALL-UNNAMED --add-opens=java.base/java.nio.charset=ALL-UNNAMED --add-opens=java.base/java.net=ALL-UNNAMED --add-opens=java.base/java.util.concurrent.atomic=ALL-UNNAMED -Xmx2048m -Dfile.encoding=UTF-8 -Duser.country=ID -Duser.language=en -Duser.variant -javaagent:C:\Users\ASUS\.gradle\wrapper\dists\gradle-8.10.2-bin\a04bxjujx95o3nb99gddekhwo\gradle-8.10.2\lib\agents\gradle-instrumentation-agent-8.10.2.jar org.gradle.launcher.daemon.bootstrap.GradleDaemon 8.10.2

Host: 12th Gen Intel(R) Core(TM) i5-1235U, 12 cores, 7G,  Windows 11 , 64 bit Build 26100 (10.0.26100.4202)
Time: Sat Jun  7 10:39:11 2025 SE Asia Standard Time elapsed time: 10.383216 seconds (0d 0h 0m 10s)

---------------  T H R E A D  ---------------

Current thread (0x00000277250716b0):  JavaThread "C2 CompilerThread0" daemon [_thread_in_native, id=8628, stack(0x000000e68d700000,0x000000e68d800000) (1024K)]


Current CompileTask:
C2:  10383 4206   !   4       java.net.URLClassLoader$1::run (81 bytes)

Stack: [0x000000e68d700000,0x000000e68d800000]
Native frames: (J=compiled Java code, j=interpreted, Vv=VM code, C=native code)
V  [jvm.dll+0x6ce539]
V  [jvm.dll+0x85bf03]
V  [jvm.dll+0x85e45e]
V  [jvm.dll+0x85eb43]
V  [jvm.dll+0x27dd06]
V  [jvm.dll+0xbf9cd]
V  [jvm.dll+0xbff03]
V  [jvm.dll+0x3b4db1]
V  [jvm.dll+0x1de004]
V  [jvm.dll+0x247544]
V  [jvm.dll+0x2469c1]
V  [jvm.dll+0x1c58a4]
V  [jvm.dll+0x255fec]
V  [jvm.dll+0x254536]
V  [jvm.dll+0x3efab6]
V  [jvm.dll+0x804418]
V  [jvm.dll+0x6cce0d]
C  [ucrtbase.dll+0x37b0]
C  [KERNEL32.DLL+0x2e8d7]
C  [ntdll.dll+0x3c34c]


---------------  P R O C E S S  ---------------

Threads class SMR info:
_java_thread_list=0x0000027725fae220, length=32, elements={
0x0000027709129390, 0x000002772508bfe0, 0x000002772508cb40, 0x00000277250a5f40,
0x00000277250a89b0, 0x00000277250a9410, 0x0000027725070920, 0x00000277250716b0,
0x0000027725072150, 0x00000277251ddca0, 0x00000277253fe410, 0x0000027726ed7770,
0x0000027726d7e680, 0x0000027726cc0cb0, 0x0000027726b736f0, 0x0000027726b73d60,
0x0000027726b87f70, 0x0000027726d504e0, 0x0000027726d4fe50, 0x0000027726d51890,
0x0000027726d52c40, 0x0000027726d532d0, 0x0000027726d50b70, 0x0000027726d51f20,
0x0000027726d51200, 0x00000277276021e0, 0x0000027727602f00, 0x0000027727603590,
0x0000027727601b50, 0x00000277276042b0, 0x0000027727604940, 0x0000027727603c20
}

Java Threads: ( => current thread )
  0x0000027709129390 JavaThread "main"                              [_thread_blocked, id=23180, stack(0x000000e68c900000,0x000000e68ca00000) (1024K)]
  0x000002772508bfe0 JavaThread "Reference Handler"          daemon [_thread_blocked, id=15496, stack(0x000000e68d100000,0x000000e68d200000) (1024K)]
  0x000002772508cb40 JavaThread "Finalizer"                  daemon [_thread_blocked, id=15248, stack(0x000000e68d200000,0x000000e68d300000) (1024K)]
  0x00000277250a5f40 JavaThread "Signal Dispatcher"          daemon [_thread_blocked, id=3788, stack(0x000000e68d300000,0x000000e68d400000) (1024K)]
  0x00000277250a89b0 JavaThread "Attach Listener"            daemon [_thread_blocked, id=9176, stack(0x000000e68d400000,0x000000e68d500000) (1024K)]
  0x00000277250a9410 JavaThread "Service Thread"             daemon [_thread_blocked, id=8868, stack(0x000000e68d500000,0x000000e68d600000) (1024K)]
  0x0000027725070920 JavaThread "Monitor Deflation Thread"   daemon [_thread_blocked, id=18984, stack(0x000000e68d600000,0x000000e68d700000) (1024K)]
=>0x00000277250716b0 JavaThread "C2 CompilerThread0"         daemon [_thread_in_native, id=8628, stack(0x000000e68d700000,0x000000e68d800000) (1024K)]
  0x0000027725072150 JavaThread "C1 CompilerThread0"         daemon [_thread_blocked, id=19844, stack(0x000000e68d800000,0x000000e68d900000) (1024K)]
  0x00000277251ddca0 JavaThread "Common-Cleaner"             daemon [_thread_blocked, id=3212, stack(0x000000e68d900000,0x000000e68da00000) (1024K)]
  0x00000277253fe410 JavaThread "Notification Thread"        daemon [_thread_blocked, id=13344, stack(0x000000e68da00000,0x000000e68db00000) (1024K)]
  0x0000027726ed7770 JavaThread "Daemon health stats"               [_thread_blocked, id=14472, stack(0x000000e68e200000,0x000000e68e300000) (1024K)]
  0x0000027726d7e680 JavaThread "Incoming local TCP Connector on port 52731"        [_thread_in_native, id=13464, stack(0x000000e68e300000,0x000000e68e400000) (1024K)]
  0x0000027726cc0cb0 JavaThread "Daemon periodic checks"            [_thread_blocked, id=10128, stack(0x000000e68e400000,0x000000e68e500000) (1024K)]
  0x0000027726b736f0 JavaThread "Daemon"                            [_thread_blocked, id=16252, stack(0x000000e68e500000,0x000000e68e600000) (1024K)]
  0x0000027726b73d60 JavaThread "Handler for socket connection from /127.0.0.1:52731 to /127.0.0.1:52732"        [_thread_in_native, id=15400, stack(0x000000e68e600000,0x000000e68e700000) (1024K)]
  0x0000027726b87f70 JavaThread "Cancel handler"                    [_thread_blocked, id=15396, stack(0x000000e68e700000,0x000000e68e800000) (1024K)]
  0x0000027726d504e0 JavaThread "Daemon worker"                     [_thread_in_Java, id=21668, stack(0x000000e68e800000,0x000000e68e900000) (1024K)]
  0x0000027726d4fe50 JavaThread "Asynchronous log dispatcher for DefaultDaemonConnection: socket connection from /127.0.0.1:52731 to /127.0.0.1:52732"        [_thread_blocked, id=436, stack(0x000000e68e900000,0x000000e68ea00000) (1024K)]
  0x0000027726d51890 JavaThread "Stdin handler"                     [_thread_blocked, id=13484, stack(0x000000e68ea00000,0x000000e68eb00000) (1024K)]
  0x0000027726d52c40 JavaThread "Daemon client event forwarder"        [_thread_blocked, id=14808, stack(0x000000e68eb00000,0x000000e68ec00000) (1024K)]
  0x0000027726d532d0 JavaThread "Cache worker for journal cache (C:\Users\ASUS\.gradle\caches\journal-1)"        [_thread_blocked, id=15332, stack(0x000000e68f100000,0x000000e68f200000) (1024K)]
  0x0000027726d50b70 JavaThread "File lock request listener"        [_thread_in_native, id=21912, stack(0x000000e68f200000,0x000000e68f300000) (1024K)]
  0x0000027726d51f20 JavaThread "Cache worker for file hash cache (C:\Users\ASUS\.gradle\caches\8.10.2\fileHashes)"        [_thread_blocked, id=20412, stack(0x000000e68f300000,0x000000e68f400000) (1024K)]
  0x0000027726d51200 JavaThread "Cache worker for file hash cache (C:\Users\ASUS\AndroidStudioProjects\Laundry\.gradle\8.10.2\fileHashes)"        [_thread_blocked, id=2644, stack(0x000000e68f400000,0x000000e68f500000) (1024K)]
  0x00000277276021e0 JavaThread "Cache worker for Build Output Cleanup Cache (C:\Users\ASUS\AndroidStudioProjects\Laundry\.gradle\buildOutputCleanup)"        [_thread_blocked, id=13008, stack(0x000000e68f500000,0x000000e68f600000) (1024K)]
  0x0000027727602f00 JavaThread "File watcher server"        daemon [_thread_in_native, id=10972, stack(0x000000e68f600000,0x000000e68f700000) (1024K)]
  0x0000027727603590 JavaThread "File watcher consumer"      daemon [_thread_blocked, id=15348, stack(0x000000e68f700000,0x000000e68f800000) (1024K)]
  0x0000027727601b50 JavaThread "Cache worker for checksums cache (C:\Users\ASUS\AndroidStudioProjects\Laundry\.gradle\8.10.2\checksums)"        [_thread_blocked, id=1688, stack(0x000000e68db00000,0x000000e68dc00000) (1024K)]
  0x00000277276042b0 JavaThread "Cache worker for file content cache (C:\Users\ASUS\.gradle\caches\8.10.2\fileContent)"        [_thread_blocked, id=9660, stack(0x000000e68f800000,0x000000e68f900000) (1024K)]
  0x0000027727604940 JavaThread "Cache worker for cache directory md-rule (C:\Users\ASUS\.gradle\caches\8.10.2\md-rule)"        [_thread_blocked, id=21688, stack(0x000000e68f900000,0x000000e68fa00000) (1024K)]
  0x0000027727603c20 JavaThread "Cache worker for cache directory md-supplier (C:\Users\ASUS\.gradle\caches\8.10.2\md-supplier)"        [_thread_blocked, id=8544, stack(0x000000e68fa00000,0x000000e68fb00000) (1024K)]
Total: 32

Other Threads:
  0x0000027725018420 VMThread "VM Thread"                           [id=22396, stack(0x000000e68d000000,0x000000e68d100000) (1024K)]
  0x0000027720acef00 WatcherThread "VM Periodic Task Thread"        [id=15428, stack(0x000000e68cf00000,0x000000e68d000000) (1024K)]
  0x00000277091837f0 WorkerThread "GC Thread#0"                     [id=18844, stack(0x000000e68ca00000,0x000000e68cb00000) (1024K)]
  0x00000277257c7a40 WorkerThread "GC Thread#1"                     [id=4080, stack(0x000000e68dc00000,0x000000e68dd00000) (1024K)]
  0x00000277257c7de0 WorkerThread "GC Thread#2"                     [id=20988, stack(0x000000e68dd00000,0x000000e68de00000) (1024K)]
  0x0000027725f1fc30 WorkerThread "GC Thread#3"                     [id=13932, stack(0x000000e68de00000,0x000000e68df00000) (1024K)]
  0x0000027725f1ffd0 WorkerThread "GC Thread#4"                     [id=23508, stack(0x000000e68df00000,0x000000e68e000000) (1024K)]
  0x0000027726c34a50 WorkerThread "GC Thread#5"                     [id=6108, stack(0x000000e68e000000,0x000000e68e100000) (1024K)]
  0x0000027726c34df0 WorkerThread "GC Thread#6"                     [id=22888, stack(0x000000e68e100000,0x000000e68e200000) (1024K)]
  0x0000027726ed3f00 WorkerThread "GC Thread#7"                     [id=12116, stack(0x000000e68ec00000,0x000000e68ed00000) (1024K)]
  0x0000027726ed49e0 WorkerThread "GC Thread#8"                     [id=21164, stack(0x000000e68ed00000,0x000000e68ee00000) (1024K)]
  0x0000027726ed3080 WorkerThread "GC Thread#9"                     [id=20836, stack(0x000000e68ee00000,0x000000e68ef00000) (1024K)]
  0x00000277091946e0 ConcurrentGCThread "G1 Main Marker"            [id=5724, stack(0x000000e68cb00000,0x000000e68cc00000) (1024K)]
  0x0000027709195f30 WorkerThread "G1 Conc#0"                       [id=22452, stack(0x000000e68cc00000,0x000000e68cd00000) (1024K)]
  0x0000027726ed4640 WorkerThread "G1 Conc#1"                       [id=14500, stack(0x000000e68ef00000,0x000000e68f000000) (1024K)]
  0x0000027726ed3420 WorkerThread "G1 Conc#2"                       [id=23500, stack(0x000000e68f000000,0x000000e68f100000) (1024K)]
  0x00000277091ee450 ConcurrentGCThread "G1 Refine#0"               [id=6936, stack(0x000000e68cd00000,0x000000e68ce00000) (1024K)]
  0x000002772099d150 ConcurrentGCThread "G1 Service"                [id=12904, stack(0x000000e68ce00000,0x000000e68cf00000) (1024K)]
Total: 18

Threads with active compile tasks:
C2 CompilerThread0    10403 4206   !   4       java.net.URLClassLoader$1::run (81 bytes)
Total: 1

VM state: not at safepoint (normal execution)

VM Mutex/Monitor currently owned by a thread: None

Heap address: 0x0000000080000000, size: 2048 MB, Compressed Oops mode: 32-bit

CDS archive(s) not mapped
Compressed class space mapped at: 0x0000000100000000-0x0000000140000000, reserved size: 1073741824
Narrow klass base: 0x0000000000000000, Narrow klass shift: 3, Narrow klass range: 0x140000000

GC Precious Log:
 CardTable entry size: 512
 Card Set container configuration: InlinePtr #cards 5 size 8 Array Of Cards #cards 12 size 40 Howl #buckets 4 coarsen threshold 1843 Howl Bitmap #cards 512 size 80 coarsen threshold 460 Card regions per heap region 1 cards per card region 2048
 CPUs: 12 total, 12 available
 Memory: 7886M
 Large Page Support: Disabled
 NUMA Support: Disabled
 Compressed Oops: Enabled (32-bit)
 Heap Region Size: 1M
 Heap Min Capacity: 8M
 Heap Initial Capacity: 124M
 Heap Max Capacity: 2G
 Pre-touch: Disabled
 Parallel Workers: 10
 Concurrent Workers: 3
 Concurrent Refinement Workers: 10
 Periodic GC: Disabled

Heap:
 garbage-first heap   total 95232K, used 55646K [0x0000000080000000, 0x0000000100000000)
  region size 1024K, 32 young (32768K), 8 survivors (8192K)
 Metaspace       used 46530K, committed 47872K, reserved 1114112K
  class space    used 6219K, committed 6912K, reserved 1048576K

Heap Regions: E=young(eden), S=young(survivor), O=old, HS=humongous(starts), HC=humongous(continues), CS=collection set, F=free, TAMS=top-at-mark-start, PB=parsable bottom
|   0|0x0000000080000000, 0x0000000080100000, 0x0000000080100000|100%| O|  |TAMS 0x0000000080000000| PB 0x0000000080000000| Untracked 
|   1|0x0000000080100000, 0x0000000080200000, 0x0000000080200000|100%| O|  |TAMS 0x0000000080100000| PB 0x0000000080100000| Untracked 
|   2|0x0000000080200000, 0x0000000080300000, 0x0000000080300000|100%|HS|  |TAMS 0x0000000080200000| PB 0x0000000080200000| Complete 
|   3|0x0000000080300000, 0x0000000080400000, 0x0000000080400000|100%|HC|  |TAMS 0x0000000080300000| PB 0x0000000080300000| Complete 
|   4|0x0000000080400000, 0x0000000080500000, 0x0000000080500000|100%|HC|  |TAMS 0x0000000080400000| PB 0x0000000080400000| Complete 
|   5|0x0000000080500000, 0x0000000080600000, 0x0000000080600000|100%|HC|  |TAMS 0x0000000080500000| PB 0x0000000080500000| Complete 
|   6|0x0000000080600000, 0x0000000080700000, 0x0000000080700000|100%| O|  |TAMS 0x0000000080600000| PB 0x0000000080600000| Untracked 
|   7|0x0000000080700000, 0x0000000080800000, 0x0000000080800000|100%| O|  |TAMS 0x0000000080700000| PB 0x0000000080700000| Untracked 
|   8|0x0000000080800000, 0x0000000080900000, 0x0000000080900000|100%| O|  |TAMS 0x0000000080800000| PB 0x0000000080800000| Untracked 
|   9|0x0000000080900000, 0x0000000080a00000, 0x0000000080a00000|100%|HS|  |TAMS 0x0000000080900000| PB 0x0000000080900000| Complete 
|  10|0x0000000080a00000, 0x0000000080b00000, 0x0000000080b00000|100%| O|  |TAMS 0x0000000080a00000| PB 0x0000000080a00000| Untracked 
|  11|0x0000000080b00000, 0x0000000080c00000, 0x0000000080c00000|100%| O|  |TAMS 0x0000000080b00000| PB 0x0000000080b00000| Untracked 
|  12|0x0000000080c00000, 0x0000000080d00000, 0x0000000080d00000|100%| O|  |TAMS 0x0000000080c00000| PB 0x0000000080c00000| Untracked 
|  13|0x0000000080d00000, 0x0000000080e00000, 0x0000000080e00000|100%| O|  |TAMS 0x0000000080d00000| PB 0x0000000080d00000| Untracked 
|  14|0x0000000080e00000, 0x0000000080f00000, 0x0000000080f00000|100%| O|  |TAMS 0x0000000080e00000| PB 0x0000000080e00000| Untracked 
|  15|0x0000000080f00000, 0x0000000081000000, 0x0000000081000000|100%| O|  |TAMS 0x0000000080f00000| PB 0x0000000080f00000| Untracked 
|  16|0x0000000081000000, 0x0000000081100000, 0x0000000081100000|100%| O|  |TAMS 0x0000000081000000| PB 0x0000000081000000| Untracked 
|  17|0x0000000081100000, 0x0000000081200000, 0x0000000081200000|100%| O|  |TAMS 0x0000000081100000| PB 0x0000000081100000| Untracked 
|  18|0x0000000081200000, 0x00000000812b2b40, 0x0000000081300000| 69%| O|Cm|TAMS 0x0000000081200000| PB 0x0000000081200000| Complete 
|  19|0x0000000081300000, 0x0000000081400000, 0x0000000081400000|100%| S|CS|TAMS 0x0000000081300000| PB 0x0000000081300000| Complete 
|  20|0x0000000081400000, 0x0000000081500000, 0x0000000081500000|100%| S|CS|TAMS 0x0000000081400000| PB 0x0000000081400000| Complete 
|  21|0x0000000081500000, 0x0000000081600000, 0x0000000081600000|100%| S|CS|TAMS 0x0000000081500000| PB 0x0000000081500000| Complete 
|  22|0x0000000081600000, 0x0000000081700000, 0x0000000081700000|100%| S|CS|TAMS 0x0000000081600000| PB 0x0000000081600000| Complete 
|  23|0x0000000081700000, 0x0000000081800000, 0x0000000081800000|100%| S|CS|TAMS 0x0000000081700000| PB 0x0000000081700000| Complete 
|  24|0x0000000081800000, 0x0000000081800000, 0x0000000081900000|  0%| F|  |TAMS 0x0000000081800000| PB 0x0000000081800000| Untracked 
|  25|0x0000000081900000, 0x0000000081900000, 0x0000000081a00000|  0%| F|  |TAMS 0x0000000081900000| PB 0x0000000081900000| Untracked 
|  26|0x0000000081a00000, 0x0000000081a00000, 0x0000000081b00000|  0%| F|  |TAMS 0x0000000081a00000| PB 0x0000000081a00000| Untracked 
|  27|0x0000000081b00000, 0x0000000081b00000, 0x0000000081c00000|  0%| F|  |TAMS 0x0000000081b00000| PB 0x0000000081b00000| Untracked 
|  28|0x0000000081c00000, 0x0000000081c00000, 0x0000000081d00000|  0%| F|  |TAMS 0x0000000081c00000| PB 0x0000000081c00000| Untracked 
|  29|0x0000000081d00000, 0x0000000081d00000, 0x0000000081e00000|  0%| F|  |TAMS 0x0000000081d00000| PB 0x0000000081d00000| Untracked 
|  30|0x0000000081e00000, 0x0000000081e00000, 0x0000000081f00000|  0%| F|  |TAMS 0x0000000081e00000| PB 0x0000000081e00000| Untracked 
|  31|0x0000000081f00000, 0x0000000081f00000, 0x0000000082000000|  0%| F|  |TAMS 0x0000000081f00000| PB 0x0000000081f00000| Untracked 
|  32|0x0000000082000000, 0x0000000082000000, 0x0000000082100000|  0%| F|  |TAMS 0x0000000082000000| PB 0x0000000082000000| Untracked 
|  33|0x0000000082100000, 0x0000000082100000, 0x0000000082200000|  0%| F|  |TAMS 0x0000000082100000| PB 0x0000000082100000| Untracked 
|  34|0x0000000082200000, 0x0000000082200000, 0x0000000082300000|  0%| F|  |TAMS 0x0000000082200000| PB 0x0000000082200000| Untracked 
|  35|0x0000000082300000, 0x0000000082300000, 0x0000000082400000|  0%| F|  |TAMS 0x0000000082300000| PB 0x0000000082300000| Untracked 
|  36|0x0000000082400000, 0x0000000082400000, 0x0000000082500000|  0%| F|  |TAMS 0x0000000082400000| PB 0x0000000082400000| Untracked 
|  37|0x0000000082500000, 0x0000000082500000, 0x0000000082600000|  0%| F|  |TAMS 0x0000000082500000| PB 0x0000000082500000| Untracked 
|  38|0x0000000082600000, 0x0000000082600000, 0x0000000082700000|  0%| F|  |TAMS 0x0000000082600000| PB 0x0000000082600000| Untracked 
|  39|0x0000000082700000, 0x0000000082700000, 0x0000000082800000|  0%| F|  |TAMS 0x0000000082700000| PB 0x0000000082700000| Untracked 
|  40|0x0000000082800000, 0x0000000082800000, 0x0000000082900000|  0%| F|  |TAMS 0x0000000082800000| PB 0x0000000082800000| Untracked 
|  41|0x0000000082900000, 0x0000000082900000, 0x0000000082a00000|  0%| F|  |TAMS 0x0000000082900000| PB 0x0000000082900000| Untracked 
|  42|0x0000000082a00000, 0x0000000082a00000, 0x0000000082b00000|  0%| F|  |TAMS 0x0000000082a00000| PB 0x0000000082a00000| Untracked 
|  43|0x0000000082b00000, 0x0000000082b00000, 0x0000000082c00000|  0%| F|  |TAMS 0x0000000082b00000| PB 0x0000000082b00000| Untracked 
|  44|0x0000000082c00000, 0x0000000082c00000, 0x0000000082d00000|  0%| F|  |TAMS 0x0000000082c00000| PB 0x0000000082c00000| Untracked 
|  45|0x0000000082d00000, 0x0000000082d00000, 0x0000000082e00000|  0%| F|  |TAMS 0x0000000082d00000| PB 0x0000000082d00000| Untracked 
|  46|0x0000000082e00000, 0x0000000082e00000, 0x0000000082f00000|  0%| F|  |TAMS 0x0000000082e00000| PB 0x0000000082e00000| Untracked 
|  47|0x0000000082f00000, 0x0000000082f00000, 0x0000000083000000|  0%| F|  |TAMS 0x0000000082f00000| PB 0x0000000082f00000| Untracked 
|  48|0x0000000083000000, 0x0000000083000000, 0x0000000083100000|  0%| F|  |TAMS 0x0000000083000000| PB 0x0000000083000000| Untracked 
|  49|0x0000000083100000, 0x0000000083100000, 0x0000000083200000|  0%| F|  |TAMS 0x0000000083100000| PB 0x0000000083100000| Untracked 
|  50|0x0000000083200000, 0x0000000083200000, 0x0000000083300000|  0%| F|  |TAMS 0x0000000083200000| PB 0x0000000083200000| Untracked 
|  51|0x0000000083300000, 0x0000000083300000, 0x0000000083400000|  0%| F|  |TAMS 0x0000000083300000| PB 0x0000000083300000| Untracked 
|  52|0x0000000083400000, 0x0000000083400000, 0x0000000083500000|  0%| F|  |TAMS 0x0000000083400000| PB 0x0000000083400000| Untracked 
|  53|0x0000000083500000, 0x0000000083500000, 0x0000000083600000|  0%| F|  |TAMS 0x0000000083500000| PB 0x0000000083500000| Untracked 
|  54|0x0000000083600000, 0x0000000083600000, 0x0000000083700000|  0%| F|  |TAMS 0x0000000083600000| PB 0x0000000083600000| Untracked 
|  55|0x0000000083700000, 0x0000000083700000, 0x0000000083800000|  0%| F|  |TAMS 0x0000000083700000| PB 0x0000000083700000| Untracked 
|  56|0x0000000083800000, 0x0000000083800000, 0x0000000083900000|  0%| F|  |TAMS 0x0000000083800000| PB 0x0000000083800000| Untracked 
|  57|0x0000000083900000, 0x0000000083900000, 0x0000000083a00000|  0%| F|  |TAMS 0x0000000083900000| PB 0x0000000083900000| Untracked 
|  58|0x0000000083a00000, 0x0000000083a00000, 0x0000000083b00000|  0%| F|  |TAMS 0x0000000083a00000| PB 0x0000000083a00000| Untracked 
|  59|0x0000000083b00000, 0x0000000083b00000, 0x0000000083c00000|  0%| F|  |TAMS 0x0000000083b00000| PB 0x0000000083b00000| Untracked 
|  60|0x0000000083c00000, 0x0000000083c00000, 0x0000000083d00000|  0%| F|  |TAMS 0x0000000083c00000| PB 0x0000000083c00000| Untracked 
|  61|0x0000000083d00000, 0x0000000083e00000, 0x0000000083e00000|100%| E|  |TAMS 0x0000000083d00000| PB 0x0000000083d00000| Complete 
|  62|0x0000000083e00000, 0x0000000083f00000, 0x0000000083f00000|100%| E|CS|TAMS 0x0000000083e00000| PB 0x0000000083e00000| Complete 
|  63|0x0000000083f00000, 0x0000000084000000, 0x0000000084000000|100%| E|CS|TAMS 0x0000000083f00000| PB 0x0000000083f00000| Complete 
|  64|0x0000000084000000, 0x0000000084100000, 0x0000000084100000|100%| E|CS|TAMS 0x0000000084000000| PB 0x0000000084000000| Complete 
|  65|0x0000000084100000, 0x0000000084200000, 0x0000000084200000|100%| E|CS|TAMS 0x0000000084100000| PB 0x0000000084100000| Complete 
|  66|0x0000000084200000, 0x0000000084300000, 0x0000000084300000|100%| E|CS|TAMS 0x0000000084200000| PB 0x0000000084200000| Complete 
|  67|0x0000000084300000, 0x0000000084400000, 0x0000000084400000|100%| E|CS|TAMS 0x0000000084300000| PB 0x0000000084300000| Complete 
|  68|0x0000000084400000, 0x0000000084500000, 0x0000000084500000|100%| E|CS|TAMS 0x0000000084400000| PB 0x0000000084400000| Complete 
|  69|0x0000000084500000, 0x0000000084600000, 0x0000000084600000|100%| E|CS|TAMS 0x0000000084500000| PB 0x0000000084500000| Complete 
|  70|0x0000000084600000, 0x0000000084700000, 0x0000000084700000|100%| E|CS|TAMS 0x0000000084600000| PB 0x0000000084600000| Complete 
|  71|0x0000000084700000, 0x0000000084800000, 0x0000000084800000|100%| E|CS|TAMS 0x0000000084700000| PB 0x0000000084700000| Complete 
|  72|0x0000000084800000, 0x0000000084900000, 0x0000000084900000|100%| E|CS|TAMS 0x0000000084800000| PB 0x0000000084800000| Complete 
|  73|0x0000000084900000, 0x0000000084a00000, 0x0000000084a00000|100%| E|CS|TAMS 0x0000000084900000| PB 0x0000000084900000| Complete 
|  74|0x0000000084a00000, 0x0000000084b00000, 0x0000000084b00000|100%| E|CS|TAMS 0x0000000084a00000| PB 0x0000000084a00000| Complete 
|  75|0x0000000084b00000, 0x0000000084c00000, 0x0000000084c00000|100%| E|CS|TAMS 0x0000000084b00000| PB 0x0000000084b00000| Complete 
|  76|0x0000000084c00000, 0x0000000084d00000, 0x0000000084d00000|100%| E|CS|TAMS 0x0000000084c00000| PB 0x0000000084c00000| Complete 
|  77|0x0000000084d00000, 0x0000000084e00000, 0x0000000084e00000|100%| E|CS|TAMS 0x0000000084d00000| PB 0x0000000084d00000| Complete 
|  78|0x0000000084e00000, 0x0000000084f00000, 0x0000000084f00000|100%| E|CS|TAMS 0x0000000084e00000| PB 0x0000000084e00000| Complete 
|  79|0x0000000084f00000, 0x0000000085000000, 0x0000000085000000|100%| E|CS|TAMS 0x0000000084f00000| PB 0x0000000084f00000| Complete 
|  80|0x0000000085000000, 0x0000000085100000, 0x0000000085100000|100%| E|CS|TAMS 0x0000000085000000| PB 0x0000000085000000| Complete 
|  81|0x0000000085100000, 0x0000000085200000, 0x0000000085200000|100%| S|CS|TAMS 0x0000000085100000| PB 0x0000000085100000| Complete 
|  82|0x0000000085200000, 0x0000000085300000, 0x0000000085300000|100%| S|CS|TAMS 0x0000000085200000| PB 0x0000000085200000| Complete 
|  83|0x0000000085300000, 0x00000000853a5050, 0x0000000085400000| 64%| S|CS|TAMS 0x0000000085300000| PB 0x0000000085300000| Complete 
|  98|0x0000000086200000, 0x0000000086300000, 0x0000000086300000|100%| E|CS|TAMS 0x0000000086200000| PB 0x0000000086200000| Complete 
|  99|0x0000000086300000, 0x0000000086400000, 0x0000000086400000|100%| E|CS|TAMS 0x0000000086300000| PB 0x0000000086300000| Complete 
| 100|0x0000000086400000, 0x0000000086500000, 0x0000000086500000|100%| E|CS|TAMS 0x0000000086400000| PB 0x0000000086400000| Complete 
| 123|0x0000000087b00000, 0x0000000087c00000, 0x0000000087c00000|100%| E|CS|TAMS 0x0000000087b00000| PB 0x0000000087b00000| Complete 
|2043|0x00000000ffb00000, 0x00000000ffc00000, 0x00000000ffc00000|100%| O|  |TAMS 0x00000000ffb00000| PB 0x00000000ffb00000| Untracked 
|2044|0x00000000ffc00000, 0x00000000ffd00000, 0x00000000ffd00000|100%| O|  |TAMS 0x00000000ffc00000| PB 0x00000000ffc00000| Untracked 
|2045|0x00000000ffd00000, 0x00000000ffe00000, 0x00000000ffe00000|100%| O|  |TAMS 0x00000000ffd00000| PB 0x00000000ffd00000| Untracked 
|2046|0x00000000ffe00000, 0x00000000fff00000, 0x00000000fff00000|100%| O|  |TAMS 0x00000000ffe00000| PB 0x00000000ffe00000| Untracked 
|2047|0x00000000fff00000, 0x0000000100000000, 0x0000000100000000|100%| O|  |TAMS 0x00000000fff00000| PB 0x00000000fff00000| Untracked 

Card table byte_map: [0x000002771bab0000,0x000002771beb0000] _byte_map_base: 0x000002771b6b0000

Marking Bits: (CMBitMap*) 0x0000027709183e00
 Bits: [0x000002771beb0000, 0x000002771deb0000)

Polling page: 0x0000027706d90000

Metaspace:

Usage:
  Non-class:     39.37 MB used.
      Class:      6.07 MB used.
       Both:     45.44 MB used.

Virtual space:
  Non-class space:       64.00 MB reserved,      40.00 MB ( 62%) committed,  1 nodes.
      Class space:        1.00 GB reserved,       6.75 MB ( <1%) committed,  1 nodes.
             Both:        1.06 GB reserved,      46.75 MB (  4%) committed. 

Chunk freelists:
   Non-Class:  7.39 MB
       Class:  9.11 MB
        Both:  16.50 MB

MaxMetaspaceSize: unlimited
CompressedClassSpaceSize: 1.00 GB
Initial GC threshold: 21.00 MB
Current GC threshold: 59.19 MB
CDS: off
 - commit_granule_bytes: 65536.
 - commit_granule_words: 8192.
 - virtual_space_node_default_size: 8388608.
 - enlarge_chunks_in_place: 1.
 - use_allocation_guard: 0.


Internal statistics:

num_allocs_failed_limit: 9.
num_arena_births: 2256.
num_arena_deaths: 0.
num_vsnodes_births: 2.
num_vsnodes_deaths: 0.
num_space_committed: 748.
num_space_uncommitted: 0.
num_chunks_returned_to_freelist: 9.
num_chunks_taken_from_freelist: 3929.
num_chunk_merges: 9.
num_chunk_splits: 2550.
num_chunks_enlarged: 1583.
num_inconsistent_stats: 0.

CodeHeap 'non-profiled nmethods': size=120000Kb used=2077Kb max_used=2077Kb free=117922Kb
 bounds [0x0000027713d40000, 0x0000027713fb0000, 0x000002771b270000]
CodeHeap 'profiled nmethods': size=120000Kb used=7567Kb max_used=7567Kb free=112432Kb
 bounds [0x000002770c270000, 0x000002770c9e0000, 0x00000277137a0000]
CodeHeap 'non-nmethods': size=5760Kb used=1893Kb max_used=1929Kb free=3866Kb
 bounds [0x00000277137a0000, 0x0000027713a10000, 0x0000027713d40000]
 total_blobs=4530 nmethods=3843 adapters=590
 compilation: enabled
              stopped_count=0, restarted_count=0
 full_count=0

Compilation events (20 events):
Event: 9.348 Thread 0x0000027725f5c1f0 4215 %     4       jdk.internal.loader.URLClassPath::getResource @ 39 (74 bytes)
Event: 9.355 Thread 0x0000027725f5c1f0 nmethod 4215% 0x0000027713f45710 code [0x0000027713f45920, 0x0000027713f45e10]
Event: 9.355 Thread 0x0000027725f5c1f0 4217       4       java.util.AbstractSet::<init> (5 bytes)
Event: 9.355 Thread 0x0000027725072150 4222       3       java.util.concurrent.locks.AbstractQueuedSynchronizer$ConditionObject::awaitNanos (207 bytes)
Event: 9.356 Thread 0x0000027725f5c1f0 nmethod 4217 0x0000027713f46310 code [0x0000027713f46480, 0x0000027713f46508]
Event: 9.356 Thread 0x0000027725f5c1f0 4210  s    4       jdk.internal.loader.Resource::cachedInputStream (20 bytes)
Event: 9.357 Thread 0x0000027725072150 nmethod 4222 0x000002770c9c7e90 code [0x000002770c9c8180, 0x000002770c9c9098]
Event: 9.359 Thread 0x0000027725072150 4223       3       kotlin.jvm.internal.Intrinsics::checkNotNullParameter (9 bytes)
Event: 9.360 Thread 0x0000027725072150 nmethod 4223 0x000002770c9c9690 code [0x000002770c9c98a0, 0x000002770c9c9d90]
Event: 9.361 Thread 0x0000027725f5c1f0 nmethod 4210 0x0000027713f46610 code [0x0000027713f467e0, 0x0000027713f46f70]
Event: 9.367 Thread 0x0000027725072150 4224       3       org.gradle.internal.instantiation.generator.AbstractClassGenerator$ClassGenerationHandler::<init> (5 bytes)
Event: 9.367 Thread 0x0000027725072150 nmethod 4224 0x000002770c9c9f90 code [0x000002770c9ca140, 0x000002770c9ca308]
Event: 9.367 Thread 0x0000027725072150 4225       3       org.gradle.internal.instantiation.generator.AbstractClassGenerator$ClassGenerationHandler::<init> (5 bytes)
Event: 9.368 Thread 0x0000027725072150 nmethod 4225 0x000002770c9ca410 code [0x000002770c9ca5a0, 0x000002770c9ca708]
Event: 9.495 Thread 0x0000027725072150 4226   !   3       java.util.concurrent.LinkedBlockingQueue::poll (128 bytes)
Event: 9.496 Thread 0x0000027725072150 nmethod 4226 0x000002770c9ca810 code [0x000002770c9cac40, 0x000002770c9cc9a0]
Event: 9.510 Thread 0x0000027725072150 4227       3       org.gradle.launcher.daemon.server.exec.DaemonConnectionBackedEventConsumer$ForwardEvents::moreMessagesToSend (35 bytes)
Event: 9.510 Thread 0x0000027725072150 nmethod 4227 0x000002770c9cd690 code [0x000002770c9cd840, 0x000002770c9cdaf0]
Event: 9.510 Thread 0x0000027725072150 4228   !   3       org.gradle.launcher.daemon.server.exec.DaemonConnectionBackedEventConsumer$ForwardEvents::getNextEvent (27 bytes)
Event: 9.511 Thread 0x0000027725072150 nmethod 4228 0x000002770c9cdc10 code [0x000002770c9cddc0, 0x000002770c9ce030]

GC Heap History (16 events):
Event: 0.300 GC heap before
{Heap before GC invocations=0 (full 0):
 garbage-first heap   total 126976K, used 22528K [0x0000000080000000, 0x0000000100000000)
  region size 1024K, 23 young (23552K), 0 survivors (0K)
 Metaspace       used 7990K, committed 8128K, reserved 1114112K
  class space    used 712K, committed 768K, reserved 1048576K
}
Event: 0.304 GC heap after
{Heap after GC invocations=1 (full 0):
 garbage-first heap   total 126976K, used 4776K [0x0000000080000000, 0x0000000100000000)
  region size 1024K, 3 young (3072K), 3 survivors (3072K)
 Metaspace       used 7990K, committed 8128K, reserved 1114112K
  class space    used 712K, committed 768K, reserved 1048576K
}
Event: 0.676 GC heap before
{Heap before GC invocations=1 (full 0):
 garbage-first heap   total 126976K, used 41640K [0x0000000080000000, 0x0000000100000000)
  region size 1024K, 35 young (35840K), 3 survivors (3072K)
 Metaspace       used 12123K, committed 12352K, reserved 1114112K
  class space    used 1278K, committed 1408K, reserved 1048576K
}
Event: 0.681 GC heap after
{Heap after GC invocations=2 (full 0):
 garbage-first heap   total 126976K, used 12487K [0x0000000080000000, 0x0000000100000000)
  region size 1024K, 4 young (4096K), 4 survivors (4096K)
 Metaspace       used 12123K, committed 12352K, reserved 1114112K
  class space    used 1278K, committed 1408K, reserved 1048576K
}
Event: 1.571 GC heap before
{Heap before GC invocations=2 (full 0):
 garbage-first heap   total 126976K, used 60615K [0x0000000080000000, 0x0000000100000000)
  region size 1024K, 49 young (50176K), 4 survivors (4096K)
 Metaspace       used 14438K, committed 14720K, reserved 1114112K
  class space    used 1583K, committed 1728K, reserved 1048576K
}
Event: 1.582 GC heap after
{Heap after GC invocations=3 (full 0):
 garbage-first heap   total 126976K, used 18349K [0x0000000080000000, 0x0000000100000000)
  region size 1024K, 7 young (7168K), 7 survivors (7168K)
 Metaspace       used 14438K, committed 14720K, reserved 1114112K
  class space    used 1583K, committed 1728K, reserved 1048576K
}
Event: 2.154 GC heap before
{Heap before GC invocations=3 (full 0):
 garbage-first heap   total 126976K, used 39853K [0x0000000080000000, 0x0000000100000000)
  region size 1024K, 29 young (29696K), 7 survivors (7168K)
 Metaspace       used 21174K, committed 21504K, reserved 1114112K
  class space    used 2439K, committed 2624K, reserved 1048576K
}
Event: 2.161 GC heap after
{Heap after GC invocations=4 (full 0):
 garbage-first heap   total 126976K, used 21658K [0x0000000080000000, 0x0000000100000000)
  region size 1024K, 8 young (8192K), 8 survivors (8192K)
 Metaspace       used 21174K, committed 21504K, reserved 1114112K
  class space    used 2439K, committed 2624K, reserved 1048576K
}
Event: 3.167 GC heap before
{Heap before GC invocations=5 (full 0):
 garbage-first heap   total 75776K, used 74906K [0x0000000080000000, 0x0000000100000000)
  region size 1024K, 60 young (61440K), 8 survivors (8192K)
 Metaspace       used 29696K, committed 30272K, reserved 1114112K
  class space    used 3788K, committed 4096K, reserved 1048576K
}
Event: 3.176 GC heap after
{Heap after GC invocations=6 (full 0):
 garbage-first heap   total 104448K, used 24629K [0x0000000080000000, 0x0000000100000000)
  region size 1024K, 6 young (6144K), 6 survivors (6144K)
 Metaspace       used 29696K, committed 30272K, reserved 1114112K
  class space    used 3788K, committed 4096K, reserved 1048576K
}
Event: 4.910 GC heap before
{Heap before GC invocations=6 (full 0):
 garbage-first heap   total 104448K, used 63541K [0x0000000080000000, 0x0000000100000000)
  region size 1024K, 45 young (46080K), 6 survivors (6144K)
 Metaspace       used 35115K, committed 35968K, reserved 1114112K
  class space    used 4699K, committed 5120K, reserved 1048576K
}
Event: 4.917 GC heap after
{Heap after GC invocations=7 (full 0):
 garbage-first heap   total 104448K, used 27036K [0x0000000080000000, 0x0000000100000000)
  region size 1024K, 6 young (6144K), 6 survivors (6144K)
 Metaspace       used 35115K, committed 35968K, reserved 1114112K
  class space    used 4699K, committed 5120K, reserved 1048576K
}
Event: 7.245 GC heap before
{Heap before GC invocations=7 (full 0):
 garbage-first heap   total 104448K, used 29084K [0x0000000080000000, 0x0000000100000000)
  region size 1024K, 9 young (9216K), 6 survivors (6144K)
 Metaspace       used 35437K, committed 36288K, reserved 1114112K
  class space    used 4755K, committed 5184K, reserved 1048576K
}
Event: 7.251 GC heap after
{Heap after GC invocations=8 (full 0):
 garbage-first heap   total 104448K, used 26857K [0x0000000080000000, 0x0000000100000000)
  region size 1024K, 3 young (3072K), 3 survivors (3072K)
 Metaspace       used 35437K, committed 36288K, reserved 1114112K
  class space    used 4755K, committed 5184K, reserved 1048576K
}
Event: 9.100 GC heap before
{Heap before GC invocations=9 (full 0):
 garbage-first heap   total 92160K, used 85225K [0x0000000080000000, 0x0000000100000000)
  region size 1024K, 61 young (62464K), 3 survivors (3072K)
 Metaspace       used 45448K, committed 46592K, reserved 1114112K
  class space    used 6044K, committed 6592K, reserved 1048576K
}
Event: 9.107 GC heap after
{Heap after GC invocations=10 (full 0):
 garbage-first heap   total 95232K, used 32094K [0x0000000080000000, 0x0000000100000000)
  region size 1024K, 8 young (8192K), 8 survivors (8192K)
 Metaspace       used 45448K, committed 46592K, reserved 1114112K
  class space    used 6044K, committed 6592K, reserved 1048576K
}

Dll operation events (3 events):
Event: 0.007 Loaded shared library C:\Program Files\Android\Android Studio\jbr\bin\java.dll
Event: 0.011 Loaded shared library C:\Program Files\Android\Android Studio\jbr\bin\zip.dll
Event: 0.326 Loaded shared library C:\Program Files\Android\Android Studio\jbr\bin\verify.dll

Deoptimization events (20 events):
Event: 7.918 Thread 0x0000027726d504e0 DEOPT PACKING pc=0x000002770c77e236 sp=0x000000e68e8f8630
Event: 7.918 Thread 0x0000027726d504e0 DEOPT UNPACKING pc=0x00000277137f4e42 sp=0x000000e68e8f7b78 mode 0
Event: 7.969 Thread 0x0000027726d504e0 Uncommon trap: trap_request=0xffffff45 fr.pc=0x0000027713e8c01c relative=0x0000000000004b1c
Event: 7.969 Thread 0x0000027726d504e0 Uncommon trap: reason=unstable_if action=reinterpret pc=0x0000027713e8c01c method=java.lang.ClassLoader.getClassLoadingLock(Ljava/lang/String;)Ljava/lang/Object; @ 6 c2
Event: 7.969 Thread 0x0000027726d504e0 DEOPT PACKING pc=0x0000027713e8c01c sp=0x000000e68e8f8f30
Event: 7.969 Thread 0x0000027726d504e0 DEOPT UNPACKING pc=0x00000277137f46a2 sp=0x000000e68e8f8f10 mode 2
Event: 7.973 Thread 0x0000027726d504e0 Uncommon trap: trap_request=0xffffffc6 fr.pc=0x0000027713ee69dc relative=0x000000000000365c
Event: 7.973 Thread 0x0000027726d504e0 Uncommon trap: reason=bimorphic_or_optimized_type_check action=maybe_recompile pc=0x0000027713ee69dc method=java.net.URL.<init>(Ljava/net/URL;Ljava/lang/String;Ljava/net/URLStreamHandler;)V @ 504 c2
Event: 7.973 Thread 0x0000027726d504e0 DEOPT PACKING pc=0x0000027713ee69dc sp=0x000000e68e8f8670
Event: 7.973 Thread 0x0000027726d504e0 DEOPT UNPACKING pc=0x00000277137f46a2 sp=0x000000e68e8f85f0 mode 2
Event: 9.071 Thread 0x0000027726d504e0 Uncommon trap: trap_request=0xffffff45 fr.pc=0x0000027713e4e318 relative=0x00000000000000f8
Event: 9.071 Thread 0x0000027726d504e0 Uncommon trap: reason=unstable_if action=reinterpret pc=0x0000027713e4e318 method=java.lang.ClassLoader.getClassLoadingLock(Ljava/lang/String;)Ljava/lang/Object; @ 6 c2
Event: 9.071 Thread 0x0000027726d504e0 DEOPT PACKING pc=0x0000027713e4e318 sp=0x000000e68e8f8f50
Event: 9.071 Thread 0x0000027726d504e0 DEOPT UNPACKING pc=0x00000277137f46a2 sp=0x000000e68e8f8ed0 mode 2
Event: 9.074 Thread 0x0000027726d504e0 Uncommon trap: trap_request=0xffffff6e fr.pc=0x0000027713f19fa8 relative=0x00000000000008e8
Event: 9.074 Thread 0x0000027726d504e0 Uncommon trap: reason=loop_limit_check action=maybe_recompile pc=0x0000027713f19fa8 method=java.util.regex.Pattern$Start.match(Ljava/util/regex/Matcher;ILjava/lang/CharSequence;)Z @ 34 c2
Event: 9.074 Thread 0x0000027726d504e0 DEOPT PACKING pc=0x0000027713f19fa8 sp=0x000000e68e8f8cf0
Event: 9.074 Thread 0x0000027726d504e0 DEOPT UNPACKING pc=0x00000277137f46a2 sp=0x000000e68e8f8c50 mode 2
Event: 9.290 Thread 0x0000027726d504e0 DEOPT PACKING pc=0x000002770c88b436 sp=0x000000e68e8fa160
Event: 9.290 Thread 0x0000027726d504e0 DEOPT UNPACKING pc=0x00000277137f4e42 sp=0x000000e68e8f95d0 mode 0

Classes loaded (20 events):
Event: 9.078 Loading class java/util/function/BooleanSupplier
Event: 9.078 Loading class java/util/function/BooleanSupplier done
Event: 9.079 Loading class jdk/internal/jimage/ImageReader$Resource
Event: 9.079 Loading class jdk/internal/jimage/ImageReader$Resource done
Event: 9.150 Loading class java/util/WeakHashMap$KeyIterator
Event: 9.150 Loading class java/util/WeakHashMap$HashIterator
Event: 9.150 Loading class java/util/WeakHashMap$HashIterator done
Event: 9.150 Loading class java/util/WeakHashMap$KeyIterator done
Event: 9.168 Loading class java/lang/ThreadLocal$SuppliedThreadLocal
Event: 9.168 Loading class java/lang/ThreadLocal$SuppliedThreadLocal done
Event: 9.215 Loading class sun/nio/fs/WindowsPath$1
Event: 9.216 Loading class sun/nio/fs/WindowsPath$1 done
Event: 9.216 Loading class sun/nio/fs/WindowsException
Event: 9.216 Loading class sun/nio/fs/WindowsException done
Event: 9.256 Loading class java/util/Collections$SynchronizedRandomAccessList
Event: 9.256 Loading class java/util/Collections$SynchronizedList
Event: 9.256 Loading class java/util/Collections$SynchronizedList done
Event: 9.256 Loading class java/util/Collections$SynchronizedRandomAccessList done
Event: 9.307 Loading class java/util/regex/Pattern$Pos
Event: 9.307 Loading class java/util/regex/Pattern$Pos done

Classes unloaded (0 events):
No events

Classes redefined (0 events):
No events

Internal exceptions (20 events):
Event: 7.935 Thread 0x0000027726d504e0 Exception <a 'java/lang/ClassNotFoundException'{0x00000000823ccad0}: groovy/lang/ExpandoMetaClassBeanInfo> (0x00000000823ccad0) 
thrown [s\src\hotspot\share\classfile\systemDictionary.cpp, line 312]
Event: 7.935 Thread 0x0000027726d504e0 Exception <a 'java/lang/ClassNotFoundException'{0x00000000823d4ac8}: groovy/lang/MetaClassImplBeanInfo> (0x00000000823d4ac8) 
thrown [s\src\hotspot\share\classfile\systemDictionary.cpp, line 312]
Event: 7.935 Thread 0x0000027726d504e0 Exception <a 'java/lang/ClassNotFoundException'{0x00000000823d92f0}: java/lang/ObjectBeanInfo> (0x00000000823d92f0) 
thrown [s\src\hotspot\share\classfile\systemDictionary.cpp, line 312]
Event: 7.935 Thread 0x0000027726d504e0 Exception <a 'java/lang/ClassNotFoundException'{0x00000000823deb68}: java/lang/ObjectCustomizer> (0x00000000823deb68) 
thrown [s\src\hotspot\share\classfile\systemDictionary.cpp, line 312]
Event: 7.937 Thread 0x0000027726d504e0 Exception <a 'java/lang/IncompatibleClassChangeError'{0x00000000823ecf78}: Found class java.lang.Object, but interface was expected> (0x00000000823ecf78) 
thrown [s\src\hotspot\share\interpreter\linkResolver.cpp, line 851]
Event: 7.939 Thread 0x0000027726d504e0 Exception <a 'java/lang/ClassNotFoundException'{0x0000000082206fc0}: groovy/lang/MetaClassImplCustomizer> (0x0000000082206fc0) 
thrown [s\src\hotspot\share\classfile\systemDictionary.cpp, line 312]
Event: 7.940 Thread 0x0000027726d504e0 Exception <a 'java/lang/ClassNotFoundException'{0x000000008222ebf8}: groovy/lang/ExpandoMetaClassCustomizer> (0x000000008222ebf8) 
thrown [s\src\hotspot\share\classfile\systemDictionary.cpp, line 312]
Event: 9.153 Thread 0x0000027726d504e0 Exception <a 'java/lang/ClassNotFoundException'{0x00000000845396d8}: org/gradle/internal/extensibility/DefaultExtraPropertiesExtensionBeanInfo> (0x00000000845396d8) 
thrown [s\src\hotspot\share\classfile\systemDictionary.cpp, line 312]
Event: 9.153 Thread 0x0000027726d504e0 Exception <a 'java/lang/ClassNotFoundException'{0x00000000845417c0}: groovy/lang/GroovyObjectSupportBeanInfo> (0x00000000845417c0) 
thrown [s\src\hotspot\share\classfile\systemDictionary.cpp, line 312]
Event: 9.154 Thread 0x0000027726d504e0 Exception <a 'java/lang/ClassNotFoundException'{0x00000000845498b0}: groovy/lang/GroovyObjectSupportCustomizer> (0x00000000845498b0) 
thrown [s\src\hotspot\share\classfile\systemDictionary.cpp, line 312]
Event: 9.156 Thread 0x0000027726d504e0 Exception <a 'java/lang/ClassNotFoundException'{0x00000000845633f0}: org/gradle/internal/extensibility/DefaultExtraPropertiesExtensionCustomizer> (0x00000000845633f0) 
thrown [s\src\hotspot\share\classfile\systemDictionary.cpp, line 312]
Event: 9.160 Thread 0x0000027726d504e0 Exception <a 'java/lang/IncompatibleClassChangeError'{0x000000008457e318}: Found class java.lang.Object, but interface was expected> (0x000000008457e318) 
thrown [s\src\hotspot\share\interpreter\linkResolver.cpp, line 851]
Event: 9.216 Thread 0x0000027726d504e0 Exception <a 'sun/nio/fs/WindowsException'{0x000000008446fcf8}> (0x000000008446fcf8) 
thrown [s\src\hotspot\share\prims\jni.cpp, line 535]
Event: 9.216 Thread 0x0000027726d504e0 Exception <a 'sun/nio/fs/WindowsException'{0x0000000084471208}> (0x0000000084471208) 
thrown [s\src\hotspot\share\prims\jni.cpp, line 535]
Event: 9.217 Thread 0x0000027726d504e0 Exception <a 'sun/nio/fs/WindowsException'{0x00000000844726c8}> (0x00000000844726c8) 
thrown [s\src\hotspot\share\prims\jni.cpp, line 535]
Event: 9.217 Thread 0x0000027726d504e0 Exception <a 'sun/nio/fs/WindowsException'{0x0000000084473ba8}> (0x0000000084473ba8) 
thrown [s\src\hotspot\share\prims\jni.cpp, line 535]
Event: 9.236 Thread 0x0000027726d504e0 Exception <a 'java/lang/NoSuchMethodError'{0x00000000843a2bc0}: 'java.lang.Object java.lang.invoke.Invokers$Holder.invoker(java.lang.Object, java.lang.Object, java.lang.Object, java.lang.Object, java.lang.Object, java.lang.Object)'> (0x00000000843a2bc0) 
thrown [s\src\hotspot\share\interpreter\linkResolver.cpp, line 784]
Event: 9.282 Thread 0x0000027726d504e0 Exception <a 'java/lang/NoSuchMethodError'{0x00000000842aff60}: 'java.lang.Object java.lang.invoke.Invokers$Holder.invoker(java.lang.Object, java.lang.Object, java.lang.Object, java.lang.Object, java.lang.Object)'> (0x00000000842aff60) 
thrown [s\src\hotspot\share\interpreter\linkResolver.cpp, line 784]
Event: 9.287 Thread 0x0000027726d504e0 Exception <a 'java/lang/NoSuchMethodError'{0x00000000842cfee8}: 'java.lang.Object java.lang.invoke.Invokers$Holder.invoker(java.lang.Object, java.lang.Object, java.lang.Object, java.lang.Object, java.lang.Object, java.lang.Object, java.lang.Object, java.lang.Object, java.lang.Object, java.lang.Object, java.lang.Object, java.lang.Object, java.lang.Object, java.lang.Object, java.lang.Object, java.lang.Object, java.lang.Object, java.lang.Object, java.lang.Object, java.lang.Object, java.lang.Object, java.lang.
Event: 9.287 Thread 0x0000027726d504e0 Exception <a 'java/lang/NoSuchMethodError'{0x00000000842d64a8}: 'java.lang.Object java.lang.invoke.DelegatingMethodHandle$Holder.delegate(java.lang.Object, java.lang.Object, java.lang.Object, java.lang.Object, java.lang.Object, java.lang.Object, java.lang.Object, java.lang.Object, java.lang.Object, java.lang.Object, java.lang.Object, java.lang.Object, java.lang.Object, java.lang.Object, java.lang.Object, java.lang.Object, java.lang.Object, java.lang.Object, java.lang.Object, java.lang.Object, java.lang.Obj

ZGC Phase Switch (0 events):
No events

VM Operations (20 events):
Event: 7.570 Executing VM operation: HandshakeAllThreads (Deoptimize) done
Event: 7.774 Executing VM operation: HandshakeAllThreads (Deoptimize)
Event: 7.774 Executing VM operation: HandshakeAllThreads (Deoptimize) done
Event: 7.809 Executing VM operation: ICBufferFull
Event: 7.809 Executing VM operation: ICBufferFull done
Event: 7.862 Executing VM operation: HandshakeAllThreads (Deoptimize)
Event: 7.862 Executing VM operation: HandshakeAllThreads (Deoptimize) done
Event: 7.974 Executing VM operation: HandshakeAllThreads (Deoptimize)
Event: 7.974 Executing VM operation: HandshakeAllThreads (Deoptimize) done
Event: 7.974 Executing VM operation: HandshakeAllThreads (Deoptimize)
Event: 7.974 Executing VM operation: HandshakeAllThreads (Deoptimize) done
Event: 7.979 Executing VM operation: HandshakeAllThreads (Deoptimize)
Event: 7.979 Executing VM operation: HandshakeAllThreads (Deoptimize) done
Event: 8.985 Executing VM operation: Cleanup
Event: 9.016 Executing VM operation: Cleanup done
Event: 9.078 Executing VM operation: HandshakeAllThreads (Deoptimize)
Event: 9.078 Executing VM operation: HandshakeAllThreads (Deoptimize) done
Event: 9.100 Executing VM operation: G1CollectForAllocation (G1 Evacuation Pause)
Event: 9.107 Executing VM operation: G1CollectForAllocation (G1 Evacuation Pause) done
Event: 10.115 Executing VM operation: Cleanup

Memory protections (0 events):
No events

Nmethod flushes (20 events):
Event: 7.259 Thread 0x0000027725018420 flushing  nmethod 0x000002770c512f10
Event: 7.259 Thread 0x0000027725018420 flushing  nmethod 0x000002770c514310
Event: 7.259 Thread 0x0000027725018420 flushing  nmethod 0x000002770c517b90
Event: 7.259 Thread 0x0000027725018420 flushing  nmethod 0x000002770c517f10
Event: 7.259 Thread 0x0000027725018420 flushing  nmethod 0x000002770c540690
Event: 7.259 Thread 0x0000027725018420 flushing  nmethod 0x000002770c541610
Event: 7.259 Thread 0x0000027725018420 flushing  nmethod 0x000002770c5a4590
Event: 7.259 Thread 0x0000027725018420 flushing  nmethod 0x000002770c5a5590
Event: 7.259 Thread 0x0000027725018420 flushing  nmethod 0x000002770c5aeb10
Event: 7.259 Thread 0x0000027725018420 flushing  nmethod 0x000002770c5d9c10
Event: 7.259 Thread 0x0000027725018420 flushing  nmethod 0x000002770c5de810
Event: 7.259 Thread 0x0000027725018420 flushing  nmethod 0x000002770c5dec10
Event: 7.259 Thread 0x0000027725018420 flushing  nmethod 0x000002770c5ebd10
Event: 7.259 Thread 0x0000027725018420 flushing  nmethod 0x000002770c5efd10
Event: 7.259 Thread 0x0000027725018420 flushing  nmethod 0x000002770c5f1a10
Event: 7.259 Thread 0x0000027725018420 flushing  nmethod 0x000002770c64c590
Event: 7.259 Thread 0x0000027725018420 flushing  nmethod 0x000002770c64d410
Event: 7.259 Thread 0x0000027725018420 flushing  nmethod 0x000002770c64db90
Event: 7.259 Thread 0x0000027725018420 flushing  nmethod 0x000002770c65fd10
Event: 7.259 Thread 0x0000027725018420 flushing  nmethod 0x000002770c6aa790

Events (20 events):
Event: 2.088 Thread 0x0000027726b736f0 Thread added: 0x0000027726b87f70
Event: 2.094 Thread 0x0000027726b736f0 Thread added: 0x0000027726d504e0
Event: 2.103 Thread 0x0000027726d504e0 Thread added: 0x0000027726d4fe50
Event: 2.106 Thread 0x0000027726d504e0 Thread added: 0x0000027726d51890
Event: 2.107 Thread 0x0000027726d504e0 Thread added: 0x0000027726d52c40
Event: 2.533 Thread 0x0000027726d504e0 Thread added: 0x0000027726d532d0
Event: 2.538 Thread 0x0000027726d504e0 Thread added: 0x0000027726d50b70
Event: 2.561 Thread 0x0000027726d504e0 Thread added: 0x0000027726d51f20
Event: 3.437 Thread 0x0000027726d504e0 Thread added: 0x0000027726d51200
Event: 3.466 Thread 0x0000027726d504e0 Thread added: 0x00000277276021e0
Event: 3.679 Thread 0x0000027726d504e0 Thread added: 0x0000027727602f00
Event: 3.688 Thread 0x0000027726d504e0 Thread added: 0x0000027727603590
Event: 3.886 Thread 0x0000027725fedb80 Thread exited: 0x0000027725fedb80
Event: 7.303 Thread 0x0000027726d504e0 Thread added: 0x0000027727601b50
Event: 7.340 Thread 0x0000027726d504e0 Thread added: 0x00000277276042b0
Event: 7.501 Thread 0x0000027726d504e0 Thread added: 0x0000027727604940
Event: 7.628 Thread 0x0000027726d504e0 Thread added: 0x0000027727603c20
Event: 7.773 Thread 0x00000277250716b0 Thread added: 0x0000027725f5c1f0
Event: 9.016 Thread 0x0000027725f5c1f0 Thread exited: 0x0000027725f5c1f0
Event: 9.033 Thread 0x0000027725072150 Thread added: 0x0000027725f5c1f0


Dynamic libraries:
0x00007ff60bac0000 - 0x00007ff60baca000 	C:\Program Files\Android\Android Studio\jbr\bin\java.exe
0x00007ffe6ac20000 - 0x00007ffe6ae85000 	C:\WINDOWS\SYSTEM32\ntdll.dll
0x00007ffe69db0000 - 0x00007ffe69e79000 	C:\WINDOWS\System32\KERNEL32.DLL
0x00007ffe682b0000 - 0x00007ffe68698000 	C:\WINDOWS\System32\KERNELBASE.dll
0x00007ffe67d70000 - 0x00007ffe67ebb000 	C:\WINDOWS\System32\ucrtbase.dll
0x00007ffe4f7e0000 - 0x00007ffe4f7f8000 	C:\Program Files\Android\Android Studio\jbr\bin\jli.dll
0x00007ffe5fd90000 - 0x00007ffe5fdab000 	C:\Program Files\Android\Android Studio\jbr\bin\VCRUNTIME140.dll
0x00007ffe694b0000 - 0x00007ffe6967a000 	C:\WINDOWS\System32\USER32.dll
0x00007ffe68810000 - 0x00007ffe68837000 	C:\WINDOWS\System32\win32u.dll
0x00007ffe68c30000 - 0x00007ffe68c5b000 	C:\WINDOWS\System32\GDI32.dll
0x00007ffe4c7c0000 - 0x00007ffe4ca5a000 	C:\WINDOWS\WinSxS\amd64_microsoft.windows.common-controls_6595b64144ccf1df_6.0.26100.4202_none_3e0698d4e335f517\COMCTL32.dll
0x00007ffe68040000 - 0x00007ffe68177000 	C:\WINDOWS\System32\gdi32full.dll
0x00007ffe69680000 - 0x00007ffe69729000 	C:\WINDOWS\System32\msvcrt.dll
0x00007ffe686a0000 - 0x00007ffe68743000 	C:\WINDOWS\System32\msvcp_win.dll
0x00007ffe68f00000 - 0x00007ffe68f30000 	C:\WINDOWS\System32\IMM32.DLL
0x00007ffe604f0000 - 0x00007ffe604fc000 	C:\Program Files\Android\Android Studio\jbr\bin\vcruntime140_1.dll
0x00007ffe07990000 - 0x00007ffe07a1d000 	C:\Program Files\Android\Android Studio\jbr\bin\msvcp140.dll
0x00007ffde0650000 - 0x00007ffde12d3000 	C:\Program Files\Android\Android Studio\jbr\bin\server\jvm.dll
0x00007ffe6aac0000 - 0x00007ffe6ab73000 	C:\WINDOWS\System32\ADVAPI32.dll
0x00007ffe69730000 - 0x00007ffe697d6000 	C:\WINDOWS\System32\sechost.dll
0x00007ffe68cf0000 - 0x00007ffe68e05000 	C:\WINDOWS\System32\RPCRT4.dll
0x00007ffe6a8c0000 - 0x00007ffe6a934000 	C:\WINDOWS\System32\WS2_32.dll
0x00007ffe5c490000 - 0x00007ffe5c4c5000 	C:\WINDOWS\SYSTEM32\WINMM.dll
0x00007ffe67bc0000 - 0x00007ffe67c1e000 	C:\WINDOWS\SYSTEM32\POWRPROF.dll
0x00007ffe4d710000 - 0x00007ffe4d71b000 	C:\WINDOWS\SYSTEM32\VERSION.dll
0x00007ffe67ba0000 - 0x00007ffe67bb4000 	C:\WINDOWS\SYSTEM32\UMPDC.dll
0x00007ffe66b30000 - 0x00007ffe66b4b000 	C:\WINDOWS\SYSTEM32\kernel.appcore.dll
0x00007ffe5fd80000 - 0x00007ffe5fd8a000 	C:\Program Files\Android\Android Studio\jbr\bin\jimage.dll
0x00007ffe65530000 - 0x00007ffe65771000 	C:\WINDOWS\SYSTEM32\DBGHELP.DLL
0x00007ffe69120000 - 0x00007ffe694a5000 	C:\WINDOWS\System32\combase.dll
0x00007ffe68e10000 - 0x00007ffe68ef1000 	C:\WINDOWS\System32\OLEAUT32.dll
0x00007ffe4a500000 - 0x00007ffe4a539000 	C:\WINDOWS\SYSTEM32\dbgcore.DLL
0x00007ffe68210000 - 0x00007ffe682a9000 	C:\WINDOWS\System32\bcryptPrimitives.dll
0x00007ffe4f7d0000 - 0x00007ffe4f7de000 	C:\Program Files\Android\Android Studio\jbr\bin\instrument.dll
0x00007ffe5e430000 - 0x00007ffe5e450000 	C:\Program Files\Android\Android Studio\jbr\bin\java.dll
0x00007ffe55760000 - 0x00007ffe55778000 	C:\Program Files\Android\Android Studio\jbr\bin\zip.dll
0x00007ffe6a170000 - 0x00007ffe6a8b2000 	C:\WINDOWS\System32\SHELL32.dll
0x00007ffe68840000 - 0x00007ffe689b4000 	C:\WINDOWS\System32\wintypes.dll
0x00007ffe659f0000 - 0x00007ffe66247000 	C:\WINDOWS\SYSTEM32\windows.storage.dll
0x00007ffe6a9c0000 - 0x00007ffe6aab1000 	C:\WINDOWS\System32\SHCORE.dll
0x00007ffe697e0000 - 0x00007ffe6984a000 	C:\WINDOWS\System32\shlwapi.dll
0x00007ffe67c80000 - 0x00007ffe67caf000 	C:\WINDOWS\SYSTEM32\profapi.dll
0x00007ffe5fd70000 - 0x00007ffe5fd80000 	C:\Program Files\Android\Android Studio\jbr\bin\net.dll
0x00007ffe55f80000 - 0x00007ffe5609e000 	C:\WINDOWS\SYSTEM32\WINHTTP.dll
0x00007ffe670a0000 - 0x00007ffe6710a000 	C:\WINDOWS\system32\mswsock.dll
0x00007ffe55190000 - 0x00007ffe551a6000 	C:\Program Files\Android\Android Studio\jbr\bin\nio.dll
0x00007ffe4cda0000 - 0x00007ffe4cdb0000 	C:\Program Files\Android\Android Studio\jbr\bin\verify.dll
0x00007ffe33210000 - 0x00007ffe33237000 	C:\Users\ASUS\.gradle\native\c067742578af261105cb4f569cf0c3c89f3d7b1fecec35dd04571415982c5e48\windows-amd64\native-platform.dll
0x00007ffe01900000 - 0x00007ffe01a44000 	C:\Users\ASUS\.gradle\native\100fb08df4bc3b14c8652ba06237920a3bd2aa13389f12d3474272988ae205f9\windows-amd64\native-platform-file-events.dll
0x00007ffe55180000 - 0x00007ffe55189000 	C:\Program Files\Android\Android Studio\jbr\bin\management.dll
0x00007ffe546b0000 - 0x00007ffe546bb000 	C:\Program Files\Android\Android Studio\jbr\bin\management_ext.dll
0x00007ffe69850000 - 0x00007ffe69858000 	C:\WINDOWS\System32\PSAPI.DLL
0x00007ffe67350000 - 0x00007ffe6736b000 	C:\WINDOWS\SYSTEM32\CRYPTSP.dll
0x00007ffe66a90000 - 0x00007ffe66aca000 	C:\WINDOWS\system32\rsaenh.dll
0x00007ffe67140000 - 0x00007ffe6716b000 	C:\WINDOWS\SYSTEM32\USERENV.dll
0x00007ffe67c50000 - 0x00007ffe67c76000 	C:\WINDOWS\SYSTEM32\bcrypt.dll
0x00007ffe67370000 - 0x00007ffe6737c000 	C:\WINDOWS\SYSTEM32\CRYPTBASE.dll
0x00007ffe66610000 - 0x00007ffe66643000 	C:\WINDOWS\SYSTEM32\IPHLPAPI.DLL
0x00007ffe6a030000 - 0x00007ffe6a03a000 	C:\WINDOWS\System32\NSI.dll
0x00007ffe5e420000 - 0x00007ffe5e429000 	C:\Program Files\Android\Android Studio\jbr\bin\extnet.dll
0x00007ffe53240000 - 0x00007ffe53248000 	C:\WINDOWS\system32\wshunix.dll

dbghelp: loaded successfully - version: 4.0.5 - missing functions: none
symbol engine: initialized successfully - sym options: 0x614 - pdb path: .;C:\Program Files\Android\Android Studio\jbr\bin;C:\WINDOWS\SYSTEM32;C:\WINDOWS\WinSxS\amd64_microsoft.windows.common-controls_6595b64144ccf1df_6.0.26100.4202_none_3e0698d4e335f517;C:\Program Files\Android\Android Studio\jbr\bin\server;C:\Users\ASUS\.gradle\native\c067742578af261105cb4f569cf0c3c89f3d7b1fecec35dd04571415982c5e48\windows-amd64;C:\Users\ASUS\.gradle\native\100fb08df4bc3b14c8652ba06237920a3bd2aa13389f12d3474272988ae205f9\windows-amd64

VM Arguments:
jvm_args: --add-opens=java.base/java.util=ALL-UNNAMED --add-opens=java.base/java.lang=ALL-UNNAMED --add-opens=java.base/java.lang.invoke=ALL-UNNAMED --add-opens=java.prefs/java.util.prefs=ALL-UNNAMED --add-exports=jdk.compiler/com.sun.tools.javac.api=ALL-UNNAMED --add-exports=jdk.compiler/com.sun.tools.javac.util=ALL-UNNAMED --add-opens=java.base/java.nio.charset=ALL-UNNAMED --add-opens=java.base/java.net=ALL-UNNAMED --add-opens=java.base/java.util.concurrent.atomic=ALL-UNNAMED -Xmx2048m -Dfile.encoding=UTF-8 -Duser.country=ID -Duser.language=en -Duser.variant -javaagent:C:\Users\ASUS\.gradle\wrapper\dists\gradle-8.10.2-bin\a04bxjujx95o3nb99gddekhwo\gradle-8.10.2\lib\agents\gradle-instrumentation-agent-8.10.2.jar 
java_command: org.gradle.launcher.daemon.bootstrap.GradleDaemon 8.10.2
java_class_path (initial): C:\Users\ASUS\.gradle\wrapper\dists\gradle-8.10.2-bin\a04bxjujx95o3nb99gddekhwo\gradle-8.10.2\lib\gradle-daemon-main-8.10.2.jar
Launcher Type: SUN_STANDARD

[Global flags]
     intx CICompilerCount                          = 4                                         {product} {ergonomic}
     uint ConcGCThreads                            = 3                                         {product} {ergonomic}
     uint G1ConcRefinementThreads                  = 10                                        {product} {ergonomic}
   size_t G1HeapRegionSize                         = 1048576                                   {product} {ergonomic}
    uintx GCDrainStackTargetSize                   = 64                                        {product} {ergonomic}
   size_t InitialHeapSize                          = 130023424                                 {product} {ergonomic}
   size_t MarkStackSize                            = 4194304                                   {product} {ergonomic}
   size_t MaxHeapSize                              = 2147483648                                {product} {command line}
   size_t MaxNewSize                               = 1287651328                                {product} {ergonomic}
   size_t MinHeapDeltaBytes                        = 1048576                                   {product} {ergonomic}
   size_t MinHeapSize                              = 8388608                                   {product} {ergonomic}
    uintx NonNMethodCodeHeapSize                   = 5839372                                {pd product} {ergonomic}
    uintx NonProfiledCodeHeapSize                  = 122909434                              {pd product} {ergonomic}
    uintx ProfiledCodeHeapSize                     = 122909434                              {pd product} {ergonomic}
    uintx ReservedCodeCacheSize                    = 251658240                              {pd product} {ergonomic}
     bool SegmentedCodeCache                       = true                                      {product} {ergonomic}
   size_t SoftMaxHeapSize                          = 2147483648                             {manageable} {ergonomic}
     bool UseCompressedOops                        = true                           {product lp64_product} {ergonomic}
     bool UseG1GC                                  = true                                      {product} {ergonomic}
     bool UseLargePagesIndividualAllocation        = false                                  {pd product} {ergonomic}

Logging:
Log output configuration:
 #0: stdout all=warning uptime,level,tags foldmultilines=false
 #1: stderr all=off uptime,level,tags foldmultilines=false

Environment Variables:
PATH=C:\Python312\Scripts\;C:\Python312\;C:\WINDOWS\system32;C:\WINDOWS;C:\WINDOWS\System32\Wbem;C:\WINDOWS\System32\WindowsPowerShell\v1.0\;C:\WINDOWS\System32\OpenSSH\;C:\Program Files\Git\cmd;C:\ProgramData\chocolatey\bin;C:\Program Files\nodejs\;C:\Program Files\dotnet\;C:\Program Files (x86)\Microsoft SQL Server\160\Tools\Binn\;C:\Program Files\Microsoft SQL Server\160\Tools\Binn\;C:\Program Files\Microsoft SQL Server\Client SDK\ODBC\170\Tools\Binn\;C:\Program Files\Microsoft SQL Server\160\DTS\Binn\;C:\Program Files (x86)\Microsoft SQL Server\160\DTS\Binn\;C:\Users\ASUS\.config\herd-lite\bin;C:\Users\ASUS\AppData\Local\Microsoft\WindowsApps;C:\Users\ASUS\AppData\Local\Programs\Microsoft VS Code\bin;C:\Users\ASUS\.dotnet\tools;C:\Users\ASUS\AppData\Roaming\npm
USERNAME=ASUS
OS=Windows_NT
PROCESSOR_IDENTIFIER=Intel64 Family 6 Model 154 Stepping 4, GenuineIntel
TMP=C:\Users\ASUS\AppData\Local\Temp
TEMP=C:\Users\ASUS\AppData\Local\Temp




Periodic native trim disabled

JNI global refs:
JNI global refs: 24, weak refs: 2

JNI global refs memory usage: 835, weak refs: 833

Process memory usage:
Resident Set Size: 236152K (2% of 8075544K total physical memory with 505704K free physical memory)

OOME stack traces (most recent first):
Classloader memory used:
Loader bootstrap                                                                       : 20933K
Loader org.gradle.internal.classloader.VisitableURLClassLoader                         : 20646K
Loader org.gradle.initialization.MixInLegacyTypesClassLoader                           : 4223K
Loader jdk.internal.loader.ClassLoaders$PlatformClassLoader                            : 493K
Loader jdk.internal.loader.ClassLoaders$AppClassLoader                                 : 234K

Classes loaded by more than one classloader:
Class org.gradle.internal.classloader.FilteringClassLoader                            : loaded 2 times (x 101B)
Class org.gradle.internal.classloader.ClassLoaderHierarchy                            : loaded 2 times (x 66B)
Class org.gradle.api.internal.classpath.ManifestUtil                                  : loaded 2 times (x 67B)
Class org.gradle.internal.classloader.DefaultClassLoaderFactory                       : loaded 2 times (x 78B)
Class org.gradle.internal.classloader.ClassLoaderVisitor                              : loaded 2 times (x 72B)
Class org.gradle.api.internal.classpath.EffectiveClassPath                            : loaded 2 times (x 86B)
Class org.gradle.api.internal.DefaultClassPathProvider                                : loaded 2 times (x 72B)
Class [Lorg.gradle.api.internal.ClassPathProvider;                                    : loaded 2 times (x 65B)
Class org.gradle.api.internal.ClassPathProvider                                       : loaded 2 times (x 66B)
Class org.gradle.internal.service.UnknownServiceException                             : loaded 2 times (x 79B)
Class org.gradle.internal.classpath.TransformedClassPath                              : loaded 2 times (x 92B)
Class org.gradle.internal.classloader.InstrumentingClassLoader                        : loaded 2 times (x 66B)
Class org.gradle.internal.service.ServiceLocator                                      : loaded 2 times (x 66B)
Class org.gradle.internal.InternalTransformer                                         : loaded 2 times (x 66B)
Class org.gradle.internal.classloader.ClasspathUtil$1                                 : loaded 2 times (x 72B)
Class org.gradle.api.internal.classpath.DefaultModuleRegistry$DefaultModule           : loaded 2 times (x 82B)
Class org.gradle.api.internal.classpath.Module                                        : loaded 2 times (x 66B)
Class org.gradle.api.internal.classpath.UnknownModuleException                        : loaded 2 times (x 78B)
Class org.gradle.api.internal.DefaultClassPathRegistry                                : loaded 2 times (x 72B)
Class org.gradle.api.internal.ClassPathRegistry                                       : loaded 2 times (x 66B)
Class org.gradle.internal.classpath.DefaultClassPath$ImmutableUniqueList              : loaded 2 times (x 195B)
Class org.gradle.internal.classpath.ClassPath                                         : loaded 2 times (x 66B)
Class org.gradle.api.UncheckedIOException                                             : loaded 2 times (x 78B)
Class org.gradle.internal.installation.GradleInstallation$1                           : loaded 2 times (x 71B)
Class org.gradle.api.internal.classpath.ModuleRegistry                                : loaded 2 times (x 66B)
Class org.gradle.api.internal.classpath.DefaultModuleRegistry                         : loaded 2 times (x 82B)
Class org.gradle.internal.service.ServiceLookupException                              : loaded 2 times (x 78B)
Class org.gradle.internal.classloader.ClassLoaderFactory                              : loaded 2 times (x 66B)
Class org.gradle.internal.service.CachingServiceLocator                               : loaded 2 times (x 78B)
Class org.gradle.internal.classloader.ClasspathUtil                                   : loaded 2 times (x 67B)
Class org.gradle.api.specs.Spec                                                       : loaded 2 times (x 66B)
Class org.gradle.internal.classloader.VisitableURLClassLoader$InstrumentingVisitableURLClassLoader: loaded 2 times (x 119B)
Class org.gradle.internal.classloader.VisitableURLClassLoader$Spec                    : loaded 2 times (x 70B)
Class org.gradle.internal.classpath.DefaultClassPath                                  : loaded 2 times (x 86B)
Class org.gradle.internal.classloader.ClassLoaderSpec                                 : loaded 2 times (x 67B)
Class org.gradle.internal.classloader.VisitableURLClassLoader                         : loaded 2 times (x 113B)
Class org.gradle.internal.Cast                                                        : loaded 2 times (x 67B)
Class org.gradle.api.Action                                                           : loaded 2 times (x 66B)
Class org.gradle.internal.classpath.DefaultClassPath$ImmutableUniqueList$Builder      : loaded 2 times (x 71B)
Class org.gradle.api.GradleException                                                  : loaded 2 times (x 78B)
Class org.gradle.internal.IoActions                                                   : loaded 2 times (x 67B)
Class org.gradle.internal.classloader.SystemClassLoaderSpec                           : loaded 2 times (x 67B)
Class org.gradle.api.internal.classpath.GlobalCacheRootsProvider                      : loaded 2 times (x 66B)
Class org.gradle.internal.installation.CurrentGradleInstallationLocator               : loaded 2 times (x 67B)
Class org.gradle.internal.service.DefaultServiceLocator                               : loaded 2 times (x 79B)
Class org.gradle.internal.installation.CurrentGradleInstallation                      : loaded 2 times (x 69B)
Class org.gradle.util.internal.GUtil                                                  : loaded 2 times (x 67B)
Class org.gradle.internal.installation.GradleInstallation                             : loaded 2 times (x 71B)

---------------  S Y S T E M  ---------------

OS:
 Windows 11 , 64 bit Build 26100 (10.0.26100.4202)
OS uptime: 0 days 11:56 hours

CPU: total 12 (initial active 12) (6 cores per cpu, 2 threads per core) family 6 model 154 stepping 4 microcode 0x41b, cx8, cmov, fxsr, ht, mmx, 3dnowpref, sse, sse2, sse3, ssse3, sse4.1, sse4.2, popcnt, lzcnt, tsc, tscinvbit, avx, avx2, aes, erms, clmul, bmi1, bmi2, adx, sha, fma, vzeroupper, clflush, clflushopt, clwb, serialize, rdtscp, rdpid, fsrm, f16c, pku, cet_ibt, cet_ss
Processor Information for processor 0
  Max Mhz: 1300, Current Mhz: 1300, Mhz Limit: 1300
Processor Information for processor 1
  Max Mhz: 1300, Current Mhz: 1300, Mhz Limit: 1300
Processor Information for processor 2
  Max Mhz: 1300, Current Mhz: 1300, Mhz Limit: 1300
Processor Information for processor 3
  Max Mhz: 1300, Current Mhz: 1300, Mhz Limit: 1300
Processor Information for processor 4
  Max Mhz: 1300, Current Mhz: 900, Mhz Limit: 897
Processor Information for processor 5
  Max Mhz: 1300, Current Mhz: 900, Mhz Limit: 897
Processor Information for processor 6
  Max Mhz: 1300, Current Mhz: 900, Mhz Limit: 897
Processor Information for processor 7
  Max Mhz: 1300, Current Mhz: 900, Mhz Limit: 897
Processor Information for processor 8
  Max Mhz: 1300, Current Mhz: 900, Mhz Limit: 897
Processor Information for processor 9
  Max Mhz: 1300, Current Mhz: 900, Mhz Limit: 897
Processor Information for processor 10
  Max Mhz: 1300, Current Mhz: 900, Mhz Limit: 897
Processor Information for processor 11
  Max Mhz: 1300, Current Mhz: 900, Mhz Limit: 897

Memory: 4k page, system-wide physical 7886M (493M free)
TotalPageFile size 32462M (AvailPageFile size 1M)
current process WorkingSet (physical memory assigned to process): 230M, peak: 239M
current process commit charge ("private bytes"): 289M, peak: 297M

vm_info: OpenJDK 64-Bit Server VM (21.0.4+-12508038-b607.1) for windows-amd64 JRE (21.0.4+-12508038-b607.1), built on 2024-10-16T17:23:34Z by "builder" with MS VC++ 16.10 / 16.11 (VS2019)

END.
