#
# There is insufficient memory for the Java Runtime Environment to continue.
# Native memory allocation (malloc) failed to allocate 1448320 bytes. Error detail: Chunk::new
# Possible reasons:
#   The system is out of physical RAM or swap space
#   This process is running with CompressedOops enabled, and the Java Heap may be blocking the growth of the native heap
# Possible solutions:
#   Reduce memory load on the system
#   Increase physical memory or swap space
#   Check if swap backing store is full
#   Decrease Java heap size (-Xmx/-Xms)
#   Decrease number of Java threads
#   Decrease Java thread stack sizes (-Xss)
#   Set larger code cache with -XX:ReservedCodeCacheSize=
#   JVM is running with Unscaled Compressed Oops mode in which the Java heap is
#     placed in the first 4GB address space. The Java Heap base address is the
#     maximum limit for the native heap growth. Please use -XX:HeapBaseMinAddress
#     to set the Java Heap base and to place the Java Heap above 4GB virtual address.
# This output file may be truncated or incomplete.
#
#  Out of Memory Error (arena.cpp:168), pid=384, tid=16400
#
# JRE version: OpenJDK Runtime Environment (21.0.4) (build 21.0.4+-12508038-b607.1)
# Java VM: OpenJDK 64-Bit Server VM (21.0.4+-12508038-b607.1, mixed mode, tiered, compressed oops, compressed class ptrs, g1 gc, windows-amd64)
# No core dump will be written. Minidumps are not enabled by default on client versions of Windows
#

---------------  S U M M A R Y ------------

Command Line: --add-opens=java.base/java.util=ALL-UNNAMED --add-opens=java.base/java.lang=ALL-UNNAMED --add-opens=java.base/java.lang.invoke=ALL-UNNAMED --add-opens=java.prefs/java.util.prefs=ALL-UNNAMED --add-exports=jdk.compiler/com.sun.tools.javac.api=ALL-UNNAMED --add-exports=jdk.compiler/com.sun.tools.javac.util=ALL-UNNAMED --add-opens=java.base/java.nio.charset=ALL-UNNAMED --add-opens=java.base/java.net=ALL-UNNAMED --add-opens=java.base/java.util.concurrent.atomic=ALL-UNNAMED -Xmx2048m -Dfile.encoding=UTF-8 -Duser.country=ID -Duser.language=en -Duser.variant -javaagent:C:\Users\ASUS\.gradle\wrapper\dists\gradle-8.10.2-bin\a04bxjujx95o3nb99gddekhwo\gradle-8.10.2\lib\agents\gradle-instrumentation-agent-8.10.2.jar org.gradle.launcher.daemon.bootstrap.GradleDaemon 8.10.2

Host: 12th Gen Intel(R) Core(TM) i5-1235U, 12 cores, 7G,  Windows 11 , 64 bit Build 26100 (10.0.26100.4202)
Time: Sat Jun  7 10:40:51 2025 SE Asia Standard Time elapsed time: 21.064591 seconds (0d 0h 0m 21s)

---------------  T H R E A D  ---------------

Current thread (0x0000018fdabef6a0):  JavaThread "C2 CompilerThread1" daemon [_thread_in_native, id=16400, stack(0x0000001da0f00000,0x0000001da1000000) (1024K)]


Current CompileTask:
C2:  21064 8377       4       java.net.URLClassLoader$1::run (5 bytes)

Stack: [0x0000001da0f00000,0x0000001da1000000]
Native frames: (J=compiled Java code, j=interpreted, Vv=VM code, C=native code)
V  [jvm.dll+0x6ce539]
V  [jvm.dll+0x85bf03]
V  [jvm.dll+0x85e45e]
V  [jvm.dll+0x85eb43]
V  [jvm.dll+0x27dd06]
V  [jvm.dll+0xbf9cd]
V  [jvm.dll+0xbff03]
V  [jvm.dll+0x3b4deb]
V  [jvm.dll+0x1de004]
V  [jvm.dll+0x247544]
V  [jvm.dll+0x2469c1]
V  [jvm.dll+0x1c58a4]
V  [jvm.dll+0x255fec]
V  [jvm.dll+0x254536]
V  [jvm.dll+0x3efab6]
V  [jvm.dll+0x804418]
V  [jvm.dll+0x6cce0d]
C  [ucrtbase.dll+0x37b0]
C  [KERNEL32.DLL+0x2e8d7]
C  [ntdll.dll+0x3c34c]


---------------  P R O C E S S  ---------------

Threads class SMR info:
_java_thread_list=0x0000018fde187410, length=66, elements={
0x0000018fbbc571f0, 0x0000018fd5ba3bc0, 0x0000018fd5ba5190, 0x0000018fd5bd8790,
0x0000018fd5bd8e00, 0x0000018fd5bdc3e0, 0x0000018fd5be5fd0, 0x0000018fd5beed70,
0x0000018fd5c0fd60, 0x0000018fd5cc2d90, 0x0000018fd5cc5b80, 0x0000018fd5cc3420,
0x0000018fd5cc3ab0, 0x0000018fd5cc4140, 0x0000018fdc01a530, 0x0000018fdc019ea0,
0x0000018fdc01d9b0, 0x0000018fdc01e040, 0x0000018fdc01bf70, 0x0000018fdc01abc0,
0x0000018fdc01d320, 0x0000018fdc01e6d0, 0x0000018fdc01b250, 0x0000018fdc01cc90,
0x0000018fdc01c600, 0x0000018fdc01b8e0, 0x0000018fdc01f3f0, 0x0000018fdc0214c0,
0x0000018fdc01fa80, 0x0000018fdc020110, 0x0000018fdc0207a0, 0x0000018fdc020e30,
0x0000018fdb066ea0, 0x0000018fdb06a9b0, 0x0000018fdb067530, 0x0000018fdb06b040,
0x0000018fdb067bc0, 0x0000018fdb06b6d0, 0x0000018fdb06bd60, 0x0000018fdb0688e0,
0x0000018fdb06c3f0, 0x0000018fdb06ca80, 0x0000018fdb06d110, 0x0000018fdf240e40,
0x0000018fdf243c30, 0x0000018fdf2421f0, 0x0000018fdf2414d0, 0x0000018fdf242880,
0x0000018fdf2442c0, 0x0000018fdf2435a0, 0x0000018fdf241b60, 0x0000018fdf242f10,
0x0000018fde508600, 0x0000018fde50b3f0, 0x0000018fde509320, 0x0000018fde50a6d0,
0x0000018fde50a040, 0x0000018fde508c90, 0x0000018fde507f70, 0x0000018fde50ad60,
0x0000018fde50c7a0, 0x0000018fde5099b0, 0x0000018fde50ba80, 0x0000018fde50c110,
0x0000018fde50ce30, 0x0000018fdabef6a0
}

Java Threads: ( => current thread )
  0x0000018fbbc571f0 JavaThread "main"                              [_thread_blocked, id=22616, stack(0x0000001d9dd00000,0x0000001d9de00000) (1024K)]
  0x0000018fd5ba3bc0 JavaThread "Reference Handler"          daemon [_thread_blocked, id=2052, stack(0x0000001d9e500000,0x0000001d9e600000) (1024K)]
  0x0000018fd5ba5190 JavaThread "Finalizer"                  daemon [_thread_blocked, id=23540, stack(0x0000001d9e600000,0x0000001d9e700000) (1024K)]
  0x0000018fd5bd8790 JavaThread "Signal Dispatcher"          daemon [_thread_blocked, id=18568, stack(0x0000001d9e700000,0x0000001d9e800000) (1024K)]
  0x0000018fd5bd8e00 JavaThread "Attach Listener"            daemon [_thread_blocked, id=9988, stack(0x0000001d9e800000,0x0000001d9e900000) (1024K)]
  0x0000018fd5bdc3e0 JavaThread "Service Thread"             daemon [_thread_blocked, id=17396, stack(0x0000001d9e900000,0x0000001d9ea00000) (1024K)]
  0x0000018fd5be5fd0 JavaThread "Monitor Deflation Thread"   daemon [_thread_blocked, id=22884, stack(0x0000001d9ea00000,0x0000001d9eb00000) (1024K)]
  0x0000018fd5beed70 JavaThread "C2 CompilerThread0"         daemon [_thread_in_native, id=2632, stack(0x0000001d9eb00000,0x0000001d9ec00000) (1024K)]
  0x0000018fd5c0fd60 JavaThread "C1 CompilerThread0"         daemon [_thread_blocked, id=2628, stack(0x0000001d9ec00000,0x0000001d9ed00000) (1024K)]
  0x0000018fd5cc2d90 JavaThread "Common-Cleaner"             daemon [_thread_blocked, id=16744, stack(0x0000001d9ed00000,0x0000001d9ee00000) (1024K)]
  0x0000018fd5cc5b80 JavaThread "Notification Thread"        daemon [_thread_blocked, id=3496, stack(0x0000001d9ee00000,0x0000001d9ef00000) (1024K)]
  0x0000018fd5cc3420 JavaThread "Daemon health stats"               [_thread_blocked, id=9044, stack(0x0000001d9f600000,0x0000001d9f700000) (1024K)]
  0x0000018fd5cc3ab0 JavaThread "Incoming local TCP Connector on port 52815"        [_thread_in_native, id=21632, stack(0x0000001d9ef00000,0x0000001d9f000000) (1024K)]
  0x0000018fd5cc4140 JavaThread "Daemon periodic checks"            [_thread_blocked, id=22696, stack(0x0000001d9f700000,0x0000001d9f800000) (1024K)]
  0x0000018fdc01a530 JavaThread "Daemon"                            [_thread_blocked, id=1440, stack(0x0000001d9f800000,0x0000001d9f900000) (1024K)]
  0x0000018fdc019ea0 JavaThread "Handler for socket connection from /127.0.0.1:52815 to /127.0.0.1:52816"        [_thread_in_native, id=5384, stack(0x0000001d9f900000,0x0000001d9fa00000) (1024K)]
  0x0000018fdc01d9b0 JavaThread "Cancel handler"                    [_thread_blocked, id=22672, stack(0x0000001d9fa00000,0x0000001d9fb00000) (1024K)]
  0x0000018fdc01e040 JavaThread "Daemon worker"                     [_thread_in_vm, id=15404, stack(0x0000001d9fb00000,0x0000001d9fc00000) (1024K)]
  0x0000018fdc01bf70 JavaThread "Asynchronous log dispatcher for DefaultDaemonConnection: socket connection from /127.0.0.1:52815 to /127.0.0.1:52816"        [_thread_blocked, id=3020, stack(0x0000001d9fc00000,0x0000001d9fd00000) (1024K)]
  0x0000018fdc01abc0 JavaThread "Stdin handler"                     [_thread_blocked, id=18400, stack(0x0000001d9fd00000,0x0000001d9fe00000) (1024K)]
  0x0000018fdc01d320 JavaThread "Daemon client event forwarder"        [_thread_blocked, id=18652, stack(0x0000001d9fe00000,0x0000001d9ff00000) (1024K)]
  0x0000018fdc01e6d0 JavaThread "Cache worker for journal cache (C:\Users\ASUS\.gradle\caches\journal-1)"        [_thread_blocked, id=20652, stack(0x0000001da0400000,0x0000001da0500000) (1024K)]
  0x0000018fdc01b250 JavaThread "File lock request listener"        [_thread_in_native, id=3068, stack(0x0000001da0500000,0x0000001da0600000) (1024K)]
  0x0000018fdc01cc90 JavaThread "Cache worker for file hash cache (C:\Users\ASUS\.gradle\caches\8.10.2\fileHashes)"        [_thread_blocked, id=18500, stack(0x0000001da0600000,0x0000001da0700000) (1024K)]
  0x0000018fdc01c600 JavaThread "Cache worker for file hash cache (C:\Users\ASUS\AndroidStudioProjects\Laundry\.gradle\8.10.2\fileHashes)"        [_thread_blocked, id=11664, stack(0x0000001da0800000,0x0000001da0900000) (1024K)]
  0x0000018fdc01b8e0 JavaThread "Cache worker for Build Output Cleanup Cache (C:\Users\ASUS\AndroidStudioProjects\Laundry\.gradle\buildOutputCleanup)"        [_thread_blocked, id=19772, stack(0x0000001da0900000,0x0000001da0a00000) (1024K)]
  0x0000018fdc01f3f0 JavaThread "File watcher server"        daemon [_thread_in_native, id=6580, stack(0x0000001da0a00000,0x0000001da0b00000) (1024K)]
  0x0000018fdc0214c0 JavaThread "File watcher consumer"      daemon [_thread_blocked, id=15500, stack(0x0000001da0b00000,0x0000001da0c00000) (1024K)]
  0x0000018fdc01fa80 JavaThread "Cache worker for checksums cache (C:\Users\ASUS\AndroidStudioProjects\Laundry\.gradle\8.10.2\checksums)"        [_thread_blocked, id=15300, stack(0x0000001da0700000,0x0000001da0800000) (1024K)]
  0x0000018fdc020110 JavaThread "Cache worker for file content cache (C:\Users\ASUS\.gradle\caches\8.10.2\fileContent)"        [_thread_blocked, id=19884, stack(0x0000001da0c00000,0x0000001da0d00000) (1024K)]
  0x0000018fdc0207a0 JavaThread "Cache worker for cache directory md-rule (C:\Users\ASUS\.gradle\caches\8.10.2\md-rule)"        [_thread_blocked, id=12640, stack(0x0000001da0d00000,0x0000001da0e00000) (1024K)]
  0x0000018fdc020e30 JavaThread "Cache worker for cache directory md-supplier (C:\Users\ASUS\.gradle\caches\8.10.2\md-supplier)"        [_thread_blocked, id=20264, stack(0x0000001da0e00000,0x0000001da0f00000) (1024K)]
  0x0000018fdb066ea0 JavaThread "Unconstrained build operations"        [_thread_blocked, id=9908, stack(0x0000001da1000000,0x0000001da1100000) (1024K)]
  0x0000018fdb06a9b0 JavaThread "Unconstrained build operations Thread 2"        [_thread_blocked, id=13396, stack(0x0000001da1100000,0x0000001da1200000) (1024K)]
  0x0000018fdb067530 JavaThread "Unconstrained build operations Thread 3"        [_thread_blocked, id=22924, stack(0x0000001da1200000,0x0000001da1300000) (1024K)]
  0x0000018fdb06b040 JavaThread "Unconstrained build operations Thread 4"        [_thread_blocked, id=3228, stack(0x0000001da1300000,0x0000001da1400000) (1024K)]
  0x0000018fdb067bc0 JavaThread "Unconstrained build operations Thread 5"        [_thread_blocked, id=11540, stack(0x0000001da1400000,0x0000001da1500000) (1024K)]
  0x0000018fdb06b6d0 JavaThread "Unconstrained build operations Thread 6"        [_thread_blocked, id=6888, stack(0x0000001da1500000,0x0000001da1600000) (1024K)]
  0x0000018fdb06bd60 JavaThread "Unconstrained build operations Thread 7"        [_thread_blocked, id=816, stack(0x0000001da1600000,0x0000001da1700000) (1024K)]
  0x0000018fdb0688e0 JavaThread "Unconstrained build operations Thread 8"        [_thread_blocked, id=19840, stack(0x0000001da1700000,0x0000001da1800000) (1024K)]
  0x0000018fdb06c3f0 JavaThread "Unconstrained build operations Thread 9"        [_thread_blocked, id=11584, stack(0x0000001da1800000,0x0000001da1900000) (1024K)]
  0x0000018fdb06ca80 JavaThread "Unconstrained build operations Thread 10"        [_thread_blocked, id=18788, stack(0x0000001da1900000,0x0000001da1a00000) (1024K)]
  0x0000018fdb06d110 JavaThread "Unconstrained build operations Thread 11"        [_thread_blocked, id=21412, stack(0x0000001da1a00000,0x0000001da1b00000) (1024K)]
  0x0000018fdf240e40 JavaThread "Unconstrained build operations Thread 12"        [_thread_blocked, id=23416, stack(0x0000001da1b00000,0x0000001da1c00000) (1024K)]
  0x0000018fdf243c30 JavaThread "Unconstrained build operations Thread 13"        [_thread_blocked, id=20900, stack(0x0000001da1c00000,0x0000001da1d00000) (1024K)]
  0x0000018fdf2421f0 JavaThread "Unconstrained build operations Thread 14"        [_thread_blocked, id=11944, stack(0x0000001da1d00000,0x0000001da1e00000) (1024K)]
  0x0000018fdf2414d0 JavaThread "Unconstrained build operations Thread 15"        [_thread_blocked, id=20736, stack(0x0000001da1e00000,0x0000001da1f00000) (1024K)]
  0x0000018fdf242880 JavaThread "Unconstrained build operations Thread 16"        [_thread_blocked, id=10600, stack(0x0000001da1f00000,0x0000001da2000000) (1024K)]
  0x0000018fdf2442c0 JavaThread "Unconstrained build operations Thread 17"        [_thread_blocked, id=11536, stack(0x0000001da2000000,0x0000001da2100000) (1024K)]
  0x0000018fdf2435a0 JavaThread "Unconstrained build operations Thread 18"        [_thread_blocked, id=10700, stack(0x0000001da2100000,0x0000001da2200000) (1024K)]
  0x0000018fdf241b60 JavaThread "Unconstrained build operations Thread 19"        [_thread_blocked, id=23352, stack(0x0000001da2200000,0x0000001da2300000) (1024K)]
  0x0000018fdf242f10 JavaThread "Unconstrained build operations Thread 20"        [_thread_blocked, id=19064, stack(0x0000001da2300000,0x0000001da2400000) (1024K)]
  0x0000018fde508600 JavaThread "Unconstrained build operations Thread 21"        [_thread_blocked, id=15620, stack(0x0000001da2400000,0x0000001da2500000) (1024K)]
  0x0000018fde50b3f0 JavaThread "Unconstrained build operations Thread 22"        [_thread_blocked, id=20552, stack(0x0000001da2500000,0x0000001da2600000) (1024K)]
  0x0000018fde509320 JavaThread "Unconstrained build operations Thread 23"        [_thread_blocked, id=21520, stack(0x0000001da2600000,0x0000001da2700000) (1024K)]
  0x0000018fde50a6d0 JavaThread "Unconstrained build operations Thread 24"        [_thread_blocked, id=5500, stack(0x0000001da2700000,0x0000001da2800000) (1024K)]
  0x0000018fde50a040 JavaThread "Unconstrained build operations Thread 25"        [_thread_blocked, id=8996, stack(0x0000001da2800000,0x0000001da2900000) (1024K)]
  0x0000018fde508c90 JavaThread "Unconstrained build operations Thread 26"        [_thread_blocked, id=19032, stack(0x0000001da2900000,0x0000001da2a00000) (1024K)]
  0x0000018fde507f70 JavaThread "Unconstrained build operations Thread 27"        [_thread_blocked, id=9236, stack(0x0000001da2a00000,0x0000001da2b00000) (1024K)]
  0x0000018fde50ad60 JavaThread "Unconstrained build operations Thread 28"        [_thread_blocked, id=14720, stack(0x0000001da2b00000,0x0000001da2c00000) (1024K)]
  0x0000018fde50c7a0 JavaThread "Unconstrained build operations Thread 29"        [_thread_blocked, id=16820, stack(0x0000001da2c00000,0x0000001da2d00000) (1024K)]
  0x0000018fde5099b0 JavaThread "Unconstrained build operations Thread 30"        [_thread_blocked, id=9628, stack(0x0000001da2d00000,0x0000001da2e00000) (1024K)]
  0x0000018fde50ba80 JavaThread "Unconstrained build operations Thread 31"        [_thread_blocked, id=22188, stack(0x0000001da2e00000,0x0000001da2f00000) (1024K)]
  0x0000018fde50c110 JavaThread "Unconstrained build operations Thread 32"        [_thread_blocked, id=14148, stack(0x0000001da2f00000,0x0000001da3000000) (1024K)]
  0x0000018fde50ce30 JavaThread "Unconstrained build operations Thread 33"        [_thread_blocked, id=17272, stack(0x0000001da3000000,0x0000001da3100000) (1024K)]
=>0x0000018fdabef6a0 JavaThread "C2 CompilerThread1"         daemon [_thread_in_native, id=16400, stack(0x0000001da0f00000,0x0000001da1000000) (1024K)]
Total: 66

Other Threads:
  0x0000018fd58b8b30 VMThread "VM Thread"                           [id=21388, stack(0x0000001d9e400000,0x0000001d9e500000) (1024K)]
  0x0000018fd5876700 WatcherThread "VM Periodic Task Thread"        [id=7268, stack(0x0000001d9e300000,0x0000001d9e400000) (1024K)]
  0x0000018fbbd1dfa0 WorkerThread "GC Thread#0"                     [id=20680, stack(0x0000001d9de00000,0x0000001d9df00000) (1024K)]
  0x0000018fda558570 WorkerThread "GC Thread#1"                     [id=880, stack(0x0000001d9f100000,0x0000001d9f200000) (1024K)]
  0x0000018fda5229e0 WorkerThread "GC Thread#2"                     [id=18008, stack(0x0000001d9f200000,0x0000001d9f300000) (1024K)]
  0x0000018fdae9f070 WorkerThread "GC Thread#3"                     [id=416, stack(0x0000001d9f300000,0x0000001d9f400000) (1024K)]
  0x0000018fdae9f410 WorkerThread "GC Thread#4"                     [id=13772, stack(0x0000001d9f400000,0x0000001d9f500000) (1024K)]
  0x0000018fdbd8eeb0 WorkerThread "GC Thread#5"                     [id=6712, stack(0x0000001d9f000000,0x0000001d9f100000) (1024K)]
  0x0000018fdbf0d1c0 WorkerThread "GC Thread#6"                     [id=20248, stack(0x0000001d9f500000,0x0000001d9f600000) (1024K)]
  0x0000018fdbe7afb0 WorkerThread "GC Thread#7"                     [id=2560, stack(0x0000001d9ff00000,0x0000001da0000000) (1024K)]
  0x0000018fdbe7c570 WorkerThread "GC Thread#8"                     [id=12724, stack(0x0000001da0000000,0x0000001da0100000) (1024K)]
  0x0000018fdbe7ac10 WorkerThread "GC Thread#9"                     [id=8892, stack(0x0000001da0100000,0x0000001da0200000) (1024K)]
  0x0000018fbd6b50c0 ConcurrentGCThread "G1 Main Marker"            [id=18536, stack(0x0000001d9df00000,0x0000001d9e000000) (1024K)]
  0x0000018fbd6b5ad0 WorkerThread "G1 Conc#0"                       [id=18376, stack(0x0000001d9e000000,0x0000001d9e100000) (1024K)]
  0x0000018fdbe7b350 WorkerThread "G1 Conc#1"                       [id=9260, stack(0x0000001da0200000,0x0000001da0300000) (1024K)]
  0x0000018fdbe7ba90 WorkerThread "G1 Conc#2"                       [id=15616, stack(0x0000001da0300000,0x0000001da0400000) (1024K)]
  0x0000018fbd70e5f0 ConcurrentGCThread "G1 Refine#0"               [id=1880, stack(0x0000001d9e100000,0x0000001d9e200000) (1024K)]
  0x0000018fd5749220 ConcurrentGCThread "G1 Service"                [id=18996, stack(0x0000001d9e200000,0x0000001d9e300000) (1024K)]
Total: 18

Threads with active compile tasks:
C2 CompilerThread0    22105 8378   !   4       java.net.URLClassLoader$1::run (81 bytes)
C2 CompilerThread1    22105 8377       4       java.net.URLClassLoader$1::run (5 bytes)
Total: 2

VM state: not at safepoint (normal execution)

VM Mutex/Monitor currently owned by a thread: None

Heap address: 0x0000000080000000, size: 2048 MB, Compressed Oops mode: 32-bit

CDS archive(s) not mapped
Compressed class space mapped at: 0x0000000100000000-0x0000000140000000, reserved size: 1073741824
Narrow klass base: 0x0000000000000000, Narrow klass shift: 3, Narrow klass range: 0x140000000

GC Precious Log:
 CardTable entry size: 512
 Card Set container configuration: InlinePtr #cards 5 size 8 Array Of Cards #cards 12 size 40 Howl #buckets 4 coarsen threshold 1843 Howl Bitmap #cards 512 size 80 coarsen threshold 460 Card regions per heap region 1 cards per card region 2048
 CPUs: 12 total, 12 available
 Memory: 7886M
 Large Page Support: Disabled
 NUMA Support: Disabled
 Compressed Oops: Enabled (32-bit)
 Heap Region Size: 1M
 Heap Min Capacity: 8M
 Heap Initial Capacity: 124M
 Heap Max Capacity: 2G
 Pre-touch: Disabled
 Parallel Workers: 10
 Concurrent Workers: 3
 Concurrent Refinement Workers: 10
 Periodic GC: Disabled

Heap:
 garbage-first heap   total 135168K, used 90609K [0x0000000080000000, 0x0000000100000000)
  region size 1024K, 26 young (26624K), 8 survivors (8192K)
 Metaspace       used 71794K, committed 73536K, reserved 1114112K
  class space    used 9678K, committed 10560K, reserved 1048576K

Heap Regions: E=young(eden), S=young(survivor), O=old, HS=humongous(starts), HC=humongous(continues), CS=collection set, F=free, TAMS=top-at-mark-start, PB=parsable bottom
|   0|0x0000000080000000, 0x0000000080100000, 0x0000000080100000|100%| O|  |TAMS 0x0000000080000000| PB 0x0000000080000000| Untracked 
|   1|0x0000000080100000, 0x0000000080200000, 0x0000000080200000|100%| O|  |TAMS 0x0000000080100000| PB 0x0000000080100000| Untracked 
|   2|0x0000000080200000, 0x0000000080300000, 0x0000000080300000|100%| O|  |TAMS 0x0000000080200000| PB 0x0000000080200000| Untracked 
|   3|0x0000000080300000, 0x0000000080400000, 0x0000000080400000|100%|HS|  |TAMS 0x0000000080300000| PB 0x0000000080300000| Complete 
|   4|0x0000000080400000, 0x0000000080500000, 0x0000000080500000|100%|HC|  |TAMS 0x0000000080400000| PB 0x0000000080400000| Complete 
|   5|0x0000000080500000, 0x0000000080600000, 0x0000000080600000|100%|HC|  |TAMS 0x0000000080500000| PB 0x0000000080500000| Complete 
|   6|0x0000000080600000, 0x0000000080700000, 0x0000000080700000|100%|HC|  |TAMS 0x0000000080600000| PB 0x0000000080600000| Complete 
|   7|0x0000000080700000, 0x0000000080800000, 0x0000000080800000|100%|HS|  |TAMS 0x0000000080700000| PB 0x0000000080700000| Complete 
|   8|0x0000000080800000, 0x0000000080900000, 0x0000000080900000|100%| O|  |TAMS 0x0000000080800000| PB 0x0000000080800000| Untracked 
|   9|0x0000000080900000, 0x0000000080a00000, 0x0000000080a00000|100%| O|  |TAMS 0x0000000080900000| PB 0x0000000080900000| Untracked 
|  10|0x0000000080a00000, 0x0000000080b00000, 0x0000000080b00000|100%| O|  |TAMS 0x0000000080a00000| PB 0x0000000080a00000| Untracked 
|  11|0x0000000080b00000, 0x0000000080c00000, 0x0000000080c00000|100%| O|  |TAMS 0x0000000080b00000| PB 0x0000000080b00000| Untracked 
|  12|0x0000000080c00000, 0x0000000080d00000, 0x0000000080d00000|100%| O|  |TAMS 0x0000000080c00000| PB 0x0000000080c00000| Untracked 
|  13|0x0000000080d00000, 0x0000000080e00000, 0x0000000080e00000|100%| O|  |TAMS 0x0000000080d00000| PB 0x0000000080d00000| Untracked 
|  14|0x0000000080e00000, 0x0000000080f00000, 0x0000000080f00000|100%| O|  |TAMS 0x0000000080e00000| PB 0x0000000080e00000| Untracked 
|  15|0x0000000080f00000, 0x0000000081000000, 0x0000000081000000|100%| O|  |TAMS 0x0000000080f00000| PB 0x0000000080f00000| Untracked 
|  16|0x0000000081000000, 0x0000000081100000, 0x0000000081100000|100%| O|  |TAMS 0x0000000081000000| PB 0x0000000081000000| Untracked 
|  17|0x0000000081100000, 0x0000000081200000, 0x0000000081200000|100%| O|  |TAMS 0x0000000081100000| PB 0x0000000081100000| Untracked 
|  18|0x0000000081200000, 0x0000000081300000, 0x0000000081300000|100%| O|  |TAMS 0x0000000081200000| PB 0x0000000081200000| Untracked 
|  19|0x0000000081300000, 0x0000000081400000, 0x0000000081400000|100%| O|  |TAMS 0x0000000081300000| PB 0x0000000081300000| Untracked 
|  20|0x0000000081400000, 0x0000000081400000, 0x0000000081500000|  0%| F|  |TAMS 0x0000000081400000| PB 0x0000000081400000| Untracked 
|  21|0x0000000081500000, 0x0000000081600000, 0x0000000081600000|100%| O|  |TAMS 0x0000000081500000| PB 0x0000000081500000| Untracked 
|  22|0x0000000081600000, 0x0000000081700000, 0x0000000081700000|100%| O|  |TAMS 0x0000000081600000| PB 0x0000000081600000| Untracked 
|  23|0x0000000081700000, 0x0000000081800000, 0x0000000081800000|100%| O|  |TAMS 0x0000000081700000| PB 0x0000000081700000| Untracked 
|  24|0x0000000081800000, 0x0000000081900000, 0x0000000081900000|100%| O|  |TAMS 0x0000000081800000| PB 0x0000000081800000| Untracked 
|  25|0x0000000081900000, 0x0000000081a00000, 0x0000000081a00000|100%| O|  |TAMS 0x0000000081900000| PB 0x0000000081900000| Untracked 
|  26|0x0000000081a00000, 0x0000000081b00000, 0x0000000081b00000|100%| O|  |TAMS 0x0000000081a00000| PB 0x0000000081a00000| Untracked 
|  27|0x0000000081b00000, 0x0000000081c00000, 0x0000000081c00000|100%| O|  |TAMS 0x0000000081b00000| PB 0x0000000081b00000| Untracked 
|  28|0x0000000081c00000, 0x0000000081d00000, 0x0000000081d00000|100%| O|  |TAMS 0x0000000081c00000| PB 0x0000000081c00000| Untracked 
|  29|0x0000000081d00000, 0x0000000081e00000, 0x0000000081e00000|100%| O|  |TAMS 0x0000000081d00000| PB 0x0000000081d00000| Untracked 
|  30|0x0000000081e00000, 0x0000000081f00000, 0x0000000081f00000|100%| O|  |TAMS 0x0000000081e00000| PB 0x0000000081e00000| Untracked 
|  31|0x0000000081f00000, 0x0000000082000000, 0x0000000082000000|100%| O|  |TAMS 0x0000000081f00000| PB 0x0000000081f00000| Untracked 
|  32|0x0000000082000000, 0x0000000082100000, 0x0000000082100000|100%| O|  |TAMS 0x0000000082000000| PB 0x0000000082000000| Untracked 
|  33|0x0000000082100000, 0x0000000082200000, 0x0000000082200000|100%| O|  |TAMS 0x0000000082100000| PB 0x0000000082100000| Untracked 
|  34|0x0000000082200000, 0x0000000082300000, 0x0000000082300000|100%| O|  |TAMS 0x0000000082200000| PB 0x0000000082200000| Untracked 
|  35|0x0000000082300000, 0x0000000082400000, 0x0000000082400000|100%| O|  |TAMS 0x0000000082300000| PB 0x0000000082300000| Untracked 
|  36|0x0000000082400000, 0x0000000082500000, 0x0000000082500000|100%| O|  |TAMS 0x0000000082400000| PB 0x0000000082400000| Untracked 
|  37|0x0000000082500000, 0x0000000082600000, 0x0000000082600000|100%|HS|  |TAMS 0x0000000082500000| PB 0x0000000082500000| Complete 
|  38|0x0000000082600000, 0x0000000082700000, 0x0000000082700000|100%|HS|  |TAMS 0x0000000082600000| PB 0x0000000082600000| Complete 
|  39|0x0000000082700000, 0x0000000082800000, 0x0000000082800000|100%| O|  |TAMS 0x0000000082700000| PB 0x0000000082700000| Untracked 
|  40|0x0000000082800000, 0x0000000082900000, 0x0000000082900000|100%| O|  |TAMS 0x0000000082800000| PB 0x0000000082800000| Untracked 
|  41|0x0000000082900000, 0x0000000082a00000, 0x0000000082a00000|100%| O|  |TAMS 0x0000000082900000| PB 0x0000000082900000| Untracked 
|  42|0x0000000082a00000, 0x0000000082a00000, 0x0000000082b00000|  0%| F|  |TAMS 0x0000000082a00000| PB 0x0000000082a00000| Untracked 
|  43|0x0000000082b00000, 0x0000000082c00000, 0x0000000082c00000|100%|HS|  |TAMS 0x0000000082b00000| PB 0x0000000082b00000| Complete 
|  44|0x0000000082c00000, 0x0000000082d00000, 0x0000000082d00000|100%|HC|  |TAMS 0x0000000082c00000| PB 0x0000000082c00000| Complete 
|  45|0x0000000082d00000, 0x0000000082e00000, 0x0000000082e00000|100%|HS|  |TAMS 0x0000000082d00000| PB 0x0000000082d00000| Complete 
|  46|0x0000000082e00000, 0x0000000082f00000, 0x0000000082f00000|100%|HC|  |TAMS 0x0000000082e00000| PB 0x0000000082e00000| Complete 
|  47|0x0000000082f00000, 0x0000000083000000, 0x0000000083000000|100%|HS|  |TAMS 0x0000000082f00000| PB 0x0000000082f00000| Complete 
|  48|0x0000000083000000, 0x0000000083100000, 0x0000000083100000|100%|HS|  |TAMS 0x0000000083000000| PB 0x0000000083000000| Complete 
|  49|0x0000000083100000, 0x0000000083200000, 0x0000000083200000|100%|HC|  |TAMS 0x0000000083100000| PB 0x0000000083100000| Complete 
|  50|0x0000000083200000, 0x0000000083300000, 0x0000000083300000|100%|HC|  |TAMS 0x0000000083200000| PB 0x0000000083200000| Complete 
|  51|0x0000000083300000, 0x0000000083400000, 0x0000000083400000|100%|HC|  |TAMS 0x0000000083300000| PB 0x0000000083300000| Complete 
|  52|0x0000000083400000, 0x0000000083500000, 0x0000000083500000|100%|HS|  |TAMS 0x0000000083400000| PB 0x0000000083400000| Complete 
|  53|0x0000000083500000, 0x0000000083500000, 0x0000000083600000|  0%| F|  |TAMS 0x0000000083500000| PB 0x0000000083500000| Untracked 
|  54|0x0000000083600000, 0x0000000083600000, 0x0000000083700000|  0%| F|  |TAMS 0x0000000083600000| PB 0x0000000083600000| Untracked 
|  55|0x0000000083700000, 0x0000000083700000, 0x0000000083800000|  0%| F|  |TAMS 0x0000000083700000| PB 0x0000000083700000| Untracked 
|  56|0x0000000083800000, 0x0000000083800000, 0x0000000083900000|  0%| F|  |TAMS 0x0000000083800000| PB 0x0000000083800000| Untracked 
|  57|0x0000000083900000, 0x0000000083900000, 0x0000000083a00000|  0%| F|  |TAMS 0x0000000083900000| PB 0x0000000083900000| Untracked 
|  58|0x0000000083a00000, 0x0000000083a00000, 0x0000000083b00000|  0%| F|  |TAMS 0x0000000083a00000| PB 0x0000000083a00000| Untracked 
|  59|0x0000000083b00000, 0x0000000083c00000, 0x0000000083c00000|100%|HS|  |TAMS 0x0000000083b00000| PB 0x0000000083b00000| Complete 
|  60|0x0000000083c00000, 0x0000000083d00000, 0x0000000083d00000|100%|HS|  |TAMS 0x0000000083c00000| PB 0x0000000083c00000| Complete 
|  61|0x0000000083d00000, 0x0000000083d00000, 0x0000000083e00000|  0%| F|  |TAMS 0x0000000083d00000| PB 0x0000000083d00000| Untracked 
|  62|0x0000000083e00000, 0x0000000083e00000, 0x0000000083f00000|  0%| F|  |TAMS 0x0000000083e00000| PB 0x0000000083e00000| Untracked 
|  63|0x0000000083f00000, 0x0000000083f00000, 0x0000000084000000|  0%| F|  |TAMS 0x0000000083f00000| PB 0x0000000083f00000| Untracked 
|  64|0x0000000084000000, 0x0000000084000000, 0x0000000084100000|  0%| F|  |TAMS 0x0000000084000000| PB 0x0000000084000000| Untracked 
|  65|0x0000000084100000, 0x0000000084100000, 0x0000000084200000|  0%| F|  |TAMS 0x0000000084100000| PB 0x0000000084100000| Untracked 
|  66|0x0000000084200000, 0x0000000084200000, 0x0000000084300000|  0%| F|  |TAMS 0x0000000084200000| PB 0x0000000084200000| Untracked 
|  67|0x0000000084300000, 0x0000000084300000, 0x0000000084400000|  0%| F|  |TAMS 0x0000000084300000| PB 0x0000000084300000| Untracked 
|  68|0x0000000084400000, 0x0000000084400000, 0x0000000084500000|  0%| F|  |TAMS 0x0000000084400000| PB 0x0000000084400000| Untracked 
|  69|0x0000000084500000, 0x0000000084500000, 0x0000000084600000|  0%| F|  |TAMS 0x0000000084500000| PB 0x0000000084500000| Untracked 
|  70|0x0000000084600000, 0x0000000084600000, 0x0000000084700000|  0%| F|  |TAMS 0x0000000084600000| PB 0x0000000084600000| Untracked 
|  71|0x0000000084700000, 0x0000000084700000, 0x0000000084800000|  0%| F|  |TAMS 0x0000000084700000| PB 0x0000000084700000| Untracked 
|  72|0x0000000084800000, 0x0000000084800000, 0x0000000084900000|  0%| F|  |TAMS 0x0000000084800000| PB 0x0000000084800000| Untracked 
|  73|0x0000000084900000, 0x0000000084900000, 0x0000000084a00000|  0%| F|  |TAMS 0x0000000084900000| PB 0x0000000084900000| Untracked 
|  74|0x0000000084a00000, 0x0000000084a00000, 0x0000000084b00000|  0%| F|  |TAMS 0x0000000084a00000| PB 0x0000000084a00000| Untracked 
|  75|0x0000000084b00000, 0x0000000084b00000, 0x0000000084c00000|  0%| F|  |TAMS 0x0000000084b00000| PB 0x0000000084b00000| Untracked 
|  76|0x0000000084c00000, 0x0000000084c00000, 0x0000000084d00000|  0%| F|  |TAMS 0x0000000084c00000| PB 0x0000000084c00000| Untracked 
|  77|0x0000000084d00000, 0x0000000084d00000, 0x0000000084e00000|  0%| F|  |TAMS 0x0000000084d00000| PB 0x0000000084d00000| Untracked 
|  78|0x0000000084e00000, 0x0000000084e00000, 0x0000000084f00000|  0%| F|  |TAMS 0x0000000084e00000| PB 0x0000000084e00000| Untracked 
|  79|0x0000000084f00000, 0x0000000084f00000, 0x0000000085000000|  0%| F|  |TAMS 0x0000000084f00000| PB 0x0000000084f00000| Untracked 
|  80|0x0000000085000000, 0x0000000085000000, 0x0000000085100000|  0%| F|  |TAMS 0x0000000085000000| PB 0x0000000085000000| Untracked 
|  81|0x0000000085100000, 0x0000000085100000, 0x0000000085200000|  0%| F|  |TAMS 0x0000000085100000| PB 0x0000000085100000| Untracked 
|  82|0x0000000085200000, 0x0000000085200000, 0x0000000085300000|  0%| F|  |TAMS 0x0000000085200000| PB 0x0000000085200000| Untracked 
|  83|0x0000000085300000, 0x0000000085300000, 0x0000000085400000|  0%| F|  |TAMS 0x0000000085300000| PB 0x0000000085300000| Untracked 
|  84|0x0000000085400000, 0x0000000085400000, 0x0000000085500000|  0%| F|  |TAMS 0x0000000085400000| PB 0x0000000085400000| Untracked 
|  85|0x0000000085500000, 0x0000000085500000, 0x0000000085600000|  0%| F|  |TAMS 0x0000000085500000| PB 0x0000000085500000| Untracked 
|  86|0x0000000085600000, 0x0000000085600000, 0x0000000085700000|  0%| F|  |TAMS 0x0000000085600000| PB 0x0000000085600000| Untracked 
|  87|0x0000000085700000, 0x0000000085700000, 0x0000000085800000|  0%| F|  |TAMS 0x0000000085700000| PB 0x0000000085700000| Untracked 
|  88|0x0000000085800000, 0x0000000085800000, 0x0000000085900000|  0%| F|  |TAMS 0x0000000085800000| PB 0x0000000085800000| Untracked 
|  89|0x0000000085900000, 0x0000000085900000, 0x0000000085a00000|  0%| F|  |TAMS 0x0000000085900000| PB 0x0000000085900000| Untracked 
|  90|0x0000000085a00000, 0x0000000085a00000, 0x0000000085b00000|  0%| F|  |TAMS 0x0000000085a00000| PB 0x0000000085a00000| Untracked 
|  91|0x0000000085b00000, 0x0000000085b00000, 0x0000000085c00000|  0%| F|  |TAMS 0x0000000085b00000| PB 0x0000000085b00000| Untracked 
|  92|0x0000000085c00000, 0x0000000085c00000, 0x0000000085d00000|  0%| F|  |TAMS 0x0000000085c00000| PB 0x0000000085c00000| Untracked 
|  93|0x0000000085d00000, 0x0000000085d00000, 0x0000000085e00000|  0%| F|  |TAMS 0x0000000085d00000| PB 0x0000000085d00000| Untracked 
|  94|0x0000000085e00000, 0x0000000085e00000, 0x0000000085f00000|  0%| F|  |TAMS 0x0000000085e00000| PB 0x0000000085e00000| Untracked 
|  95|0x0000000085f00000, 0x0000000085fae5e8, 0x0000000086000000| 68%| E|  |TAMS 0x0000000085f00000| PB 0x0000000085f00000| Complete 
|  96|0x0000000086000000, 0x0000000086100000, 0x0000000086100000|100%| E|CS|TAMS 0x0000000086000000| PB 0x0000000086000000| Complete 
|  97|0x0000000086100000, 0x0000000086200000, 0x0000000086200000|100%| E|CS|TAMS 0x0000000086100000| PB 0x0000000086100000| Complete 
|  98|0x0000000086200000, 0x0000000086300000, 0x0000000086300000|100%| E|CS|TAMS 0x0000000086200000| PB 0x0000000086200000| Complete 
|  99|0x0000000086300000, 0x0000000086400000, 0x0000000086400000|100%| E|CS|TAMS 0x0000000086300000| PB 0x0000000086300000| Complete 
| 100|0x0000000086400000, 0x0000000086500000, 0x0000000086500000|100%| E|CS|TAMS 0x0000000086400000| PB 0x0000000086400000| Complete 
| 101|0x0000000086500000, 0x0000000086600000, 0x0000000086600000|100%| E|CS|TAMS 0x0000000086500000| PB 0x0000000086500000| Complete 
| 102|0x0000000086600000, 0x0000000086700000, 0x0000000086700000|100%| E|CS|TAMS 0x0000000086600000| PB 0x0000000086600000| Complete 
| 103|0x0000000086700000, 0x0000000086800000, 0x0000000086800000|100%| E|CS|TAMS 0x0000000086700000| PB 0x0000000086700000| Complete 
| 104|0x0000000086800000, 0x0000000086900000, 0x0000000086900000|100%| E|CS|TAMS 0x0000000086800000| PB 0x0000000086800000| Complete 
| 105|0x0000000086900000, 0x0000000086a00000, 0x0000000086a00000|100%| E|CS|TAMS 0x0000000086900000| PB 0x0000000086900000| Complete 
| 106|0x0000000086a00000, 0x0000000086b00000, 0x0000000086b00000|100%| E|CS|TAMS 0x0000000086a00000| PB 0x0000000086a00000| Complete 
| 107|0x0000000086b00000, 0x0000000086c00000, 0x0000000086c00000|100%| E|CS|TAMS 0x0000000086b00000| PB 0x0000000086b00000| Complete 
| 108|0x0000000086c00000, 0x0000000086d00000, 0x0000000086d00000|100%| E|CS|TAMS 0x0000000086c00000| PB 0x0000000086c00000| Complete 
| 109|0x0000000086d00000, 0x0000000086e00000, 0x0000000086e00000|100%| E|CS|TAMS 0x0000000086d00000| PB 0x0000000086d00000| Complete 
| 110|0x0000000086e00000, 0x0000000086f00000, 0x0000000086f00000|100%| E|CS|TAMS 0x0000000086e00000| PB 0x0000000086e00000| Complete 
| 111|0x0000000086f00000, 0x0000000087000000, 0x0000000087000000|100%| S|CS|TAMS 0x0000000086f00000| PB 0x0000000086f00000| Complete 
| 112|0x0000000087000000, 0x0000000087100000, 0x0000000087100000|100%| S|CS|TAMS 0x0000000087000000| PB 0x0000000087000000| Complete 
| 113|0x0000000087100000, 0x0000000087200000, 0x0000000087200000|100%| S|CS|TAMS 0x0000000087100000| PB 0x0000000087100000| Complete 
| 114|0x0000000087200000, 0x0000000087300000, 0x0000000087300000|100%| S|CS|TAMS 0x0000000087200000| PB 0x0000000087200000| Complete 
| 115|0x0000000087300000, 0x0000000087400000, 0x0000000087400000|100%| S|CS|TAMS 0x0000000087300000| PB 0x0000000087300000| Complete 
| 116|0x0000000087400000, 0x0000000087500000, 0x0000000087500000|100%| S|CS|TAMS 0x0000000087400000| PB 0x0000000087400000| Complete 
| 117|0x0000000087500000, 0x0000000087600000, 0x0000000087600000|100%| S|CS|TAMS 0x0000000087500000| PB 0x0000000087500000| Complete 
| 118|0x0000000087600000, 0x0000000087700000, 0x0000000087700000|100%| S|CS|TAMS 0x0000000087600000| PB 0x0000000087600000| Complete 
| 123|0x0000000087b00000, 0x0000000087c00000, 0x0000000087c00000|100%| E|CS|TAMS 0x0000000087b00000| PB 0x0000000087b00000| Complete 
|2036|0x00000000ff400000, 0x00000000ff47c4f0, 0x00000000ff500000| 48%| O|  |TAMS 0x00000000ff400000| PB 0x00000000ff400000| Untracked 
|2037|0x00000000ff500000, 0x00000000ff600000, 0x00000000ff600000|100%| O|  |TAMS 0x00000000ff500000| PB 0x00000000ff500000| Untracked 
|2038|0x00000000ff600000, 0x00000000ff700000, 0x00000000ff700000|100%| O|  |TAMS 0x00000000ff600000| PB 0x00000000ff600000| Untracked 
|2039|0x00000000ff700000, 0x00000000ff800000, 0x00000000ff800000|100%| O|  |TAMS 0x00000000ff700000| PB 0x00000000ff700000| Untracked 
|2040|0x00000000ff800000, 0x00000000ff900000, 0x00000000ff900000|100%| O|  |TAMS 0x00000000ff800000| PB 0x00000000ff800000| Untracked 
|2041|0x00000000ff900000, 0x00000000ffa00000, 0x00000000ffa00000|100%| O|  |TAMS 0x00000000ff900000| PB 0x00000000ff900000| Untracked 
|2042|0x00000000ffa00000, 0x00000000ffb00000, 0x00000000ffb00000|100%| E|CS|TAMS 0x00000000ffa00000| PB 0x00000000ffa00000| Complete 
|2043|0x00000000ffb00000, 0x00000000ffc00000, 0x00000000ffc00000|100%| O|  |TAMS 0x00000000ffb00000| PB 0x00000000ffb00000| Untracked 
|2044|0x00000000ffc00000, 0x00000000ffd00000, 0x00000000ffd00000|100%| O|  |TAMS 0x00000000ffc00000| PB 0x00000000ffc00000| Untracked 
|2045|0x00000000ffd00000, 0x00000000ffe00000, 0x00000000ffe00000|100%| O|  |TAMS 0x00000000ffd00000| PB 0x00000000ffd00000| Untracked 
|2046|0x00000000ffe00000, 0x00000000fff00000, 0x00000000fff00000|100%| O|  |TAMS 0x00000000ffe00000| PB 0x00000000ffe00000| Untracked 
|2047|0x00000000fff00000, 0x0000000100000000, 0x0000000100000000|100%| O|  |TAMS 0x00000000fff00000| PB 0x00000000fff00000| Untracked 

Card table byte_map: [0x0000018fd0890000,0x0000018fd0c90000] _byte_map_base: 0x0000018fd0490000

Marking Bits: (CMBitMap*) 0x0000018fbbd1e5b0
 Bits: [0x0000018fd0c90000, 0x0000018fd2c90000)

Polling page: 0x0000018fbbbf0000

Metaspace:

Usage:
  Non-class:     60.69 MB used.
      Class:      9.46 MB used.
       Both:     70.15 MB used.

Virtual space:
  Non-class space:       64.00 MB reserved,      61.56 MB ( 96%) committed,  1 nodes.
      Class space:        1.00 GB reserved,      10.31 MB (  1%) committed,  1 nodes.
             Both:        1.06 GB reserved,      71.88 MB (  7%) committed. 

Chunk freelists:
   Non-Class:  1.73 MB
       Class:  5.61 MB
        Both:  7.34 MB

MaxMetaspaceSize: unlimited
CompressedClassSpaceSize: 1.00 GB
Initial GC threshold: 21.00 MB
Current GC threshold: 111.50 MB
CDS: off
 - commit_granule_bytes: 65536.
 - commit_granule_words: 8192.
 - virtual_space_node_default_size: 8388608.
 - enlarge_chunks_in_place: 1.
 - use_allocation_guard: 0.


Internal statistics:

num_allocs_failed_limit: 12.
num_arena_births: 3180.
num_arena_deaths: 0.
num_vsnodes_births: 2.
num_vsnodes_deaths: 0.
num_space_committed: 1150.
num_space_uncommitted: 0.
num_chunks_returned_to_freelist: 12.
num_chunks_taken_from_freelist: 6089.
num_chunk_merges: 12.
num_chunk_splits: 3995.
num_chunks_enlarged: 2497.
num_inconsistent_stats: 0.

CodeHeap 'non-profiled nmethods': size=120000Kb used=3951Kb max_used=3951Kb free=116048Kb
 bounds [0x0000018fc82e0000, 0x0000018fc86c0000, 0x0000018fcf810000]
CodeHeap 'profiled nmethods': size=120000Kb used=14106Kb max_used=14106Kb free=105893Kb
 bounds [0x0000018fc0810000, 0x0000018fc15e0000, 0x0000018fc7d40000]
CodeHeap 'non-nmethods': size=5760Kb used=1992Kb max_used=2032Kb free=3767Kb
 bounds [0x0000018fc7d40000, 0x0000018fc7fb0000, 0x0000018fc82e0000]
 total_blobs=8281 nmethods=7520 adapters=665
 compilation: enabled
              stopped_count=0, restarted_count=0
 full_count=0

Compilation events (20 events):
Event: 15.910 Thread 0x0000018fd5beed70 nmethod 8370 0x0000018fc86b8490 code [0x0000018fc86b8920, 0x0000018fc86bb7b8]
Event: 15.910 Thread 0x0000018fd5beed70 8380       4       sun.util.locale.StringTokenIterator::nextDelimiter (116 bytes)
Event: 15.912 Thread 0x0000018fd5beed70 nmethod 8380 0x0000018fc8452a10 code [0x0000018fc8452bc0, 0x0000018fc8452de0]
Event: 15.912 Thread 0x0000018fd5beed70 8382       4       sun.util.locale.LocaleUtils::isAlphaString (33 bytes)
Event: 15.913 Thread 0x0000018fd5beed70 nmethod 8382 0x0000018fc8452510 code [0x0000018fc84526a0, 0x0000018fc8452848]
Event: 15.913 Thread 0x0000018fd5beed70 8390       4       java.lang.StringConcatHelper::stringOf (20 bytes)
Event: 15.914 Thread 0x0000018fd5beed70 nmethod 8390 0x0000018fc8452210 code [0x0000018fc84523a0, 0x0000018fc8452448]
Event: 15.914 Thread 0x0000018fd5beed70 8398       4       org.objectweb.asm.SymbolTable::addConstantClass (8 bytes)
Event: 15.914 Thread 0x0000018fd5beed70 nmethod 8398 0x0000018fc8451f10 code [0x0000018fc84520a0, 0x0000018fc8452158]
Event: 15.914 Thread 0x0000018fd5beed70 8378   !   4       java.net.URLClassLoader$1::run (81 bytes)
Event: 16.367 Thread 0x0000018fd5c0fd60 8401       1       javax.management.ObjectName::getCanonicalName (5 bytes)
Event: 16.367 Thread 0x0000018fd5c0fd60 nmethod 8401 0x0000018fc8451c10 code [0x0000018fc8451da0, 0x0000018fc8451e68]
Event: 16.980 Thread 0x0000018fd5c0fd60 8402       1       org.gradle.model.internal.asm.AsmClassGenerator::getGeneratedType (5 bytes)
Event: 16.980 Thread 0x0000018fd5c0fd60 nmethod 8402 0x0000018fc8451910 code [0x0000018fc8451aa0, 0x0000018fc8451b68]
Event: 17.373 Thread 0x0000018fd5c0fd60 8404       3       java.lang.management.ManagementFactory$$Lambda/0x00000001001377e8::apply (12 bytes)
Event: 19.007 Thread 0x0000018fd5c0fd60 nmethod 8404 0x0000018fc15d4e90 code [0x0000018fc15d5060, 0x0000018fc15d5450]
Event: 19.007 Thread 0x0000018fd5c0fd60 8405       3       java.lang.management.ManagementFactory::lambda$getPlatformMXBeans$3 (13 bytes)
Event: 19.008 Thread 0x0000018fd5c0fd60 nmethod 8405 0x0000018fc15d5590 code [0x0000018fc15d5740, 0x0000018fc15d59b0]
Event: 19.008 Thread 0x0000018fd5c0fd60 8406       3       sun.management.MemoryPoolImpl::getType (15 bytes)
Event: 19.008 Thread 0x0000018fd5c0fd60 nmethod 8406 0x0000018fc15d5a90 code [0x0000018fc15d5c40, 0x0000018fc15d5dc0]

GC Heap History (20 events):
Event: 6.617 GC heap before
{Heap before GC invocations=9 (full 0):
 garbage-first heap   total 96256K, used 88857K [0x0000000080000000, 0x0000000100000000)
  region size 1024K, 64 young (65536K), 3 survivors (3072K)
 Metaspace       used 45471K, committed 46656K, reserved 1114112K
  class space    used 6044K, committed 6592K, reserved 1048576K
}
Event: 6.625 GC heap after
{Heap after GC invocations=10 (full 0):
 garbage-first heap   total 100352K, used 33290K [0x0000000080000000, 0x0000000100000000)
  region size 1024K, 8 young (8192K), 8 survivors (8192K)
 Metaspace       used 45471K, committed 46656K, reserved 1114112K
  class space    used 6044K, committed 6592K, reserved 1048576K
}
Event: 8.133 GC heap before
{Heap before GC invocations=10 (full 0):
 garbage-first heap   total 100352K, used 84490K [0x0000000080000000, 0x0000000100000000)
  region size 1024K, 58 young (59392K), 8 survivors (8192K)
 Metaspace       used 47936K, committed 49280K, reserved 1114112K
  class space    used 6437K, committed 7104K, reserved 1048576K
}
Event: 8.138 GC heap after
{Heap after GC invocations=11 (full 0):
 garbage-first heap   total 100352K, used 35671K [0x0000000080000000, 0x0000000100000000)
  region size 1024K, 4 young (4096K), 4 survivors (4096K)
 Metaspace       used 47936K, committed 49280K, reserved 1114112K
  class space    used 6437K, committed 7104K, reserved 1048576K
}
Event: 12.039 GC heap before
{Heap before GC invocations=11 (full 0):
 garbage-first heap   total 100352K, used 86871K [0x0000000080000000, 0x0000000100000000)
  region size 1024K, 53 young (54272K), 4 survivors (4096K)
 Metaspace       used 55193K, committed 56704K, reserved 1114112K
  class space    used 7431K, committed 8192K, reserved 1048576K
}
Event: 12.043 GC heap after
{Heap after GC invocations=12 (full 0):
 garbage-first heap   total 100352K, used 37592K [0x0000000080000000, 0x0000000100000000)
  region size 1024K, 6 young (6144K), 6 survivors (6144K)
 Metaspace       used 55193K, committed 56704K, reserved 1114112K
  class space    used 7431K, committed 8192K, reserved 1048576K
}
Event: 12.426 GC heap before
{Heap before GC invocations=12 (full 0):
 garbage-first heap   total 100352K, used 64216K [0x0000000080000000, 0x0000000100000000)
  region size 1024K, 33 young (33792K), 6 survivors (6144K)
 Metaspace       used 59124K, committed 60608K, reserved 1114112K
  class space    used 8001K, committed 8768K, reserved 1048576K
}
Event: 12.431 GC heap after
{Heap after GC invocations=13 (full 0):
 garbage-first heap   total 100352K, used 38935K [0x0000000080000000, 0x0000000100000000)
  region size 1024K, 4 young (4096K), 4 survivors (4096K)
 Metaspace       used 59124K, committed 60608K, reserved 1114112K
  class space    used 8001K, committed 8768K, reserved 1048576K
}
Event: 13.360 GC heap before
{Heap before GC invocations=14 (full 0):
 garbage-first heap   total 100352K, used 89111K [0x0000000080000000, 0x0000000100000000)
  region size 1024K, 53 young (54272K), 4 survivors (4096K)
 Metaspace       used 65040K, committed 66688K, reserved 1114112K
  class space    used 8912K, committed 9728K, reserved 1048576K
}
Event: 13.366 GC heap after
{Heap after GC invocations=15 (full 0):
 garbage-first heap   total 100352K, used 42834K [0x0000000080000000, 0x0000000100000000)
  region size 1024K, 7 young (7168K), 7 survivors (7168K)
 Metaspace       used 65040K, committed 66688K, reserved 1114112K
  class space    used 8912K, committed 9728K, reserved 1048576K
}
Event: 13.877 GC heap before
{Heap before GC invocations=15 (full 0):
 garbage-first heap   total 100352K, used 86866K [0x0000000080000000, 0x0000000100000000)
  region size 1024K, 50 young (51200K), 7 survivors (7168K)
 Metaspace       used 66210K, committed 67840K, reserved 1114112K
  class space    used 9039K, committed 9856K, reserved 1048576K
}
Event: 13.886 GC heap after
{Heap after GC invocations=16 (full 0):
 garbage-first heap   total 100352K, used 47953K [0x0000000080000000, 0x0000000100000000)
  region size 1024K, 6 young (6144K), 6 survivors (6144K)
 Metaspace       used 66210K, committed 67840K, reserved 1114112K
  class space    used 9039K, committed 9856K, reserved 1048576K
}
Event: 14.149 GC heap before
{Heap before GC invocations=16 (full 0):
 garbage-first heap   total 100352K, used 86865K [0x0000000080000000, 0x0000000100000000)
  region size 1024K, 45 young (46080K), 6 survivors (6144K)
 Metaspace       used 66612K, committed 68288K, reserved 1114112K
  class space    used 9067K, committed 9920K, reserved 1048576K
}
Event: 14.155 GC heap after
{Heap after GC invocations=17 (full 0):
 garbage-first heap   total 100352K, used 49430K [0x0000000080000000, 0x0000000100000000)
  region size 1024K, 4 young (4096K), 4 survivors (4096K)
 Metaspace       used 66612K, committed 68288K, reserved 1114112K
  class space    used 9067K, committed 9920K, reserved 1048576K
}
Event: 14.324 GC heap before
{Heap before GC invocations=17 (full 0):
 garbage-first heap   total 100352K, used 88342K [0x0000000080000000, 0x0000000100000000)
  region size 1024K, 43 young (44032K), 4 survivors (4096K)
 Metaspace       used 66754K, committed 68480K, reserved 1114112K
  class space    used 9067K, committed 9920K, reserved 1048576K
}
Event: 14.328 GC heap after
{Heap after GC invocations=18 (full 0):
 garbage-first heap   total 120832K, used 50193K [0x0000000080000000, 0x0000000100000000)
  region size 1024K, 4 young (4096K), 4 survivors (4096K)
 Metaspace       used 66754K, committed 68480K, reserved 1114112K
  class space    used 9067K, committed 9920K, reserved 1048576K
}
Event: 14.547 GC heap before
{Heap before GC invocations=19 (full 0):
 garbage-first heap   total 120832K, used 105489K [0x0000000080000000, 0x0000000100000000)
  region size 1024K, 59 young (60416K), 4 survivors (4096K)
 Metaspace       used 66773K, committed 68480K, reserved 1114112K
  class space    used 9068K, committed 9920K, reserved 1048576K
}
Event: 14.551 GC heap after
{Heap after GC invocations=20 (full 0):
 garbage-first heap   total 120832K, used 51425K [0x0000000080000000, 0x0000000100000000)
  region size 1024K, 5 young (5120K), 5 survivors (5120K)
 Metaspace       used 66773K, committed 68480K, reserved 1114112K
  class space    used 9068K, committed 9920K, reserved 1048576K
}
Event: 15.666 GC heap before
{Heap before GC invocations=20 (full 0):
 garbage-first heap   total 120832K, used 119009K [0x0000000080000000, 0x0000000100000000)
  region size 1024K, 57 young (58368K), 5 survivors (5120K)
 Metaspace       used 70016K, committed 71744K, reserved 1114112K
  class space    used 9506K, committed 10368K, reserved 1048576K
}
Event: 15.675 GC heap after
{Heap after GC invocations=21 (full 0):
 garbage-first heap   total 135168K, used 73201K [0x0000000080000000, 0x0000000100000000)
  region size 1024K, 8 young (8192K), 8 survivors (8192K)
 Metaspace       used 70016K, committed 71744K, reserved 1114112K
  class space    used 9506K, committed 10368K, reserved 1048576K
}

Dll operation events (3 events):
Event: 0.006 Loaded shared library C:\Program Files\Android\Android Studio\jbr\bin\java.dll
Event: 0.011 Loaded shared library C:\Program Files\Android\Android Studio\jbr\bin\zip.dll
Event: 0.335 Loaded shared library C:\Program Files\Android\Android Studio\jbr\bin\verify.dll

Deoptimization events (20 events):
Event: 15.648 Thread 0x0000018fdc01e040 Uncommon trap: trap_request=0xffffff45 fr.pc=0x0000018fc840075c relative=0x0000000000001edc
Event: 15.648 Thread 0x0000018fdc01e040 Uncommon trap: reason=unstable_if action=reinterpret pc=0x0000018fc840075c method=java.util.zip.InflaterInputStream.read([BII)I @ 94 c2
Event: 15.648 Thread 0x0000018fdc01e040 DEOPT PACKING pc=0x0000018fc840075c sp=0x0000001d9fbf4dd0
Event: 15.648 Thread 0x0000018fdc01e040 DEOPT UNPACKING pc=0x0000018fc7d946a2 sp=0x0000001d9fbf4e20 mode 2
Event: 15.866 Thread 0x0000018fdc01e040 Uncommon trap: trap_request=0xffffffde fr.pc=0x0000018fc85ae6d0 relative=0x0000000000006b10
Event: 15.866 Thread 0x0000018fdc01e040 Uncommon trap: reason=class_check action=maybe_recompile pc=0x0000018fc85ae6d0 method=java.util.jar.JarFile.getManifestFromReference()Ljava/util/jar/Manifest; @ 152 c2
Event: 15.866 Thread 0x0000018fdc01e040 DEOPT PACKING pc=0x0000018fc85ae6d0 sp=0x0000001d9fbf6520
Event: 15.866 Thread 0x0000018fdc01e040 DEOPT UNPACKING pc=0x0000018fc7d946a2 sp=0x0000001d9fbf6328 mode 2
Event: 15.885 Thread 0x0000018fdc01e040 Uncommon trap: trap_request=0xffffffde fr.pc=0x0000018fc8511844 relative=0x00000000000003c4
Event: 15.885 Thread 0x0000018fdc01e040 Uncommon trap: reason=class_check action=maybe_recompile pc=0x0000018fc8511844 method=java.util.stream.AbstractPipeline.copyIntoWithCancel(Ljava/util/stream/Sink;Ljava/util/Spliterator;)Z @ 32 c2
Event: 15.885 Thread 0x0000018fdc01e040 DEOPT PACKING pc=0x0000018fc8511844 sp=0x0000001d9fbf5e10
Event: 15.885 Thread 0x0000018fdc01e040 DEOPT UNPACKING pc=0x0000018fc7d946a2 sp=0x0000001d9fbf5cd0 mode 2
Event: 15.885 Thread 0x0000018fdc01e040 Uncommon trap: trap_request=0xffffffde fr.pc=0x0000018fc8511844 relative=0x00000000000003c4
Event: 15.885 Thread 0x0000018fdc01e040 Uncommon trap: reason=class_check action=maybe_recompile pc=0x0000018fc8511844 method=java.util.stream.AbstractPipeline.copyIntoWithCancel(Ljava/util/stream/Sink;Ljava/util/Spliterator;)Z @ 32 c2
Event: 15.885 Thread 0x0000018fdc01e040 DEOPT PACKING pc=0x0000018fc8511844 sp=0x0000001d9fbf5e10
Event: 15.885 Thread 0x0000018fdc01e040 DEOPT UNPACKING pc=0x0000018fc7d946a2 sp=0x0000001d9fbf5cd0 mode 2
Event: 15.885 Thread 0x0000018fdc01e040 Uncommon trap: trap_request=0xffffffde fr.pc=0x0000018fc8511844 relative=0x00000000000003c4
Event: 15.885 Thread 0x0000018fdc01e040 Uncommon trap: reason=class_check action=maybe_recompile pc=0x0000018fc8511844 method=java.util.stream.AbstractPipeline.copyIntoWithCancel(Ljava/util/stream/Sink;Ljava/util/Spliterator;)Z @ 32 c2
Event: 15.885 Thread 0x0000018fdc01e040 DEOPT PACKING pc=0x0000018fc8511844 sp=0x0000001d9fbf5e10
Event: 15.885 Thread 0x0000018fdc01e040 DEOPT UNPACKING pc=0x0000018fc7d946a2 sp=0x0000001d9fbf5cd0 mode 2

Classes loaded (20 events):
Event: 15.037 Loading class java/lang/ThreadDeath
Event: 15.037 Loading class java/lang/ThreadDeath done
Event: 15.037 Loading class sun/misc/SharedSecrets
Event: 15.037 Loading class sun/misc/SharedSecrets done
Event: 15.038 Loading class sun/invoke/util/ValueConversions$1
Event: 15.039 Loading class sun/invoke/util/ValueConversions$1 done
Event: 15.039 Loading class java/lang/invoke/BoundMethodHandle$Species_LI
Event: 15.039 Loading class java/lang/invoke/BoundMethodHandle$Species_LI done
Event: 15.631 Loading class java/lang/invoke/BoundMethodHandle$Species_LJ
Event: 15.632 Loading class java/lang/invoke/BoundMethodHandle$Species_LJ done
Event: 15.665 Loading class java/io/StringReader
Event: 15.665 Loading class java/io/StringReader done
Event: 15.711 Loading class java/util/concurrent/atomic/AtomicIntegerArray
Event: 15.711 Loading class java/util/concurrent/atomic/AtomicIntegerArray done
Event: 15.713 Loading class java/util/Currency
Event: 15.714 Loading class java/util/Currency done
Event: 15.724 Loading class java/util/concurrent/atomic/AtomicLongArray
Event: 15.724 Loading class java/util/concurrent/atomic/AtomicLongArray done
Event: 15.885 Loading class sun/text/resources/cldr/FormatData_en_US
Event: 15.885 Loading class sun/text/resources/cldr/FormatData_en_US done

Classes unloaded (0 events):
No events

Classes redefined (0 events):
No events

Internal exceptions (20 events):
Event: 14.587 Thread 0x0000018fdc01e040 Exception <a 'java/lang/NoSuchMethodError'{0x0000000086e60910}: 'void java.lang.invoke.DirectMethodHandle$Holder.invokeInterface(java.lang.Object, java.lang.Object, java.lang.Object, java.lang.Object)'> (0x0000000086e60910) 
thrown [s\src\hotspot\share\interpreter\linkResolver.cpp, line 784]
Event: 14.593 Thread 0x0000018fdc01e040 Exception <a 'java/lang/NoSuchMethodError'{0x0000000086e87908}: 'long java.lang.invoke.DirectMethodHandle$Holder.invokeVirtual(java.lang.Object, java.lang.Object)'> (0x0000000086e87908) 
thrown [s\src\hotspot\share\interpreter\linkResolver.cpp, line 784]
Event: 14.602 Thread 0x0000018fdc01d320 Exception <a 'java/lang/NoSuchMethodError'{0x0000000086ec8010}: static Lorg/gradle/internal/build/event/types/DefaultOperationFinishedProgressEvent;.<clinit>()V> (0x0000000086ec8010) 
thrown [s\src\hotspot\share\prims\jni.cpp, line 1135]
Event: 14.607 Thread 0x0000018fdc01d320 Exception <a 'java/lang/NoSuchMethodError'{0x0000000086ef3028}: static Lorg/gradle/internal/build/event/types/DefaultProjectConfigurationSuccessResult;.<clinit>()V> (0x0000000086ef3028) 
thrown [s\src\hotspot\share\prims\jni.cpp, line 1135]
Event: 14.607 Thread 0x0000018fdc01d320 Exception <a 'java/lang/NoSuchMethodError'{0x0000000086ef43d0}: static Lorg/gradle/internal/build/event/types/AbstractProjectConfigurationResult;.<clinit>()V> (0x0000000086ef43d0) 
thrown [s\src\hotspot\share\prims\jni.cpp, line 1135]
Event: 14.607 Thread 0x0000018fdc01d320 Exception <a 'java/lang/NoSuchMethodError'{0x0000000086ef5c98}: static Lorg/gradle/internal/build/event/types/AbstractOperationResult;.<clinit>()V> (0x0000000086ef5c98) 
thrown [s\src\hotspot\share\prims\jni.cpp, line 1135]
Event: 14.607 Thread 0x0000018fdc01d320 Exception <a 'java/lang/NoSuchMethodError'{0x0000000086ef7130}: static Lorg/gradle/internal/build/event/types/AbstractResult;.<clinit>()V> (0x0000000086ef7130) 
thrown [s\src\hotspot\share\prims\jni.cpp, line 1135]
Event: 14.610 Thread 0x0000018fdc01d320 Exception <a 'java/lang/NoSuchMethodError'{0x0000000086d50590}: static Lorg/gradle/internal/build/event/types/DefaultPluginApplicationResult;.<clinit>()V> (0x0000000086d50590) 
thrown [s\src\hotspot\share\prims\jni.cpp, line 1135]
Event: 14.610 Thread 0x0000018fdc01d320 Exception <a 'java/lang/NoSuchMethodError'{0x0000000086d5d048}: static Lorg/gradle/internal/build/event/types/DefaultBinaryPluginIdentifier;.<clinit>()V> (0x0000000086d5d048) 
thrown [s\src\hotspot\share\prims\jni.cpp, line 1135]
Event: 14.615 Thread 0x0000018fdc01d320 Exception <a 'java/lang/NoSuchMethodError'{0x0000000086db4e00}: static Lorg/gradle/internal/build/event/types/DefaultScriptPluginIdentifier;.<clinit>()V> (0x0000000086db4e00) 
thrown [s\src\hotspot\share\prims\jni.cpp, line 1135]
Event: 14.675 Thread 0x0000018fdc01e040 Implicit null exception at 0x0000018fc85f965d to 0x0000018fc85f9b40
Event: 14.675 Thread 0x0000018fdc01e040 Implicit null exception at 0x0000018fc85fa3bf to 0x0000018fc85fa87c
Event: 14.779 Thread 0x0000018fdc01e040 Exception <a 'java/lang/NoSuchMethodError'{0x0000000086566008}: 'void java.lang.invoke.Invokers$Holder.invoke_MT(java.lang.Object, java.lang.Object, java.lang.Object, java.lang.Object)'> (0x0000000086566008) 
thrown [s\src\hotspot\share\interpreter\linkResolver.cpp, line 784]
Event: 14.798 Thread 0x0000018fdc01e040 Exception <a 'java/lang/NoSuchMethodError'{0x00000000865dece0}: 'java.lang.Object java.lang.invoke.DirectMethodHandle$Holder.invokeSpecial(java.lang.Object, java.lang.Object, java.lang.Object, int, java.lang.Object, java.lang.Object)'> (0x00000000865dece0) 
thrown [s\src\hotspot\share\interpreter\linkResolver.cpp, line 784]
Event: 15.037 Thread 0x0000018fdc01e040 Exception <a 'java/lang/ClassNotFoundException'{0x0000000085c862a0}: sun/misc/SharedSecrets> (0x0000000085c862a0) 
thrown [s\src\hotspot\share\classfile\systemDictionary.cpp, line 312]
Event: 15.037 Thread 0x0000018fdc01e040 Exception <a 'java/lang/ClassNotFoundException'{0x0000000085c878b8}: org/gradle/api/internal/plugins/DefaultObjectConfigurationActionBeanInfo> (0x0000000085c878b8) 
thrown [s\src\hotspot\share\classfile\systemDictionary.cpp, line 312]
Event: 15.037 Thread 0x0000018fdc01e040 Exception <a 'java/lang/ClassNotFoundException'{0x0000000085c9b360}: org/gradle/api/internal/plugins/DefaultObjectConfigurationActionCustomizer> (0x0000000085c9b360) 
thrown [s\src\hotspot\share\classfile\systemDictionary.cpp, line 312]
Event: 15.038 Thread 0x0000018fdc01e040 Implicit null exception at 0x0000018fc8421ae5 to 0x0000018fc8421d70
Event: 15.039 Thread 0x0000018fdc01e040 Exception <a 'java/lang/NoSuchMethodError'{0x0000000085ca88e0}: 'int java.lang.invoke.DirectMethodHandle$Holder.invokeSpecial(java.lang.Object, java.lang.Object, java.lang.Object, int)'> (0x0000000085ca88e0) 
thrown [s\src\hotspot\share\interpreter\linkResolver.cpp, line 784]
Event: 15.039 Thread 0x0000018fdc01e040 Exception <a 'java/lang/NoSuchMethodError'{0x0000000085cb9808}: 'java.lang.Object java.lang.invoke.DirectMethodHandle$Holder.invokeStatic(java.lang.Object, java.lang.Object, java.lang.Object, java.lang.Object, int)'> (0x0000000085cb9808) 
thrown [s\src\hotspot\share\interpreter\linkResolver.cpp, line 784]

ZGC Phase Switch (0 events):
No events

VM Operations (20 events):
Event: 14.149 Executing VM operation: G1CollectForAllocation (G1 Evacuation Pause)
Event: 14.155 Executing VM operation: G1CollectForAllocation (G1 Evacuation Pause) done
Event: 14.324 Executing VM operation: G1CollectForAllocation (G1 Evacuation Pause)
Event: 14.328 Executing VM operation: G1CollectForAllocation (G1 Evacuation Pause) done
Event: 14.364 Executing VM operation: G1PauseRemark
Event: 14.368 Executing VM operation: G1PauseRemark done
Event: 14.389 Executing VM operation: G1PauseCleanup
Event: 14.389 Executing VM operation: G1PauseCleanup done
Event: 14.547 Executing VM operation: G1CollectForAllocation (G1 Evacuation Pause)
Event: 14.551 Executing VM operation: G1CollectForAllocation (G1 Evacuation Pause) done
Event: 14.831 Executing VM operation: HandshakeAllThreads (Deoptimize)
Event: 14.831 Executing VM operation: HandshakeAllThreads (Deoptimize) done
Event: 15.222 Executing VM operation: ICBufferFull
Event: 15.222 Executing VM operation: ICBufferFull done
Event: 15.666 Executing VM operation: G1CollectForAllocation (G1 Evacuation Pause)
Event: 15.675 Executing VM operation: G1CollectForAllocation (G1 Evacuation Pause) done
Event: 16.678 Executing VM operation: Cleanup
Event: 16.972 Executing VM operation: Cleanup done
Event: 20.002 Executing VM operation: Cleanup
Event: 20.033 Executing VM operation: Cleanup done

Memory protections (0 events):
No events

Nmethod flushes (20 events):
Event: 14.367 Thread 0x0000018fd58b8b30 flushing  nmethod 0x0000018fc09e9c90
Event: 14.367 Thread 0x0000018fd58b8b30 flushing  nmethod 0x0000018fc0a27f90
Event: 14.367 Thread 0x0000018fd58b8b30 flushing  nmethod 0x0000018fc0a28a10
Event: 14.367 Thread 0x0000018fd58b8b30 flushing  nmethod 0x0000018fc0a2a690
Event: 14.367 Thread 0x0000018fd58b8b30 flushing  nmethod 0x0000018fc0aacf10
Event: 14.367 Thread 0x0000018fd58b8b30 flushing  nmethod 0x0000018fc0b16a10
Event: 14.367 Thread 0x0000018fd58b8b30 flushing  nmethod 0x0000018fc0b18f90
Event: 14.367 Thread 0x0000018fd58b8b30 flushing  nmethod 0x0000018fc0beff10
Event: 14.367 Thread 0x0000018fd58b8b30 flushing  nmethod 0x0000018fc0c49890
Event: 14.367 Thread 0x0000018fd58b8b30 flushing  nmethod 0x0000018fc0c4a610
Event: 14.367 Thread 0x0000018fd58b8b30 flushing  nmethod 0x0000018fc0c93390
Event: 14.367 Thread 0x0000018fd58b8b30 flushing  nmethod 0x0000018fc0c98490
Event: 14.367 Thread 0x0000018fd58b8b30 flushing  nmethod 0x0000018fc0d69610
Event: 14.367 Thread 0x0000018fd58b8b30 flushing  nmethod 0x0000018fc0d69a10
Event: 14.367 Thread 0x0000018fd58b8b30 flushing  nmethod 0x0000018fc0d6a210
Event: 14.367 Thread 0x0000018fd58b8b30 flushing  nmethod 0x0000018fc0dd0e90
Event: 14.367 Thread 0x0000018fd58b8b30 flushing  nmethod 0x0000018fc0e85c90
Event: 14.367 Thread 0x0000018fd58b8b30 flushing  nmethod 0x0000018fc0ee4490
Event: 14.367 Thread 0x0000018fd58b8b30 flushing  nmethod 0x0000018fc0ee5510
Event: 14.367 Thread 0x0000018fd58b8b30 flushing  nmethod 0x0000018fc1020410

Events (20 events):
Event: 13.642 Thread 0x0000018fdc01e040 Thread added: 0x0000018fdf242880
Event: 13.646 Thread 0x0000018fdc01e040 Thread added: 0x0000018fdf2442c0
Event: 13.653 Thread 0x0000018fdc01e040 Thread added: 0x0000018fdf2435a0
Event: 13.656 Thread 0x0000018fdc01e040 Thread added: 0x0000018fdf241b60
Event: 13.660 Thread 0x0000018fdc01e040 Thread added: 0x0000018fdf242f10
Event: 13.664 Thread 0x0000018fdc01e040 Thread added: 0x0000018fde508600
Event: 13.667 Thread 0x0000018fdc01e040 Thread added: 0x0000018fde50b3f0
Event: 14.023 Thread 0x0000018fdc01e040 Thread added: 0x0000018fde509320
Event: 14.023 Thread 0x0000018fdc01e040 Thread added: 0x0000018fde50a6d0
Event: 14.024 Thread 0x0000018fdc01e040 Thread added: 0x0000018fde50a040
Event: 14.024 Thread 0x0000018fdc01e040 Thread added: 0x0000018fde508c90
Event: 14.024 Thread 0x0000018fdc01e040 Thread added: 0x0000018fde507f70
Event: 14.025 Thread 0x0000018fdc01e040 Thread added: 0x0000018fde50ad60
Event: 14.025 Thread 0x0000018fdc01e040 Thread added: 0x0000018fde50c7a0
Event: 14.025 Thread 0x0000018fdc01e040 Thread added: 0x0000018fde5099b0
Event: 14.025 Thread 0x0000018fdc01e040 Thread added: 0x0000018fde50ba80
Event: 14.026 Thread 0x0000018fdc01e040 Thread added: 0x0000018fde50c110
Event: 14.028 Thread 0x0000018fdc01e040 Thread added: 0x0000018fde50ce30
Event: 15.131 Thread 0x0000018fdabf8970 Thread exited: 0x0000018fdabf8970
Event: 15.642 Thread 0x0000018fd5beed70 Thread added: 0x0000018fdabef6a0


Dynamic libraries:
0x00007ff6aff30000 - 0x00007ff6aff3a000 	C:\Program Files\Android\Android Studio\jbr\bin\java.exe
0x00007ffe6ac20000 - 0x00007ffe6ae85000 	C:\WINDOWS\SYSTEM32\ntdll.dll
0x00007ffe69db0000 - 0x00007ffe69e79000 	C:\WINDOWS\System32\KERNEL32.DLL
0x00007ffe682b0000 - 0x00007ffe68698000 	C:\WINDOWS\System32\KERNELBASE.dll
0x00007ffe67d70000 - 0x00007ffe67ebb000 	C:\WINDOWS\System32\ucrtbase.dll
0x00007ffe32c90000 - 0x00007ffe32ca8000 	C:\Program Files\Android\Android Studio\jbr\bin\jli.dll
0x00007ffe5fd90000 - 0x00007ffe5fdab000 	C:\Program Files\Android\Android Studio\jbr\bin\VCRUNTIME140.dll
0x00007ffe694b0000 - 0x00007ffe6967a000 	C:\WINDOWS\System32\USER32.dll
0x00007ffe68810000 - 0x00007ffe68837000 	C:\WINDOWS\System32\win32u.dll
0x00007ffe4c7c0000 - 0x00007ffe4ca5a000 	C:\WINDOWS\WinSxS\amd64_microsoft.windows.common-controls_6595b64144ccf1df_6.0.26100.4202_none_3e0698d4e335f517\COMCTL32.dll
0x00007ffe68c30000 - 0x00007ffe68c5b000 	C:\WINDOWS\System32\GDI32.dll
0x00007ffe69680000 - 0x00007ffe69729000 	C:\WINDOWS\System32\msvcrt.dll
0x00007ffe68040000 - 0x00007ffe68177000 	C:\WINDOWS\System32\gdi32full.dll
0x00007ffe686a0000 - 0x00007ffe68743000 	C:\WINDOWS\System32\msvcp_win.dll
0x00007ffe68f00000 - 0x00007ffe68f30000 	C:\WINDOWS\System32\IMM32.DLL
0x00007ffe604f0000 - 0x00007ffe604fc000 	C:\Program Files\Android\Android Studio\jbr\bin\vcruntime140_1.dll
0x00007ffe07900000 - 0x00007ffe0798d000 	C:\Program Files\Android\Android Studio\jbr\bin\msvcp140.dll
0x00007ffde0650000 - 0x00007ffde12d3000 	C:\Program Files\Android\Android Studio\jbr\bin\server\jvm.dll
0x00007ffe6aac0000 - 0x00007ffe6ab73000 	C:\WINDOWS\System32\ADVAPI32.dll
0x00007ffe69730000 - 0x00007ffe697d6000 	C:\WINDOWS\System32\sechost.dll
0x00007ffe68cf0000 - 0x00007ffe68e05000 	C:\WINDOWS\System32\RPCRT4.dll
0x00007ffe6a8c0000 - 0x00007ffe6a934000 	C:\WINDOWS\System32\WS2_32.dll
0x00007ffe4d710000 - 0x00007ffe4d71b000 	C:\WINDOWS\SYSTEM32\VERSION.dll
0x00007ffe67bc0000 - 0x00007ffe67c1e000 	C:\WINDOWS\SYSTEM32\POWRPROF.dll
0x00007ffe5c490000 - 0x00007ffe5c4c5000 	C:\WINDOWS\SYSTEM32\WINMM.dll
0x00007ffe67ba0000 - 0x00007ffe67bb4000 	C:\WINDOWS\SYSTEM32\UMPDC.dll
0x00007ffe66b30000 - 0x00007ffe66b4b000 	C:\WINDOWS\SYSTEM32\kernel.appcore.dll
0x00007ffe5fd80000 - 0x00007ffe5fd8a000 	C:\Program Files\Android\Android Studio\jbr\bin\jimage.dll
0x00007ffe65530000 - 0x00007ffe65771000 	C:\WINDOWS\SYSTEM32\DBGHELP.DLL
0x00007ffe69120000 - 0x00007ffe694a5000 	C:\WINDOWS\System32\combase.dll
0x00007ffe68e10000 - 0x00007ffe68ef1000 	C:\WINDOWS\System32\OLEAUT32.dll
0x00007ffe4a500000 - 0x00007ffe4a539000 	C:\WINDOWS\SYSTEM32\dbgcore.DLL
0x00007ffe68210000 - 0x00007ffe682a9000 	C:\WINDOWS\System32\bcryptPrimitives.dll
0x00007ffe36600000 - 0x00007ffe3660e000 	C:\Program Files\Android\Android Studio\jbr\bin\instrument.dll
0x00007ffe5e430000 - 0x00007ffe5e450000 	C:\Program Files\Android\Android Studio\jbr\bin\java.dll
0x00007ffe55760000 - 0x00007ffe55778000 	C:\Program Files\Android\Android Studio\jbr\bin\zip.dll
0x00007ffe6a170000 - 0x00007ffe6a8b2000 	C:\WINDOWS\System32\SHELL32.dll
0x00007ffe68840000 - 0x00007ffe689b4000 	C:\WINDOWS\System32\wintypes.dll
0x00007ffe659f0000 - 0x00007ffe66247000 	C:\WINDOWS\SYSTEM32\windows.storage.dll
0x00007ffe6a9c0000 - 0x00007ffe6aab1000 	C:\WINDOWS\System32\SHCORE.dll
0x00007ffe697e0000 - 0x00007ffe6984a000 	C:\WINDOWS\System32\shlwapi.dll
0x00007ffe67c80000 - 0x00007ffe67caf000 	C:\WINDOWS\SYSTEM32\profapi.dll
0x00007ffe5fd70000 - 0x00007ffe5fd80000 	C:\Program Files\Android\Android Studio\jbr\bin\net.dll
0x00007ffe55f80000 - 0x00007ffe5609e000 	C:\WINDOWS\SYSTEM32\WINHTTP.dll
0x00007ffe670a0000 - 0x00007ffe6710a000 	C:\WINDOWS\system32\mswsock.dll
0x00007ffe55190000 - 0x00007ffe551a6000 	C:\Program Files\Android\Android Studio\jbr\bin\nio.dll
0x00007ffe4cda0000 - 0x00007ffe4cdb0000 	C:\Program Files\Android\Android Studio\jbr\bin\verify.dll
0x00007ffe33210000 - 0x00007ffe33237000 	C:\Users\ASUS\.gradle\native\c067742578af261105cb4f569cf0c3c89f3d7b1fecec35dd04571415982c5e48\windows-amd64\native-platform.dll
0x00007ffe037e0000 - 0x00007ffe03924000 	C:\Users\ASUS\.gradle\native\100fb08df4bc3b14c8652ba06237920a3bd2aa13389f12d3474272988ae205f9\windows-amd64\native-platform-file-events.dll
0x00007ffe55180000 - 0x00007ffe55189000 	C:\Program Files\Android\Android Studio\jbr\bin\management.dll
0x00007ffe546b0000 - 0x00007ffe546bb000 	C:\Program Files\Android\Android Studio\jbr\bin\management_ext.dll
0x00007ffe69850000 - 0x00007ffe69858000 	C:\WINDOWS\System32\PSAPI.DLL
0x00007ffe67350000 - 0x00007ffe6736b000 	C:\WINDOWS\SYSTEM32\CRYPTSP.dll
0x00007ffe66a90000 - 0x00007ffe66aca000 	C:\WINDOWS\system32\rsaenh.dll
0x00007ffe67140000 - 0x00007ffe6716b000 	C:\WINDOWS\SYSTEM32\USERENV.dll
0x00007ffe67c50000 - 0x00007ffe67c76000 	C:\WINDOWS\SYSTEM32\bcrypt.dll
0x00007ffe67370000 - 0x00007ffe6737c000 	C:\WINDOWS\SYSTEM32\CRYPTBASE.dll
0x00007ffe66610000 - 0x00007ffe66643000 	C:\WINDOWS\SYSTEM32\IPHLPAPI.DLL
0x00007ffe6a030000 - 0x00007ffe6a03a000 	C:\WINDOWS\System32\NSI.dll
0x00007ffe5e420000 - 0x00007ffe5e429000 	C:\Program Files\Android\Android Studio\jbr\bin\extnet.dll
0x00007ffe53240000 - 0x00007ffe53248000 	C:\WINDOWS\system32\wshunix.dll

dbghelp: loaded successfully - version: 4.0.5 - missing functions: none
symbol engine: initialized successfully - sym options: 0x614 - pdb path: .;C:\Program Files\Android\Android Studio\jbr\bin;C:\WINDOWS\SYSTEM32;C:\WINDOWS\WinSxS\amd64_microsoft.windows.common-controls_6595b64144ccf1df_6.0.26100.4202_none_3e0698d4e335f517;C:\Program Files\Android\Android Studio\jbr\bin\server;C:\Users\ASUS\.gradle\native\c067742578af261105cb4f569cf0c3c89f3d7b1fecec35dd04571415982c5e48\windows-amd64;C:\Users\ASUS\.gradle\native\100fb08df4bc3b14c8652ba06237920a3bd2aa13389f12d3474272988ae205f9\windows-amd64

VM Arguments:
jvm_args: --add-opens=java.base/java.util=ALL-UNNAMED --add-opens=java.base/java.lang=ALL-UNNAMED --add-opens=java.base/java.lang.invoke=ALL-UNNAMED --add-opens=java.prefs/java.util.prefs=ALL-UNNAMED --add-exports=jdk.compiler/com.sun.tools.javac.api=ALL-UNNAMED --add-exports=jdk.compiler/com.sun.tools.javac.util=ALL-UNNAMED --add-opens=java.base/java.nio.charset=ALL-UNNAMED --add-opens=java.base/java.net=ALL-UNNAMED --add-opens=java.base/java.util.concurrent.atomic=ALL-UNNAMED -Xmx2048m -Dfile.encoding=UTF-8 -Duser.country=ID -Duser.language=en -Duser.variant -javaagent:C:\Users\ASUS\.gradle\wrapper\dists\gradle-8.10.2-bin\a04bxjujx95o3nb99gddekhwo\gradle-8.10.2\lib\agents\gradle-instrumentation-agent-8.10.2.jar 
java_command: org.gradle.launcher.daemon.bootstrap.GradleDaemon 8.10.2
java_class_path (initial): C:\Users\ASUS\.gradle\wrapper\dists\gradle-8.10.2-bin\a04bxjujx95o3nb99gddekhwo\gradle-8.10.2\lib\gradle-daemon-main-8.10.2.jar
Launcher Type: SUN_STANDARD

[Global flags]
     intx CICompilerCount                          = 4                                         {product} {ergonomic}
     uint ConcGCThreads                            = 3                                         {product} {ergonomic}
     uint G1ConcRefinementThreads                  = 10                                        {product} {ergonomic}
   size_t G1HeapRegionSize                         = 1048576                                   {product} {ergonomic}
    uintx GCDrainStackTargetSize                   = 64                                        {product} {ergonomic}
   size_t InitialHeapSize                          = 130023424                                 {product} {ergonomic}
   size_t MarkStackSize                            = 4194304                                   {product} {ergonomic}
   size_t MaxHeapSize                              = 2147483648                                {product} {command line}
   size_t MaxNewSize                               = 1287651328                                {product} {ergonomic}
   size_t MinHeapDeltaBytes                        = 1048576                                   {product} {ergonomic}
   size_t MinHeapSize                              = 8388608                                   {product} {ergonomic}
    uintx NonNMethodCodeHeapSize                   = 5839372                                {pd product} {ergonomic}
    uintx NonProfiledCodeHeapSize                  = 122909434                              {pd product} {ergonomic}
    uintx ProfiledCodeHeapSize                     = 122909434                              {pd product} {ergonomic}
    uintx ReservedCodeCacheSize                    = 251658240                              {pd product} {ergonomic}
     bool SegmentedCodeCache                       = true                                      {product} {ergonomic}
   size_t SoftMaxHeapSize                          = 2147483648                             {manageable} {ergonomic}
     bool UseCompressedOops                        = true                           {product lp64_product} {ergonomic}
     bool UseG1GC                                  = true                                      {product} {ergonomic}
     bool UseLargePagesIndividualAllocation        = false                                  {pd product} {ergonomic}

Logging:
Log output configuration:
 #0: stdout all=warning uptime,level,tags foldmultilines=false
 #1: stderr all=off uptime,level,tags foldmultilines=false

Environment Variables:
PATH=C:\Python312\Scripts\;C:\Python312\;C:\WINDOWS\system32;C:\WINDOWS;C:\WINDOWS\System32\Wbem;C:\WINDOWS\System32\WindowsPowerShell\v1.0\;C:\WINDOWS\System32\OpenSSH\;C:\Program Files\Git\cmd;C:\ProgramData\chocolatey\bin;C:\Program Files\nodejs\;C:\Program Files\dotnet\;C:\Program Files (x86)\Microsoft SQL Server\160\Tools\Binn\;C:\Program Files\Microsoft SQL Server\160\Tools\Binn\;C:\Program Files\Microsoft SQL Server\Client SDK\ODBC\170\Tools\Binn\;C:\Program Files\Microsoft SQL Server\160\DTS\Binn\;C:\Program Files (x86)\Microsoft SQL Server\160\DTS\Binn\;C:\Users\ASUS\.config\herd-lite\bin;C:\Users\ASUS\AppData\Local\Microsoft\WindowsApps;C:\Users\ASUS\AppData\Local\Programs\Microsoft VS Code\bin;C:\Users\ASUS\.dotnet\tools;C:\Users\ASUS\AppData\Roaming\npm
USERNAME=ASUS
OS=Windows_NT
PROCESSOR_IDENTIFIER=Intel64 Family 6 Model 154 Stepping 4, GenuineIntel
TMP=C:\Users\ASUS\AppData\Local\Temp
TEMP=C:\Users\ASUS\AppData\Local\Temp




Periodic native trim disabled

JNI global refs:
JNI global refs: 26, weak refs: 0

JNI global refs memory usage: 835, weak refs: 201

Process memory usage:
Resident Set Size: 345276K (4% of 8075544K total physical memory with 575952K free physical memory)

OOME stack traces (most recent first):
Classloader memory used:
Loader org.gradle.internal.classloader.VisitableURLClassLoader                         : 34233K
Loader bootstrap                                                                       : 23056K
Loader org.gradle.initialization.MixInLegacyTypesClassLoader                           : 9555K
Loader org.gradle.internal.classloader.VisitableURLClassLoader$InstrumentingVisitableURLClassLoader: 4087K
Loader jdk.internal.loader.ClassLoaders$PlatformClassLoader                            : 498K
Loader jdk.internal.loader.ClassLoaders$AppClassLoader                                 : 234K
Loader org.gradle.internal.classloader.VisitableURLClassLoader                         : 154K
Loader jdk.internal.reflect.DelegatingClassLoader                                      : 130K

Classes loaded by more than one classloader:
Class Program                                                                         : loaded 4 times (x 70B)
Class org.gradle.internal.classloader.FilteringClassLoader                            : loaded 2 times (x 101B)
Class [Lcom.google.common.base.AbstractIterator$State;                                : loaded 2 times (x 65B)
Class com.google.common.base.CharMatcher$IsEither                                     : loaded 2 times (x 107B)
Class org.gradle.internal.classloader.ClassLoaderHierarchy                            : loaded 2 times (x 66B)
Class com.google.common.collect.ImmutableList$1                                       : loaded 2 times (x 93B)
Class org.gradle.api.internal.classpath.ManifestUtil                                  : loaded 2 times (x 67B)
Class com.google.common.collect.RegularImmutableMap                                   : loaded 2 times (x 117B)
Class com.google.common.collect.ImmutableMap$MapViewOfValuesAsSingletonSets           : loaded 2 times (x 121B)
Class com.google.common.collect.UnmodifiableListIterator                              : loaded 2 times (x 91B)
Class org.gradle.internal.classloader.DefaultClassLoaderFactory                       : loaded 2 times (x 78B)
Class com.google.common.base.CharMatcher$None                                         : loaded 2 times (x 108B)
Class org.gradle.internal.classloader.ClassLoaderVisitor                              : loaded 2 times (x 72B)
Class [Lcom.google.common.collect.ImmutableMapEntry;                                  : loaded 2 times (x 65B)
Class org.gradle.api.internal.classpath.EffectiveClassPath                            : loaded 2 times (x 86B)
Class com.google.common.collect.ImmutableEnumMap                                      : loaded 2 times (x 121B)
Class com.google.common.collect.ListMultimap                                          : loaded 2 times (x 66B)
Class com.google.common.base.Splitter                                                 : loaded 2 times (x 68B)
Class org.gradle.api.internal.DefaultClassPathProvider                                : loaded 2 times (x 72B)
Class [Lorg.gradle.api.internal.ClassPathProvider;                                    : loaded 2 times (x 65B)
Class org.gradle.api.internal.ClassPathProvider                                       : loaded 2 times (x 66B)
Class com.google.common.base.AbstractIterator$State                                   : loaded 2 times (x 75B)
Class org.gradle.internal.service.UnknownServiceException                             : loaded 2 times (x 79B)
Class com.google.common.collect.MapDifference                                         : loaded 2 times (x 66B)
Class com.google.common.base.Splitter$1                                               : loaded 2 times (x 73B)
Class org.gradle.internal.classpath.TransformedClassPath                              : loaded 2 times (x 92B)
Class org.gradle.internal.classloader.InstrumentingClassLoader                        : loaded 2 times (x 66B)
Class com.google.common.collect.Iterators$ArrayItr                                    : loaded 2 times (x 93B)
Class com.google.common.collect.ImmutableCollection$Builder                           : loaded 2 times (x 72B)
Class com.google.common.collect.Platform                                              : loaded 2 times (x 67B)
Class com.google.common.collect.UnmodifiableIterator                                  : loaded 2 times (x 76B)
Class org.gradle.internal.service.ServiceLocator                                      : loaded 2 times (x 66B)
Class com.google.common.collect.AbstractMapEntry                                      : loaded 2 times (x 77B)
Class com.google.common.collect.AbstractMultimap                                      : loaded 2 times (x 119B)
Class com.google.common.collect.RegularImmutableAsList                                : loaded 2 times (x 212B)
Class com.google.common.collect.Iterators                                             : loaded 2 times (x 67B)
Class com.google.common.base.CharMatcher$RangesMatcher                                : loaded 2 times (x 108B)
Class com.google.common.collect.Lists$StringAsImmutableList                           : loaded 2 times (x 203B)
Class org.gradle.kotlin.dsl.VersionCatalogAccessorsKt                                 : loaded 2 times (x 67B)
Class com.google.common.base.CharMatcher$JavaLetterOrDigit                            : loaded 2 times (x 107B)
Class org.gradle.internal.InternalTransformer                                         : loaded 2 times (x 66B)
Class com.google.common.base.CharMatcher$And                                          : loaded 2 times (x 108B)
Class org.gradle.internal.classloader.ClasspathUtil$1                                 : loaded 2 times (x 72B)
Class com.google.common.collect.IndexedImmutableSet                                   : loaded 2 times (x 146B)
Class com.google.common.collect.ImmutableMap$1                                        : loaded 2 times (x 77B)
Class com.google.common.collect.BiMap                                                 : loaded 2 times (x 66B)
Class org.gradle.api.internal.classpath.DefaultModuleRegistry$DefaultModule           : loaded 2 times (x 82B)
Class com.google.common.collect.AbstractIterator                                      : loaded 2 times (x 78B)
Class com.google.common.math.MathPreconditions                                        : loaded 2 times (x 67B)
Class com.google.common.collect.Multiset                                              : loaded 2 times (x 66B)
Class com.google.common.collect.ArrayListMultimapGwtSerializationDependencies         : loaded 2 times (x 168B)
Class com.google.common.collect.ObjectArrays                                          : loaded 2 times (x 67B)
Class com.google.common.collect.AbstractIndexedListIterator                           : loaded 2 times (x 92B)
Class com.google.common.collect.ImmutableMapEntrySet                                  : loaded 2 times (x 147B)
Class org.gradle.api.internal.classpath.Module                                        : loaded 2 times (x 66B)
Class org.gradle.api.internal.classpath.UnknownModuleException                        : loaded 2 times (x 78B)
Class com.google.common.collect.ImmutableMap$Builder                                  : loaded 2 times (x 78B)
Class com.google.common.base.NullnessCasts                                            : loaded 2 times (x 67B)
Class org.gradle.api.internal.DefaultClassPathRegistry                                : loaded 2 times (x 72B)
Class com.google.common.collect.Multimap                                              : loaded 2 times (x 66B)
Class org.gradle.api.internal.ClassPathRegistry                                       : loaded 2 times (x 66B)
Class org.gradle.internal.classpath.DefaultClassPath$ImmutableUniqueList              : loaded 2 times (x 195B)
Class com.google.common.collect.SingletonImmutableList                                : loaded 2 times (x 203B)
Class com.google.common.collect.RegularImmutableMap$KeySet                            : loaded 2 times (x 146B)
Class Settings_gradle$1                                                               : loaded 2 times (x 70B)
Class org.gradle.internal.classpath.ClassPath                                         : loaded 2 times (x 66B)
Class org.gradle.api.UncheckedIOException                                             : loaded 2 times (x 78B)
Class com.google.common.collect.ImmutableList$ReverseImmutableList                    : loaded 2 times (x 204B)
Class com.google.common.base.JdkPattern                                               : loaded 2 times (x 71B)
Class com.google.common.collect.Iterators$1                                           : loaded 2 times (x 77B)
Class com.google.common.collect.SingletonImmutableSet                                 : loaded 2 times (x 142B)
Class com.google.common.collect.ImmutableMap$IteratorBasedImmutableMap                : loaded 2 times (x 121B)
Class com.google.common.collect.Iterators$4                                           : loaded 2 times (x 78B)
Class com.google.common.collect.ImmutableBiMap                                        : loaded 2 times (x 139B)
Class com.google.common.collect.AbstractListMultimap                                  : loaded 2 times (x 168B)
Class org.gradle.internal.installation.GradleInstallation$1                           : loaded 2 times (x 71B)
Class org.gradle.api.internal.classpath.ModuleRegistry                                : loaded 2 times (x 66B)
Class com.google.common.collect.Iterators$5                                           : loaded 2 times (x 78B)
Class com.google.common.collect.ImmutableSet$JdkBackedSetBuilderImpl                  : loaded 2 times (x 72B)
Class com.google.common.base.Splitter$SplittingIterator                               : loaded 2 times (x 80B)
Class com.google.common.base.CharMatcher$ForPredicate                                 : loaded 2 times (x 108B)
Class com.google.common.collect.ImmutableCollection                                   : loaded 2 times (x 121B)
Class com.google.common.base.CharMatcher$AnyOf                                        : loaded 2 times (x 108B)
Class org.gradle.api.internal.classpath.DefaultModuleRegistry                         : loaded 2 times (x 82B)
Class com.google.common.collect.ImmutableSet$CachingAsList                            : loaded 2 times (x 143B)
Class com.google.common.base.Converter                                                : loaded 2 times (x 86B)
Class com.google.common.collect.Lists                                                 : loaded 2 times (x 67B)
Class com.google.common.base.CharMatcher$Any                                          : loaded 2 times (x 108B)
Class com.google.common.collect.Iterators$9                                           : loaded 2 times (x 77B)
Class com.google.common.collect.AbstractMapBasedMultimap                              : loaded 2 times (x 135B)
Class com.google.common.collect.ImmutableAsList                                       : loaded 2 times (x 205B)
Class com.google.common.collect.Maps$EntryTransformer                                 : loaded 2 times (x 66B)
Class org.gradle.internal.service.ServiceLookupException                              : loaded 2 times (x 78B)
Class com.google.common.base.CharMatcher$JavaLetter                                   : loaded 2 times (x 107B)
Class org.gradle.internal.classloader.ClassLoaderFactory                              : loaded 2 times (x 66B)
Class com.google.common.base.CharMatcher$IsNot                                        : loaded 2 times (x 107B)
Class com.google.common.base.CommonPattern                                            : loaded 2 times (x 70B)
Class org.gradle.internal.service.CachingServiceLocator                               : loaded 2 times (x 78B)
Class com.google.common.math.IntMath                                                  : loaded 2 times (x 67B)
Class com.google.common.collect.Iterators$10                                          : loaded 2 times (x 77B)
Class com.google.common.collect.ImmutableMapEntry                                     : loaded 2 times (x 81B)
Class com.google.common.base.CharMatcher$JavaDigit                                    : loaded 2 times (x 107B)
Class com.google.common.collect.ImmutableMapEntry$NonTerminalImmutableMapEntry        : loaded 2 times (x 81B)
Class com.google.common.base.Function                                                 : loaded 2 times (x 66B)
Class com.google.common.collect.RegularImmutableList                                  : loaded 2 times (x 208B)
Class com.google.common.collect.ImmutableBiMapFauxverideShim                          : loaded 2 times (x 116B)
Class org.gradle.internal.classloader.ClasspathUtil                                   : loaded 2 times (x 67B)
Class com.google.common.collect.Maps                                                  : loaded 2 times (x 67B)
Class com.google.common.base.CharMatcher$JavaUpperCase                                : loaded 2 times (x 107B)
Class org.gradle.api.specs.Spec                                                       : loaded 2 times (x 66B)
Class [Lcom.google.common.collect.ImmutableEntry;                                     : loaded 2 times (x 65B)
Class Build_gradle$1                                                                  : loaded 2 times (x 74B)
Class com.google.common.collect.Maps$8                                                : loaded 2 times (x 78B)
Class com.google.common.base.CharMatcher$Invisible                                    : loaded 2 times (x 108B)
Class org.gradle.internal.classloader.VisitableURLClassLoader$InstrumentingVisitableURLClassLoader: loaded 2 times (x 119B)
Class com.google.common.math.IntMath$1                                                : loaded 2 times (x 67B)
Class org.gradle.internal.classloader.VisitableURLClassLoader$Spec                    : loaded 2 times (x 70B)
Class org.gradle.internal.classpath.DefaultClassPath                                  : loaded 2 times (x 86B)
Class com.google.common.base.AbstractIterator                                         : loaded 2 times (x 76B)
Class com.google.common.collect.RegularImmutableMap$Values                            : loaded 2 times (x 203B)
Class com.google.common.collect.ImmutableSet                                          : loaded 2 times (x 141B)
Class com.google.common.base.CharMatcher$BitSetMatcher                                : loaded 2 times (x 108B)
Class com.google.common.base.CharMatcher$Ascii                                        : loaded 2 times (x 108B)
Class org.gradle.internal.classloader.ClassLoaderSpec                                 : loaded 2 times (x 67B)
Class com.google.common.base.CharMatcher$Or                                           : loaded 2 times (x 108B)
Class Settings_gradle$1$1                                                             : loaded 2 times (x 70B)
Class org.gradle.internal.classloader.VisitableURLClassLoader                         : loaded 2 times (x 113B)
Class Settings_gradle                                                                 : loaded 2 times (x 124B)
Class org.gradle.internal.Cast                                                        : loaded 2 times (x 67B)
Class org.gradle.api.Action                                                           : loaded 2 times (x 66B)
Class com.google.common.base.CharMatcher$FastMatcher                                  : loaded 2 times (x 107B)
Class com.google.common.collect.ImmutableMap                                          : loaded 2 times (x 116B)
Class com.google.common.base.Predicate                                                : loaded 2 times (x 66B)
Class org.gradle.internal.classpath.DefaultClassPath$ImmutableUniqueList$Builder      : loaded 2 times (x 71B)
Class com.google.common.base.CharMatcher$NegatedFastMatcher                           : loaded 2 times (x 109B)
Class [Lcom.google.common.collect.AbstractMapEntry;                                   : loaded 2 times (x 65B)
Class com.google.common.collect.ImmutableEntry                                        : loaded 2 times (x 78B)
Class com.google.common.collect.ArrayListMultimap                                     : loaded 2 times (x 168B)
Class com.google.common.base.AbstractIterator$1                                       : loaded 2 times (x 67B)
Class com.google.common.base.CharMatcher$Digit                                        : loaded 2 times (x 108B)
Class org.gradle.api.GradleException                                                  : loaded 2 times (x 78B)
Class com.google.common.collect.CollectPreconditions                                  : loaded 2 times (x 67B)
Class com.google.common.base.CharMatcher$JavaIsoControl                               : loaded 2 times (x 108B)
Class com.google.common.collect.SortedMapDifference                                   : loaded 2 times (x 66B)
Class com.google.common.base.CharMatcher$JavaLowerCase                                : loaded 2 times (x 107B)
Class com.google.common.base.Splitter$1$1                                             : loaded 2 times (x 82B)
Class com.google.common.base.CharMatcher$Whitespace                                   : loaded 2 times (x 108B)
Class org.gradle.internal.IoActions                                                   : loaded 2 times (x 67B)
Class com.google.common.collect.ImmutableSet$RegularSetBuilderImpl                    : loaded 2 times (x 73B)
Class com.google.common.base.CharMatcher$SingleWidth                                  : loaded 2 times (x 108B)
Class org.gradle.internal.classloader.SystemClassLoaderSpec                           : loaded 2 times (x 67B)
Class com.google.common.collect.RegularImmutableMap$BucketOverflowException           : loaded 2 times (x 78B)
Class com.google.common.base.CharMatcher$Negated                                      : loaded 2 times (x 109B)
Class com.google.common.base.CharMatcher$Is                                           : loaded 2 times (x 107B)
Class com.google.common.collect.Hashing                                               : loaded 2 times (x 67B)
Class com.google.common.base.Preconditions                                            : loaded 2 times (x 67B)
Class com.google.common.collect.PeekingIterator                                       : loaded 2 times (x 66B)
Class com.google.common.base.CharMatcher                                              : loaded 2 times (x 107B)
Class com.google.common.base.CharMatcher$1                                            : loaded 2 times (x 109B)
Class com.google.common.base.CharMatcher$NamedFastMatcher                             : loaded 2 times (x 108B)
Class org.gradle.api.internal.classpath.GlobalCacheRootsProvider                      : loaded 2 times (x 66B)
Class com.google.common.collect.ImmutableMapEntrySet$RegularEntrySet                  : loaded 2 times (x 147B)
Class com.google.common.collect.Maps$BiMapConverter                                   : loaded 2 times (x 86B)
Class com.google.common.collect.ImmutableSet$Builder                                  : loaded 2 times (x 81B)
Class com.google.common.base.CharMatcher$InRange                                      : loaded 2 times (x 107B)
Class Build_gradle                                                                    : loaded 2 times (x 68B)
Class org.gradle.internal.installation.CurrentGradleInstallationLocator               : loaded 2 times (x 67B)
Class com.google.common.collect.ImmutableSet$EmptySetBuilderImpl                      : loaded 2 times (x 72B)
Class com.google.common.collect.ImmutableList                                         : loaded 2 times (x 202B)
Class org.gradle.internal.service.DefaultServiceLocator                               : loaded 2 times (x 79B)
Class com.google.common.collect.ImmutableSet$SetBuilderImpl                           : loaded 2 times (x 72B)
Class org.gradle.internal.installation.CurrentGradleInstallation                      : loaded 2 times (x 69B)
Class com.google.common.collect.ImmutableList$SubList                                 : loaded 2 times (x 204B)
Class org.gradle.util.internal.GUtil                                                  : loaded 2 times (x 67B)
Class com.google.common.collect.Iterators$MergingIterator                             : loaded 2 times (x 77B)
Class com.google.common.collect.RegularImmutableSet                                   : loaded 2 times (x 144B)
Class org.gradle.internal.installation.GradleInstallation                             : loaded 2 times (x 71B)
Class com.google.common.collect.Iterables                                             : loaded 2 times (x 67B)
Class com.google.common.base.Splitter$Strategy                                        : loaded 2 times (x 66B)

---------------  S Y S T E M  ---------------

OS:
 Windows 11 , 64 bit Build 26100 (10.0.26100.4202)
OS uptime: 0 days 11:58 hours

CPU: total 12 (initial active 12) (6 cores per cpu, 2 threads per core) family 6 model 154 stepping 4 microcode 0x41b, cx8, cmov, fxsr, ht, mmx, 3dnowpref, sse, sse2, sse3, ssse3, sse4.1, sse4.2, popcnt, lzcnt, tsc, tscinvbit, avx, avx2, aes, erms, clmul, bmi1, bmi2, adx, sha, fma, vzeroupper, clflush, clflushopt, clwb, serialize, rdtscp, rdpid, fsrm, f16c, pku, cet_ibt, cet_ss
Processor Information for processor 0
  Max Mhz: 1300, Current Mhz: 1300, Mhz Limit: 1300
Processor Information for processor 1
  Max Mhz: 1300, Current Mhz: 1300, Mhz Limit: 1300
Processor Information for processor 2
  Max Mhz: 1300, Current Mhz: 1300, Mhz Limit: 1300
Processor Information for processor 3
  Max Mhz: 1300, Current Mhz: 1300, Mhz Limit: 1300
Processor Information for processor 4
  Max Mhz: 1300, Current Mhz: 900, Mhz Limit: 897
Processor Information for processor 5
  Max Mhz: 1300, Current Mhz: 900, Mhz Limit: 897
Processor Information for processor 6
  Max Mhz: 1300, Current Mhz: 900, Mhz Limit: 897
Processor Information for processor 7
  Max Mhz: 1300, Current Mhz: 900, Mhz Limit: 897
Processor Information for processor 8
  Max Mhz: 1300, Current Mhz: 900, Mhz Limit: 897
Processor Information for processor 9
  Max Mhz: 1300, Current Mhz: 900, Mhz Limit: 897
Processor Information for processor 10
  Max Mhz: 1300, Current Mhz: 900, Mhz Limit: 897
Processor Information for processor 11
  Max Mhz: 1300, Current Mhz: 900, Mhz Limit: 897

Memory: 4k page, system-wide physical 7886M (562M free)
TotalPageFile size 32462M (AvailPageFile size 5M)
current process WorkingSet (physical memory assigned to process): 337M, peak: 342M
current process commit charge ("private bytes"): 394M, peak: 396M

vm_info: OpenJDK 64-Bit Server VM (21.0.4+-12508038-b607.1) for windows-amd64 JRE (21.0.4+-12508038-b607.1), built on 2024-10-16T17:23:34Z by "builder" with MS VC++ 16.10 / 16.11 (VS2019)

END.
