#
# There is insufficient memory for the Java Runtime Environment to continue.
# Native memory allocation (malloc) failed to allocate 1191888 bytes. Error detail: Chunk::new
# Possible reasons:
#   The system is out of physical RAM or swap space
#   This process is running with CompressedOops enabled, and the Java Heap may be blocking the growth of the native heap
# Possible solutions:
#   Reduce memory load on the system
#   Increase physical memory or swap space
#   Check if swap backing store is full
#   Decrease Java heap size (-Xmx/-Xms)
#   Decrease number of Java threads
#   Decrease Java thread stack sizes (-Xss)
#   Set larger code cache with -XX:ReservedCodeCacheSize=
#   JVM is running with Unscaled Compressed Oops mode in which the Java heap is
#     placed in the first 4GB address space. The Java Heap base address is the
#     maximum limit for the native heap growth. Please use -XX:HeapBaseMinAddress
#     to set the Java Heap base and to place the Java Heap above 4GB virtual address.
# This output file may be truncated or incomplete.
#
#  Out of Memory Error (arena.cpp:168), pid=14816, tid=16896
#
# JRE version: OpenJDK Runtime Environment (21.0.4) (build 21.0.4+-12508038-b607.1)
# Java VM: OpenJDK 64-Bit Server VM (21.0.4+-12508038-b607.1, mixed mode, tiered, compressed oops, compressed class ptrs, g1 gc, windows-amd64)
# No core dump will be written. Minidumps are not enabled by default on client versions of Windows
#

---------------  S U M M A R Y ------------

Command Line: --add-opens=java.base/java.util=ALL-UNNAMED --add-opens=java.base/java.lang=ALL-UNNAMED --add-opens=java.base/java.lang.invoke=ALL-UNNAMED --add-opens=java.prefs/java.util.prefs=ALL-UNNAMED --add-exports=jdk.compiler/com.sun.tools.javac.api=ALL-UNNAMED --add-exports=jdk.compiler/com.sun.tools.javac.util=ALL-UNNAMED --add-opens=java.base/java.nio.charset=ALL-UNNAMED --add-opens=java.base/java.net=ALL-UNNAMED --add-opens=java.base/java.util.concurrent.atomic=ALL-UNNAMED -Xmx2048m -Dfile.encoding=UTF-8 -Duser.country=ID -Duser.language=en -Duser.variant -javaagent:C:\Users\ASUS\.gradle\wrapper\dists\gradle-8.10.2-bin\a04bxjujx95o3nb99gddekhwo\gradle-8.10.2\lib\agents\gradle-instrumentation-agent-8.10.2.jar org.gradle.launcher.daemon.bootstrap.GradleDaemon 8.10.2

Host: 12th Gen Intel(R) Core(TM) i5-1235U, 12 cores, 7G,  Windows 11 , 64 bit Build 26100 (10.0.26100.4202)
Time: Sat Jun  7 10:37:29 2025 SE Asia Standard Time elapsed time: 10.923282 seconds (0d 0h 0m 10s)

---------------  T H R E A D  ---------------

Current thread (0x000001d64d8e91b0):  JavaThread "C2 CompilerThread0" daemon [_thread_in_native, id=16896, stack(0x0000003275400000,0x0000003275500000) (1024K)]


Current CompileTask:
C2:  10923 8156       4       org.gradle.cache.internal.btree.CachingBlockStore::read (56 bytes)

Stack: [0x0000003275400000,0x0000003275500000]
Native frames: (J=compiled Java code, j=interpreted, Vv=VM code, C=native code)
V  [jvm.dll+0x6ce539]
V  [jvm.dll+0x85bf03]
V  [jvm.dll+0x85e45e]
V  [jvm.dll+0x85eb43]
V  [jvm.dll+0x27dd06]
V  [jvm.dll+0xbf9cd]
V  [jvm.dll+0xbff03]
V  [jvm.dll+0x3b4deb]
V  [jvm.dll+0x380f07]
V  [jvm.dll+0x38037a]
V  [jvm.dll+0x2473f2]
V  [jvm.dll+0x2469c1]
V  [jvm.dll+0x1c58a4]
V  [jvm.dll+0x255fec]
V  [jvm.dll+0x254536]
V  [jvm.dll+0x3efab6]
V  [jvm.dll+0x804418]
V  [jvm.dll+0x6cce0d]
C  [ucrtbase.dll+0x37b0]
C  [KERNEL32.DLL+0x2e8d7]
C  [ntdll.dll+0x3c34c]


---------------  P R O C E S S  ---------------

Threads class SMR info:
_java_thread_list=0x000001d6543ed510, length=66, elements={
0x000001d6353c9840, 0x000001d64d8d9fe0, 0x000001d64d8dcb50, 0x000001d64d8c28f0,
0x000001d64d8c2f60, 0x000001d64d8c39c0, 0x000001d64d8c4420, 0x000001d64d8e91b0,
0x000001d64d90a190, 0x000001d64d9ce380, 0x000001d64dc05c60, 0x000001d653045590,
0x000001d653b62f40, 0x000001d653a17aa0, 0x000001d653a51d10, 0x000001d653a52b90,
0x000001d653a9a1f0, 0x000001d653a9a880, 0x000001d653a9af10, 0x000001d653a9b5a0,
0x000001d653a9c2c0, 0x000001d653a994d0, 0x000001d653a99b60, 0x000001d653a9bc30,
0x000001d65432c000, 0x000001d654329f30, 0x000001d65432c690, 0x000001d65432a5c0,
0x000001d65432ac50, 0x000001d654329210, 0x000001d6543298a0, 0x000001d65432e760,
0x000001d654e47350, 0x000001d65432edf0, 0x000001d65432b970, 0x000001d65432f480,
0x000001d6543301a0, 0x000001d65432fb10, 0x000001d654330830, 0x000001d654f4a340,
0x000001d654f4bd80, 0x000001d654f4c410, 0x000001d654f4a9d0, 0x000001d654f49cb0,
0x000001d654f4b060, 0x000001d654f4caa0, 0x000001d654f4b6f0, 0x000001d654f49620,
0x000001d656ad6470, 0x000001d656ad7eb0, 0x000001d656ad5de0, 0x000001d656ad50c0,
0x000001d656ad7820, 0x000001d656ad8540, 0x000001d656ad6b00, 0x000001d656ad7190,
0x000001d656ad5750, 0x000001d6546f9650, 0x000001d6546f82a0, 0x000001d6546f9ce0,
0x000001d6546fa370, 0x000001d6546faa00, 0x000001d6546fb090, 0x000001d6546f7c10,
0x000001d6546f8930, 0x000001d6546f8fc0
}

Java Threads: ( => current thread )
  0x000001d6353c9840 JavaThread "main"                              [_thread_blocked, id=20860, stack(0x0000003274600000,0x0000003274700000) (1024K)]
  0x000001d64d8d9fe0 JavaThread "Reference Handler"          daemon [_thread_blocked, id=1060, stack(0x0000003274e00000,0x0000003274f00000) (1024K)]
  0x000001d64d8dcb50 JavaThread "Finalizer"                  daemon [_thread_blocked, id=20020, stack(0x0000003274f00000,0x0000003275000000) (1024K)]
  0x000001d64d8c28f0 JavaThread "Signal Dispatcher"          daemon [_thread_blocked, id=18288, stack(0x0000003275000000,0x0000003275100000) (1024K)]
  0x000001d64d8c2f60 JavaThread "Attach Listener"            daemon [_thread_blocked, id=22096, stack(0x0000003275100000,0x0000003275200000) (1024K)]
  0x000001d64d8c39c0 JavaThread "Service Thread"             daemon [_thread_blocked, id=19596, stack(0x0000003275200000,0x0000003275300000) (1024K)]
  0x000001d64d8c4420 JavaThread "Monitor Deflation Thread"   daemon [_thread_blocked, id=14340, stack(0x0000003275300000,0x0000003275400000) (1024K)]
=>0x000001d64d8e91b0 JavaThread "C2 CompilerThread0"         daemon [_thread_in_native, id=16896, stack(0x0000003275400000,0x0000003275500000) (1024K)]
  0x000001d64d90a190 JavaThread "C1 CompilerThread0"         daemon [_thread_blocked, id=19908, stack(0x0000003275500000,0x0000003275600000) (1024K)]
  0x000001d64d9ce380 JavaThread "Common-Cleaner"             daemon [_thread_blocked, id=18308, stack(0x0000003275600000,0x0000003275700000) (1024K)]
  0x000001d64dc05c60 JavaThread "Notification Thread"        daemon [_thread_blocked, id=19952, stack(0x0000003275700000,0x0000003275800000) (1024K)]
  0x000001d653045590 JavaThread "Daemon health stats"               [_thread_blocked, id=3216, stack(0x0000003275f00000,0x0000003276000000) (1024K)]
  0x000001d653b62f40 JavaThread "Incoming local TCP Connector on port 52678"        [_thread_in_native, id=16840, stack(0x0000003275c00000,0x0000003275d00000) (1024K)]
  0x000001d653a17aa0 JavaThread "Daemon periodic checks"            [_thread_blocked, id=8568, stack(0x0000003276000000,0x0000003276100000) (1024K)]
  0x000001d653a51d10 JavaThread "Daemon"                            [_thread_blocked, id=22860, stack(0x0000003276100000,0x0000003276200000) (1024K)]
  0x000001d653a52b90 JavaThread "Handler for socket connection from /127.0.0.1:52678 to /127.0.0.1:52679"        [_thread_in_native, id=21100, stack(0x0000003276200000,0x0000003276300000) (1024K)]
  0x000001d653a9a1f0 JavaThread "Cancel handler"                    [_thread_blocked, id=13640, stack(0x0000003276300000,0x0000003276400000) (1024K)]
  0x000001d653a9a880 JavaThread "Daemon worker"                     [_thread_in_native, id=19920, stack(0x0000003276400000,0x0000003276500000) (1024K)]
  0x000001d653a9af10 JavaThread "Asynchronous log dispatcher for DefaultDaemonConnection: socket connection from /127.0.0.1:52678 to /127.0.0.1:52679"        [_thread_blocked, id=10348, stack(0x0000003276500000,0x0000003276600000) (1024K)]
  0x000001d653a9b5a0 JavaThread "Stdin handler"                     [_thread_blocked, id=9440, stack(0x0000003276600000,0x0000003276700000) (1024K)]
  0x000001d653a9c2c0 JavaThread "Daemon client event forwarder"        [_thread_blocked, id=20768, stack(0x0000003276700000,0x0000003276800000) (1024K)]
  0x000001d653a994d0 JavaThread "Cache worker for journal cache (C:\Users\ASUS\.gradle\caches\journal-1)"        [_thread_blocked, id=16140, stack(0x0000003276d00000,0x0000003276e00000) (1024K)]
  0x000001d653a99b60 JavaThread "File lock request listener"        [_thread_in_native, id=9520, stack(0x0000003276e00000,0x0000003276f00000) (1024K)]
  0x000001d653a9bc30 JavaThread "Cache worker for file hash cache (C:\Users\ASUS\.gradle\caches\8.10.2\fileHashes)"        [_thread_blocked, id=20112, stack(0x0000003276f00000,0x0000003277000000) (1024K)]
  0x000001d65432c000 JavaThread "Cache worker for file hash cache (C:\Users\ASUS\AndroidStudioProjects\Laundry\.gradle\8.10.2\fileHashes)"        [_thread_blocked, id=1128, stack(0x0000003277000000,0x0000003277100000) (1024K)]
  0x000001d654329f30 JavaThread "Cache worker for Build Output Cleanup Cache (C:\Users\ASUS\AndroidStudioProjects\Laundry\.gradle\buildOutputCleanup)"        [_thread_blocked, id=21856, stack(0x0000003277100000,0x0000003277200000) (1024K)]
  0x000001d65432c690 JavaThread "File watcher server"        daemon [_thread_in_native, id=1408, stack(0x0000003277200000,0x0000003277300000) (1024K)]
  0x000001d65432a5c0 JavaThread "File watcher consumer"      daemon [_thread_blocked, id=17220, stack(0x0000003277300000,0x0000003277400000) (1024K)]
  0x000001d65432ac50 JavaThread "Cache worker for checksums cache (C:\Users\ASUS\AndroidStudioProjects\Laundry\.gradle\8.10.2\checksums)"        [_thread_blocked, id=17020, stack(0x0000003277400000,0x0000003277500000) (1024K)]
  0x000001d654329210 JavaThread "Cache worker for file content cache (C:\Users\ASUS\.gradle\caches\8.10.2\fileContent)"        [_thread_blocked, id=22504, stack(0x0000003277500000,0x0000003277600000) (1024K)]
  0x000001d6543298a0 JavaThread "Cache worker for cache directory md-rule (C:\Users\ASUS\.gradle\caches\8.10.2\md-rule)"        [_thread_blocked, id=19872, stack(0x0000003277600000,0x0000003277700000) (1024K)]
  0x000001d65432e760 JavaThread "Cache worker for cache directory md-supplier (C:\Users\ASUS\.gradle\caches\8.10.2\md-supplier)"        [_thread_blocked, id=9916, stack(0x0000003277700000,0x0000003277800000) (1024K)]
  0x000001d654e47350 JavaThread "C2 CompilerThread1"         daemon [_thread_in_native, id=8372, stack(0x0000003277800000,0x0000003277900000) (1024K)]
  0x000001d65432edf0 JavaThread "Unconstrained build operations"        [_thread_blocked, id=13884, stack(0x0000003277900000,0x0000003277a00000) (1024K)]
  0x000001d65432b970 JavaThread "Unconstrained build operations Thread 2"        [_thread_blocked, id=10116, stack(0x0000003277a00000,0x0000003277b00000) (1024K)]
  0x000001d65432f480 JavaThread "Unconstrained build operations Thread 3"        [_thread_blocked, id=4208, stack(0x0000003277b00000,0x0000003277c00000) (1024K)]
  0x000001d6543301a0 JavaThread "Unconstrained build operations Thread 4"        [_thread_blocked, id=12448, stack(0x0000003277c00000,0x0000003277d00000) (1024K)]
  0x000001d65432fb10 JavaThread "Unconstrained build operations Thread 5"        [_thread_blocked, id=17440, stack(0x0000003277d00000,0x0000003277e00000) (1024K)]
  0x000001d654330830 JavaThread "Unconstrained build operations Thread 6"        [_thread_blocked, id=21152, stack(0x0000003277e00000,0x0000003277f00000) (1024K)]
  0x000001d654f4a340 JavaThread "Unconstrained build operations Thread 7"        [_thread_blocked, id=2888, stack(0x0000003277f00000,0x0000003278000000) (1024K)]
  0x000001d654f4bd80 JavaThread "Unconstrained build operations Thread 8"        [_thread_blocked, id=22596, stack(0x0000003278000000,0x0000003278100000) (1024K)]
  0x000001d654f4c410 JavaThread "Unconstrained build operations Thread 9"        [_thread_blocked, id=21204, stack(0x0000003278100000,0x0000003278200000) (1024K)]
  0x000001d654f4a9d0 JavaThread "Unconstrained build operations Thread 10"        [_thread_blocked, id=9248, stack(0x0000003278200000,0x0000003278300000) (1024K)]
  0x000001d654f49cb0 JavaThread "Unconstrained build operations Thread 11"        [_thread_blocked, id=8940, stack(0x0000003278300000,0x0000003278400000) (1024K)]
  0x000001d654f4b060 JavaThread "Unconstrained build operations Thread 12"        [_thread_blocked, id=21932, stack(0x0000003278400000,0x0000003278500000) (1024K)]
  0x000001d654f4caa0 JavaThread "Unconstrained build operations Thread 13"        [_thread_blocked, id=19880, stack(0x0000003278500000,0x0000003278600000) (1024K)]
  0x000001d654f4b6f0 JavaThread "Unconstrained build operations Thread 14"        [_thread_blocked, id=21436, stack(0x0000003278600000,0x0000003278700000) (1024K)]
  0x000001d654f49620 JavaThread "Unconstrained build operations Thread 15"        [_thread_blocked, id=9276, stack(0x0000003278700000,0x0000003278800000) (1024K)]
  0x000001d656ad6470 JavaThread "Unconstrained build operations Thread 16"        [_thread_blocked, id=16756, stack(0x0000003278800000,0x0000003278900000) (1024K)]
  0x000001d656ad7eb0 JavaThread "Unconstrained build operations Thread 17"        [_thread_blocked, id=7088, stack(0x0000003278900000,0x0000003278a00000) (1024K)]
  0x000001d656ad5de0 JavaThread "Unconstrained build operations Thread 18"        [_thread_blocked, id=20372, stack(0x0000003278a00000,0x0000003278b00000) (1024K)]
  0x000001d656ad50c0 JavaThread "Unconstrained build operations Thread 19"        [_thread_blocked, id=17188, stack(0x0000003278b00000,0x0000003278c00000) (1024K)]
  0x000001d656ad7820 JavaThread "Unconstrained build operations Thread 20"        [_thread_blocked, id=20144, stack(0x0000003278c00000,0x0000003278d00000) (1024K)]
  0x000001d656ad8540 JavaThread "Unconstrained build operations Thread 21"        [_thread_blocked, id=17148, stack(0x0000003278d00000,0x0000003278e00000) (1024K)]
  0x000001d656ad6b00 JavaThread "Unconstrained build operations Thread 22"        [_thread_blocked, id=4044, stack(0x0000003278e00000,0x0000003278f00000) (1024K)]
  0x000001d656ad7190 JavaThread "Unconstrained build operations Thread 23"        [_thread_blocked, id=6160, stack(0x0000003278f00000,0x0000003279000000) (1024K)]
  0x000001d656ad5750 JavaThread "Unconstrained build operations Thread 24"        [_thread_blocked, id=11648, stack(0x0000003279000000,0x0000003279100000) (1024K)]
  0x000001d6546f9650 JavaThread "Unconstrained build operations Thread 25"        [_thread_blocked, id=3668, stack(0x0000003279100000,0x0000003279200000) (1024K)]
  0x000001d6546f82a0 JavaThread "Unconstrained build operations Thread 26"        [_thread_blocked, id=7556, stack(0x0000003279200000,0x0000003279300000) (1024K)]
  0x000001d6546f9ce0 JavaThread "Unconstrained build operations Thread 27"        [_thread_blocked, id=5440, stack(0x0000003279300000,0x0000003279400000) (1024K)]
  0x000001d6546fa370 JavaThread "Unconstrained build operations Thread 28"        [_thread_blocked, id=22748, stack(0x0000003279400000,0x0000003279500000) (1024K)]
  0x000001d6546faa00 JavaThread "Unconstrained build operations Thread 29"        [_thread_blocked, id=23308, stack(0x0000003279500000,0x0000003279600000) (1024K)]
  0x000001d6546fb090 JavaThread "Unconstrained build operations Thread 30"        [_thread_blocked, id=22408, stack(0x0000003279600000,0x0000003279700000) (1024K)]
  0x000001d6546f7c10 JavaThread "Unconstrained build operations Thread 31"        [_thread_blocked, id=19520, stack(0x0000003279700000,0x0000003279800000) (1024K)]
  0x000001d6546f8930 JavaThread "Unconstrained build operations Thread 32"        [_thread_blocked, id=20880, stack(0x0000003279800000,0x0000003279900000) (1024K)]
  0x000001d6546f8fc0 JavaThread "Unconstrained build operations Thread 33"        [_thread_blocked, id=3536, stack(0x0000003279900000,0x0000003279a00000) (1024K)]
Total: 66

Other Threads:
  0x000001d64d6b4ce0 VMThread "VM Thread"                           [id=14188, stack(0x0000003274d00000,0x0000003274e00000) (1024K)]
  0x000001d64d6a3320 WatcherThread "VM Periodic Task Thread"        [id=192, stack(0x0000003274c00000,0x0000003274d00000) (1024K)]
  0x000001d635423b80 WorkerThread "GC Thread#0"                     [id=5548, stack(0x0000003274700000,0x0000003274800000) (1024K)]
  0x000001d64d6b6640 WorkerThread "GC Thread#1"                     [id=14924, stack(0x0000003275800000,0x0000003275900000) (1024K)]
  0x000001d64d6b57c0 WorkerThread "GC Thread#2"                     [id=9464, stack(0x0000003275900000,0x0000003275a00000) (1024K)]
  0x000001d64d6b5b60 WorkerThread "GC Thread#3"                     [id=18776, stack(0x0000003275a00000,0x0000003275b00000) (1024K)]
  0x000001d64d6b5080 WorkerThread "GC Thread#4"                     [id=13432, stack(0x0000003275b00000,0x0000003275c00000) (1024K)]
  0x000001d6537c0ce0 WorkerThread "GC Thread#5"                     [id=10668, stack(0x0000003275d00000,0x0000003275e00000) (1024K)]
  0x000001d6537c0200 WorkerThread "GC Thread#6"                     [id=16860, stack(0x0000003275e00000,0x0000003275f00000) (1024K)]
  0x000001d6537befe0 WorkerThread "GC Thread#7"                     [id=19500, stack(0x0000003276800000,0x0000003276900000) (1024K)]
  0x000001d6537c05a0 WorkerThread "GC Thread#8"                     [id=17936, stack(0x0000003276900000,0x0000003276a00000) (1024K)]
  0x000001d6537c1b60 WorkerThread "GC Thread#9"                     [id=13612, stack(0x0000003276a00000,0x0000003276b00000) (1024K)]
  0x000001d635434a70 ConcurrentGCThread "G1 Main Marker"            [id=9460, stack(0x0000003274800000,0x0000003274900000) (1024K)]
  0x000001d6354362c0 WorkerThread "G1 Conc#0"                       [id=1424, stack(0x0000003274900000,0x0000003274a00000) (1024K)]
  0x000001d6537bec40 WorkerThread "G1 Conc#1"                       [id=4188, stack(0x0000003276b00000,0x0000003276c00000) (1024K)]
  0x000001d6537c17c0 WorkerThread "G1 Conc#2"                       [id=10956, stack(0x0000003276c00000,0x0000003276d00000) (1024K)]
  0x000001d64d56ff10 ConcurrentGCThread "G1 Refine#0"               [id=10748, stack(0x0000003274a00000,0x0000003274b00000) (1024K)]
  0x000001d64d570730 ConcurrentGCThread "G1 Service"                [id=22380, stack(0x0000003274b00000,0x0000003274c00000) (1024K)]
Total: 18

Threads with active compile tasks:
C2 CompilerThread0    10956 8156       4       org.gradle.cache.internal.btree.CachingBlockStore::read (56 bytes)
C2 CompilerThread1    10956 8151       4       org.gradle.cache.internal.btree.FreeListBlockStore::read (12 bytes)
Total: 2

VM state: not at safepoint (normal execution)

VM Mutex/Monitor currently owned by a thread:  ([mutex/lock_event])
[0x00007ffde11f5d78] MethodCompileQueue_lock - owner thread: 0x000001d654e47350
[0x00007ffde11f71f8] CodeCache_lock - owner thread: 0x000001d654e47350
[0x00007ffde11f7378] Compile_lock - owner thread: 0x000001d654e47350

Heap address: 0x0000000080000000, size: 2048 MB, Compressed Oops mode: 32-bit

CDS archive(s) not mapped
Compressed class space mapped at: 0x0000000100000000-0x0000000140000000, reserved size: 1073741824
Narrow klass base: 0x0000000000000000, Narrow klass shift: 3, Narrow klass range: 0x140000000

GC Precious Log:
 CardTable entry size: 512
 Card Set container configuration: InlinePtr #cards 5 size 8 Array Of Cards #cards 12 size 40 Howl #buckets 4 coarsen threshold 1843 Howl Bitmap #cards 512 size 80 coarsen threshold 460 Card regions per heap region 1 cards per card region 2048
 CPUs: 12 total, 12 available
 Memory: 7886M
 Large Page Support: Disabled
 NUMA Support: Disabled
 Compressed Oops: Enabled (32-bit)
 Heap Region Size: 1M
 Heap Min Capacity: 8M
 Heap Initial Capacity: 124M
 Heap Max Capacity: 2G
 Pre-touch: Disabled
 Parallel Workers: 10
 Concurrent Workers: 3
 Concurrent Refinement Workers: 10
 Periodic GC: Disabled

Heap:
 garbage-first heap   total 104448K, used 55874K [0x0000000080000000, 0x0000000100000000)
  region size 1024K, 9 young (9216K), 4 survivors (4096K)
 Metaspace       used 66985K, committed 68736K, reserved 1114112K
  class space    used 9115K, committed 9984K, reserved 1048576K

Heap Regions: E=young(eden), S=young(survivor), O=old, HS=humongous(starts), HC=humongous(continues), CS=collection set, F=free, TAMS=top-at-mark-start, PB=parsable bottom
|   0|0x0000000080000000, 0x0000000080100000, 0x0000000080100000|100%| O|  |TAMS 0x0000000080000000| PB 0x0000000080000000| Untracked 
|   1|0x0000000080100000, 0x0000000080200000, 0x0000000080200000|100%| O|  |TAMS 0x0000000080100000| PB 0x0000000080100000| Untracked 
|   2|0x0000000080200000, 0x0000000080300000, 0x0000000080300000|100%| O|  |TAMS 0x0000000080200000| PB 0x0000000080200000| Untracked 
|   3|0x0000000080300000, 0x0000000080400000, 0x0000000080400000|100%|HS|  |TAMS 0x0000000080300000| PB 0x0000000080300000| Complete 
|   4|0x0000000080400000, 0x0000000080500000, 0x0000000080500000|100%|HC|  |TAMS 0x0000000080400000| PB 0x0000000080400000| Complete 
|   5|0x0000000080500000, 0x0000000080600000, 0x0000000080600000|100%|HC|  |TAMS 0x0000000080500000| PB 0x0000000080500000| Complete 
|   6|0x0000000080600000, 0x0000000080700000, 0x0000000080700000|100%|HC|  |TAMS 0x0000000080600000| PB 0x0000000080600000| Complete 
|   7|0x0000000080700000, 0x0000000080800000, 0x0000000080800000|100%|HS|  |TAMS 0x0000000080700000| PB 0x0000000080700000| Complete 
|   8|0x0000000080800000, 0x0000000080900000, 0x0000000080900000|100%| O|  |TAMS 0x0000000080800000| PB 0x0000000080800000| Untracked 
|   9|0x0000000080900000, 0x0000000080a00000, 0x0000000080a00000|100%| O|  |TAMS 0x0000000080900000| PB 0x0000000080900000| Untracked 
|  10|0x0000000080a00000, 0x0000000080b00000, 0x0000000080b00000|100%| O|  |TAMS 0x0000000080a00000| PB 0x0000000080a00000| Untracked 
|  11|0x0000000080b00000, 0x0000000080c00000, 0x0000000080c00000|100%| O|  |TAMS 0x0000000080b00000| PB 0x0000000080b00000| Untracked 
|  12|0x0000000080c00000, 0x0000000080d00000, 0x0000000080d00000|100%| O|  |TAMS 0x0000000080c00000| PB 0x0000000080c00000| Untracked 
|  13|0x0000000080d00000, 0x0000000080e00000, 0x0000000080e00000|100%| O|  |TAMS 0x0000000080d00000| PB 0x0000000080d00000| Untracked 
|  14|0x0000000080e00000, 0x0000000080f00000, 0x0000000080f00000|100%| O|  |TAMS 0x0000000080e00000| PB 0x0000000080e00000| Untracked 
|  15|0x0000000080f00000, 0x0000000081000000, 0x0000000081000000|100%| O|  |TAMS 0x0000000080f00000| PB 0x0000000080f00000| Untracked 
|  16|0x0000000081000000, 0x0000000081100000, 0x0000000081100000|100%| O|  |TAMS 0x0000000081000000| PB 0x0000000081000000| Untracked 
|  17|0x0000000081100000, 0x0000000081200000, 0x0000000081200000|100%| O|  |TAMS 0x0000000081100000| PB 0x0000000081100000| Untracked 
|  18|0x0000000081200000, 0x0000000081300000, 0x0000000081300000|100%| O|  |TAMS 0x0000000081200000| PB 0x0000000081200000| Untracked 
|  19|0x0000000081300000, 0x0000000081400000, 0x0000000081400000|100%| O|  |TAMS 0x0000000081300000| PB 0x0000000081300000| Untracked 
|  20|0x0000000081400000, 0x0000000081500000, 0x0000000081500000|100%| O|  |TAMS 0x0000000081400000| PB 0x0000000081400000| Untracked 
|  21|0x0000000081500000, 0x0000000081600000, 0x0000000081600000|100%| O|  |TAMS 0x0000000081500000| PB 0x0000000081500000| Untracked 
|  22|0x0000000081600000, 0x0000000081700000, 0x0000000081700000|100%| O|  |TAMS 0x0000000081600000| PB 0x0000000081600000| Untracked 
|  23|0x0000000081700000, 0x0000000081800000, 0x0000000081800000|100%| O|  |TAMS 0x0000000081700000| PB 0x0000000081700000| Untracked 
|  24|0x0000000081800000, 0x0000000081900000, 0x0000000081900000|100%| O|Cm|TAMS 0x0000000081800000| PB 0x0000000081800000| Complete 
|  25|0x0000000081900000, 0x0000000081a00000, 0x0000000081a00000|100%| O|  |TAMS 0x0000000081900000| PB 0x0000000081900000| Untracked 
|  26|0x0000000081a00000, 0x0000000081b00000, 0x0000000081b00000|100%| O|  |TAMS 0x0000000081a00000| PB 0x0000000081a00000| Untracked 
|  27|0x0000000081b00000, 0x0000000081c00000, 0x0000000081c00000|100%| O|  |TAMS 0x0000000081b00000| PB 0x0000000081b00000| Untracked 
|  28|0x0000000081c00000, 0x0000000081d00000, 0x0000000081d00000|100%| O|  |TAMS 0x0000000081c00000| PB 0x0000000081c00000| Untracked 
|  29|0x0000000081d00000, 0x0000000081e00000, 0x0000000081e00000|100%| O|  |TAMS 0x0000000081d00000| PB 0x0000000081d00000| Untracked 
|  30|0x0000000081e00000, 0x0000000081f00000, 0x0000000081f00000|100%| O|  |TAMS 0x0000000081e00000| PB 0x0000000081e00000| Untracked 
|  31|0x0000000081f00000, 0x0000000082000000, 0x0000000082000000|100%| O|  |TAMS 0x0000000081f00000| PB 0x0000000081f00000| Untracked 
|  32|0x0000000082000000, 0x0000000082100000, 0x0000000082100000|100%| O|  |TAMS 0x0000000082000000| PB 0x0000000082000000| Untracked 
|  33|0x0000000082100000, 0x00000000821bc0b0, 0x0000000082200000| 73%| O|  |TAMS 0x0000000082100000| PB 0x0000000082100000| Untracked 
|  34|0x0000000082200000, 0x0000000082300000, 0x0000000082300000|100%|HS|  |TAMS 0x0000000082200000| PB 0x0000000082200000| Complete 
|  35|0x0000000082300000, 0x0000000082300000, 0x0000000082400000|  0%| F|  |TAMS 0x0000000082300000| PB 0x0000000082300000| Untracked 
|  36|0x0000000082400000, 0x0000000082400000, 0x0000000082500000|  0%| F|  |TAMS 0x0000000082400000| PB 0x0000000082400000| Untracked 
|  37|0x0000000082500000, 0x0000000082500000, 0x0000000082600000|  0%| F|  |TAMS 0x0000000082500000| PB 0x0000000082500000| Untracked 
|  38|0x0000000082600000, 0x0000000082600000, 0x0000000082700000|  0%| F|  |TAMS 0x0000000082600000| PB 0x0000000082600000| Untracked 
|  39|0x0000000082700000, 0x0000000082800000, 0x0000000082800000|100%| O|  |TAMS 0x0000000082700000| PB 0x0000000082700000| Untracked 
|  40|0x0000000082800000, 0x0000000082900000, 0x0000000082900000|100%| O|  |TAMS 0x0000000082800000| PB 0x0000000082800000| Untracked 
|  41|0x0000000082900000, 0x0000000082a00000, 0x0000000082a00000|100%| O|  |TAMS 0x0000000082900000| PB 0x0000000082900000| Untracked 
|  42|0x0000000082a00000, 0x0000000082b00000, 0x0000000082b00000|100%| O|  |TAMS 0x0000000082a00000| PB 0x0000000082a00000| Untracked 
|  43|0x0000000082b00000, 0x0000000082c00000, 0x0000000082c00000|100%| O|  |TAMS 0x0000000082b00000| PB 0x0000000082b00000| Untracked 
|  44|0x0000000082c00000, 0x0000000082d00000, 0x0000000082d00000|100%| O|  |TAMS 0x0000000082c00000| PB 0x0000000082c00000| Untracked 
|  45|0x0000000082d00000, 0x0000000082e00000, 0x0000000082e00000|100%| O|  |TAMS 0x0000000082d00000| PB 0x0000000082d00000| Untracked 
|  46|0x0000000082e00000, 0x0000000082ed48b8, 0x0000000082f00000| 83%| S|CS|TAMS 0x0000000082e00000| PB 0x0000000082e00000| Complete 
|  47|0x0000000082f00000, 0x0000000083000000, 0x0000000083000000|100%| S|CS|TAMS 0x0000000082f00000| PB 0x0000000082f00000| Complete 
|  48|0x0000000083000000, 0x0000000083100000, 0x0000000083100000|100%| S|CS|TAMS 0x0000000083000000| PB 0x0000000083000000| Complete 
|  49|0x0000000083100000, 0x0000000083100000, 0x0000000083200000|  0%| F|  |TAMS 0x0000000083100000| PB 0x0000000083100000| Untracked 
|  50|0x0000000083200000, 0x0000000083200000, 0x0000000083300000|  0%| F|  |TAMS 0x0000000083200000| PB 0x0000000083200000| Untracked 
|  51|0x0000000083300000, 0x0000000083300000, 0x0000000083400000|  0%| F|  |TAMS 0x0000000083300000| PB 0x0000000083300000| Untracked 
|  52|0x0000000083400000, 0x0000000083500000, 0x0000000083500000|100%| S|CS|TAMS 0x0000000083400000| PB 0x0000000083400000| Complete 
|  53|0x0000000083500000, 0x0000000083500000, 0x0000000083600000|  0%| F|  |TAMS 0x0000000083500000| PB 0x0000000083500000| Untracked 
|  54|0x0000000083600000, 0x0000000083600000, 0x0000000083700000|  0%| F|  |TAMS 0x0000000083600000| PB 0x0000000083600000| Untracked 
|  55|0x0000000083700000, 0x0000000083700000, 0x0000000083800000|  0%| F|  |TAMS 0x0000000083700000| PB 0x0000000083700000| Untracked 
|  56|0x0000000083800000, 0x0000000083800000, 0x0000000083900000|  0%| F|  |TAMS 0x0000000083800000| PB 0x0000000083800000| Untracked 
|  57|0x0000000083900000, 0x0000000083900000, 0x0000000083a00000|  0%| F|  |TAMS 0x0000000083900000| PB 0x0000000083900000| Untracked 
|  58|0x0000000083a00000, 0x0000000083a00000, 0x0000000083b00000|  0%| F|  |TAMS 0x0000000083a00000| PB 0x0000000083a00000| Untracked 
|  59|0x0000000083b00000, 0x0000000083b00000, 0x0000000083c00000|  0%| F|  |TAMS 0x0000000083b00000| PB 0x0000000083b00000| Untracked 
|  60|0x0000000083c00000, 0x0000000083c00000, 0x0000000083d00000|  0%| F|  |TAMS 0x0000000083c00000| PB 0x0000000083c00000| Untracked 
|  61|0x0000000083d00000, 0x0000000083d00000, 0x0000000083e00000|  0%| F|  |TAMS 0x0000000083d00000| PB 0x0000000083d00000| Untracked 
|  62|0x0000000083e00000, 0x0000000083e00000, 0x0000000083f00000|  0%| F|  |TAMS 0x0000000083e00000| PB 0x0000000083e00000| Untracked 
|  63|0x0000000083f00000, 0x0000000083f00000, 0x0000000084000000|  0%| F|  |TAMS 0x0000000083f00000| PB 0x0000000083f00000| Untracked 
|  64|0x0000000084000000, 0x0000000084000000, 0x0000000084100000|  0%| F|  |TAMS 0x0000000084000000| PB 0x0000000084000000| Untracked 
|  65|0x0000000084100000, 0x0000000084100000, 0x0000000084200000|  0%| F|  |TAMS 0x0000000084100000| PB 0x0000000084100000| Untracked 
|  66|0x0000000084200000, 0x0000000084200000, 0x0000000084300000|  0%| F|  |TAMS 0x0000000084200000| PB 0x0000000084200000| Untracked 
|  67|0x0000000084300000, 0x0000000084300000, 0x0000000084400000|  0%| F|  |TAMS 0x0000000084300000| PB 0x0000000084300000| Untracked 
|  68|0x0000000084400000, 0x0000000084400000, 0x0000000084500000|  0%| F|  |TAMS 0x0000000084400000| PB 0x0000000084400000| Untracked 
|  69|0x0000000084500000, 0x0000000084500000, 0x0000000084600000|  0%| F|  |TAMS 0x0000000084500000| PB 0x0000000084500000| Untracked 
|  70|0x0000000084600000, 0x0000000084600000, 0x0000000084700000|  0%| F|  |TAMS 0x0000000084600000| PB 0x0000000084600000| Untracked 
|  71|0x0000000084700000, 0x0000000084700000, 0x0000000084800000|  0%| F|  |TAMS 0x0000000084700000| PB 0x0000000084700000| Untracked 
|  72|0x0000000084800000, 0x0000000084800000, 0x0000000084900000|  0%| F|  |TAMS 0x0000000084800000| PB 0x0000000084800000| Untracked 
|  73|0x0000000084900000, 0x0000000084900000, 0x0000000084a00000|  0%| F|  |TAMS 0x0000000084900000| PB 0x0000000084900000| Untracked 
|  74|0x0000000084a00000, 0x0000000084a00000, 0x0000000084b00000|  0%| F|  |TAMS 0x0000000084a00000| PB 0x0000000084a00000| Untracked 
|  75|0x0000000084b00000, 0x0000000084b00000, 0x0000000084c00000|  0%| F|  |TAMS 0x0000000084b00000| PB 0x0000000084b00000| Untracked 
|  76|0x0000000084c00000, 0x0000000084c00000, 0x0000000084d00000|  0%| F|  |TAMS 0x0000000084c00000| PB 0x0000000084c00000| Untracked 
|  77|0x0000000084d00000, 0x0000000084d00000, 0x0000000084e00000|  0%| F|  |TAMS 0x0000000084d00000| PB 0x0000000084d00000| Untracked 
|  78|0x0000000084e00000, 0x0000000084e00000, 0x0000000084f00000|  0%| F|  |TAMS 0x0000000084e00000| PB 0x0000000084e00000| Untracked 
|  79|0x0000000084f00000, 0x0000000084f00000, 0x0000000085000000|  0%| F|  |TAMS 0x0000000084f00000| PB 0x0000000084f00000| Untracked 
|  80|0x0000000085000000, 0x0000000085000000, 0x0000000085100000|  0%| F|  |TAMS 0x0000000085000000| PB 0x0000000085000000| Untracked 
|  81|0x0000000085100000, 0x0000000085100000, 0x0000000085200000|  0%| F|  |TAMS 0x0000000085100000| PB 0x0000000085100000| Untracked 
|  82|0x0000000085200000, 0x0000000085200000, 0x0000000085300000|  0%| F|  |TAMS 0x0000000085200000| PB 0x0000000085200000| Untracked 
|  83|0x0000000085300000, 0x0000000085300000, 0x0000000085400000|  0%| F|  |TAMS 0x0000000085300000| PB 0x0000000085300000| Untracked 
|  84|0x0000000085400000, 0x0000000085400000, 0x0000000085500000|  0%| F|  |TAMS 0x0000000085400000| PB 0x0000000085400000| Untracked 
|  85|0x0000000085500000, 0x0000000085500000, 0x0000000085600000|  0%| F|  |TAMS 0x0000000085500000| PB 0x0000000085500000| Untracked 
|  86|0x0000000085600000, 0x0000000085600000, 0x0000000085700000|  0%| F|  |TAMS 0x0000000085600000| PB 0x0000000085600000| Untracked 
|  87|0x0000000085700000, 0x0000000085700000, 0x0000000085800000|  0%| F|  |TAMS 0x0000000085700000| PB 0x0000000085700000| Untracked 
|  94|0x0000000085e00000, 0x0000000085e00000, 0x0000000085f00000|  0%| F|  |TAMS 0x0000000085e00000| PB 0x0000000085e00000| Untracked 
|  95|0x0000000085f00000, 0x0000000085f00000, 0x0000000086000000|  0%| F|  |TAMS 0x0000000085f00000| PB 0x0000000085f00000| Untracked 
|  96|0x0000000086000000, 0x0000000086000000, 0x0000000086100000|  0%| F|  |TAMS 0x0000000086000000| PB 0x0000000086000000| Untracked 
|  97|0x0000000086100000, 0x0000000086100000, 0x0000000086200000|  0%| F|  |TAMS 0x0000000086100000| PB 0x0000000086100000| Untracked 
|  98|0x0000000086200000, 0x000000008627a9f8, 0x0000000086300000| 47%| E|  |TAMS 0x0000000086200000| PB 0x0000000086200000| Complete 
|  99|0x0000000086300000, 0x0000000086400000, 0x0000000086400000|100%| E|CS|TAMS 0x0000000086300000| PB 0x0000000086300000| Complete 
| 100|0x0000000086400000, 0x0000000086500000, 0x0000000086500000|100%| E|CS|TAMS 0x0000000086400000| PB 0x0000000086400000| Complete 
| 101|0x0000000086500000, 0x0000000086600000, 0x0000000086600000|100%| E|CS|TAMS 0x0000000086500000| PB 0x0000000086500000| Complete 
| 123|0x0000000087b00000, 0x0000000087c00000, 0x0000000087c00000|100%| E|CS|TAMS 0x0000000087b00000| PB 0x0000000087b00000| Complete 
|2043|0x00000000ffb00000, 0x00000000ffc00000, 0x00000000ffc00000|100%| O|  |TAMS 0x00000000ffb00000| PB 0x00000000ffb00000| Untracked 
|2044|0x00000000ffc00000, 0x00000000ffd00000, 0x00000000ffd00000|100%| O|  |TAMS 0x00000000ffc00000| PB 0x00000000ffc00000| Untracked 
|2045|0x00000000ffd00000, 0x00000000ffe00000, 0x00000000ffe00000|100%| O|  |TAMS 0x00000000ffd00000| PB 0x00000000ffd00000| Untracked 
|2046|0x00000000ffe00000, 0x00000000fff00000, 0x00000000fff00000|100%| O|  |TAMS 0x00000000ffe00000| PB 0x00000000ffe00000| Untracked 
|2047|0x00000000fff00000, 0x0000000100000000, 0x0000000100000000|100%| O|  |TAMS 0x00000000fff00000| PB 0x00000000fff00000| Untracked 

Card table byte_map: [0x000001d6485d0000,0x000001d6489d0000] _byte_map_base: 0x000001d6481d0000

Marking Bits: (CMBitMap*) 0x000001d635424190
 Bits: [0x000001d6489d0000, 0x000001d64a9d0000)

Polling page: 0x000001d633920000

Metaspace:

Usage:
  Non-class:     56.52 MB used.
      Class:      8.90 MB used.
       Both:     65.42 MB used.

Virtual space:
  Non-class space:       64.00 MB reserved,      57.38 MB ( 90%) committed,  1 nodes.
      Class space:        1.00 GB reserved,       9.75 MB ( <1%) committed,  1 nodes.
             Both:        1.06 GB reserved,      67.12 MB (  6%) committed. 

Chunk freelists:
   Non-Class:  5.83 MB
       Class:  6.23 MB
        Both:  12.07 MB

MaxMetaspaceSize: unlimited
CompressedClassSpaceSize: 1.00 GB
Initial GC threshold: 21.00 MB
Current GC threshold: 111.50 MB
CDS: off
 - commit_granule_bytes: 65536.
 - commit_granule_words: 8192.
 - virtual_space_node_default_size: 8388608.
 - enlarge_chunks_in_place: 1.
 - use_allocation_guard: 0.


Internal statistics:

num_allocs_failed_limit: 12.
num_arena_births: 3142.
num_arena_deaths: 0.
num_vsnodes_births: 2.
num_vsnodes_deaths: 0.
num_space_committed: 1074.
num_space_uncommitted: 0.
num_chunks_returned_to_freelist: 12.
num_chunks_taken_from_freelist: 5877.
num_chunk_merges: 12.
num_chunk_splits: 3808.
num_chunks_enlarged: 2349.
num_inconsistent_stats: 0.

CodeHeap 'non-profiled nmethods': size=120000Kb used=3791Kb max_used=3933Kb free=116208Kb
 bounds [0x000001d640020000, 0x000001d640400000, 0x000001d647550000]
CodeHeap 'profiled nmethods': size=120000Kb used=13049Kb max_used=13513Kb free=106950Kb
 bounds [0x000001d638550000, 0x000001d639290000, 0x000001d63fa80000]
CodeHeap 'non-nmethods': size=5760Kb used=1979Kb max_used=2045Kb free=3780Kb
 bounds [0x000001d63fa80000, 0x000001d63fcf0000, 0x000001d640020000]
 total_blobs=8075 nmethods=7320 adapters=657
 compilation: enabled
              stopped_count=0, restarted_count=0
 full_count=0

Compilation events (20 events):
Event: 9.892 Thread 0x000001d64d90a190 nmethod 8174 0x000001d6400d0d90 code [0x000001d6400d0f20, 0x000001d6400d0fe8]
Event: 9.892 Thread 0x000001d64d90a190 8175       1       sun.management.MemoryPoolImpl::getName (5 bytes)
Event: 9.892 Thread 0x000001d64d90a190 nmethod 8175 0x000001d6400d0a90 code [0x000001d6400d0c20, 0x000001d6400d0ce8]
Event: 9.895 Thread 0x000001d64d90a190 8176       3       org.gradle.api.internal.changedetection.state.DefaultResourceSnapshotterCacheService::resourceHashCacheKey (25 bytes)
Event: 9.896 Thread 0x000001d64d90a190 nmethod 8176 0x000001d63871c590 code [0x000001d63871c900, 0x000001d63871df28]
Event: 9.896 Thread 0x000001d64d90a190 8177       3       org.gradle.api.internal.changedetection.state.DefaultResourceSnapshotterCacheService::hashFile (98 bytes)
Event: 9.897 Thread 0x000001d64d90a190 nmethod 8177 0x000001d638901210 code [0x000001d638901620, 0x000001d638903488]
Event: 9.897 Thread 0x000001d64d90a190 8178       3       org.gradle.api.internal.changedetection.state.SplitResourceSnapshotterCacheService::hashFile (47 bytes)
Event: 9.898 Thread 0x000001d64d90a190 nmethod 8178 0x000001d638783410 code [0x000001d638783600, 0x000001d638783b98]
Event: 9.902 Thread 0x000001d64d90a190 8180       3       org.apache.commons.io.FilenameUtils::isSystemWindows (14 bytes)
Event: 9.902 Thread 0x000001d64d90a190 nmethod 8180 0x000001d638772d10 code [0x000001d638772ea0, 0x000001d638772fb0]
Event: 9.902 Thread 0x000001d64d90a190 8181       3       org.apache.commons.io.FilenameUtils::getAdsCriticalOffset (49 bytes)
Event: 9.903 Thread 0x000001d64d90a190 nmethod 8181 0x000001d638cb3d10 code [0x000001d638cb3f80, 0x000001d638cb48e8]
Event: 9.903 Thread 0x000001d64d90a190 8182       3       org.apache.commons.io.FilenameUtils::indexOfLastSeparator (26 bytes)
Event: 9.904 Thread 0x000001d64d90a190 nmethod 8182 0x000001d6388f3590 code [0x000001d6388f37e0, 0x000001d6388f4080]
Event: 9.904 Thread 0x000001d64d90a190 8183       3       org.apache.commons.io.FilenameUtils::indexOfExtension (61 bytes)
Event: 9.904 Thread 0x000001d64d90a190 nmethod 8183 0x000001d638884f10 code [0x000001d6388851c0, 0x000001d638885dc0]
Event: 9.904 Thread 0x000001d64d90a190 8185       3       org.gradle.internal.fingerprint.impl.DefaultFileSystemLocationFingerprint::appendToHasher (21 bytes)
Event: 9.906 Thread 0x000001d64d90a190 nmethod 8185 0x000001d6387a1a10 code [0x000001d6387a1d00, 0x000001d6387a2d50]
Event: 10.886 Thread 0x000001d64d90a190 8186       3       java.util.Collections::eq (22 bytes)

GC Heap History (20 events):
Event: 5.491 GC heap before
{Heap before GC invocations=9 (full 0):
 garbage-first heap   total 87040K, used 73544K [0x0000000080000000, 0x0000000100000000)
  region size 1024K, 49 young (50176K), 3 survivors (3072K)
 Metaspace       used 43607K, committed 44800K, reserved 1114112K
  class space    used 5849K, committed 6400K, reserved 1048576K
}
Event: 5.496 GC heap after
{Heap after GC invocations=10 (full 0):
 garbage-first heap   total 87040K, used 30720K [0x0000000080000000, 0x0000000100000000)
  region size 1024K, 6 young (6144K), 6 survivors (6144K)
 Metaspace       used 43607K, committed 44800K, reserved 1114112K
  class space    used 5849K, committed 6400K, reserved 1048576K
}
Event: 5.872 GC heap before
{Heap before GC invocations=10 (full 0):
 garbage-first heap   total 87040K, used 74752K [0x0000000080000000, 0x0000000100000000)
  region size 1024K, 50 young (51200K), 6 survivors (6144K)
 Metaspace       used 46550K, committed 47872K, reserved 1114112K
  class space    used 6233K, committed 6912K, reserved 1048576K
}
Event: 5.878 GC heap after
{Heap after GC invocations=11 (full 0):
 garbage-first heap   total 87040K, used 33806K [0x0000000080000000, 0x0000000100000000)
  region size 1024K, 7 young (7168K), 7 survivors (7168K)
 Metaspace       used 46550K, committed 47872K, reserved 1114112K
  class space    used 6233K, committed 6912K, reserved 1048576K
}
Event: 6.473 GC heap before
{Heap before GC invocations=11 (full 0):
 garbage-first heap   total 87040K, used 73742K [0x0000000080000000, 0x0000000100000000)
  region size 1024K, 46 young (47104K), 7 survivors (7168K)
 Metaspace       used 50372K, committed 51840K, reserved 1114112K
  class space    used 6845K, committed 7616K, reserved 1048576K
}
Event: 6.478 GC heap after
{Heap after GC invocations=12 (full 0):
 garbage-first heap   total 104448K, used 35706K [0x0000000080000000, 0x0000000100000000)
  region size 1024K, 6 young (6144K), 6 survivors (6144K)
 Metaspace       used 50372K, committed 51840K, reserved 1114112K
  class space    used 6845K, committed 7616K, reserved 1048576K
}
Event: 7.134 GC heap before
{Heap before GC invocations=12 (full 0):
 garbage-first heap   total 104448K, used 92026K [0x0000000080000000, 0x0000000100000000)
  region size 1024K, 60 young (61440K), 6 survivors (6144K)
 Metaspace       used 58516K, committed 60032K, reserved 1114112K
  class space    used 7907K, committed 8640K, reserved 1048576K
}
Event: 7.139 GC heap after
{Heap after GC invocations=13 (full 0):
 garbage-first heap   total 104448K, used 38012K [0x0000000080000000, 0x0000000100000000)
  region size 1024K, 5 young (5120K), 5 survivors (5120K)
 Metaspace       used 58516K, committed 60032K, reserved 1114112K
  class space    used 7907K, committed 8640K, reserved 1048576K
}
Event: 7.208 GC heap before
{Heap before GC invocations=13 (full 0):
 garbage-first heap   total 104448K, used 41084K [0x0000000080000000, 0x0000000100000000)
  region size 1024K, 9 young (9216K), 5 survivors (5120K)
 Metaspace       used 59109K, committed 60608K, reserved 1114112K
  class space    used 8005K, committed 8768K, reserved 1048576K
}
Event: 7.212 GC heap after
{Heap after GC invocations=14 (full 0):
 garbage-first heap   total 104448K, used 38279K [0x0000000080000000, 0x0000000100000000)
  region size 1024K, 3 young (3072K), 3 survivors (3072K)
 Metaspace       used 59109K, committed 60608K, reserved 1114112K
  class space    used 8005K, committed 8768K, reserved 1048576K
}
Event: 8.292 GC heap before
{Heap before GC invocations=15 (full 0):
 garbage-first heap   total 104448K, used 94599K [0x0000000080000000, 0x0000000100000000)
  region size 1024K, 58 young (59392K), 3 survivors (3072K)
 Metaspace       used 65294K, committed 67008K, reserved 1114112K
  class space    used 8946K, committed 9792K, reserved 1048576K
}
Event: 8.299 GC heap after
{Heap after GC invocations=16 (full 0):
 garbage-first heap   total 104448K, used 44032K [0x0000000080000000, 0x0000000100000000)
  region size 1024K, 8 young (8192K), 8 survivors (8192K)
 Metaspace       used 65294K, committed 67008K, reserved 1114112K
  class space    used 8946K, committed 9792K, reserved 1048576K
}
Event: 8.772 GC heap before
{Heap before GC invocations=16 (full 0):
 garbage-first heap   total 104448K, used 89088K [0x0000000080000000, 0x0000000100000000)
  region size 1024K, 53 young (54272K), 8 survivors (8192K)
 Metaspace       used 66248K, committed 67968K, reserved 1114112K
  class space    used 9051K, committed 9920K, reserved 1048576K
}
Event: 8.781 GC heap after
{Heap after GC invocations=17 (full 0):
 garbage-first heap   total 104448K, used 47089K [0x0000000080000000, 0x0000000100000000)
  region size 1024K, 5 young (5120K), 5 survivors (5120K)
 Metaspace       used 66248K, committed 67968K, reserved 1114112K
  class space    used 9051K, committed 9920K, reserved 1048576K
}
Event: 9.022 GC heap before
{Heap before GC invocations=17 (full 0):
 garbage-first heap   total 104448K, used 91121K [0x0000000080000000, 0x0000000100000000)
  region size 1024K, 49 young (50176K), 5 survivors (5120K)
 Metaspace       used 66673K, committed 68352K, reserved 1114112K
  class space    used 9078K, committed 9920K, reserved 1048576K
}
Event: 9.026 GC heap after
{Heap after GC invocations=18 (full 0):
 garbage-first heap   total 104448K, used 48416K [0x0000000080000000, 0x0000000100000000)
  region size 1024K, 4 young (4096K), 4 survivors (4096K)
 Metaspace       used 66673K, committed 68352K, reserved 1114112K
  class space    used 9078K, committed 9920K, reserved 1048576K
}
Event: 9.181 GC heap before
{Heap before GC invocations=18 (full 0):
 garbage-first heap   total 104448K, used 91424K [0x0000000080000000, 0x0000000100000000)
  region size 1024K, 47 young (48128K), 4 survivors (4096K)
 Metaspace       used 66754K, committed 68480K, reserved 1114112K
  class space    used 9078K, committed 9920K, reserved 1048576K
}
Event: 9.185 GC heap after
{Heap after GC invocations=19 (full 0):
 garbage-first heap   total 104448K, used 49429K [0x0000000080000000, 0x0000000100000000)
  region size 1024K, 4 young (4096K), 4 survivors (4096K)
 Metaspace       used 66754K, committed 68480K, reserved 1114112K
  class space    used 9078K, committed 9920K, reserved 1048576K
}
Event: 9.864 GC heap before
{Heap before GC invocations=20 (full 0):
 garbage-first heap   total 104448K, used 92437K [0x0000000080000000, 0x0000000100000000)
  region size 1024K, 47 young (48128K), 4 survivors (4096K)
 Metaspace       used 66922K, committed 68608K, reserved 1114112K
  class space    used 9110K, committed 9984K, reserved 1048576K
}
Event: 9.867 GC heap after
{Heap after GC invocations=21 (full 0):
 garbage-first heap   total 104448K, used 50754K [0x0000000080000000, 0x0000000100000000)
  region size 1024K, 4 young (4096K), 4 survivors (4096K)
 Metaspace       used 66922K, committed 68608K, reserved 1114112K
  class space    used 9110K, committed 9984K, reserved 1048576K
}

Dll operation events (3 events):
Event: 0.010 Loaded shared library C:\Program Files\Android\Android Studio\jbr\bin\java.dll
Event: 0.017 Loaded shared library C:\Program Files\Android\Android Studio\jbr\bin\zip.dll
Event: 0.764 Loaded shared library C:\Program Files\Android\Android Studio\jbr\bin\verify.dll

Deoptimization events (20 events):
Event: 9.851 Thread 0x000001d653a9a880 Uncommon trap: trap_request=0xffffffc6 fr.pc=0x000001d6401c2da0 relative=0x00000000000003c0
Event: 9.851 Thread 0x000001d653a9a880 Uncommon trap: reason=bimorphic_or_optimized_type_check action=maybe_recompile pc=0x000001d6401c2da0 method=com.google.common.base.Equivalence$Equals.doEquivalent(Ljava/lang/Object;Ljava/lang/Object;)Z @ 2 c2
Event: 9.851 Thread 0x000001d653a9a880 DEOPT PACKING pc=0x000001d6401c2da0 sp=0x00000032764f8a90
Event: 9.851 Thread 0x000001d653a9a880 DEOPT UNPACKING pc=0x000001d63fad46a2 sp=0x00000032764f8940 mode 2
Event: 9.871 Thread 0x000001d653a9a880 DEOPT PACKING pc=0x000001d638ddf0ee sp=0x00000032764f8d10
Event: 9.871 Thread 0x000001d653a9a880 DEOPT UNPACKING pc=0x000001d63fad4e42 sp=0x00000032764f81f8 mode 0
Event: 9.873 Thread 0x000001d653a9a880 DEOPT PACKING pc=0x000001d638ddf0ee sp=0x00000032764f8d10
Event: 9.873 Thread 0x000001d653a9a880 DEOPT UNPACKING pc=0x000001d63fad4e42 sp=0x00000032764f81f8 mode 0
Event: 9.876 Thread 0x000001d653a9a880 DEOPT PACKING pc=0x000001d638ddf0ee sp=0x00000032764f8d10
Event: 9.876 Thread 0x000001d653a9a880 DEOPT UNPACKING pc=0x000001d63fad4e42 sp=0x00000032764f81f8 mode 0
Event: 9.882 Thread 0x000001d653a9a880 DEOPT PACKING pc=0x000001d638ddf0ee sp=0x00000032764f92a0
Event: 9.882 Thread 0x000001d653a9a880 DEOPT UNPACKING pc=0x000001d63fad4e42 sp=0x00000032764f8788 mode 0
Event: 9.883 Thread 0x000001d653a9a880 DEOPT PACKING pc=0x000001d638ddf0ee sp=0x00000032764f92a0
Event: 9.883 Thread 0x000001d653a9a880 DEOPT UNPACKING pc=0x000001d63fad4e42 sp=0x00000032764f8788 mode 0
Event: 9.883 Thread 0x000001d653a9a880 DEOPT PACKING pc=0x000001d638ddf0ee sp=0x00000032764f9350
Event: 9.883 Thread 0x000001d653a9a880 DEOPT UNPACKING pc=0x000001d63fad4e42 sp=0x00000032764f8838 mode 0
Event: 9.890 Thread 0x000001d653045590 Uncommon trap: trap_request=0xffffff45 fr.pc=0x000001d6401feb18 relative=0x00000000000001d8
Event: 9.890 Thread 0x000001d653045590 Uncommon trap: reason=unstable_if action=reinterpret pc=0x000001d6401feb18 method=org.gradle.internal.time.MonotonicClock.syncIsDue(JJJ)Z @ 7 c2
Event: 9.890 Thread 0x000001d653045590 DEOPT PACKING pc=0x000001d6401feb18 sp=0x0000003275ffef40
Event: 9.890 Thread 0x000001d653045590 DEOPT UNPACKING pc=0x000001d63fad46a2 sp=0x0000003275ffee40 mode 2

Classes loaded (20 events):
Event: 7.842 Loading class java/lang/System$Logger$Level
Event: 7.842 Loading class java/lang/System$Logger$Level done
Event: 7.842 Loading class jdk/internal/event/DeserializationEvent
Event: 7.842 Loading class jdk/internal/event/DeserializationEvent done
Event: 7.843 Loading class java/io/ObjectInputStream$FieldValues
Event: 7.843 Loading class java/io/ObjectInputStream$GetField
Event: 7.843 Loading class java/io/ObjectInputStream$GetField done
Event: 7.843 Loading class java/io/ObjectInputStream$FieldValues done
Event: 7.849 Loading class sun/reflect/ReflectionFactory
Event: 7.850 Loading class sun/reflect/ReflectionFactory done
Event: 7.850 Loading class sun/reflect/ReflectionFactory$1
Event: 7.850 Loading class sun/reflect/ReflectionFactory$1 done
Event: 8.238 Loading class java/util/Collections$ReverseComparator
Event: 8.238 Loading class java/util/Collections$ReverseComparator done
Event: 8.238 Loading class java/util/Collections$ReverseComparator2
Event: 8.238 Loading class java/util/Collections$ReverseComparator2 done
Event: 9.833 Loading class java/util/stream/SortedOps$RefSortingSink
Event: 9.833 Loading class java/util/stream/SortedOps$RefSortingSink done
Event: 9.839 Loading class java/time/Ser
Event: 9.839 Loading class java/time/Ser done

Classes unloaded (0 events):
No events

Classes redefined (0 events):
No events

Internal exceptions (20 events):
Event: 7.825 Thread 0x000001d653a9a880 Exception <a 'java/lang/NoSuchMethodError'{0x0000000083b19200}: static Lorg/gradle/api/internal/artifacts/dependencies/AbstractVersionConstraint;.<clinit>()V> (0x0000000083b19200) 
thrown [s\src\hotspot\share\prims\jni.cpp, line 1135]
Event: 7.831 Thread 0x000001d653a9a880 Exception <a 'java/lang/NoSuchMethodError'{0x0000000083b78840}: static Lorg/gradle/api/internal/catalog/PluginModel;.<clinit>()V> (0x0000000083b78840) 
thrown [s\src\hotspot\share\prims\jni.cpp, line 1135]
Event: 7.832 Thread 0x000001d653a9a880 Exception <a 'java/lang/NoSuchMethodError'{0x0000000083b8ff88}: static Lorg/gradle/api/internal/catalog/VersionModel;.<clinit>()V> (0x0000000083b8ff88) 
thrown [s\src\hotspot\share\prims\jni.cpp, line 1135]
Event: 7.836 Thread 0x000001d653a9a880 Exception <a 'java/lang/NoSuchMethodError'{0x0000000083bb1638}: 'void java.lang.invoke.DirectMethodHandle$Holder.invokeSpecial(java.lang.Object, java.lang.Object, java.lang.Object, int)'> (0x0000000083bb1638) 
thrown [s\src\hotspot\share\interpreter\linkResolver.cpp, line 784]
Event: 7.943 Thread 0x000001d653a9a880 Exception <a 'java/lang/NoSuchMethodError'{0x00000000837dc0e0}: 'int java.lang.invoke.DirectMethodHandle$Holder.invokeSpecialIFC(java.lang.Object, java.lang.Object, java.lang.Object)'> (0x00000000837dc0e0) 
thrown [s\src\hotspot\share\interpreter\linkResolver.cpp, line 784]
Event: 8.013 Thread 0x000001d653a9a880 Exception <a 'java/lang/NoSuchMethodError'{0x0000000083374288}: 'java.lang.Object java.lang.invoke.DirectMethodHandle$Holder.invokeSpecial(java.lang.Object, java.lang.Object, java.lang.Object, java.lang.Object, java.lang.Object, long)'> (0x0000000083374288) 
thrown [s\src\hotspot\share\interpreter\linkResolver.cpp, line 784]
Event: 8.015 Thread 0x000001d653a9a880 Exception <a 'java/lang/NoSuchMethodError'{0x0000000083393ca8}: 'void java.lang.invoke.DirectMethodHandle$Holder.invokeStatic(java.lang.Object, java.lang.Object, java.lang.Object, int, java.lang.Object)'> (0x0000000083393ca8) 
thrown [s\src\hotspot\share\interpreter\linkResolver.cpp, line 784]
Event: 8.401 Thread 0x000001d653a9a880 Exception <a 'java/lang/NoSuchMethodError'{0x0000000085ea7090}: 'java.lang.Object java.lang.invoke.DirectMethodHandle$Holder.newInvokeSpecial(java.lang.Object, java.lang.Object, java.lang.Object, java.lang.Object, int, java.lang.Object)'> (0x0000000085ea7090) 
thrown [s\src\hotspot\share\interpreter\linkResolver.cpp, line 784]
Event: 8.401 Thread 0x000001d653a9a880 Exception <a 'java/lang/NoSuchMethodError'{0x0000000085eaf8b0}: 'java.lang.Object java.lang.invoke.Invokers$Holder.linkToTargetMethod(java.lang.Object, java.lang.Object, java.lang.Object, int, java.lang.Object, java.lang.Object)'> (0x0000000085eaf8b0) 
thrown [s\src\hotspot\share\interpreter\linkResolver.cpp, line 784]
Event: 8.839 Thread 0x000001d653a9a880 Exception <a 'java/lang/NoSuchMethodError'{0x0000000086114910}: 'java.lang.Object java.lang.invoke.DirectMethodHandle$Holder.invokeSpecialIFC(java.lang.Object, java.lang.Object, java.lang.Object)'> (0x0000000086114910) 
thrown [s\src\hotspot\share\interpreter\linkResolver.cpp, line 784]
Event: 9.826 Thread 0x000001d653a9a880 Exception <a 'java/lang/NoSuchMethodError'{0x00000000838289f8}: 'void java.lang.invoke.DirectMethodHandle$Holder.invokeInterface(java.lang.Object, java.lang.Object, java.lang.Object, java.lang.Object)'> (0x00000000838289f8) 
thrown [s\src\hotspot\share\interpreter\linkResolver.cpp, line 784]
Event: 9.832 Thread 0x000001d653a9a880 Exception <a 'java/lang/NoSuchMethodError'{0x0000000083841cc8}: 'long java.lang.invoke.DirectMethodHandle$Holder.invokeVirtual(java.lang.Object, java.lang.Object)'> (0x0000000083841cc8) 
thrown [s\src\hotspot\share\interpreter\linkResolver.cpp, line 784]
Event: 9.835 Thread 0x000001d653a9c2c0 Exception <a 'java/lang/NoSuchMethodError'{0x00000000838930f0}: static Lorg/gradle/internal/build/event/types/DefaultOperationFinishedProgressEvent;.<clinit>()V> (0x00000000838930f0) 
thrown [s\src\hotspot\share\prims\jni.cpp, line 1135]
Event: 9.836 Thread 0x000001d653a9c2c0 Exception <a 'java/lang/NoSuchMethodError'{0x00000000838bc200}: static Lorg/gradle/internal/build/event/types/DefaultProjectConfigurationSuccessResult;.<clinit>()V> (0x00000000838bc200) 
thrown [s\src\hotspot\share\prims\jni.cpp, line 1135]
Event: 9.836 Thread 0x000001d653a9c2c0 Exception <a 'java/lang/NoSuchMethodError'{0x00000000838bd588}: static Lorg/gradle/internal/build/event/types/AbstractProjectConfigurationResult;.<clinit>()V> (0x00000000838bd588) 
thrown [s\src\hotspot\share\prims\jni.cpp, line 1135]
Event: 9.836 Thread 0x000001d653a9c2c0 Exception <a 'java/lang/NoSuchMethodError'{0x00000000838bee28}: static Lorg/gradle/internal/build/event/types/AbstractOperationResult;.<clinit>()V> (0x00000000838bee28) 
thrown [s\src\hotspot\share\prims\jni.cpp, line 1135]
Event: 9.836 Thread 0x000001d653a9c2c0 Exception <a 'java/lang/NoSuchMethodError'{0x00000000838c00b0}: static Lorg/gradle/internal/build/event/types/AbstractResult;.<clinit>()V> (0x00000000838c00b0) 
thrown [s\src\hotspot\share\prims\jni.cpp, line 1135]
Event: 9.838 Thread 0x000001d653a9c2c0 Exception <a 'java/lang/NoSuchMethodError'{0x00000000838d8320}: static Lorg/gradle/internal/build/event/types/DefaultPluginApplicationResult;.<clinit>()V> (0x00000000838d8320) 
thrown [s\src\hotspot\share\prims\jni.cpp, line 1135]
Event: 9.838 Thread 0x000001d653a9c2c0 Exception <a 'java/lang/NoSuchMethodError'{0x00000000838e46c0}: static Lorg/gradle/internal/build/event/types/DefaultBinaryPluginIdentifier;.<clinit>()V> (0x00000000838e46c0) 
thrown [s\src\hotspot\share\prims\jni.cpp, line 1135]
Event: 9.840 Thread 0x000001d653a9c2c0 Exception <a 'java/lang/NoSuchMethodError'{0x00000000838fd930}: static Lorg/gradle/internal/build/event/types/DefaultScriptPluginIdentifier;.<clinit>()V> (0x00000000838fd930) 
thrown [s\src\hotspot\share\prims\jni.cpp, line 1135]

ZGC Phase Switch (0 events):
No events

VM Operations (20 events):
Event: 8.678 Executing VM operation: ICBufferFull
Event: 8.678 Executing VM operation: ICBufferFull done
Event: 8.678 Executing VM operation: ICBufferFull
Event: 8.678 Executing VM operation: ICBufferFull done
Event: 8.772 Executing VM operation: G1CollectForAllocation (G1 Evacuation Pause)
Event: 8.781 Executing VM operation: G1CollectForAllocation (G1 Evacuation Pause) done
Event: 8.828 Executing VM operation: HandshakeAllThreads (Deoptimize)
Event: 8.828 Executing VM operation: HandshakeAllThreads (Deoptimize) done
Event: 9.022 Executing VM operation: G1CollectForAllocation (G1 Evacuation Pause)
Event: 9.026 Executing VM operation: G1CollectForAllocation (G1 Evacuation Pause) done
Event: 9.181 Executing VM operation: G1CollectForAllocation (G1 Evacuation Pause)
Event: 9.185 Executing VM operation: G1CollectForAllocation (G1 Evacuation Pause) done
Event: 9.221 Executing VM operation: G1PauseRemark
Event: 9.225 Executing VM operation: G1PauseRemark done
Event: 9.241 Executing VM operation: G1PauseCleanup
Event: 9.242 Executing VM operation: G1PauseCleanup done
Event: 9.863 Executing VM operation: G1CollectForAllocation (G1 Evacuation Pause)
Event: 9.867 Executing VM operation: G1CollectForAllocation (G1 Evacuation Pause) done
Event: 10.869 Executing VM operation: Cleanup
Event: 10.870 Executing VM operation: Cleanup done

Memory protections (0 events):
No events

Nmethod flushes (20 events):
Event: 9.224 Thread 0x000001d64d6b4ce0 flushing  nmethod 0x000001d6386cf390
Event: 9.224 Thread 0x000001d64d6b4ce0 flushing  nmethod 0x000001d6386cfd10
Event: 9.224 Thread 0x000001d64d6b4ce0 flushing  nmethod 0x000001d6386d1b90
Event: 9.224 Thread 0x000001d64d6b4ce0 flushing  nmethod 0x000001d6386d5590
Event: 9.224 Thread 0x000001d64d6b4ce0 flushing  nmethod 0x000001d6386d9490
Event: 9.224 Thread 0x000001d64d6b4ce0 flushing  nmethod 0x000001d63871c590
Event: 9.224 Thread 0x000001d64d6b4ce0 flushing  nmethod 0x000001d63871ca90
Event: 9.224 Thread 0x000001d64d6b4ce0 flushing  nmethod 0x000001d63871d790
Event: 9.224 Thread 0x000001d64d6b4ce0 flushing  nmethod 0x000001d63871de10
Event: 9.224 Thread 0x000001d64d6b4ce0 flushing  nmethod 0x000001d63876d910
Event: 9.224 Thread 0x000001d64d6b4ce0 flushing  nmethod 0x000001d63876ed90
Event: 9.224 Thread 0x000001d64d6b4ce0 flushing  nmethod 0x000001d6387b5a90
Event: 9.224 Thread 0x000001d64d6b4ce0 flushing  nmethod 0x000001d638823490
Event: 9.224 Thread 0x000001d64d6b4ce0 flushing  nmethod 0x000001d63888f390
Event: 9.224 Thread 0x000001d64d6b4ce0 flushing  nmethod 0x000001d6388ee210
Event: 9.224 Thread 0x000001d64d6b4ce0 flushing  nmethod 0x000001d638a0ec10
Event: 9.224 Thread 0x000001d64d6b4ce0 flushing  nmethod 0x000001d638a66d10
Event: 9.224 Thread 0x000001d64d6b4ce0 flushing  nmethod 0x000001d638cb8090
Event: 9.224 Thread 0x000001d64d6b4ce0 flushing  nmethod 0x000001d638cb9190
Event: 9.224 Thread 0x000001d64d6b4ce0 flushing  nmethod 0x000001d638cbb010

Events (20 events):
Event: 8.432 Thread 0x000001d653a9a880 Thread added: 0x000001d654f4b6f0
Event: 8.434 Thread 0x000001d653a9a880 Thread added: 0x000001d654f49620
Event: 8.439 Thread 0x000001d653a9a880 Thread added: 0x000001d656ad6470
Event: 8.442 Thread 0x000001d653a9a880 Thread added: 0x000001d656ad7eb0
Event: 8.447 Thread 0x000001d653a9a880 Thread added: 0x000001d656ad5de0
Event: 8.450 Thread 0x000001d653a9a880 Thread added: 0x000001d656ad50c0
Event: 8.454 Thread 0x000001d653a9a880 Thread added: 0x000001d656ad7820
Event: 8.457 Thread 0x000001d653a9a880 Thread added: 0x000001d656ad8540
Event: 8.460 Thread 0x000001d653a9a880 Thread added: 0x000001d656ad6b00
Event: 8.841 Thread 0x000001d653a9a880 Thread added: 0x000001d656ad7190
Event: 8.842 Thread 0x000001d653a9a880 Thread added: 0x000001d656ad5750
Event: 8.843 Thread 0x000001d653a9a880 Thread added: 0x000001d6546f9650
Event: 8.843 Thread 0x000001d653a9a880 Thread added: 0x000001d6546f82a0
Event: 8.844 Thread 0x000001d653a9a880 Thread added: 0x000001d6546f9ce0
Event: 8.844 Thread 0x000001d653a9a880 Thread added: 0x000001d6546fa370
Event: 8.845 Thread 0x000001d653a9a880 Thread added: 0x000001d6546faa00
Event: 8.845 Thread 0x000001d653a9a880 Thread added: 0x000001d6546fb090
Event: 8.846 Thread 0x000001d653a9a880 Thread added: 0x000001d6546f7c10
Event: 8.846 Thread 0x000001d653a9a880 Thread added: 0x000001d6546f8930
Event: 8.846 Thread 0x000001d653a9a880 Thread added: 0x000001d6546f8fc0


Dynamic libraries:
0x00007ff787c00000 - 0x00007ff787c0a000 	C:\Program Files\Android\Android Studio\jbr\bin\java.exe
0x00007ffe6ac20000 - 0x00007ffe6ae85000 	C:\WINDOWS\SYSTEM32\ntdll.dll
0x00007ffe69db0000 - 0x00007ffe69e79000 	C:\WINDOWS\System32\KERNEL32.DLL
0x00007ffe682b0000 - 0x00007ffe68698000 	C:\WINDOWS\System32\KERNELBASE.dll
0x00007ffe67d70000 - 0x00007ffe67ebb000 	C:\WINDOWS\System32\ucrtbase.dll
0x00007ffe4f7e0000 - 0x00007ffe4f7f8000 	C:\Program Files\Android\Android Studio\jbr\bin\jli.dll
0x00007ffe5fd90000 - 0x00007ffe5fdab000 	C:\Program Files\Android\Android Studio\jbr\bin\VCRUNTIME140.dll
0x00007ffe694b0000 - 0x00007ffe6967a000 	C:\WINDOWS\System32\USER32.dll
0x00007ffe4c7c0000 - 0x00007ffe4ca5a000 	C:\WINDOWS\WinSxS\amd64_microsoft.windows.common-controls_6595b64144ccf1df_6.0.26100.4202_none_3e0698d4e335f517\COMCTL32.dll
0x00007ffe68810000 - 0x00007ffe68837000 	C:\WINDOWS\System32\win32u.dll
0x00007ffe69680000 - 0x00007ffe69729000 	C:\WINDOWS\System32\msvcrt.dll
0x00007ffe68c30000 - 0x00007ffe68c5b000 	C:\WINDOWS\System32\GDI32.dll
0x00007ffe68040000 - 0x00007ffe68177000 	C:\WINDOWS\System32\gdi32full.dll
0x00007ffe686a0000 - 0x00007ffe68743000 	C:\WINDOWS\System32\msvcp_win.dll
0x00007ffe68f00000 - 0x00007ffe68f30000 	C:\WINDOWS\System32\IMM32.DLL
0x00007ffe604f0000 - 0x00007ffe604fc000 	C:\Program Files\Android\Android Studio\jbr\bin\vcruntime140_1.dll
0x00007ffe059a0000 - 0x00007ffe05a2d000 	C:\Program Files\Android\Android Studio\jbr\bin\msvcp140.dll
0x00007ffde0650000 - 0x00007ffde12d3000 	C:\Program Files\Android\Android Studio\jbr\bin\server\jvm.dll
0x00007ffe6aac0000 - 0x00007ffe6ab73000 	C:\WINDOWS\System32\ADVAPI32.dll
0x00007ffe69730000 - 0x00007ffe697d6000 	C:\WINDOWS\System32\sechost.dll
0x00007ffe68cf0000 - 0x00007ffe68e05000 	C:\WINDOWS\System32\RPCRT4.dll
0x00007ffe6a8c0000 - 0x00007ffe6a934000 	C:\WINDOWS\System32\WS2_32.dll
0x00007ffe67bc0000 - 0x00007ffe67c1e000 	C:\WINDOWS\SYSTEM32\POWRPROF.dll
0x00007ffe5c490000 - 0x00007ffe5c4c5000 	C:\WINDOWS\SYSTEM32\WINMM.dll
0x00007ffe4d710000 - 0x00007ffe4d71b000 	C:\WINDOWS\SYSTEM32\VERSION.dll
0x00007ffe67ba0000 - 0x00007ffe67bb4000 	C:\WINDOWS\SYSTEM32\UMPDC.dll
0x00007ffe66b30000 - 0x00007ffe66b4b000 	C:\WINDOWS\SYSTEM32\kernel.appcore.dll
0x00007ffe5fd80000 - 0x00007ffe5fd8a000 	C:\Program Files\Android\Android Studio\jbr\bin\jimage.dll
0x00007ffe65530000 - 0x00007ffe65771000 	C:\WINDOWS\SYSTEM32\DBGHELP.DLL
0x00007ffe69120000 - 0x00007ffe694a5000 	C:\WINDOWS\System32\combase.dll
0x00007ffe68e10000 - 0x00007ffe68ef1000 	C:\WINDOWS\System32\OLEAUT32.dll
0x00007ffe4a500000 - 0x00007ffe4a539000 	C:\WINDOWS\SYSTEM32\dbgcore.DLL
0x00007ffe68210000 - 0x00007ffe682a9000 	C:\WINDOWS\System32\bcryptPrimitives.dll
0x00007ffe4f7d0000 - 0x00007ffe4f7de000 	C:\Program Files\Android\Android Studio\jbr\bin\instrument.dll
0x00007ffe5e430000 - 0x00007ffe5e450000 	C:\Program Files\Android\Android Studio\jbr\bin\java.dll
0x00007ffe55760000 - 0x00007ffe55778000 	C:\Program Files\Android\Android Studio\jbr\bin\zip.dll
0x00007ffe6a170000 - 0x00007ffe6a8b2000 	C:\WINDOWS\System32\SHELL32.dll
0x00007ffe68840000 - 0x00007ffe689b4000 	C:\WINDOWS\System32\wintypes.dll
0x00007ffe659f0000 - 0x00007ffe66247000 	C:\WINDOWS\SYSTEM32\windows.storage.dll
0x00007ffe6a9c0000 - 0x00007ffe6aab1000 	C:\WINDOWS\System32\SHCORE.dll
0x00007ffe697e0000 - 0x00007ffe6984a000 	C:\WINDOWS\System32\shlwapi.dll
0x00007ffe67c80000 - 0x00007ffe67caf000 	C:\WINDOWS\SYSTEM32\profapi.dll
0x00007ffe5fd70000 - 0x00007ffe5fd80000 	C:\Program Files\Android\Android Studio\jbr\bin\net.dll
0x00007ffe55f80000 - 0x00007ffe5609e000 	C:\WINDOWS\SYSTEM32\WINHTTP.dll
0x00007ffe670a0000 - 0x00007ffe6710a000 	C:\WINDOWS\system32\mswsock.dll
0x00007ffe55190000 - 0x00007ffe551a6000 	C:\Program Files\Android\Android Studio\jbr\bin\nio.dll
0x00007ffe4cda0000 - 0x00007ffe4cdb0000 	C:\Program Files\Android\Android Studio\jbr\bin\verify.dll
0x00007ffe33210000 - 0x00007ffe33237000 	C:\Users\ASUS\.gradle\native\c067742578af261105cb4f569cf0c3c89f3d7b1fecec35dd04571415982c5e48\windows-amd64\native-platform.dll
0x00007ffe01900000 - 0x00007ffe01a44000 	C:\Users\ASUS\.gradle\native\100fb08df4bc3b14c8652ba06237920a3bd2aa13389f12d3474272988ae205f9\windows-amd64\native-platform-file-events.dll
0x00007ffe55180000 - 0x00007ffe55189000 	C:\Program Files\Android\Android Studio\jbr\bin\management.dll
0x00007ffe546b0000 - 0x00007ffe546bb000 	C:\Program Files\Android\Android Studio\jbr\bin\management_ext.dll
0x00007ffe69850000 - 0x00007ffe69858000 	C:\WINDOWS\System32\PSAPI.DLL
0x00007ffe67350000 - 0x00007ffe6736b000 	C:\WINDOWS\SYSTEM32\CRYPTSP.dll
0x00007ffe66a90000 - 0x00007ffe66aca000 	C:\WINDOWS\system32\rsaenh.dll
0x00007ffe67140000 - 0x00007ffe6716b000 	C:\WINDOWS\SYSTEM32\USERENV.dll
0x00007ffe67c50000 - 0x00007ffe67c76000 	C:\WINDOWS\SYSTEM32\bcrypt.dll
0x00007ffe67370000 - 0x00007ffe6737c000 	C:\WINDOWS\SYSTEM32\CRYPTBASE.dll
0x00007ffe66610000 - 0x00007ffe66643000 	C:\WINDOWS\SYSTEM32\IPHLPAPI.DLL
0x00007ffe6a030000 - 0x00007ffe6a03a000 	C:\WINDOWS\System32\NSI.dll
0x00007ffe5e420000 - 0x00007ffe5e429000 	C:\Program Files\Android\Android Studio\jbr\bin\extnet.dll
0x00007ffe53240000 - 0x00007ffe53248000 	C:\WINDOWS\system32\wshunix.dll

dbghelp: loaded successfully - version: 4.0.5 - missing functions: none
symbol engine: initialized successfully - sym options: 0x614 - pdb path: .;C:\Program Files\Android\Android Studio\jbr\bin;C:\WINDOWS\SYSTEM32;C:\WINDOWS\WinSxS\amd64_microsoft.windows.common-controls_6595b64144ccf1df_6.0.26100.4202_none_3e0698d4e335f517;C:\Program Files\Android\Android Studio\jbr\bin\server;C:\Users\ASUS\.gradle\native\c067742578af261105cb4f569cf0c3c89f3d7b1fecec35dd04571415982c5e48\windows-amd64;C:\Users\ASUS\.gradle\native\100fb08df4bc3b14c8652ba06237920a3bd2aa13389f12d3474272988ae205f9\windows-amd64

VM Arguments:
jvm_args: --add-opens=java.base/java.util=ALL-UNNAMED --add-opens=java.base/java.lang=ALL-UNNAMED --add-opens=java.base/java.lang.invoke=ALL-UNNAMED --add-opens=java.prefs/java.util.prefs=ALL-UNNAMED --add-exports=jdk.compiler/com.sun.tools.javac.api=ALL-UNNAMED --add-exports=jdk.compiler/com.sun.tools.javac.util=ALL-UNNAMED --add-opens=java.base/java.nio.charset=ALL-UNNAMED --add-opens=java.base/java.net=ALL-UNNAMED --add-opens=java.base/java.util.concurrent.atomic=ALL-UNNAMED -Xmx2048m -Dfile.encoding=UTF-8 -Duser.country=ID -Duser.language=en -Duser.variant -javaagent:C:\Users\ASUS\.gradle\wrapper\dists\gradle-8.10.2-bin\a04bxjujx95o3nb99gddekhwo\gradle-8.10.2\lib\agents\gradle-instrumentation-agent-8.10.2.jar 
java_command: org.gradle.launcher.daemon.bootstrap.GradleDaemon 8.10.2
java_class_path (initial): C:\Users\ASUS\.gradle\wrapper\dists\gradle-8.10.2-bin\a04bxjujx95o3nb99gddekhwo\gradle-8.10.2\lib\gradle-daemon-main-8.10.2.jar
Launcher Type: SUN_STANDARD

[Global flags]
     intx CICompilerCount                          = 4                                         {product} {ergonomic}
     uint ConcGCThreads                            = 3                                         {product} {ergonomic}
     uint G1ConcRefinementThreads                  = 10                                        {product} {ergonomic}
   size_t G1HeapRegionSize                         = 1048576                                   {product} {ergonomic}
    uintx GCDrainStackTargetSize                   = 64                                        {product} {ergonomic}
   size_t InitialHeapSize                          = 130023424                                 {product} {ergonomic}
   size_t MarkStackSize                            = 4194304                                   {product} {ergonomic}
   size_t MaxHeapSize                              = 2147483648                                {product} {command line}
   size_t MaxNewSize                               = 1287651328                                {product} {ergonomic}
   size_t MinHeapDeltaBytes                        = 1048576                                   {product} {ergonomic}
   size_t MinHeapSize                              = 8388608                                   {product} {ergonomic}
    uintx NonNMethodCodeHeapSize                   = 5839372                                {pd product} {ergonomic}
    uintx NonProfiledCodeHeapSize                  = 122909434                              {pd product} {ergonomic}
    uintx ProfiledCodeHeapSize                     = 122909434                              {pd product} {ergonomic}
    uintx ReservedCodeCacheSize                    = 251658240                              {pd product} {ergonomic}
     bool SegmentedCodeCache                       = true                                      {product} {ergonomic}
   size_t SoftMaxHeapSize                          = 2147483648                             {manageable} {ergonomic}
     bool UseCompressedOops                        = true                           {product lp64_product} {ergonomic}
     bool UseG1GC                                  = true                                      {product} {ergonomic}
     bool UseLargePagesIndividualAllocation        = false                                  {pd product} {ergonomic}

Logging:
Log output configuration:
 #0: stdout all=warning uptime,level,tags foldmultilines=false
 #1: stderr all=off uptime,level,tags foldmultilines=false

Environment Variables:
PATH=C:\Python312\Scripts\;C:\Python312\;C:\WINDOWS\system32;C:\WINDOWS;C:\WINDOWS\System32\Wbem;C:\WINDOWS\System32\WindowsPowerShell\v1.0\;C:\WINDOWS\System32\OpenSSH\;C:\Program Files\Git\cmd;C:\ProgramData\chocolatey\bin;C:\Program Files\nodejs\;C:\Program Files\dotnet\;C:\Program Files (x86)\Microsoft SQL Server\160\Tools\Binn\;C:\Program Files\Microsoft SQL Server\160\Tools\Binn\;C:\Program Files\Microsoft SQL Server\Client SDK\ODBC\170\Tools\Binn\;C:\Program Files\Microsoft SQL Server\160\DTS\Binn\;C:\Program Files (x86)\Microsoft SQL Server\160\DTS\Binn\;C:\Users\ASUS\.config\herd-lite\bin;C:\Users\ASUS\AppData\Local\Microsoft\WindowsApps;C:\Users\ASUS\AppData\Local\Programs\Microsoft VS Code\bin;C:\Users\ASUS\.dotnet\tools;C:\Users\ASUS\AppData\Roaming\npm
USERNAME=ASUS
OS=Windows_NT
PROCESSOR_IDENTIFIER=Intel64 Family 6 Model 154 Stepping 4, GenuineIntel
TMP=C:\Users\ASUS\AppData\Local\Temp
TEMP=C:\Users\ASUS\AppData\Local\Temp




Periodic native trim disabled

JNI global refs:
JNI global refs: 28, weak refs: 7

JNI global refs memory usage: 835, weak refs: 833

Process memory usage:
Resident Set Size: 308396K (3% of 8075544K total physical memory with 483544K free physical memory)

OOME stack traces (most recent first):
Classloader memory used:
Loader org.gradle.internal.classloader.VisitableURLClassLoader                         : 33564K
Loader bootstrap                                                                       : 22915K
Loader org.gradle.initialization.MixInLegacyTypesClassLoader                           : 9506K
Loader jdk.internal.loader.ClassLoaders$PlatformClassLoader                            : 498K
Loader jdk.internal.loader.ClassLoaders$AppClassLoader                                 : 234K
Loader org.gradle.internal.classloader.VisitableURLClassLoader                         : 154K
Loader jdk.internal.reflect.DelegatingClassLoader                                      : 116K

Classes loaded by more than one classloader:
Class Program                                                                         : loaded 4 times (x 70B)
Class org.gradle.internal.classloader.ClassLoaderHierarchy                            : loaded 2 times (x 66B)
Class org.gradle.api.internal.classpath.ManifestUtil                                  : loaded 2 times (x 67B)
Class org.gradle.internal.classloader.DefaultClassLoaderFactory                       : loaded 2 times (x 78B)
Class org.gradle.internal.classloader.ClassLoaderVisitor                              : loaded 2 times (x 72B)
Class org.gradle.api.internal.classpath.EffectiveClassPath                            : loaded 2 times (x 86B)
Class org.gradle.api.internal.DefaultClassPathProvider                                : loaded 2 times (x 72B)
Class [Lorg.gradle.api.internal.ClassPathProvider;                                    : loaded 2 times (x 65B)
Class org.gradle.api.internal.ClassPathProvider                                       : loaded 2 times (x 66B)
Class org.gradle.internal.service.UnknownServiceException                             : loaded 2 times (x 79B)
Class org.gradle.internal.classpath.TransformedClassPath                              : loaded 2 times (x 92B)
Class org.gradle.internal.classloader.InstrumentingClassLoader                        : loaded 2 times (x 66B)
Class org.gradle.internal.service.ServiceLocator                                      : loaded 2 times (x 66B)
Class org.gradle.kotlin.dsl.VersionCatalogAccessorsKt                                 : loaded 2 times (x 67B)
Class org.gradle.internal.InternalTransformer                                         : loaded 2 times (x 66B)
Class org.gradle.internal.classloader.ClasspathUtil$1                                 : loaded 2 times (x 72B)
Class org.gradle.api.internal.classpath.DefaultModuleRegistry$DefaultModule           : loaded 2 times (x 82B)
Class org.gradle.api.internal.classpath.Module                                        : loaded 2 times (x 66B)
Class org.gradle.api.internal.classpath.UnknownModuleException                        : loaded 2 times (x 78B)
Class org.gradle.api.internal.DefaultClassPathRegistry                                : loaded 2 times (x 72B)
Class org.gradle.api.internal.ClassPathRegistry                                       : loaded 2 times (x 66B)
Class org.gradle.internal.classpath.DefaultClassPath$ImmutableUniqueList              : loaded 2 times (x 195B)
Class org.gradle.internal.classloader.FilteringClassLoader                            : loaded 2 times (x 101B)
Class Settings_gradle$1                                                               : loaded 2 times (x 70B)
Class org.gradle.internal.classpath.ClassPath                                         : loaded 2 times (x 66B)
Class org.gradle.api.UncheckedIOException                                             : loaded 2 times (x 78B)
Class org.gradle.internal.installation.GradleInstallation$1                           : loaded 2 times (x 71B)
Class org.gradle.api.internal.classpath.ModuleRegistry                                : loaded 2 times (x 66B)
Class org.gradle.api.internal.classpath.DefaultModuleRegistry                         : loaded 2 times (x 82B)
Class org.gradle.internal.service.ServiceLookupException                              : loaded 2 times (x 78B)
Class org.gradle.internal.classloader.ClassLoaderFactory                              : loaded 2 times (x 66B)
Class org.gradle.internal.service.CachingServiceLocator                               : loaded 2 times (x 78B)
Class org.gradle.internal.classloader.ClasspathUtil                                   : loaded 2 times (x 67B)
Class org.gradle.api.specs.Spec                                                       : loaded 2 times (x 66B)
Class Build_gradle$1                                                                  : loaded 2 times (x 74B)
Class org.gradle.internal.classloader.VisitableURLClassLoader$InstrumentingVisitableURLClassLoader: loaded 2 times (x 119B)
Class org.gradle.internal.classloader.VisitableURLClassLoader$Spec                    : loaded 2 times (x 70B)
Class org.gradle.internal.classpath.DefaultClassPath                                  : loaded 2 times (x 86B)
Class org.gradle.internal.classloader.ClassLoaderSpec                                 : loaded 2 times (x 67B)
Class Settings_gradle$1$1                                                             : loaded 2 times (x 70B)
Class org.gradle.internal.classloader.VisitableURLClassLoader                         : loaded 2 times (x 113B)
Class Settings_gradle                                                                 : loaded 2 times (x 124B)
Class org.gradle.internal.Cast                                                        : loaded 2 times (x 67B)
Class org.gradle.api.Action                                                           : loaded 2 times (x 66B)
Class org.gradle.internal.classpath.DefaultClassPath$ImmutableUniqueList$Builder      : loaded 2 times (x 71B)
Class org.gradle.api.GradleException                                                  : loaded 2 times (x 78B)
Class org.gradle.internal.IoActions                                                   : loaded 2 times (x 67B)
Class org.gradle.internal.classloader.SystemClassLoaderSpec                           : loaded 2 times (x 67B)
Class org.gradle.api.internal.classpath.GlobalCacheRootsProvider                      : loaded 2 times (x 66B)
Class Build_gradle                                                                    : loaded 2 times (x 68B)
Class org.gradle.internal.installation.CurrentGradleInstallationLocator               : loaded 2 times (x 67B)
Class org.gradle.internal.service.DefaultServiceLocator                               : loaded 2 times (x 79B)
Class org.gradle.internal.installation.CurrentGradleInstallation                      : loaded 2 times (x 69B)
Class org.gradle.util.internal.GUtil                                                  : loaded 2 times (x 67B)
Class org.gradle.internal.installation.GradleInstallation                             : loaded 2 times (x 71B)

---------------  S Y S T E M  ---------------

OS:
 Windows 11 , 64 bit Build 26100 (10.0.26100.4202)
OS uptime: 0 days 11:54 hours

CPU: total 12 (initial active 12) (6 cores per cpu, 2 threads per core) family 6 model 154 stepping 4 microcode 0x41b, cx8, cmov, fxsr, ht, mmx, 3dnowpref, sse, sse2, sse3, ssse3, sse4.1, sse4.2, popcnt, lzcnt, tsc, tscinvbit, avx, avx2, aes, erms, clmul, bmi1, bmi2, adx, sha, fma, vzeroupper, clflush, clflushopt, clwb, serialize, rdtscp, rdpid, fsrm, f16c, pku, cet_ibt, cet_ss
Processor Information for processor 0
  Max Mhz: 1300, Current Mhz: 1300, Mhz Limit: 1300
Processor Information for processor 1
  Max Mhz: 1300, Current Mhz: 1300, Mhz Limit: 1300
Processor Information for processor 2
  Max Mhz: 1300, Current Mhz: 1300, Mhz Limit: 1300
Processor Information for processor 3
  Max Mhz: 1300, Current Mhz: 1300, Mhz Limit: 1300
Processor Information for processor 4
  Max Mhz: 1300, Current Mhz: 900, Mhz Limit: 897
Processor Information for processor 5
  Max Mhz: 1300, Current Mhz: 900, Mhz Limit: 897
Processor Information for processor 6
  Max Mhz: 1300, Current Mhz: 900, Mhz Limit: 897
Processor Information for processor 7
  Max Mhz: 1300, Current Mhz: 900, Mhz Limit: 897
Processor Information for processor 8
  Max Mhz: 1300, Current Mhz: 900, Mhz Limit: 897
Processor Information for processor 9
  Max Mhz: 1300, Current Mhz: 900, Mhz Limit: 897
Processor Information for processor 10
  Max Mhz: 1300, Current Mhz: 900, Mhz Limit: 897
Processor Information for processor 11
  Max Mhz: 1300, Current Mhz: 900, Mhz Limit: 897

Memory: 4k page, system-wide physical 7886M (470M free)
TotalPageFile size 32462M (AvailPageFile size 22M)
current process WorkingSet (physical memory assigned to process): 302M, peak: 324M
current process commit charge ("private bytes"): 347M, peak: 365M

vm_info: OpenJDK 64-Bit Server VM (21.0.4+-12508038-b607.1) for windows-amd64 JRE (21.0.4+-12508038-b607.1), built on 2024-10-16T17:23:34Z by "builder" with MS VC++ 16.10 / 16.11 (VS2019)

END.
