#
# There is insufficient memory for the Java Runtime Environment to continue.
# Native memory allocation (malloc) failed to allocate 1971040 bytes. Error detail: Chunk::new
# Possible reasons:
#   The system is out of physical RAM or swap space
#   This process is running with CompressedOops enabled, and the Java Heap may be blocking the growth of the native heap
# Possible solutions:
#   Reduce memory load on the system
#   Increase physical memory or swap space
#   Check if swap backing store is full
#   Decrease Java heap size (-Xmx/-Xms)
#   Decrease number of Java threads
#   Decrease Java thread stack sizes (-Xss)
#   Set larger code cache with -XX:ReservedCodeCacheSize=
#   JVM is running with Unscaled Compressed Oops mode in which the Java heap is
#     placed in the first 4GB address space. The Java Heap base address is the
#     maximum limit for the native heap growth. Please use -XX:HeapBaseMinAddress
#     to set the Java Heap base and to place the Java Heap above 4GB virtual address.
# This output file may be truncated or incomplete.
#
#  Out of Memory Error (arena.cpp:168), pid=19132, tid=20264
#
# JRE version: OpenJDK Runtime Environment (21.0.4) (build 21.0.4+-12508038-b607.1)
# Java VM: OpenJDK 64-Bit Server VM (21.0.4+-12508038-b607.1, mixed mode, tiered, compressed oops, compressed class ptrs, g1 gc, windows-amd64)
# No core dump will be written. Minidumps are not enabled by default on client versions of Windows
#

---------------  S U M M A R Y ------------

Command Line: --add-opens=java.base/java.util=ALL-UNNAMED --add-opens=java.base/java.lang=ALL-UNNAMED --add-opens=java.base/java.lang.invoke=ALL-UNNAMED --add-opens=java.prefs/java.util.prefs=ALL-UNNAMED --add-exports=jdk.compiler/com.sun.tools.javac.api=ALL-UNNAMED --add-exports=jdk.compiler/com.sun.tools.javac.util=ALL-UNNAMED --add-opens=java.base/java.nio.charset=ALL-UNNAMED --add-opens=java.base/java.net=ALL-UNNAMED --add-opens=java.base/java.util.concurrent.atomic=ALL-UNNAMED -Xmx2048m -Dfile.encoding=UTF-8 -Duser.country=ID -Duser.language=en -Duser.variant -javaagent:C:\Users\ASUS\.gradle\wrapper\dists\gradle-8.10.2-bin\a04bxjujx95o3nb99gddekhwo\gradle-8.10.2\lib\agents\gradle-instrumentation-agent-8.10.2.jar org.gradle.launcher.daemon.bootstrap.GradleDaemon 8.10.2

Host: 12th Gen Intel(R) Core(TM) i5-1235U, 12 cores, 7G,  Windows 11 , 64 bit Build 26100 (10.0.26100.4202)
Time: Sat Jun  7 10:38:53 2025 SE Asia Standard Time elapsed time: 6.232273 seconds (0d 0h 0m 6s)

---------------  T H R E A D  ---------------

Current thread (0x0000027a2e55a890):  JavaThread "C2 CompilerThread1" daemon [_thread_in_native, id=20264, stack(0x000000d22b400000,0x000000d22b500000) (1024K)]


Current CompileTask:
C2:   6232 4685   !   4       java.net.URLClassLoader::findClass (47 bytes)

Stack: [0x000000d22b400000,0x000000d22b500000]
Native frames: (J=compiled Java code, j=interpreted, Vv=VM code, C=native code)
V  [jvm.dll+0x6ce539]
V  [jvm.dll+0x85bf03]
V  [jvm.dll+0x85e45e]
V  [jvm.dll+0x85eb43]
V  [jvm.dll+0x27dd06]
V  [jvm.dll+0xbf9cd]
V  [jvm.dll+0xbff03]
V  [jvm.dll+0x3b4deb]
V  [jvm.dll+0x1de1f2]
V  [jvm.dll+0x247544]
V  [jvm.dll+0x2469c1]
V  [jvm.dll+0x1c58a4]
V  [jvm.dll+0x255fec]
V  [jvm.dll+0x254536]
V  [jvm.dll+0x3efab6]
V  [jvm.dll+0x804418]
V  [jvm.dll+0x6cce0d]
C  [ucrtbase.dll+0x37b0]
C  [KERNEL32.DLL+0x2e8d7]
C  [ntdll.dll+0x3c34c]


---------------  P R O C E S S  ---------------

Threads class SMR info:
_java_thread_list=0x0000027a2dbb1c10, length=33, elements={
0x0000027a0da08020, 0x0000027a25727540, 0x0000027a25727fa0, 0x0000027a257343c0,
0x0000027a25734e20, 0x0000027a25735880, 0x0000027a2573df00, 0x0000027a2575f1e0,
0x0000027a2572b6e0, 0x0000027a258321f0, 0x0000027a2a05f2d0, 0x0000027a2b8b5590,
0x0000027a2b924e10, 0x0000027a2b96f0b0, 0x0000027a2babbd90, 0x0000027a2babe820,
0x0000027a2bad70d0, 0x0000027a2bb22ac0, 0x0000027a2bb24b90, 0x0000027a2bb23150,
0x0000027a2bb237e0, 0x0000027a2bb24500, 0x0000027a2bb23e70, 0x0000027a2bb25220,
0x0000027a2bb22430, 0x0000027a2c05ff30, 0x0000027a2c061970, 0x0000027a2c0605c0,
0x0000027a2c0640d0, 0x0000027a2c062690, 0x0000027a2c0633b0, 0x0000027a2c060c50,
0x0000027a2e55a890
}

Java Threads: ( => current thread )
  0x0000027a0da08020 JavaThread "main"                              [_thread_blocked, id=16204, stack(0x000000d228200000,0x000000d228300000) (1024K)]
  0x0000027a25727540 JavaThread "Reference Handler"          daemon [_thread_blocked, id=19772, stack(0x000000d228a00000,0x000000d228b00000) (1024K)]
  0x0000027a25727fa0 JavaThread "Finalizer"                  daemon [_thread_blocked, id=3684, stack(0x000000d228b00000,0x000000d228c00000) (1024K)]
  0x0000027a257343c0 JavaThread "Signal Dispatcher"          daemon [_thread_blocked, id=17400, stack(0x000000d228c00000,0x000000d228d00000) (1024K)]
  0x0000027a25734e20 JavaThread "Attach Listener"            daemon [_thread_blocked, id=22536, stack(0x000000d228d00000,0x000000d228e00000) (1024K)]
  0x0000027a25735880 JavaThread "Service Thread"             daemon [_thread_blocked, id=22820, stack(0x000000d228e00000,0x000000d228f00000) (1024K)]
  0x0000027a2573df00 JavaThread "Monitor Deflation Thread"   daemon [_thread_blocked, id=7440, stack(0x000000d228f00000,0x000000d229000000) (1024K)]
  0x0000027a2575f1e0 JavaThread "C2 CompilerThread0"         daemon [_thread_in_native, id=3060, stack(0x000000d229000000,0x000000d229100000) (1024K)]
  0x0000027a2572b6e0 JavaThread "C1 CompilerThread0"         daemon [_thread_blocked, id=16456, stack(0x000000d229100000,0x000000d229200000) (1024K)]
  0x0000027a258321f0 JavaThread "Common-Cleaner"             daemon [_thread_blocked, id=18448, stack(0x000000d229200000,0x000000d229300000) (1024K)]
  0x0000027a2a05f2d0 JavaThread "Notification Thread"        daemon [_thread_blocked, id=20740, stack(0x000000d229300000,0x000000d229400000) (1024K)]
  0x0000027a2b8b5590 JavaThread "Daemon health stats"               [_thread_blocked, id=15500, stack(0x000000d229a00000,0x000000d229b00000) (1024K)]
  0x0000027a2b924e10 JavaThread "Incoming local TCP Connector on port 52724"        [_thread_in_native, id=6148, stack(0x000000d229b00000,0x000000d229c00000) (1024K)]
  0x0000027a2b96f0b0 JavaThread "Daemon periodic checks"            [_thread_blocked, id=16920, stack(0x000000d229c00000,0x000000d229d00000) (1024K)]
  0x0000027a2babbd90 JavaThread "Daemon"                            [_thread_blocked, id=3440, stack(0x000000d229d00000,0x000000d229e00000) (1024K)]
  0x0000027a2babe820 JavaThread "Handler for socket connection from /127.0.0.1:52724 to /127.0.0.1:52725"        [_thread_in_native, id=1560, stack(0x000000d229e00000,0x000000d229f00000) (1024K)]
  0x0000027a2bad70d0 JavaThread "Cancel handler"                    [_thread_blocked, id=21240, stack(0x000000d229f00000,0x000000d22a000000) (1024K)]
  0x0000027a2bb22ac0 JavaThread "Daemon worker"                     [_thread_in_Java, id=12928, stack(0x000000d22a000000,0x000000d22a100000) (1024K)]
  0x0000027a2bb24b90 JavaThread "Asynchronous log dispatcher for DefaultDaemonConnection: socket connection from /127.0.0.1:52724 to /127.0.0.1:52725"        [_thread_blocked, id=19416, stack(0x000000d22a100000,0x000000d22a200000) (1024K)]
  0x0000027a2bb23150 JavaThread "Stdin handler"                     [_thread_blocked, id=20972, stack(0x000000d22a200000,0x000000d22a300000) (1024K)]
  0x0000027a2bb237e0 JavaThread "Daemon client event forwarder"        [_thread_blocked, id=3088, stack(0x000000d22a300000,0x000000d22a400000) (1024K)]
  0x0000027a2bb24500 JavaThread "Cache worker for journal cache (C:\Users\ASUS\.gradle\caches\journal-1)"        [_thread_blocked, id=19344, stack(0x000000d22a900000,0x000000d22aa00000) (1024K)]
  0x0000027a2bb23e70 JavaThread "File lock request listener"        [_thread_in_native, id=22044, stack(0x000000d22aa00000,0x000000d22ab00000) (1024K)]
  0x0000027a2bb25220 JavaThread "Cache worker for file hash cache (C:\Users\ASUS\.gradle\caches\8.10.2\fileHashes)"        [_thread_blocked, id=20028, stack(0x000000d22ab00000,0x000000d22ac00000) (1024K)]
  0x0000027a2bb22430 JavaThread "Cache worker for file hash cache (C:\Users\ASUS\AndroidStudioProjects\Laundry\.gradle\8.10.2\fileHashes)"        [_thread_blocked, id=11692, stack(0x000000d22ad00000,0x000000d22ae00000) (1024K)]
  0x0000027a2c05ff30 JavaThread "Cache worker for Build Output Cleanup Cache (C:\Users\ASUS\AndroidStudioProjects\Laundry\.gradle\buildOutputCleanup)"        [_thread_blocked, id=13436, stack(0x000000d22ae00000,0x000000d22af00000) (1024K)]
  0x0000027a2c061970 JavaThread "File watcher server"        daemon [_thread_in_native, id=440, stack(0x000000d22af00000,0x000000d22b000000) (1024K)]
  0x0000027a2c0605c0 JavaThread "File watcher consumer"      daemon [_thread_blocked, id=15300, stack(0x000000d22b000000,0x000000d22b100000) (1024K)]
  0x0000027a2c0640d0 JavaThread "Cache worker for checksums cache (C:\Users\ASUS\AndroidStudioProjects\Laundry\.gradle\8.10.2\checksums)"        [_thread_blocked, id=21880, stack(0x000000d22ac00000,0x000000d22ad00000) (1024K)]
  0x0000027a2c062690 JavaThread "Cache worker for file content cache (C:\Users\ASUS\.gradle\caches\8.10.2\fileContent)"        [_thread_blocked, id=19884, stack(0x000000d22b100000,0x000000d22b200000) (1024K)]
  0x0000027a2c0633b0 JavaThread "Cache worker for cache directory md-rule (C:\Users\ASUS\.gradle\caches\8.10.2\md-rule)"        [_thread_blocked, id=16560, stack(0x000000d22b200000,0x000000d22b300000) (1024K)]
  0x0000027a2c060c50 JavaThread "Cache worker for cache directory md-supplier (C:\Users\ASUS\.gradle\caches\8.10.2\md-supplier)"        [_thread_blocked, id=12640, stack(0x000000d22b300000,0x000000d22b400000) (1024K)]
=>0x0000027a2e55a890 JavaThread "C2 CompilerThread1"         daemon [_thread_in_native, id=20264, stack(0x000000d22b400000,0x000000d22b500000) (1024K)]
Total: 33

Other Threads:
  0x0000027a25503800 VMThread "VM Thread"                           [id=11664, stack(0x000000d228900000,0x000000d228a00000) (1024K)]
  0x0000027a254f23a0 WatcherThread "VM Periodic Task Thread"        [id=11580, stack(0x000000d228800000,0x000000d228900000) (1024K)]
  0x0000027a0da636a0 WorkerThread "GC Thread#0"                     [id=10380, stack(0x000000d228300000,0x000000d228400000) (1024K)]
  0x0000027a25503460 WorkerThread "GC Thread#1"                     [id=9000, stack(0x000000d229500000,0x000000d229600000) (1024K)]
  0x0000027a25503ba0 WorkerThread "GC Thread#2"                     [id=16832, stack(0x000000d229600000,0x000000d229700000) (1024K)]
  0x0000027a255030c0 WorkerThread "GC Thread#3"                     [id=3096, stack(0x000000d229700000,0x000000d229800000) (1024K)]
  0x0000027a25503f40 WorkerThread "GC Thread#4"                     [id=15316, stack(0x000000d229800000,0x000000d229900000) (1024K)]
  0x0000027a2b89d9c0 WorkerThread "GC Thread#5"                     [id=18608, stack(0x000000d229400000,0x000000d229500000) (1024K)]
  0x0000027a2b8a08e0 WorkerThread "GC Thread#6"                     [id=6580, stack(0x000000d229900000,0x000000d229a00000) (1024K)]
  0x0000027a2b89d620 WorkerThread "GC Thread#7"                     [id=13984, stack(0x000000d22a400000,0x000000d22a500000) (1024K)]
  0x0000027a2b89e100 WorkerThread "GC Thread#8"                     [id=20172, stack(0x000000d22a500000,0x000000d22a600000) (1024K)]
  0x0000027a2b89ebe0 WorkerThread "GC Thread#9"                     [id=2076, stack(0x000000d22a600000,0x000000d22a700000) (1024K)]
  0x0000027a0da74590 ConcurrentGCThread "G1 Main Marker"            [id=11652, stack(0x000000d228400000,0x000000d228500000) (1024K)]
  0x0000027a0da75100 WorkerThread "G1 Conc#0"                       [id=11048, stack(0x000000d228500000,0x000000d228600000) (1024K)]
  0x0000027a2b89dd60 WorkerThread "G1 Conc#1"                       [id=15376, stack(0x000000d22a700000,0x000000d22a800000) (1024K)]
  0x0000027a2b89f320 WorkerThread "G1 Conc#2"                       [id=21976, stack(0x000000d22a800000,0x000000d22a900000) (1024K)]
  0x0000027a253c38a0 ConcurrentGCThread "G1 Refine#0"               [id=7016, stack(0x000000d228600000,0x000000d228700000) (1024K)]
  0x0000027a253c70e0 ConcurrentGCThread "G1 Service"                [id=17276, stack(0x000000d228700000,0x000000d228800000) (1024K)]
Total: 18

Threads with active compile tasks:
C2 CompilerThread0     6280 4671   !   4       java.net.URLClassLoader$1::run (81 bytes)
C2 CompilerThread1     6280 4685   !   4       java.net.URLClassLoader::findClass (47 bytes)
Total: 2

VM state: not at safepoint (normal execution)

VM Mutex/Monitor currently owned by a thread: None

Heap address: 0x0000000080000000, size: 2048 MB, Compressed Oops mode: 32-bit

CDS archive(s) not mapped
Compressed class space mapped at: 0x0000000100000000-0x0000000140000000, reserved size: 1073741824
Narrow klass base: 0x0000000000000000, Narrow klass shift: 3, Narrow klass range: 0x140000000

GC Precious Log:
 CardTable entry size: 512
 Card Set container configuration: InlinePtr #cards 5 size 8 Array Of Cards #cards 12 size 40 Howl #buckets 4 coarsen threshold 1843 Howl Bitmap #cards 512 size 80 coarsen threshold 460 Card regions per heap region 1 cards per card region 2048
 CPUs: 12 total, 12 available
 Memory: 7886M
 Large Page Support: Disabled
 NUMA Support: Disabled
 Compressed Oops: Enabled (32-bit)
 Heap Region Size: 1M
 Heap Min Capacity: 8M
 Heap Initial Capacity: 124M
 Heap Max Capacity: 2G
 Pre-touch: Disabled
 Parallel Workers: 10
 Concurrent Workers: 3
 Concurrent Refinement Workers: 10
 Periodic GC: Disabled

Heap:
 garbage-first heap   total 98304K, used 42412K [0x0000000080000000, 0x0000000100000000)
  region size 1024K, 12 young (12288K), 6 survivors (6144K)
 Metaspace       used 55366K, committed 56896K, reserved 1114112K
  class space    used 7448K, committed 8192K, reserved 1048576K

Heap Regions: E=young(eden), S=young(survivor), O=old, HS=humongous(starts), HC=humongous(continues), CS=collection set, F=free, TAMS=top-at-mark-start, PB=parsable bottom
|   0|0x0000000080000000, 0x0000000080100000, 0x0000000080100000|100%| O|  |TAMS 0x0000000080000000| PB 0x0000000080000000| Untracked 
|   1|0x0000000080100000, 0x0000000080200000, 0x0000000080200000|100%| O|  |TAMS 0x0000000080100000| PB 0x0000000080100000| Untracked 
|   2|0x0000000080200000, 0x0000000080300000, 0x0000000080300000|100%|HS|  |TAMS 0x0000000080200000| PB 0x0000000080200000| Complete 
|   3|0x0000000080300000, 0x0000000080400000, 0x0000000080400000|100%|HC|  |TAMS 0x0000000080300000| PB 0x0000000080300000| Complete 
|   4|0x0000000080400000, 0x0000000080500000, 0x0000000080500000|100%|HC|  |TAMS 0x0000000080400000| PB 0x0000000080400000| Complete 
|   5|0x0000000080500000, 0x0000000080600000, 0x0000000080600000|100%|HC|  |TAMS 0x0000000080500000| PB 0x0000000080500000| Complete 
|   6|0x0000000080600000, 0x0000000080700000, 0x0000000080700000|100%| O|  |TAMS 0x0000000080600000| PB 0x0000000080600000| Untracked 
|   7|0x0000000080700000, 0x0000000080800000, 0x0000000080800000|100%| O|  |TAMS 0x0000000080700000| PB 0x0000000080700000| Untracked 
|   8|0x0000000080800000, 0x0000000080900000, 0x0000000080900000|100%| O|  |TAMS 0x0000000080800000| PB 0x0000000080800000| Untracked 
|   9|0x0000000080900000, 0x0000000080a00000, 0x0000000080a00000|100%|HS|  |TAMS 0x0000000080900000| PB 0x0000000080900000| Complete 
|  10|0x0000000080a00000, 0x0000000080b00000, 0x0000000080b00000|100%| O|  |TAMS 0x0000000080a00000| PB 0x0000000080a00000| Untracked 
|  11|0x0000000080b00000, 0x0000000080c00000, 0x0000000080c00000|100%| O|  |TAMS 0x0000000080b00000| PB 0x0000000080b00000| Untracked 
|  12|0x0000000080c00000, 0x0000000080d00000, 0x0000000080d00000|100%| O|  |TAMS 0x0000000080c00000| PB 0x0000000080c00000| Untracked 
|  13|0x0000000080d00000, 0x0000000080e00000, 0x0000000080e00000|100%| O|  |TAMS 0x0000000080d00000| PB 0x0000000080d00000| Untracked 
|  14|0x0000000080e00000, 0x0000000080f00000, 0x0000000080f00000|100%| O|  |TAMS 0x0000000080e00000| PB 0x0000000080e00000| Untracked 
|  15|0x0000000080f00000, 0x0000000081000000, 0x0000000081000000|100%| O|  |TAMS 0x0000000080f00000| PB 0x0000000080f00000| Untracked 
|  16|0x0000000081000000, 0x0000000081100000, 0x0000000081100000|100%| O|  |TAMS 0x0000000081000000| PB 0x0000000081000000| Untracked 
|  17|0x0000000081100000, 0x0000000081200000, 0x0000000081200000|100%| O|  |TAMS 0x0000000081100000| PB 0x0000000081100000| Untracked 
|  18|0x0000000081200000, 0x0000000081300000, 0x0000000081300000|100%| O|  |TAMS 0x0000000081200000| PB 0x0000000081200000| Untracked 
|  19|0x0000000081300000, 0x0000000081400000, 0x0000000081400000|100%| O|  |TAMS 0x0000000081300000| PB 0x0000000081300000| Untracked 
|  20|0x0000000081400000, 0x0000000081400000, 0x0000000081500000|  0%| F|  |TAMS 0x0000000081400000| PB 0x0000000081400000| Untracked 
|  21|0x0000000081500000, 0x0000000081500000, 0x0000000081600000|  0%| F|  |TAMS 0x0000000081500000| PB 0x0000000081500000| Untracked 
|  22|0x0000000081600000, 0x0000000081600000, 0x0000000081700000|  0%| F|  |TAMS 0x0000000081600000| PB 0x0000000081600000| Untracked 
|  23|0x0000000081700000, 0x0000000081700000, 0x0000000081800000|  0%| F|  |TAMS 0x0000000081700000| PB 0x0000000081700000| Untracked 
|  24|0x0000000081800000, 0x0000000081800000, 0x0000000081900000|  0%| F|  |TAMS 0x0000000081800000| PB 0x0000000081800000| Untracked 
|  25|0x0000000081900000, 0x0000000081900000, 0x0000000081a00000|  0%| F|  |TAMS 0x0000000081900000| PB 0x0000000081900000| Untracked 
|  26|0x0000000081a00000, 0x0000000081a00000, 0x0000000081b00000|  0%| F|  |TAMS 0x0000000081a00000| PB 0x0000000081a00000| Untracked 
|  27|0x0000000081b00000, 0x0000000081c00000, 0x0000000081c00000|100%| O|  |TAMS 0x0000000081b00000| PB 0x0000000081b00000| Untracked 
|  28|0x0000000081c00000, 0x0000000081d00000, 0x0000000081d00000|100%| O|  |TAMS 0x0000000081c00000| PB 0x0000000081c00000| Untracked 
|  29|0x0000000081d00000, 0x0000000081e00000, 0x0000000081e00000|100%| O|  |TAMS 0x0000000081d00000| PB 0x0000000081d00000| Untracked 
|  30|0x0000000081e00000, 0x0000000081f00000, 0x0000000081f00000|100%| O|  |TAMS 0x0000000081e00000| PB 0x0000000081e00000| Untracked 
|  31|0x0000000081f00000, 0x0000000082000000, 0x0000000082000000|100%| O|  |TAMS 0x0000000081f00000| PB 0x0000000081f00000| Untracked 
|  32|0x0000000082000000, 0x0000000082100000, 0x0000000082100000|100%| O|  |TAMS 0x0000000082000000| PB 0x0000000082000000| Untracked 
|  33|0x0000000082100000, 0x0000000082200000, 0x0000000082200000|100%| O|  |TAMS 0x0000000082100000| PB 0x0000000082100000| Untracked 
|  34|0x0000000082200000, 0x000000008226b280, 0x0000000082300000| 41%| S|CS|TAMS 0x0000000082200000| PB 0x0000000082200000| Complete 
|  35|0x0000000082300000, 0x0000000082400000, 0x0000000082400000|100%| S|CS|TAMS 0x0000000082300000| PB 0x0000000082300000| Complete 
|  36|0x0000000082400000, 0x0000000082500000, 0x0000000082500000|100%| S|CS|TAMS 0x0000000082400000| PB 0x0000000082400000| Complete 
|  37|0x0000000082500000, 0x0000000082600000, 0x0000000082600000|100%| S|CS|TAMS 0x0000000082500000| PB 0x0000000082500000| Complete 
|  38|0x0000000082600000, 0x0000000082600000, 0x0000000082700000|  0%| F|  |TAMS 0x0000000082600000| PB 0x0000000082600000| Untracked 
|  39|0x0000000082700000, 0x0000000082700000, 0x0000000082800000|  0%| F|  |TAMS 0x0000000082700000| PB 0x0000000082700000| Untracked 
|  40|0x0000000082800000, 0x0000000082800000, 0x0000000082900000|  0%| F|  |TAMS 0x0000000082800000| PB 0x0000000082800000| Untracked 
|  41|0x0000000082900000, 0x0000000082900000, 0x0000000082a00000|  0%| F|  |TAMS 0x0000000082900000| PB 0x0000000082900000| Untracked 
|  42|0x0000000082a00000, 0x0000000082b00000, 0x0000000082b00000|100%| S|CS|TAMS 0x0000000082a00000| PB 0x0000000082a00000| Complete 
|  43|0x0000000082b00000, 0x0000000082c00000, 0x0000000082c00000|100%| S|CS|TAMS 0x0000000082b00000| PB 0x0000000082b00000| Complete 
|  44|0x0000000082c00000, 0x0000000082c00000, 0x0000000082d00000|  0%| F|  |TAMS 0x0000000082c00000| PB 0x0000000082c00000| Untracked 
|  45|0x0000000082d00000, 0x0000000082d00000, 0x0000000082e00000|  0%| F|  |TAMS 0x0000000082d00000| PB 0x0000000082d00000| Untracked 
|  46|0x0000000082e00000, 0x0000000082e00000, 0x0000000082f00000|  0%| F|  |TAMS 0x0000000082e00000| PB 0x0000000082e00000| Untracked 
|  47|0x0000000082f00000, 0x0000000082f00000, 0x0000000083000000|  0%| F|  |TAMS 0x0000000082f00000| PB 0x0000000082f00000| Untracked 
|  48|0x0000000083000000, 0x0000000083000000, 0x0000000083100000|  0%| F|  |TAMS 0x0000000083000000| PB 0x0000000083000000| Untracked 
|  49|0x0000000083100000, 0x0000000083100000, 0x0000000083200000|  0%| F|  |TAMS 0x0000000083100000| PB 0x0000000083100000| Untracked 
|  50|0x0000000083200000, 0x0000000083200000, 0x0000000083300000|  0%| F|  |TAMS 0x0000000083200000| PB 0x0000000083200000| Untracked 
|  51|0x0000000083300000, 0x0000000083300000, 0x0000000083400000|  0%| F|  |TAMS 0x0000000083300000| PB 0x0000000083300000| Untracked 
|  52|0x0000000083400000, 0x0000000083400000, 0x0000000083500000|  0%| F|  |TAMS 0x0000000083400000| PB 0x0000000083400000| Untracked 
|  53|0x0000000083500000, 0x0000000083500000, 0x0000000083600000|  0%| F|  |TAMS 0x0000000083500000| PB 0x0000000083500000| Untracked 
|  54|0x0000000083600000, 0x0000000083600000, 0x0000000083700000|  0%| F|  |TAMS 0x0000000083600000| PB 0x0000000083600000| Untracked 
|  55|0x0000000083700000, 0x0000000083700000, 0x0000000083800000|  0%| F|  |TAMS 0x0000000083700000| PB 0x0000000083700000| Untracked 
|  56|0x0000000083800000, 0x0000000083800000, 0x0000000083900000|  0%| F|  |TAMS 0x0000000083800000| PB 0x0000000083800000| Untracked 
|  57|0x0000000083900000, 0x0000000083900000, 0x0000000083a00000|  0%| F|  |TAMS 0x0000000083900000| PB 0x0000000083900000| Untracked 
|  58|0x0000000083a00000, 0x0000000083a00000, 0x0000000083b00000|  0%| F|  |TAMS 0x0000000083a00000| PB 0x0000000083a00000| Untracked 
|  59|0x0000000083b00000, 0x0000000083b00000, 0x0000000083c00000|  0%| F|  |TAMS 0x0000000083b00000| PB 0x0000000083b00000| Untracked 
|  60|0x0000000083c00000, 0x0000000083c00000, 0x0000000083d00000|  0%| F|  |TAMS 0x0000000083c00000| PB 0x0000000083c00000| Untracked 
|  61|0x0000000083d00000, 0x0000000083d00000, 0x0000000083e00000|  0%| F|  |TAMS 0x0000000083d00000| PB 0x0000000083d00000| Untracked 
|  62|0x0000000083e00000, 0x0000000083e00000, 0x0000000083f00000|  0%| F|  |TAMS 0x0000000083e00000| PB 0x0000000083e00000| Untracked 
|  63|0x0000000083f00000, 0x0000000083f00000, 0x0000000084000000|  0%| F|  |TAMS 0x0000000083f00000| PB 0x0000000083f00000| Untracked 
|  64|0x0000000084000000, 0x0000000084000000, 0x0000000084100000|  0%| F|  |TAMS 0x0000000084000000| PB 0x0000000084000000| Untracked 
|  65|0x0000000084100000, 0x0000000084100000, 0x0000000084200000|  0%| F|  |TAMS 0x0000000084100000| PB 0x0000000084100000| Untracked 
|  66|0x0000000084200000, 0x0000000084200000, 0x0000000084300000|  0%| F|  |TAMS 0x0000000084200000| PB 0x0000000084200000| Untracked 
|  67|0x0000000084300000, 0x0000000084300000, 0x0000000084400000|  0%| F|  |TAMS 0x0000000084300000| PB 0x0000000084300000| Untracked 
|  68|0x0000000084400000, 0x0000000084400000, 0x0000000084500000|  0%| F|  |TAMS 0x0000000084400000| PB 0x0000000084400000| Untracked 
|  69|0x0000000084500000, 0x0000000084500000, 0x0000000084600000|  0%| F|  |TAMS 0x0000000084500000| PB 0x0000000084500000| Untracked 
|  70|0x0000000084600000, 0x0000000084600000, 0x0000000084700000|  0%| F|  |TAMS 0x0000000084600000| PB 0x0000000084600000| Untracked 
|  71|0x0000000084700000, 0x0000000084700000, 0x0000000084800000|  0%| F|  |TAMS 0x0000000084700000| PB 0x0000000084700000| Untracked 
|  72|0x0000000084800000, 0x0000000084800000, 0x0000000084900000|  0%| F|  |TAMS 0x0000000084800000| PB 0x0000000084800000| Untracked 
|  73|0x0000000084900000, 0x0000000084900000, 0x0000000084a00000|  0%| F|  |TAMS 0x0000000084900000| PB 0x0000000084900000| Untracked 
|  74|0x0000000084a00000, 0x0000000084a00000, 0x0000000084b00000|  0%| F|  |TAMS 0x0000000084a00000| PB 0x0000000084a00000| Untracked 
|  75|0x0000000084b00000, 0x0000000084b00000, 0x0000000084c00000|  0%| F|  |TAMS 0x0000000084b00000| PB 0x0000000084b00000| Untracked 
|  76|0x0000000084c00000, 0x0000000084c00000, 0x0000000084d00000|  0%| F|  |TAMS 0x0000000084c00000| PB 0x0000000084c00000| Untracked 
|  77|0x0000000084d00000, 0x0000000084d00000, 0x0000000084e00000|  0%| F|  |TAMS 0x0000000084d00000| PB 0x0000000084d00000| Untracked 
|  78|0x0000000084e00000, 0x0000000084e00000, 0x0000000084f00000|  0%| F|  |TAMS 0x0000000084e00000| PB 0x0000000084e00000| Untracked 
|  79|0x0000000084f00000, 0x0000000084f00000, 0x0000000085000000|  0%| F|  |TAMS 0x0000000084f00000| PB 0x0000000084f00000| Untracked 
|  80|0x0000000085000000, 0x0000000085000000, 0x0000000085100000|  0%| F|  |TAMS 0x0000000085000000| PB 0x0000000085000000| Untracked 
|  81|0x0000000085100000, 0x0000000085100000, 0x0000000085200000|  0%| F|  |TAMS 0x0000000085100000| PB 0x0000000085100000| Untracked 
|  82|0x0000000085200000, 0x0000000085200000, 0x0000000085300000|  0%| F|  |TAMS 0x0000000085200000| PB 0x0000000085200000| Untracked 
|  83|0x0000000085300000, 0x0000000085300000, 0x0000000085400000|  0%| F|  |TAMS 0x0000000085300000| PB 0x0000000085300000| Untracked 
|  84|0x0000000085400000, 0x0000000085400000, 0x0000000085500000|  0%| F|  |TAMS 0x0000000085400000| PB 0x0000000085400000| Untracked 
|  85|0x0000000085500000, 0x0000000085500000, 0x0000000085600000|  0%| F|  |TAMS 0x0000000085500000| PB 0x0000000085500000| Untracked 
|  86|0x0000000085600000, 0x0000000085688868, 0x0000000085700000| 53%| E|  |TAMS 0x0000000085600000| PB 0x0000000085600000| Complete 
|  87|0x0000000085700000, 0x0000000085800000, 0x0000000085800000|100%| E|CS|TAMS 0x0000000085700000| PB 0x0000000085700000| Complete 
|  96|0x0000000086000000, 0x0000000086100000, 0x0000000086100000|100%| E|CS|TAMS 0x0000000086000000| PB 0x0000000086000000| Complete 
|  97|0x0000000086100000, 0x0000000086200000, 0x0000000086200000|100%| E|CS|TAMS 0x0000000086100000| PB 0x0000000086100000| Complete 
|  98|0x0000000086200000, 0x0000000086300000, 0x0000000086300000|100%| E|CS|TAMS 0x0000000086200000| PB 0x0000000086200000| Complete 
| 123|0x0000000087b00000, 0x0000000087c00000, 0x0000000087c00000|100%| E|CS|TAMS 0x0000000087b00000| PB 0x0000000087b00000| Complete 
|2044|0x00000000ffc00000, 0x00000000ffd00000, 0x00000000ffd00000|100%| O|  |TAMS 0x00000000ffc00000| PB 0x00000000ffc00000| Untracked 
|2045|0x00000000ffd00000, 0x00000000ffe00000, 0x00000000ffe00000|100%| O|  |TAMS 0x00000000ffd00000| PB 0x00000000ffd00000| Untracked 
|2046|0x00000000ffe00000, 0x00000000fff00000, 0x00000000fff00000|100%| O|  |TAMS 0x00000000ffe00000| PB 0x00000000ffe00000| Untracked 
|2047|0x00000000fff00000, 0x0000000100000000, 0x0000000100000000|100%| O|  |TAMS 0x00000000fff00000| PB 0x00000000fff00000| Untracked 

Card table byte_map: [0x0000027a204b0000,0x0000027a208b0000] _byte_map_base: 0x0000027a200b0000

Marking Bits: (CMBitMap*) 0x0000027a0da63cb0
 Bits: [0x0000027a208b0000, 0x0000027a228b0000)

Polling page: 0x0000027a0b910000

Metaspace:

Usage:
  Non-class:     46.83 MB used.
      Class:      7.27 MB used.
       Both:     54.11 MB used.

Virtual space:
  Non-class space:       64.00 MB reserved,      47.56 MB ( 74%) committed,  1 nodes.
      Class space:        1.00 GB reserved,       8.00 MB ( <1%) committed,  1 nodes.
             Both:        1.06 GB reserved,      55.56 MB (  5%) committed. 

Chunk freelists:
   Non-Class:  15.77 MB
       Class:  7.95 MB
        Both:  23.72 MB

MaxMetaspaceSize: unlimited
CompressedClassSpaceSize: 1.00 GB
Initial GC threshold: 21.00 MB
Current GC threshold: 59.19 MB
CDS: off
 - commit_granule_bytes: 65536.
 - commit_granule_words: 8192.
 - virtual_space_node_default_size: 8388608.
 - enlarge_chunks_in_place: 1.
 - use_allocation_guard: 0.


Internal statistics:

num_allocs_failed_limit: 9.
num_arena_births: 2722.
num_arena_deaths: 0.
num_vsnodes_births: 2.
num_vsnodes_deaths: 0.
num_space_committed: 889.
num_space_uncommitted: 0.
num_chunks_returned_to_freelist: 9.
num_chunks_taken_from_freelist: 4866.
num_chunk_merges: 9.
num_chunk_splits: 3158.
num_chunks_enlarged: 1959.
num_inconsistent_stats: 0.

CodeHeap 'non-profiled nmethods': size=120000Kb used=2766Kb max_used=2766Kb free=117234Kb
 bounds [0x0000027a18620000, 0x0000027a188e0000, 0x0000027a1fb50000]
CodeHeap 'profiled nmethods': size=120000Kb used=8416Kb max_used=8416Kb free=111583Kb
 bounds [0x0000027a10b50000, 0x0000027a11390000, 0x0000027a18080000]
CodeHeap 'non-nmethods': size=5760Kb used=1938Kb max_used=1960Kb free=3821Kb
 bounds [0x0000027a18080000, 0x0000027a182f0000, 0x0000027a18620000]
 total_blobs=5056 nmethods=4337 adapters=623
 compilation: enabled
              stopped_count=0, restarted_count=0
 full_count=0

Compilation events (20 events):
Event: 6.047 Thread 0x0000027a2572b6e0 nmethod 4735 0x0000027a1137d410 code [0x0000027a1137d820, 0x0000027a1137f208]
Event: 6.047 Thread 0x0000027a2572b6e0 4736       3       kotlin.SafePublicationLazyImpl::<init> (30 bytes)
Event: 6.048 Thread 0x0000027a2572b6e0 nmethod 4736 0x0000027a1137fb10 code [0x0000027a1137fd40, 0x0000027a11380470]
Event: 6.054 Thread 0x0000027a2572b6e0 4737       3       java.util.concurrent.locks.AbstractQueuedSynchronizer$ConditionObject::unlinkCancelledWaiters (91 bytes)
Event: 6.055 Thread 0x0000027a2572b6e0 nmethod 4737 0x0000027a11380710 code [0x0000027a113808e0, 0x0000027a11380d68]
Event: 6.058 Thread 0x0000027a2572b6e0 4739       3       kotlin.reflect.jvm.internal.impl.renderer.DescriptorRendererOptionsImpl::property (20 bytes)
Event: 6.058 Thread 0x0000027a2572b6e0 nmethod 4739 0x0000027a11380e90 code [0x0000027a11381040, 0x0000027a11381370]
Event: 6.058 Thread 0x0000027a2572b6e0 4740       3       kotlin.reflect.jvm.internal.impl.renderer.DescriptorRendererOptionsImpl$property$$inlined$vetoable$1::<init> (11 bytes)
Event: 6.058 Thread 0x0000027a2572b6e0 nmethod 4740 0x0000027a11381490 code [0x0000027a11381640, 0x0000027a113818c0]
Event: 6.078 Thread 0x0000027a2572b6e0 4741       3       jdk.internal.misc.InnocuousThread::eraseThreadLocals (23 bytes)
Event: 6.078 Thread 0x0000027a2572b6e0 nmethod 4741 0x0000027a11381990 code [0x0000027a11381b20, 0x0000027a11381d10]
Event: 6.078 Thread 0x0000027a2572b6e0 4742   !   3       java.lang.ref.ReferenceQueue::remove (61 bytes)
Event: 6.079 Thread 0x0000027a2572b6e0 nmethod 4742 0x0000027a11381d90 code [0x0000027a11382000, 0x0000027a11382b68]
Event: 6.079 Thread 0x0000027a2572b6e0 4743       3       java.lang.ref.ReferenceQueue::remove0 (64 bytes)
Event: 6.079 Thread 0x0000027a2572b6e0 nmethod 4743 0x0000027a11382f10 code [0x0000027a11383100, 0x0000027a11383590]
Event: 6.079 Thread 0x0000027a2572b6e0 4744       3       java.lang.invoke.MethodHandleNatives$CallSiteContext::run (5 bytes)
Event: 6.079 Thread 0x0000027a2572b6e0 nmethod 4744 0x0000027a11383710 code [0x0000027a113838c0, 0x0000027a113839f8]
Event: 6.099 Thread 0x0000027a2572b6e0 4746       3       jdk.internal.loader.URLClassPath$1::next (59 bytes)
Event: 6.099 Thread 0x0000027a2572b6e0 nmethod 4746 0x0000027a11383a90 code [0x0000027a11383c60, 0x0000027a11384070]
Event: 6.116 Thread 0x0000027a2572b6e0 4747   !   3       java.lang.Thread::sleep (82 bytes)

GC Heap History (20 events):
Event: 0.296 GC heap before
{Heap before GC invocations=0 (full 0):
 garbage-first heap   total 126976K, used 22528K [0x0000000080000000, 0x0000000100000000)
  region size 1024K, 23 young (23552K), 0 survivors (0K)
 Metaspace       used 7996K, committed 8128K, reserved 1114112K
  class space    used 712K, committed 768K, reserved 1048576K
}
Event: 0.299 GC heap after
{Heap after GC invocations=1 (full 0):
 garbage-first heap   total 126976K, used 4696K [0x0000000080000000, 0x0000000100000000)
  region size 1024K, 3 young (3072K), 3 survivors (3072K)
 Metaspace       used 7996K, committed 8128K, reserved 1114112K
  class space    used 712K, committed 768K, reserved 1048576K
}
Event: 0.769 GC heap before
{Heap before GC invocations=1 (full 0):
 garbage-first heap   total 126976K, used 41560K [0x0000000080000000, 0x0000000100000000)
  region size 1024K, 35 young (35840K), 3 survivors (3072K)
 Metaspace       used 12107K, committed 12352K, reserved 1114112K
  class space    used 1275K, committed 1408K, reserved 1048576K
}
Event: 0.778 GC heap after
{Heap after GC invocations=2 (full 0):
 garbage-first heap   total 126976K, used 12519K [0x0000000080000000, 0x0000000100000000)
  region size 1024K, 4 young (4096K), 4 survivors (4096K)
 Metaspace       used 12107K, committed 12352K, reserved 1114112K
  class space    used 1275K, committed 1408K, reserved 1048576K
}
Event: 1.531 GC heap before
{Heap before GC invocations=2 (full 0):
 garbage-first heap   total 126976K, used 59623K [0x0000000080000000, 0x0000000100000000)
  region size 1024K, 48 young (49152K), 4 survivors (4096K)
 Metaspace       used 14230K, committed 14464K, reserved 1114112K
  class space    used 1561K, committed 1664K, reserved 1048576K
}
Event: 1.540 GC heap after
{Heap after GC invocations=3 (full 0):
 garbage-first heap   total 126976K, used 18432K [0x0000000080000000, 0x0000000100000000)
  region size 1024K, 6 young (6144K), 6 survivors (6144K)
 Metaspace       used 14230K, committed 14464K, reserved 1114112K
  class space    used 1561K, committed 1664K, reserved 1048576K
}
Event: 2.226 GC heap before
{Heap before GC invocations=3 (full 0):
 garbage-first heap   total 126976K, used 40960K [0x0000000080000000, 0x0000000100000000)
  region size 1024K, 29 young (29696K), 6 survivors (6144K)
 Metaspace       used 21181K, committed 21504K, reserved 1114112K
  class space    used 2441K, committed 2624K, reserved 1048576K
}
Event: 2.232 GC heap after
{Heap after GC invocations=4 (full 0):
 garbage-first heap   total 126976K, used 21917K [0x0000000080000000, 0x0000000100000000)
  region size 1024K, 8 young (8192K), 8 survivors (8192K)
 Metaspace       used 21181K, committed 21504K, reserved 1114112K
  class space    used 2441K, committed 2624K, reserved 1048576K
}
Event: 3.419 GC heap before
{Heap before GC invocations=5 (full 0):
 garbage-first heap   total 78848K, used 77213K [0x0000000080000000, 0x0000000100000000)
  region size 1024K, 62 young (63488K), 8 survivors (8192K)
 Metaspace       used 30114K, committed 30784K, reserved 1114112K
  class space    used 3862K, committed 4160K, reserved 1048576K
}
Event: 3.426 GC heap after
{Heap after GC invocations=6 (full 0):
 garbage-first heap   total 108544K, used 24861K [0x0000000080000000, 0x0000000100000000)
  region size 1024K, 7 young (7168K), 7 survivors (7168K)
 Metaspace       used 30114K, committed 30784K, reserved 1114112K
  class space    used 3862K, committed 4160K, reserved 1048576K
}
Event: 4.093 GC heap before
{Heap before GC invocations=6 (full 0):
 garbage-first heap   total 108544K, used 60701K [0x0000000080000000, 0x0000000100000000)
  region size 1024K, 43 young (44032K), 7 survivors (7168K)
 Metaspace       used 35110K, committed 35968K, reserved 1114112K
  class space    used 4695K, committed 5120K, reserved 1048576K
}
Event: 4.100 GC heap after
{Heap after GC invocations=7 (full 0):
 garbage-first heap   total 108544K, used 27261K [0x0000000080000000, 0x0000000100000000)
  region size 1024K, 6 young (6144K), 6 survivors (6144K)
 Metaspace       used 35110K, committed 35968K, reserved 1114112K
  class space    used 4695K, committed 5120K, reserved 1048576K
}
Event: 4.141 GC heap before
{Heap before GC invocations=7 (full 0):
 garbage-first heap   total 108544K, used 29309K [0x0000000080000000, 0x0000000100000000)
  region size 1024K, 9 young (9216K), 6 survivors (6144K)
 Metaspace       used 35431K, committed 36288K, reserved 1114112K
  class space    used 4749K, committed 5184K, reserved 1048576K
}
Event: 4.145 GC heap after
{Heap after GC invocations=8 (full 0):
 garbage-first heap   total 108544K, used 27637K [0x0000000080000000, 0x0000000100000000)
  region size 1024K, 3 young (3072K), 3 survivors (3072K)
 Metaspace       used 35431K, committed 36288K, reserved 1114112K
  class space    used 4749K, committed 5184K, reserved 1048576K
}
Event: 4.875 GC heap before
{Heap before GC invocations=9 (full 0):
 garbage-first heap   total 96256K, used 88053K [0x0000000080000000, 0x0000000100000000)
  region size 1024K, 63 young (64512K), 3 survivors (3072K)
 Metaspace       used 45438K, committed 46592K, reserved 1114112K
  class space    used 6039K, committed 6592K, reserved 1048576K
}
Event: 4.881 GC heap after
{Heap after GC invocations=10 (full 0):
 garbage-first heap   total 98304K, used 32714K [0x0000000080000000, 0x0000000100000000)
  region size 1024K, 8 young (8192K), 8 survivors (8192K)
 Metaspace       used 45438K, committed 46592K, reserved 1114112K
  class space    used 6039K, committed 6592K, reserved 1048576K
}
Event: 5.204 GC heap before
{Heap before GC invocations=10 (full 0):
 garbage-first heap   total 98304K, used 81866K [0x0000000080000000, 0x0000000100000000)
  region size 1024K, 56 young (57344K), 8 survivors (8192K)
 Metaspace       used 47500K, committed 48768K, reserved 1114112K
  class space    used 6358K, committed 6976K, reserved 1048576K
}
Event: 5.210 GC heap after
{Heap after GC invocations=11 (full 0):
 garbage-first heap   total 98304K, used 35053K [0x0000000080000000, 0x0000000100000000)
  region size 1024K, 4 young (4096K), 4 survivors (4096K)
 Metaspace       used 47500K, committed 48768K, reserved 1114112K
  class space    used 6358K, committed 6976K, reserved 1048576K
}
Event: 6.072 GC heap before
{Heap before GC invocations=11 (full 0):
 garbage-first heap   total 98304K, used 85229K [0x0000000080000000, 0x0000000100000000)
  region size 1024K, 52 young (53248K), 4 survivors (4096K)
 Metaspace       used 54571K, committed 56128K, reserved 1114112K
  class space    used 7348K, committed 8128K, reserved 1048576K
}
Event: 6.077 GC heap after
{Heap after GC invocations=12 (full 0):
 garbage-first heap   total 98304K, used 37292K [0x0000000080000000, 0x0000000100000000)
  region size 1024K, 6 young (6144K), 6 survivors (6144K)
 Metaspace       used 54571K, committed 56128K, reserved 1114112K
  class space    used 7348K, committed 8128K, reserved 1048576K
}

Dll operation events (3 events):
Event: 0.006 Loaded shared library C:\Program Files\Android\Android Studio\jbr\bin\java.dll
Event: 0.011 Loaded shared library C:\Program Files\Android\Android Studio\jbr\bin\zip.dll
Event: 0.331 Loaded shared library C:\Program Files\Android\Android Studio\jbr\bin\verify.dll

Deoptimization events (20 events):
Event: 5.482 Thread 0x0000027a2bb22ac0 Uncommon trap: trap_request=0xffffffde fr.pc=0x0000027a1886d620 relative=0x0000000000000200
Event: 5.482 Thread 0x0000027a2bb22ac0 Uncommon trap: reason=class_check action=maybe_recompile pc=0x0000027a1886d620 method=jdk.internal.loader.URLClassPath.getResource(Ljava/lang/String;Z)Ljdk/internal/loader/Resource; @ 53 c2
Event: 5.482 Thread 0x0000027a2bb22ac0 DEOPT PACKING pc=0x0000027a1886d620 sp=0x000000d22a0f9070
Event: 5.482 Thread 0x0000027a2bb22ac0 DEOPT UNPACKING pc=0x0000027a180d46a2 sp=0x000000d22a0f9000 mode 2
Event: 5.482 Thread 0x0000027a2bb22ac0 Uncommon trap: trap_request=0xffffffde fr.pc=0x0000027a18847a84 relative=0x0000000000001da4
Event: 5.482 Thread 0x0000027a2bb22ac0 Uncommon trap: reason=class_check action=maybe_recompile pc=0x0000027a18847a84 method=jdk.internal.loader.Resource.getBytes()[B @ 10 c2
Event: 5.482 Thread 0x0000027a2bb22ac0 DEOPT PACKING pc=0x0000027a18847a84 sp=0x000000d22a0f8e80
Event: 5.482 Thread 0x0000027a2bb22ac0 DEOPT UNPACKING pc=0x0000027a180d46a2 sp=0x000000d22a0f8e98 mode 2
Event: 5.700 Thread 0x0000027a2bb22ac0 Uncommon trap: trap_request=0xffffffde fr.pc=0x0000027a1877c188 relative=0x00000000000002c8
Event: 5.700 Thread 0x0000027a2bb22ac0 Uncommon trap: reason=class_check action=maybe_recompile pc=0x0000027a1877c188 method=java.util.Collections$SetFromMap.remove(Ljava/lang/Object;)Z @ 5 c2
Event: 5.700 Thread 0x0000027a2bb22ac0 DEOPT PACKING pc=0x0000027a1877c188 sp=0x000000d22a0f8bf0
Event: 5.700 Thread 0x0000027a2bb22ac0 DEOPT UNPACKING pc=0x0000027a180d46a2 sp=0x000000d22a0f8bd8 mode 2
Event: 5.860 Thread 0x0000027a2bb22ac0 Uncommon trap: trap_request=0xffffff54 fr.pc=0x0000027a186e2890 relative=0x00000000000015b0
Event: 5.860 Thread 0x0000027a2bb22ac0 Uncommon trap: reason=speculate_null_assert action=make_not_entrant pc=0x0000027a186e2890 method=java.util.jar.JarFile.getVersionedEntry(Ljava/lang/String;Ljava/util/jar/JarEntry;)Ljava/util/jar/JarEntry; @ 115 c2
Event: 5.860 Thread 0x0000027a2bb22ac0 DEOPT PACKING pc=0x0000027a186e2890 sp=0x000000d22a0f8560
Event: 5.860 Thread 0x0000027a2bb22ac0 DEOPT UNPACKING pc=0x0000027a180d46a2 sp=0x000000d22a0f8568 mode 2
Event: 5.860 Thread 0x0000027a2bb22ac0 Uncommon trap: trap_request=0xffffff45 fr.pc=0x0000027a18678460 relative=0x0000000000000fa0
Event: 5.860 Thread 0x0000027a2bb22ac0 Uncommon trap: reason=unstable_if action=reinterpret pc=0x0000027a18678460 method=java.util.jar.JarFile.getEntry(Ljava/lang/String;)Ljava/util/zip/ZipEntry; @ 15 c2
Event: 5.860 Thread 0x0000027a2bb22ac0 DEOPT PACKING pc=0x0000027a18678460 sp=0x000000d22a0f8630
Event: 5.860 Thread 0x0000027a2bb22ac0 DEOPT UNPACKING pc=0x0000027a180d46a2 sp=0x000000d22a0f8628 mode 2

Classes loaded (20 events):
Event: 5.466 Loading class java/util/concurrent/atomic/AtomicReferenceFieldUpdater$AtomicReferenceFieldUpdaterImpl$1
Event: 5.466 Loading class java/util/concurrent/atomic/AtomicReferenceFieldUpdater$AtomicReferenceFieldUpdaterImpl$1 done
Event: 5.632 Loading class java/lang/StringIndexOutOfBoundsException
Event: 5.633 Loading class java/lang/StringIndexOutOfBoundsException done
Event: 5.702 Loading class java/util/stream/DistinctOps
Event: 5.703 Loading class java/util/stream/DistinctOps done
Event: 5.703 Loading class java/util/stream/DistinctOps$1
Event: 5.703 Loading class java/util/stream/ReferencePipeline$StatefulOp
Event: 5.703 Loading class java/util/stream/ReferencePipeline$StatefulOp done
Event: 5.703 Loading class java/util/stream/DistinctOps$1 done
Event: 5.705 Loading class java/util/stream/DistinctOps$1$2
Event: 5.705 Loading class java/util/stream/DistinctOps$1$2 done
Event: 5.708 Loading class java/util/stream/SortedOps
Event: 5.709 Loading class java/util/stream/SortedOps done
Event: 5.709 Loading class java/util/stream/SortedOps$OfRef
Event: 5.710 Loading class java/util/stream/SortedOps$OfRef done
Event: 5.711 Loading class java/util/stream/SortedOps$SizedRefSortingSink
Event: 5.711 Loading class java/util/stream/SortedOps$AbstractRefSortingSink
Event: 5.711 Loading class java/util/stream/SortedOps$AbstractRefSortingSink done
Event: 5.711 Loading class java/util/stream/SortedOps$SizedRefSortingSink done

Classes unloaded (0 events):
No events

Classes redefined (0 events):
No events

Internal exceptions (20 events):
Event: 5.300 Thread 0x0000027a2bb22ac0 Exception <a 'java/lang/NoSuchMethodError'{0x00000000853d7eb8}: 'int java.lang.invoke.DirectMethodHandle$Holder.invokeInterface(java.lang.Object, java.lang.Object, java.lang.Object, java.lang.Object)'> (0x00000000853d7eb8) 
thrown [s\src\hotspot\share\interpreter\linkResolver.cpp, line 784]
Event: 5.326 Thread 0x0000027a2bb22ac0 Exception <a 'java/lang/NoSuchMethodError'{0x0000000085030b28}: 'java.lang.Object java.lang.invoke.DirectMethodHandle$Holder.invokeStatic(java.lang.Object, long, java.lang.Object)'> (0x0000000085030b28) 
thrown [s\src\hotspot\share\interpreter\linkResolver.cpp, line 784]
Event: 5.326 Thread 0x0000027a2bb22ac0 Exception <a 'java/lang/NoSuchMethodError'{0x0000000085037d90}: 'java.lang.Object java.lang.invoke.DirectMethodHandle$Holder.newInvokeSpecial(java.lang.Object, long)'> (0x0000000085037d90) 
thrown [s\src\hotspot\share\interpreter\linkResolver.cpp, line 784]
Event: 5.329 Thread 0x0000027a2bb22ac0 Exception <a 'java/lang/NoSuchMethodError'{0x0000000085093cb8}: 'java.lang.Object java.lang.invoke.DirectMethodHandle$Holder.newInvokeSpecial(java.lang.Object, java.lang.Object, java.lang.Object, java.lang.Object, java.lang.Object, long)'> (0x0000000085093cb8) 
thrown [s\src\hotspot\share\interpreter\linkResolver.cpp, line 784]
Event: 5.330 Thread 0x0000027a2bb22ac0 Exception <a 'java/lang/NoSuchMethodError'{0x0000000085098b48}: 'java.lang.Object java.lang.invoke.DirectMethodHandle$Holder.invokeSpecial(java.lang.Object, java.lang.Object, java.lang.Object, java.lang.Object, java.lang.Object, java.lang.Object, long)'> (0x0000000085098b48) 
thrown [s\src\hotspot\share\interpreter\linkResolver.cpp, line 784]
Event: 5.330 Thread 0x0000027a2bb22ac0 Exception <a 'java/lang/NoSuchMethodError'{0x000000008509d128}: 'java.lang.Object java.lang.invoke.Invokers$Holder.linkToTargetMethod(java.lang.Object, java.lang.Object, java.lang.Object, java.lang.Object, long, java.lang.Object)'> (0x000000008509d128) 
thrown [s\src\hotspot\share\interpreter\linkResolver.cpp, line 784]
Event: 5.332 Thread 0x0000027a2bb22ac0 Exception <a 'java/lang/NoSuchMethodError'{0x00000000850e5240}: 'java.lang.Object java.lang.invoke.DirectMethodHandle$Holder.newInvokeSpecial(java.lang.Object, java.lang.Object, java.lang.Object, long)'> (0x00000000850e5240) 
thrown [s\src\hotspot\share\interpreter\linkResolver.cpp, line 784]
Event: 5.332 Thread 0x0000027a2bb22ac0 Exception <a 'java/lang/NoSuchMethodError'{0x00000000850e9d50}: 'java.lang.Object java.lang.invoke.DirectMethodHandle$Holder.invokeSpecial(java.lang.Object, java.lang.Object, java.lang.Object, java.lang.Object, long)'> (0x00000000850e9d50) 
thrown [s\src\hotspot\share\interpreter\linkResolver.cpp, line 784]
Event: 5.332 Thread 0x0000027a2bb22ac0 Exception <a 'java/lang/NoSuchMethodError'{0x00000000850edf10}: 'java.lang.Object java.lang.invoke.Invokers$Holder.linkToTargetMethod(java.lang.Object, java.lang.Object, long, java.lang.Object)'> (0x00000000850edf10) 
thrown [s\src\hotspot\share\interpreter\linkResolver.cpp, line 784]
Event: 5.353 Thread 0x0000027a2bb22ac0 Exception <a 'java/lang/NoSuchMethodError'{0x0000000084d18d10}: 'java.lang.Object java.lang.invoke.DirectMethodHandle$Holder.newInvokeSpecial(java.lang.Object, java.lang.Object, java.lang.Object, java.lang.Object, java.lang.Object, java.lang.Object, java.lang.Object, java.lang.Object, java.lang.Object, java.lang.Object, java.lang.Object, java.lang.Object, java.lang.Object, java.lang.Object, java.lang.Object, java.lang.Object, java.lang.Object, java.lang.Object, java.lang.Object, java.lang.Object, java.lang
Event: 5.384 Thread 0x0000027a2bb22ac0 Implicit null exception at 0x0000027a18649e6f to 0x0000027a18649f20
Event: 5.520 Thread 0x0000027a2bb22ac0 Exception <a 'java/lang/NoSuchMethodError'{0x00000000844820e8}: 'java.lang.Object java.lang.invoke.DirectMethodHandle$Holder.newInvokeSpecial(java.lang.Object, java.lang.Object, java.lang.Object, java.lang.Object, java.lang.Object, java.lang.Object, java.lang.Object, java.lang.Object, java.lang.Object, java.lang.Object, java.lang.Object, java.lang.Object, java.lang.Object, java.lang.Object, java.lang.Object, java.lang.Object, java.lang.Object, java.lang.Object, java.lang.Object)'> (0x00000000844820e8) 
thr
Event: 5.520 Thread 0x0000027a2bb22ac0 Exception <a 'java/lang/NoSuchMethodError'{0x0000000084488a60}: 'java.lang.Object java.lang.invoke.DirectMethodHandle$Holder.invokeSpecial(java.lang.Object, java.lang.Object, java.lang.Object, java.lang.Object, java.lang.Object, java.lang.Object, java.lang.Object, java.lang.Object, java.lang.Object, java.lang.Object, java.lang.Object, java.lang.Object, java.lang.Object, java.lang.Object, java.lang.Object, java.lang.Object, java.lang.Object, java.lang.Object, java.lang.Object, java.lang.Object)'> (0x0000000
Event: 5.521 Thread 0x0000027a2bb22ac0 Exception <a 'java/lang/NoSuchMethodError'{0x000000008448e2b0}: 'java.lang.Object java.lang.invoke.DelegatingMethodHandle$Holder.reinvoke_L(java.lang.Object, java.lang.Object, java.lang.Object, java.lang.Object, java.lang.Object, java.lang.Object, java.lang.Object, java.lang.Object, java.lang.Object, java.lang.Object, java.lang.Object, java.lang.Object, java.lang.Object, java.lang.Object, java.lang.Object, java.lang.Object, java.lang.Object, java.lang.Object, java.lang.Object)'> (0x000000008448e2b0) 
throw
Event: 5.531 Thread 0x0000027a2bb22ac0 Exception <a 'java/lang/IncompatibleClassChangeError'{0x0000000084358220}: Found class java.lang.Object, but interface was expected> (0x0000000084358220) 
thrown [s\src\hotspot\share\interpreter\linkResolver.cpp, line 851]
Event: 5.534 Thread 0x0000027a2bb22ac0 Exception <a 'java/lang/NoSuchMethodError'{0x000000008436e110}: 'java.lang.Object java.lang.invoke.DirectMethodHandle$Holder.invokeVirtual(java.lang.Object, java.lang.Object, java.lang.Object, java.lang.Object, java.lang.Object, java.lang.Object, java.lang.Object, java.lang.Object, java.lang.Object, java.lang.Object, java.lang.Object, java.lang.Object, java.lang.Object)'> (0x000000008436e110) 
thrown [s\src\hotspot\share\interpreter\linkResolver.cpp, line 784]
Event: 5.595 Thread 0x0000027a2bb22ac0 Exception <a 'java/lang/NoSuchMethodError'{0x00000000840ac070}: 'java.lang.Object java.lang.invoke.DirectMethodHandle$Holder.newInvokeSpecial(java.lang.Object, int, java.lang.Object)'> (0x00000000840ac070) 
thrown [s\src\hotspot\share\interpreter\linkResolver.cpp, line 784]
Event: 5.651 Thread 0x0000027a2bb22ac0 Exception <a 'java/lang/NoSuchMethodError'{0x0000000083ec7b68}: 'java.lang.Object java.lang.invoke.DirectMethodHandle$Holder.invokeSpecial(java.lang.Object, java.lang.Object, long, java.lang.Object, java.lang.Object)'> (0x0000000083ec7b68) 
thrown [s\src\hotspot\share\interpreter\linkResolver.cpp, line 784]
Event: 5.682 Thread 0x0000027a2bb22ac0 Exception <a 'java/lang/NoSuchMethodError'{0x0000000083d973c0}: 'java.lang.Object java.lang.invoke.DirectMethodHandle$Holder.newInvokeSpecial(java.lang.Object, java.lang.Object, int, java.lang.Object)'> (0x0000000083d973c0) 
thrown [s\src\hotspot\share\interpreter\linkResolver.cpp, line 784]
Event: 5.683 Thread 0x0000027a2bb22ac0 Exception <a 'java/lang/NoSuchMethodError'{0x0000000083d9bc00}: 'java.lang.Object java.lang.invoke.DirectMethodHandle$Holder.invokeSpecial(java.lang.Object, java.lang.Object, java.lang.Object, int, java.lang.Object)'> (0x0000000083d9bc00) 
thrown [s\src\hotspot\share\interpreter\linkResolver.cpp, line 784]

ZGC Phase Switch (0 events):
No events

VM Operations (20 events):
Event: 4.851 Executing VM operation: HandshakeAllThreads (Deoptimize)
Event: 4.851 Executing VM operation: HandshakeAllThreads (Deoptimize) done
Event: 4.875 Executing VM operation: G1CollectForAllocation (G1 Evacuation Pause)
Event: 4.881 Executing VM operation: G1CollectForAllocation (G1 Evacuation Pause) done
Event: 5.100 Executing VM operation: HandshakeAllThreads (Deoptimize)
Event: 5.100 Executing VM operation: HandshakeAllThreads (Deoptimize) done
Event: 5.115 Executing VM operation: HandshakeAllThreads (Deoptimize)
Event: 5.115 Executing VM operation: HandshakeAllThreads (Deoptimize) done
Event: 5.155 Executing VM operation: ICBufferFull
Event: 5.155 Executing VM operation: ICBufferFull done
Event: 5.204 Executing VM operation: G1CollectForAllocation (G1 Evacuation Pause)
Event: 5.210 Executing VM operation: G1CollectForAllocation (G1 Evacuation Pause) done
Event: 5.267 Executing VM operation: HandshakeAllThreads (Deoptimize)
Event: 5.268 Executing VM operation: HandshakeAllThreads (Deoptimize) done
Event: 5.300 Executing VM operation: HandshakeAllThreads (Deoptimize)
Event: 5.300 Executing VM operation: HandshakeAllThreads (Deoptimize) done
Event: 5.704 Executing VM operation: HandshakeAllThreads (Deoptimize)
Event: 5.705 Executing VM operation: HandshakeAllThreads (Deoptimize) done
Event: 6.071 Executing VM operation: G1CollectForAllocation (G1 Evacuation Pause)
Event: 6.077 Executing VM operation: G1CollectForAllocation (G1 Evacuation Pause) done

Memory protections (0 events):
No events

Nmethod flushes (20 events):
Event: 4.155 Thread 0x0000027a25503800 flushing  nmethod 0x0000027a10ba8390
Event: 4.155 Thread 0x0000027a25503800 flushing  nmethod 0x0000027a10ba8d90
Event: 4.155 Thread 0x0000027a25503800 flushing  nmethod 0x0000027a10ba9590
Event: 4.155 Thread 0x0000027a25503800 flushing  nmethod 0x0000027a10ba9890
Event: 4.155 Thread 0x0000027a25503800 flushing  nmethod 0x0000027a10ba9e10
Event: 4.155 Thread 0x0000027a25503800 flushing  nmethod 0x0000027a10baaa10
Event: 4.155 Thread 0x0000027a25503800 flushing  nmethod 0x0000027a10bad110
Event: 4.155 Thread 0x0000027a25503800 flushing  nmethod 0x0000027a10bf1290
Event: 4.155 Thread 0x0000027a25503800 flushing  nmethod 0x0000027a10bf1c10
Event: 4.155 Thread 0x0000027a25503800 flushing  nmethod 0x0000027a10bf2b90
Event: 4.155 Thread 0x0000027a25503800 flushing  nmethod 0x0000027a10bf3310
Event: 4.155 Thread 0x0000027a25503800 flushing  nmethod 0x0000027a10bf3690
Event: 4.155 Thread 0x0000027a25503800 flushing  nmethod 0x0000027a10c98610
Event: 4.155 Thread 0x0000027a25503800 flushing  nmethod 0x0000027a10cf0310
Event: 4.155 Thread 0x0000027a25503800 flushing  nmethod 0x0000027a10cf1110
Event: 4.155 Thread 0x0000027a25503800 flushing  nmethod 0x0000027a10d60710
Event: 4.155 Thread 0x0000027a25503800 flushing  nmethod 0x0000027a10d67710
Event: 4.155 Thread 0x0000027a25503800 flushing  nmethod 0x0000027a10dcdf10
Event: 4.155 Thread 0x0000027a25503800 flushing  nmethod 0x0000027a10dd0790
Event: 4.155 Thread 0x0000027a25503800 flushing  nmethod 0x0000027a10f2c790

Events (20 events):
Event: 2.154 Thread 0x0000027a2babbd90 Thread added: 0x0000027a2bb22ac0
Event: 2.161 Thread 0x0000027a2bb22ac0 Thread added: 0x0000027a2bb24b90
Event: 2.164 Thread 0x0000027a2bb22ac0 Thread added: 0x0000027a2bb23150
Event: 2.165 Thread 0x0000027a2bb22ac0 Thread added: 0x0000027a2bb237e0
Event: 2.623 Thread 0x0000027a2bb22ac0 Thread added: 0x0000027a2bb24500
Event: 2.633 Thread 0x0000027a2bb22ac0 Thread added: 0x0000027a2bb23e70
Event: 2.662 Thread 0x0000027a2bb22ac0 Thread added: 0x0000027a2bb25220
Event: 2.780 Thread 0x0000027a2572b6e0 Thread added: 0x0000027a2bc770a0
Event: 3.676 Thread 0x0000027a2bb22ac0 Thread added: 0x0000027a2bb22430
Event: 3.688 Thread 0x0000027a2bb22ac0 Thread added: 0x0000027a2c05ff30
Event: 3.905 Thread 0x0000027a2bb22ac0 Thread added: 0x0000027a2c061970
Event: 3.910 Thread 0x0000027a2bb22ac0 Thread added: 0x0000027a2c0605c0
Event: 3.989 Thread 0x0000027a2bc770a0 Thread exited: 0x0000027a2bc770a0
Event: 4.217 Thread 0x0000027a2bb22ac0 Thread added: 0x0000027a2c0640d0
Event: 4.251 Thread 0x0000027a2bb22ac0 Thread added: 0x0000027a2c062690
Event: 4.370 Thread 0x0000027a2bb22ac0 Thread added: 0x0000027a2c0633b0
Event: 4.465 Thread 0x0000027a2bb22ac0 Thread added: 0x0000027a2c060c50
Event: 4.591 Thread 0x0000027a2572b6e0 Thread added: 0x0000027a2e55a890
Event: 4.651 Thread 0x0000027a2572b6e0 Thread added: 0x0000027a2df11390
Event: 5.480 Thread 0x0000027a2df11390 Thread exited: 0x0000027a2df11390


Dynamic libraries:
0x00007ff60bac0000 - 0x00007ff60baca000 	C:\Program Files\Android\Android Studio\jbr\bin\java.exe
0x00007ffe6ac20000 - 0x00007ffe6ae85000 	C:\WINDOWS\SYSTEM32\ntdll.dll
0x00007ffe69db0000 - 0x00007ffe69e79000 	C:\WINDOWS\System32\KERNEL32.DLL
0x00007ffe682b0000 - 0x00007ffe68698000 	C:\WINDOWS\System32\KERNELBASE.dll
0x00007ffe67d70000 - 0x00007ffe67ebb000 	C:\WINDOWS\System32\ucrtbase.dll
0x00007ffe4f7e0000 - 0x00007ffe4f7f8000 	C:\Program Files\Android\Android Studio\jbr\bin\jli.dll
0x00007ffe5fd90000 - 0x00007ffe5fdab000 	C:\Program Files\Android\Android Studio\jbr\bin\VCRUNTIME140.dll
0x00007ffe694b0000 - 0x00007ffe6967a000 	C:\WINDOWS\System32\USER32.dll
0x00007ffe68810000 - 0x00007ffe68837000 	C:\WINDOWS\System32\win32u.dll
0x00007ffe68c30000 - 0x00007ffe68c5b000 	C:\WINDOWS\System32\GDI32.dll
0x00007ffe4c7c0000 - 0x00007ffe4ca5a000 	C:\WINDOWS\WinSxS\amd64_microsoft.windows.common-controls_6595b64144ccf1df_6.0.26100.4202_none_3e0698d4e335f517\COMCTL32.dll
0x00007ffe68040000 - 0x00007ffe68177000 	C:\WINDOWS\System32\gdi32full.dll
0x00007ffe686a0000 - 0x00007ffe68743000 	C:\WINDOWS\System32\msvcp_win.dll
0x00007ffe69680000 - 0x00007ffe69729000 	C:\WINDOWS\System32\msvcrt.dll
0x00007ffe68f00000 - 0x00007ffe68f30000 	C:\WINDOWS\System32\IMM32.DLL
0x00007ffe604f0000 - 0x00007ffe604fc000 	C:\Program Files\Android\Android Studio\jbr\bin\vcruntime140_1.dll
0x00007ffe059a0000 - 0x00007ffe05a2d000 	C:\Program Files\Android\Android Studio\jbr\bin\msvcp140.dll
0x00007ffde0650000 - 0x00007ffde12d3000 	C:\Program Files\Android\Android Studio\jbr\bin\server\jvm.dll
0x00007ffe6aac0000 - 0x00007ffe6ab73000 	C:\WINDOWS\System32\ADVAPI32.dll
0x00007ffe69730000 - 0x00007ffe697d6000 	C:\WINDOWS\System32\sechost.dll
0x00007ffe68cf0000 - 0x00007ffe68e05000 	C:\WINDOWS\System32\RPCRT4.dll
0x00007ffe6a8c0000 - 0x00007ffe6a934000 	C:\WINDOWS\System32\WS2_32.dll
0x00007ffe5c490000 - 0x00007ffe5c4c5000 	C:\WINDOWS\SYSTEM32\WINMM.dll
0x00007ffe67bc0000 - 0x00007ffe67c1e000 	C:\WINDOWS\SYSTEM32\POWRPROF.dll
0x00007ffe4d710000 - 0x00007ffe4d71b000 	C:\WINDOWS\SYSTEM32\VERSION.dll
0x00007ffe67ba0000 - 0x00007ffe67bb4000 	C:\WINDOWS\SYSTEM32\UMPDC.dll
0x00007ffe66b30000 - 0x00007ffe66b4b000 	C:\WINDOWS\SYSTEM32\kernel.appcore.dll
0x00007ffe5fd80000 - 0x00007ffe5fd8a000 	C:\Program Files\Android\Android Studio\jbr\bin\jimage.dll
0x00007ffe65530000 - 0x00007ffe65771000 	C:\WINDOWS\SYSTEM32\DBGHELP.DLL
0x00007ffe69120000 - 0x00007ffe694a5000 	C:\WINDOWS\System32\combase.dll
0x00007ffe68e10000 - 0x00007ffe68ef1000 	C:\WINDOWS\System32\OLEAUT32.dll
0x00007ffe4a500000 - 0x00007ffe4a539000 	C:\WINDOWS\SYSTEM32\dbgcore.DLL
0x00007ffe68210000 - 0x00007ffe682a9000 	C:\WINDOWS\System32\bcryptPrimitives.dll
0x00007ffe4f7d0000 - 0x00007ffe4f7de000 	C:\Program Files\Android\Android Studio\jbr\bin\instrument.dll
0x00007ffe5e430000 - 0x00007ffe5e450000 	C:\Program Files\Android\Android Studio\jbr\bin\java.dll
0x00007ffe55760000 - 0x00007ffe55778000 	C:\Program Files\Android\Android Studio\jbr\bin\zip.dll
0x00007ffe6a170000 - 0x00007ffe6a8b2000 	C:\WINDOWS\System32\SHELL32.dll
0x00007ffe68840000 - 0x00007ffe689b4000 	C:\WINDOWS\System32\wintypes.dll
0x00007ffe659f0000 - 0x00007ffe66247000 	C:\WINDOWS\SYSTEM32\windows.storage.dll
0x00007ffe6a9c0000 - 0x00007ffe6aab1000 	C:\WINDOWS\System32\SHCORE.dll
0x00007ffe697e0000 - 0x00007ffe6984a000 	C:\WINDOWS\System32\shlwapi.dll
0x00007ffe67c80000 - 0x00007ffe67caf000 	C:\WINDOWS\SYSTEM32\profapi.dll
0x00007ffe5fd70000 - 0x00007ffe5fd80000 	C:\Program Files\Android\Android Studio\jbr\bin\net.dll
0x00007ffe55f80000 - 0x00007ffe5609e000 	C:\WINDOWS\SYSTEM32\WINHTTP.dll
0x00007ffe670a0000 - 0x00007ffe6710a000 	C:\WINDOWS\system32\mswsock.dll
0x00007ffe55190000 - 0x00007ffe551a6000 	C:\Program Files\Android\Android Studio\jbr\bin\nio.dll
0x00007ffe4cda0000 - 0x00007ffe4cdb0000 	C:\Program Files\Android\Android Studio\jbr\bin\verify.dll
0x00007ffe33210000 - 0x00007ffe33237000 	C:\Users\ASUS\.gradle\native\c067742578af261105cb4f569cf0c3c89f3d7b1fecec35dd04571415982c5e48\windows-amd64\native-platform.dll
0x00007ffe01900000 - 0x00007ffe01a44000 	C:\Users\ASUS\.gradle\native\100fb08df4bc3b14c8652ba06237920a3bd2aa13389f12d3474272988ae205f9\windows-amd64\native-platform-file-events.dll
0x00007ffe55180000 - 0x00007ffe55189000 	C:\Program Files\Android\Android Studio\jbr\bin\management.dll
0x00007ffe546b0000 - 0x00007ffe546bb000 	C:\Program Files\Android\Android Studio\jbr\bin\management_ext.dll
0x00007ffe69850000 - 0x00007ffe69858000 	C:\WINDOWS\System32\PSAPI.DLL
0x00007ffe67350000 - 0x00007ffe6736b000 	C:\WINDOWS\SYSTEM32\CRYPTSP.dll
0x00007ffe66a90000 - 0x00007ffe66aca000 	C:\WINDOWS\system32\rsaenh.dll
0x00007ffe67140000 - 0x00007ffe6716b000 	C:\WINDOWS\SYSTEM32\USERENV.dll
0x00007ffe67c50000 - 0x00007ffe67c76000 	C:\WINDOWS\SYSTEM32\bcrypt.dll
0x00007ffe67370000 - 0x00007ffe6737c000 	C:\WINDOWS\SYSTEM32\CRYPTBASE.dll
0x00007ffe66610000 - 0x00007ffe66643000 	C:\WINDOWS\SYSTEM32\IPHLPAPI.DLL
0x00007ffe6a030000 - 0x00007ffe6a03a000 	C:\WINDOWS\System32\NSI.dll
0x00007ffe5e420000 - 0x00007ffe5e429000 	C:\Program Files\Android\Android Studio\jbr\bin\extnet.dll
0x00007ffe53240000 - 0x00007ffe53248000 	C:\WINDOWS\system32\wshunix.dll

dbghelp: loaded successfully - version: 4.0.5 - missing functions: none
symbol engine: initialized successfully - sym options: 0x614 - pdb path: .;C:\Program Files\Android\Android Studio\jbr\bin;C:\WINDOWS\SYSTEM32;C:\WINDOWS\WinSxS\amd64_microsoft.windows.common-controls_6595b64144ccf1df_6.0.26100.4202_none_3e0698d4e335f517;C:\Program Files\Android\Android Studio\jbr\bin\server;C:\Users\ASUS\.gradle\native\c067742578af261105cb4f569cf0c3c89f3d7b1fecec35dd04571415982c5e48\windows-amd64;C:\Users\ASUS\.gradle\native\100fb08df4bc3b14c8652ba06237920a3bd2aa13389f12d3474272988ae205f9\windows-amd64

VM Arguments:
jvm_args: --add-opens=java.base/java.util=ALL-UNNAMED --add-opens=java.base/java.lang=ALL-UNNAMED --add-opens=java.base/java.lang.invoke=ALL-UNNAMED --add-opens=java.prefs/java.util.prefs=ALL-UNNAMED --add-exports=jdk.compiler/com.sun.tools.javac.api=ALL-UNNAMED --add-exports=jdk.compiler/com.sun.tools.javac.util=ALL-UNNAMED --add-opens=java.base/java.nio.charset=ALL-UNNAMED --add-opens=java.base/java.net=ALL-UNNAMED --add-opens=java.base/java.util.concurrent.atomic=ALL-UNNAMED -Xmx2048m -Dfile.encoding=UTF-8 -Duser.country=ID -Duser.language=en -Duser.variant -javaagent:C:\Users\ASUS\.gradle\wrapper\dists\gradle-8.10.2-bin\a04bxjujx95o3nb99gddekhwo\gradle-8.10.2\lib\agents\gradle-instrumentation-agent-8.10.2.jar 
java_command: org.gradle.launcher.daemon.bootstrap.GradleDaemon 8.10.2
java_class_path (initial): C:\Users\ASUS\.gradle\wrapper\dists\gradle-8.10.2-bin\a04bxjujx95o3nb99gddekhwo\gradle-8.10.2\lib\gradle-daemon-main-8.10.2.jar
Launcher Type: SUN_STANDARD

[Global flags]
     intx CICompilerCount                          = 4                                         {product} {ergonomic}
     uint ConcGCThreads                            = 3                                         {product} {ergonomic}
     uint G1ConcRefinementThreads                  = 10                                        {product} {ergonomic}
   size_t G1HeapRegionSize                         = 1048576                                   {product} {ergonomic}
    uintx GCDrainStackTargetSize                   = 64                                        {product} {ergonomic}
   size_t InitialHeapSize                          = 130023424                                 {product} {ergonomic}
   size_t MarkStackSize                            = 4194304                                   {product} {ergonomic}
   size_t MaxHeapSize                              = 2147483648                                {product} {command line}
   size_t MaxNewSize                               = 1287651328                                {product} {ergonomic}
   size_t MinHeapDeltaBytes                        = 1048576                                   {product} {ergonomic}
   size_t MinHeapSize                              = 8388608                                   {product} {ergonomic}
    uintx NonNMethodCodeHeapSize                   = 5839372                                {pd product} {ergonomic}
    uintx NonProfiledCodeHeapSize                  = 122909434                              {pd product} {ergonomic}
    uintx ProfiledCodeHeapSize                     = 122909434                              {pd product} {ergonomic}
    uintx ReservedCodeCacheSize                    = 251658240                              {pd product} {ergonomic}
     bool SegmentedCodeCache                       = true                                      {product} {ergonomic}
   size_t SoftMaxHeapSize                          = 2147483648                             {manageable} {ergonomic}
     bool UseCompressedOops                        = true                           {product lp64_product} {ergonomic}
     bool UseG1GC                                  = true                                      {product} {ergonomic}
     bool UseLargePagesIndividualAllocation        = false                                  {pd product} {ergonomic}

Logging:
Log output configuration:
 #0: stdout all=warning uptime,level,tags foldmultilines=false
 #1: stderr all=off uptime,level,tags foldmultilines=false

Environment Variables:
PATH=C:\Python312\Scripts\;C:\Python312\;C:\WINDOWS\system32;C:\WINDOWS;C:\WINDOWS\System32\Wbem;C:\WINDOWS\System32\WindowsPowerShell\v1.0\;C:\WINDOWS\System32\OpenSSH\;C:\Program Files\Git\cmd;C:\ProgramData\chocolatey\bin;C:\Program Files\nodejs\;C:\Program Files\dotnet\;C:\Program Files (x86)\Microsoft SQL Server\160\Tools\Binn\;C:\Program Files\Microsoft SQL Server\160\Tools\Binn\;C:\Program Files\Microsoft SQL Server\Client SDK\ODBC\170\Tools\Binn\;C:\Program Files\Microsoft SQL Server\160\DTS\Binn\;C:\Program Files (x86)\Microsoft SQL Server\160\DTS\Binn\;C:\Users\ASUS\.config\herd-lite\bin;C:\Users\ASUS\AppData\Local\Microsoft\WindowsApps;C:\Users\ASUS\AppData\Local\Programs\Microsoft VS Code\bin;C:\Users\ASUS\.dotnet\tools;C:\Users\ASUS\AppData\Roaming\npm
USERNAME=ASUS
OS=Windows_NT
PROCESSOR_IDENTIFIER=Intel64 Family 6 Model 154 Stepping 4, GenuineIntel
TMP=C:\Users\ASUS\AppData\Local\Temp
TEMP=C:\Users\ASUS\AppData\Local\Temp




Periodic native trim disabled

JNI global refs:
JNI global refs: 25, weak refs: 0

JNI global refs memory usage: 835, weak refs: 201

Process memory usage:
Resident Set Size: 293220K (3% of 8075544K total physical memory with 599116K free physical memory)

OOME stack traces (most recent first):
Classloader memory used:
Loader org.gradle.internal.classloader.VisitableURLClassLoader                         : 27711K
Loader bootstrap                                                                       : 21607K
Loader org.gradle.initialization.MixInLegacyTypesClassLoader                           : 5398K
Loader jdk.internal.loader.ClassLoaders$PlatformClassLoader                            : 495K
Loader jdk.internal.loader.ClassLoaders$AppClassLoader                                 : 234K
Loader org.gradle.internal.classloader.VisitableURLClassLoader                         : 19136B

Classes loaded by more than one classloader:
Class org.gradle.internal.classloader.FilteringClassLoader                            : loaded 2 times (x 101B)
Class org.gradle.internal.classloader.ClassLoaderHierarchy                            : loaded 2 times (x 66B)
Class org.gradle.api.internal.classpath.ManifestUtil                                  : loaded 2 times (x 67B)
Class org.gradle.internal.classloader.DefaultClassLoaderFactory                       : loaded 2 times (x 78B)
Class org.gradle.internal.classloader.ClassLoaderVisitor                              : loaded 2 times (x 72B)
Class org.gradle.api.internal.classpath.EffectiveClassPath                            : loaded 2 times (x 86B)
Class org.gradle.api.internal.DefaultClassPathProvider                                : loaded 2 times (x 72B)
Class [Lorg.gradle.api.internal.ClassPathProvider;                                    : loaded 2 times (x 65B)
Class org.gradle.api.internal.ClassPathProvider                                       : loaded 2 times (x 66B)
Class org.gradle.internal.service.UnknownServiceException                             : loaded 2 times (x 79B)
Class org.gradle.internal.classpath.TransformedClassPath                              : loaded 2 times (x 92B)
Class org.gradle.internal.classloader.InstrumentingClassLoader                        : loaded 2 times (x 66B)
Class org.gradle.internal.service.ServiceLocator                                      : loaded 2 times (x 66B)
Class org.gradle.internal.InternalTransformer                                         : loaded 2 times (x 66B)
Class org.gradle.internal.classloader.ClasspathUtil$1                                 : loaded 2 times (x 72B)
Class org.gradle.api.internal.classpath.DefaultModuleRegistry$DefaultModule           : loaded 2 times (x 82B)
Class org.gradle.api.internal.classpath.Module                                        : loaded 2 times (x 66B)
Class org.gradle.api.internal.classpath.UnknownModuleException                        : loaded 2 times (x 78B)
Class org.gradle.api.internal.DefaultClassPathRegistry                                : loaded 2 times (x 72B)
Class org.gradle.api.internal.ClassPathRegistry                                       : loaded 2 times (x 66B)
Class org.gradle.internal.classpath.DefaultClassPath$ImmutableUniqueList              : loaded 2 times (x 195B)
Class org.gradle.internal.classpath.ClassPath                                         : loaded 2 times (x 66B)
Class org.gradle.api.UncheckedIOException                                             : loaded 2 times (x 78B)
Class org.gradle.internal.installation.GradleInstallation$1                           : loaded 2 times (x 71B)
Class org.gradle.api.internal.classpath.ModuleRegistry                                : loaded 2 times (x 66B)
Class org.gradle.api.internal.classpath.DefaultModuleRegistry                         : loaded 2 times (x 82B)
Class org.gradle.internal.service.ServiceLookupException                              : loaded 2 times (x 78B)
Class org.gradle.internal.classloader.ClassLoaderFactory                              : loaded 2 times (x 66B)
Class org.gradle.internal.service.CachingServiceLocator                               : loaded 2 times (x 78B)
Class org.gradle.internal.classloader.ClasspathUtil                                   : loaded 2 times (x 67B)
Class org.gradle.api.specs.Spec                                                       : loaded 2 times (x 66B)
Class org.gradle.internal.classloader.VisitableURLClassLoader$InstrumentingVisitableURLClassLoader: loaded 2 times (x 119B)
Class org.gradle.internal.classloader.VisitableURLClassLoader$Spec                    : loaded 2 times (x 70B)
Class org.gradle.internal.classpath.DefaultClassPath                                  : loaded 2 times (x 86B)
Class org.gradle.internal.classloader.ClassLoaderSpec                                 : loaded 2 times (x 67B)
Class org.gradle.internal.classloader.VisitableURLClassLoader                         : loaded 2 times (x 113B)
Class org.gradle.internal.Cast                                                        : loaded 2 times (x 67B)
Class org.gradle.api.Action                                                           : loaded 2 times (x 66B)
Class org.gradle.internal.classpath.DefaultClassPath$ImmutableUniqueList$Builder      : loaded 2 times (x 71B)
Class org.gradle.api.GradleException                                                  : loaded 2 times (x 78B)
Class org.gradle.internal.IoActions                                                   : loaded 2 times (x 67B)
Class org.gradle.internal.classloader.SystemClassLoaderSpec                           : loaded 2 times (x 67B)
Class org.gradle.api.internal.classpath.GlobalCacheRootsProvider                      : loaded 2 times (x 66B)
Class org.gradle.internal.installation.CurrentGradleInstallationLocator               : loaded 2 times (x 67B)
Class org.gradle.internal.service.DefaultServiceLocator                               : loaded 2 times (x 79B)
Class org.gradle.internal.installation.CurrentGradleInstallation                      : loaded 2 times (x 69B)
Class org.gradle.util.internal.GUtil                                                  : loaded 2 times (x 67B)
Class org.gradle.internal.installation.GradleInstallation                             : loaded 2 times (x 71B)

---------------  S Y S T E M  ---------------

OS:
 Windows 11 , 64 bit Build 26100 (10.0.26100.4202)
OS uptime: 0 days 11:56 hours

CPU: total 12 (initial active 12) (6 cores per cpu, 2 threads per core) family 6 model 154 stepping 4 microcode 0x41b, cx8, cmov, fxsr, ht, mmx, 3dnowpref, sse, sse2, sse3, ssse3, sse4.1, sse4.2, popcnt, lzcnt, tsc, tscinvbit, avx, avx2, aes, erms, clmul, bmi1, bmi2, adx, sha, fma, vzeroupper, clflush, clflushopt, clwb, serialize, rdtscp, rdpid, fsrm, f16c, pku, cet_ibt, cet_ss
Processor Information for processor 0
  Max Mhz: 1300, Current Mhz: 1300, Mhz Limit: 1300
Processor Information for processor 1
  Max Mhz: 1300, Current Mhz: 1300, Mhz Limit: 1300
Processor Information for processor 2
  Max Mhz: 1300, Current Mhz: 1300, Mhz Limit: 1300
Processor Information for processor 3
  Max Mhz: 1300, Current Mhz: 1300, Mhz Limit: 1300
Processor Information for processor 4
  Max Mhz: 1300, Current Mhz: 900, Mhz Limit: 897
Processor Information for processor 5
  Max Mhz: 1300, Current Mhz: 900, Mhz Limit: 897
Processor Information for processor 6
  Max Mhz: 1300, Current Mhz: 900, Mhz Limit: 897
Processor Information for processor 7
  Max Mhz: 1300, Current Mhz: 900, Mhz Limit: 897
Processor Information for processor 8
  Max Mhz: 1300, Current Mhz: 900, Mhz Limit: 897
Processor Information for processor 9
  Max Mhz: 1300, Current Mhz: 900, Mhz Limit: 897
Processor Information for processor 10
  Max Mhz: 1300, Current Mhz: 900, Mhz Limit: 897
Processor Information for processor 11
  Max Mhz: 1300, Current Mhz: 900, Mhz Limit: 897

Memory: 4k page, system-wide physical 7886M (583M free)
TotalPageFile size 32462M (AvailPageFile size 6M)
current process WorkingSet (physical memory assigned to process): 286M, peak: 288M
current process commit charge ("private bytes"): 327M, peak: 329M

vm_info: OpenJDK 64-Bit Server VM (21.0.4+-12508038-b607.1) for windows-amd64 JRE (21.0.4+-12508038-b607.1), built on 2024-10-16T17:23:34Z by "builder" with MS VC++ 16.10 / 16.11 (VS2019)

END.
